[ 2016-11-10T15:11:14+08:00 ] 127.0.0.1 /index.php/Home/Search/address.html
INFO: [ app_begin ] --START--
INFO: Run Behavior\ReadHtmlCacheBehavior [ RunTime:0.001000s ]
INFO: [ app_begin ] --END-- [ RunTime:0.001000s ]
SQL: SHOW COLUMNS FROM `goodsimg` [ RunTime:0.0440s ]
SQL: SELECT `filename1` FROM `goodsimg` WHERE `face` = 0 LIMIT 4   [ RunTime:0.0120s ]
SQL: SHOW COLUMNS FROM `category` [ RunTime:0.0200s ]
SQL: SELECT * FROM `category` WHERE ( pid=0 )  [ RunTime:0.0010s ]

[ 2016-11-10T15:11:14+08:00 ] 127.0.0.1 /index.php/Home/Search/address.html?pid=1
INFO: [ app_begin ] --START--
INFO: Run Behavior\ReadHtmlCacheBehavior [ RunTime:0.001000s ]
INFO: [ app_begin ] --END-- [ RunTime:0.001000s ]
SQL: SHOW COLUMNS FROM `goodsimg` [ RunTime:0.0010s ]
SQL: SELECT `filename1` FROM `goodsimg` WHERE `face` = 0 LIMIT 4   [ RunTime:0.0010s ]
SQL: SHOW COLUMNS FROM `category` [ RunTime:0.0020s ]
SQL: SELECT * FROM `category` WHERE ( pid=1 )  [ RunTime:0.0000s ]

[ 2016-11-10T15:14:06+08:00 ] 127.0.0.1 /index.php/Home/Search/address.html
INFO: [ app_begin ] --START--
INFO: Run Behavior\ReadHtmlCacheBehavior [ RunTime:0.001000s ]
INFO: [ app_begin ] --END-- [ RunTime:0.001000s ]
SQL: SHOW COLUMNS FROM `goodsimg` [ RunTime:0.0000s ]
SQL: SELECT `filename1` FROM `goodsimg` WHERE `face` = 0 LIMIT 4   [ RunTime:0.0000s ]
SQL: SHOW COLUMNS FROM `category` [ RunTime:0.0020s ]
SQL: SELECT * FROM `category` WHERE ( pid=0 )  [ RunTime:0.0000s ]

[ 2016-11-10T15:14:07+08:00 ] 127.0.0.1 /index.php/Home/Search/address.html?pid=1
INFO: [ app_begin ] --START--
INFO: Run Behavior\ReadHtmlCacheBehavior [ RunTime:0.001000s ]
INFO: [ app_begin ] --END-- [ RunTime:0.001000s ]
SQL: SHOW COLUMNS FROM `goodsimg` [ RunTime:0.0010s ]
SQL: SELECT `filename1` FROM `goodsimg` WHERE `face` = 0 LIMIT 4   [ RunTime:0.0000s ]
SQL: SHOW COLUMNS FROM `category` [ RunTime:0.0010s ]
SQL: SELECT * FROM `category` WHERE ( pid=1 )  [ RunTime:0.0010s ]

[ 2016-11-10T15:14:27+08:00 ] 127.0.0.1 /index.php/Home/Search/address.html
INFO: [ app_begin ] --START--
INFO: Run Behavior\ReadHtmlCacheBehavior [ RunTime:0.001000s ]
INFO: [ app_begin ] --END-- [ RunTime:0.001000s ]
SQL: SHOW COLUMNS FROM `goodsimg` [ RunTime:0.0010s ]
SQL: SELECT `filename1` FROM `goodsimg` WHERE `face` = 0 LIMIT 4   [ RunTime:0.0000s ]
SQL: SHOW COLUMNS FROM `category` [ RunTime:0.0010s ]
SQL: SELECT * FROM `category` WHERE ( pid=0 )  [ RunTime:0.0020s ]

[ 2016-11-10T15:14:27+08:00 ] 127.0.0.1 /index.php/Home/Search/address.html?pid=1
INFO: [ app_begin ] --START--
INFO: Run Behavior\ReadHtmlCacheBehavior [ RunTime:0.001000s ]
INFO: [ app_begin ] --END-- [ RunTime:0.001000s ]
SQL: SHOW COLUMNS FROM `goodsimg` [ RunTime:0.0010s ]
SQL: SELECT `filename1` FROM `goodsimg` WHERE `face` = 0 LIMIT 4   [ RunTime:0.0000s ]
SQL: SHOW COLUMNS FROM `category` [ RunTime:0.0020s ]
SQL: SELECT * FROM `category` WHERE ( pid=1 )  [ RunTime:0.0010s ]

[ 2016-11-10T15:14:32+08:00 ] 127.0.0.1 /index.php/Home/Display/index/id/js/jquery.flexslider.js
ERR: SQLSTATE[42S22]: Column not found: 1054 Unknown column 'js' in 'where clause'

[ 2016-11-10T15:14:32+08:00 ] 127.0.0.1 /index.php/Home/Display/index/id/css/flexslider.css
ERR: SQLSTATE[42S22]: Column not found: 1054 Unknown column 'css' in 'where clause'

