[ 2016-11-07T09:03:09+08:00 ] ::1 /RealHome2/index.php/Home/Search/address.html
INFO: [ app_begin ] --START--
INFO: Run Behavior\ReadHtmlCacheBehavior [ RunTime:0.001000s ]
INFO: [ app_begin ] --END-- [ RunTime:0.002000s ]
SQL: SHOW COLUMNS FROM `category` [ RunTime:0.0380s ]
SQL: SELECT * FROM `category` WHERE ( pid=0 )  [ RunTime:0.0960s ]

[ 2016-11-07T09:03:09+08:00 ] ::1 /RealHome2/index.php/Home/Search/address.html?pid=1
INFO: [ app_begin ] --START--
INFO: Run Behavior\ReadHtmlCacheBehavior [ RunTime:0.002000s ]
INFO: [ app_begin ] --END-- [ RunTime:0.002000s ]
SQL: SHOW COLUMNS FROM `category` [ RunTime:0.0290s ]
SQL: SELECT * FROM `category` WHERE ( pid=1 )  [ RunTime:0.0020s ]

[ 2016-11-07T09:37:33+08:00 ] ::1 /RealHome2/index.php/Home/Search/address.html
INFO: [ app_begin ] --START--
INFO: Run Behavior\ReadHtmlCacheBehavior [ RunTime:0.002000s ]
INFO: [ app_begin ] --END-- [ RunTime:0.002000s ]
SQL: SHOW COLUMNS FROM `category` [ RunTime:0.0000s ]
SQL: SELECT * FROM `category` WHERE ( pid=0 )  [ RunTime:0.0010s ]

[ 2016-11-07T09:37:33+08:00 ] ::1 /RealHome2/index.php/Home/Search/address.html?pid=1
INFO: [ app_begin ] --START--
INFO: Run Behavior\ReadHtmlCacheBehavior [ RunTime:0.003001s ]
INFO: [ app_begin ] --END-- [ RunTime:0.003001s ]
SQL: SHOW COLUMNS FROM `category` [ RunTime:0.0020s ]
SQL: SELECT * FROM `category` WHERE ( pid=1 )  [ RunTime:0.0000s ]

[ 2016-11-07T14:28:56+08:00 ] ::1 /RealHome/index.php/Home/Search/address.html
INFO: [ app_begin ] --START--
INFO: Run Behavior\ReadHtmlCacheBehavior [ RunTime:0.001000s ]
INFO: [ app_begin ] --END-- [ RunTime:0.001000s ]
SQL: SHOW COLUMNS FROM `category` [ RunTime:0.0760s ]
SQL: SELECT * FROM `category` WHERE ( pid=0 )  [ RunTime:0.1070s ]

[ 2016-11-07T14:28:56+08:00 ] ::1 /RealHome/index.php/Home/Search/address.html?pid=1
INFO: [ app_begin ] --START--
INFO: Run Behavior\ReadHtmlCacheBehavior [ RunTime:0.001000s ]
INFO: [ app_begin ] --END-- [ RunTime:0.002000s ]
SQL: SHOW COLUMNS FROM `category` [ RunTime:0.0110s ]
SQL: SELECT * FROM `category` WHERE ( pid=1 )  [ RunTime:0.0020s ]

[ 2016-11-07T14:41:50+08:00 ] ::1 /RealHome/index.php/Home/Search/address.html
INFO: [ app_begin ] --START--
INFO: Run Behavior\ReadHtmlCacheBehavior [ RunTime:0.002000s ]
INFO: [ app_begin ] --END-- [ RunTime:0.003000s ]
SQL: SHOW COLUMNS FROM `goodsimg` [ RunTime:0.0630s ]
SQL: SELECT `filename1` FROM `goodsimg` WHERE `face` = 0 LIMIT 4   [ RunTime:0.0520s ]
SQL: SHOW COLUMNS FROM `category` [ RunTime:0.0420s ]
SQL: SELECT * FROM `category` WHERE ( pid=0 )  [ RunTime:0.0010s ]

[ 2016-11-07T14:41:51+08:00 ] ::1 /RealHome/index.php/Home/Search/address.html?pid=1
INFO: [ app_begin ] --START--
INFO: Run Behavior\ReadHtmlCacheBehavior [ RunTime:0.001000s ]
INFO: [ app_begin ] --END-- [ RunTime:0.003000s ]
SQL: SHOW COLUMNS FROM `goodsimg` [ RunTime:0.0700s ]
SQL: SELECT `filename1` FROM `goodsimg` WHERE `face` = 0 LIMIT 4   [ RunTime:0.0000s ]
SQL: SHOW COLUMNS FROM `category` [ RunTime:0.0010s ]
SQL: SELECT * FROM `category` WHERE ( pid=1 )  [ RunTime:0.0270s ]

[ 2016-11-07T14:41:56+08:00 ] ::1 /RealHome/index.php/Home/Search/address.html
INFO: [ app_begin ] --START--
INFO: Run Behavior\ReadHtmlCacheBehavior [ RunTime:0.001000s ]
INFO: [ app_begin ] --END-- [ RunTime:0.002000s ]
SQL: SHOW COLUMNS FROM `goodsimg` [ RunTime:0.0270s ]
SQL: SELECT `filename1` FROM `goodsimg` WHERE `face` = 0 LIMIT 4   [ RunTime:0.0010s ]
SQL: SHOW COLUMNS FROM `category` [ RunTime:0.0180s ]
SQL: SELECT * FROM `category` WHERE ( pid=0 )  [ RunTime:0.0310s ]

[ 2016-11-07T14:41:56+08:00 ] ::1 /RealHome/index.php/Home/Search/address.html?pid=1
INFO: [ app_begin ] --START--
INFO: Run Behavior\ReadHtmlCacheBehavior [ RunTime:0.001000s ]
INFO: [ app_begin ] --END-- [ RunTime:0.002000s ]
SQL: SHOW COLUMNS FROM `goodsimg` [ RunTime:0.0590s ]
SQL: SELECT `filename1` FROM `goodsimg` WHERE `face` = 0 LIMIT 4   [ RunTime:0.0360s ]
SQL: SHOW COLUMNS FROM `category` [ RunTime:0.0010s ]
SQL: SELECT * FROM `category` WHERE ( pid=1 )  [ RunTime:0.0010s ]

[ 2016-11-07T14:42:12+08:00 ] ::1 /RealHome/index.php/Home/Search/address.html
INFO: [ app_begin ] --START--
INFO: Run Behavior\ReadHtmlCacheBehavior [ RunTime:0.001000s ]
INFO: [ app_begin ] --END-- [ RunTime:0.002000s ]
SQL: SHOW COLUMNS FROM `goodsimg` [ RunTime:0.0020s ]
SQL: SELECT `filename1` FROM `goodsimg` WHERE `face` = 0 LIMIT 4   [ RunTime:0.0000s ]
SQL: SHOW COLUMNS FROM `category` [ RunTime:0.0200s ]
SQL: SELECT * FROM `category` WHERE ( pid=0 )  [ RunTime:0.0000s ]

[ 2016-11-07T14:42:13+08:00 ] ::1 /RealHome/index.php/Home/Search/address.html?pid=1
INFO: [ app_begin ] --START--
INFO: Run Behavior\ReadHtmlCacheBehavior [ RunTime:0.001000s ]
INFO: [ app_begin ] --END-- [ RunTime:0.002000s ]
SQL: SHOW COLUMNS FROM `goodsimg` [ RunTime:0.0140s ]
SQL: SELECT `filename1` FROM `goodsimg` WHERE `face` = 0 LIMIT 4   [ RunTime:0.0000s ]
SQL: SHOW COLUMNS FROM `category` [ RunTime:0.0040s ]
SQL: SELECT * FROM `category` WHERE ( pid=1 )  [ RunTime:0.0010s ]

[ 2016-11-07T14:42:23+08:00 ] ::1 /RealHome/index.php/Home/Search/address.html
INFO: [ app_begin ] --START--
INFO: Run Behavior\ReadHtmlCacheBehavior [ RunTime:0.001001s ]
INFO: [ app_begin ] --END-- [ RunTime:0.002001s ]
SQL: SHOW COLUMNS FROM `goodsimg` [ RunTime:0.0010s ]
SQL: SELECT `filename1` FROM `goodsimg` WHERE `face` = 0 LIMIT 4   [ RunTime:0.0000s ]
SQL: SHOW COLUMNS FROM `category` [ RunTime:0.0180s ]
SQL: SELECT * FROM `category` WHERE ( pid=0 )  [ RunTime:0.0010s ]

[ 2016-11-07T14:42:23+08:00 ] ::1 /RealHome/index.php/Home/Search/address.html?pid=1
INFO: [ app_begin ] --START--
INFO: Run Behavior\ReadHtmlCacheBehavior [ RunTime:0.001000s ]
INFO: [ app_begin ] --END-- [ RunTime:0.002000s ]
SQL: SHOW COLUMNS FROM `goodsimg` [ RunTime:0.0010s ]
SQL: SELECT `filename1` FROM `goodsimg` WHERE `face` = 0 LIMIT 4   [ RunTime:0.0010s ]
SQL: SHOW COLUMNS FROM `category` [ RunTime:0.0090s ]
SQL: SELECT * FROM `category` WHERE ( pid=1 )  [ RunTime:0.0010s ]

[ 2016-11-07T14:42:32+08:00 ] ::1 /RealHome/index.php/Home/Search/address.html
INFO: [ app_begin ] --START--
INFO: Run Behavior\ReadHtmlCacheBehavior [ RunTime:0.001000s ]
INFO: [ app_begin ] --END-- [ RunTime:0.001000s ]
SQL: SHOW COLUMNS FROM `goodsimg` [ RunTime:0.0010s ]
SQL: SELECT `filename1` FROM `goodsimg` WHERE `face` = 0 LIMIT 4   [ RunTime:0.0000s ]
SQL: SHOW COLUMNS FROM `category` [ RunTime:0.0010s ]
SQL: SELECT * FROM `category` WHERE ( pid=0 )  [ RunTime:0.0010s ]

[ 2016-11-07T14:42:32+08:00 ] ::1 /RealHome/index.php/Home/Search/address.html?pid=1
INFO: [ app_begin ] --START--
INFO: Run Behavior\ReadHtmlCacheBehavior [ RunTime:0.002000s ]
INFO: [ app_begin ] --END-- [ RunTime:0.003000s ]
SQL: SHOW COLUMNS FROM `goodsimg` [ RunTime:0.0050s ]
SQL: SELECT `filename1` FROM `goodsimg` WHERE `face` = 0 LIMIT 4   [ RunTime:0.0040s ]
SQL: SHOW COLUMNS FROM `category` [ RunTime:0.0000s ]
SQL: SELECT * FROM `category` WHERE ( pid=1 )  [ RunTime:0.0000s ]

[ 2016-11-07T14:42:38+08:00 ] ::1 /RealHome/index.php/Home/Search/address.html
INFO: [ app_begin ] --START--
INFO: Run Behavior\ReadHtmlCacheBehavior [ RunTime:0.001000s ]
INFO: [ app_begin ] --END-- [ RunTime:0.002000s ]
SQL: SHOW COLUMNS FROM `goodsimg` [ RunTime:0.0100s ]
SQL: SELECT `filename1` FROM `goodsimg` WHERE `face` = 0 LIMIT 4   [ RunTime:0.0010s ]
SQL: SHOW COLUMNS FROM `category` [ RunTime:0.0010s ]
SQL: SELECT * FROM `category` WHERE ( pid=0 )  [ RunTime:0.0000s ]

[ 2016-11-07T14:42:38+08:00 ] ::1 /RealHome/index.php/Home/Search/address.html?pid=1
INFO: [ app_begin ] --START--
INFO: Run Behavior\ReadHtmlCacheBehavior [ RunTime:0.002000s ]
INFO: [ app_begin ] --END-- [ RunTime:0.003000s ]
SQL: SHOW COLUMNS FROM `goodsimg` [ RunTime:0.0030s ]
SQL: SELECT `filename1` FROM `goodsimg` WHERE `face` = 0 LIMIT 4   [ RunTime:0.0020s ]
SQL: SHOW COLUMNS FROM `category` [ RunTime:0.0060s ]
SQL: SELECT * FROM `category` WHERE ( pid=1 )  [ RunTime:0.0000s ]

[ 2016-11-07T14:42:47+08:00 ] ::1 /RealHome/index.php/Home/Search/address.html
INFO: [ app_begin ] --START--
INFO: Run Behavior\ReadHtmlCacheBehavior [ RunTime:0.001000s ]
INFO: [ app_begin ] --END-- [ RunTime:0.002000s ]
SQL: SHOW COLUMNS FROM `goodsimg` [ RunTime:0.0160s ]
SQL: SELECT `filename1` FROM `goodsimg` WHERE `face` = 0 LIMIT 4   [ RunTime:0.0020s ]
SQL: SHOW COLUMNS FROM `category` [ RunTime:0.0020s ]
SQL: SELECT * FROM `category` WHERE ( pid=0 )  [ RunTime:0.0010s ]

[ 2016-11-07T14:42:47+08:00 ] ::1 /RealHome/index.php/Home/Search/address.html?pid=1
INFO: [ app_begin ] --START--
INFO: Run Behavior\ReadHtmlCacheBehavior [ RunTime:0.001000s ]
INFO: [ app_begin ] --END-- [ RunTime:0.001000s ]
SQL: SHOW COLUMNS FROM `goodsimg` [ RunTime:0.0010s ]
SQL: SELECT `filename1` FROM `goodsimg` WHERE `face` = 0 LIMIT 4   [ RunTime:0.0000s ]
SQL: SHOW COLUMNS FROM `category` [ RunTime:0.0010s ]
SQL: SELECT * FROM `category` WHERE ( pid=1 )  [ RunTime:0.0390s ]

[ 2016-11-07T14:45:08+08:00 ] ::1 /RealHome/index.php/Home/Search/address.html?pid=4
INFO: [ app_begin ] --START--
INFO: Run Behavior\ReadHtmlCacheBehavior [ RunTime:0.001000s ]
INFO: [ app_begin ] --END-- [ RunTime:0.002000s ]
SQL: SHOW COLUMNS FROM `goodsimg` [ RunTime:0.0200s ]
SQL: SELECT `filename1` FROM `goodsimg` WHERE `face` = 0 LIMIT 4   [ RunTime:0.0010s ]
SQL: SHOW COLUMNS FROM `category` [ RunTime:0.0020s ]
SQL: SELECT * FROM `category` WHERE ( pid=4 )  [ RunTime:0.0010s ]

[ 2016-11-07T14:46:13+08:00 ] ::1 /RealHome/index.php/Home/Search/address.html
INFO: [ app_begin ] --START--
INFO: Run Behavior\ReadHtmlCacheBehavior [ RunTime:0.002000s ]
INFO: [ app_begin ] --END-- [ RunTime:0.002000s ]
SQL: SHOW COLUMNS FROM `goodsimg` [ RunTime:0.0010s ]
SQL: SELECT `filename1` FROM `goodsimg` WHERE `face` = 0 LIMIT 4   [ RunTime:0.0000s ]
SQL: SHOW COLUMNS FROM `category` [ RunTime:0.0010s ]
SQL: SELECT * FROM `category` WHERE ( pid=0 )  [ RunTime:0.0000s ]

[ 2016-11-07T14:46:13+08:00 ] ::1 /RealHome/index.php/Home/Search/address.html?pid=1
INFO: [ app_begin ] --START--
INFO: Run Behavior\ReadHtmlCacheBehavior [ RunTime:0.001000s ]
INFO: [ app_begin ] --END-- [ RunTime:0.002000s ]
SQL: SHOW COLUMNS FROM `goodsimg` [ RunTime:0.0030s ]
SQL: SELECT `filename1` FROM `goodsimg` WHERE `face` = 0 LIMIT 4   [ RunTime:0.0000s ]
SQL: SHOW COLUMNS FROM `category` [ RunTime:0.0010s ]
SQL: SELECT * FROM `category` WHERE ( pid=1 )  [ RunTime:0.0140s ]

[ 2016-11-07T14:46:30+08:00 ] ::1 /RealHome/index.php/Home/Search/address.html
INFO: [ app_begin ] --START--
INFO: Run Behavior\ReadHtmlCacheBehavior [ RunTime:0.002001s ]
INFO: [ app_begin ] --END-- [ RunTime:0.002001s ]
SQL: SHOW COLUMNS FROM `goodsimg` [ RunTime:0.0150s ]
SQL: SELECT `filename1` FROM `goodsimg` WHERE `face` = 0 LIMIT 4   [ RunTime:0.0000s ]
SQL: SHOW COLUMNS FROM `category` [ RunTime:0.0010s ]
SQL: SELECT * FROM `category` WHERE ( pid=0 )  [ RunTime:0.0000s ]

[ 2016-11-07T14:46:30+08:00 ] ::1 /RealHome/index.php/Home/Search/address.html?pid=1
INFO: [ app_begin ] --START--
INFO: Run Behavior\ReadHtmlCacheBehavior [ RunTime:0.002000s ]
INFO: [ app_begin ] --END-- [ RunTime:0.003000s ]
SQL: SHOW COLUMNS FROM `goodsimg` [ RunTime:0.0010s ]
SQL: SELECT `filename1` FROM `goodsimg` WHERE `face` = 0 LIMIT 4   [ RunTime:0.0000s ]
SQL: SHOW COLUMNS FROM `category` [ RunTime:0.0010s ]
SQL: SELECT * FROM `category` WHERE ( pid=1 )  [ RunTime:0.0010s ]

[ 2016-11-07T14:46:36+08:00 ] ::1 /RealHome/index.php/Home/Search/address.html
INFO: [ app_begin ] --START--
INFO: Run Behavior\ReadHtmlCacheBehavior [ RunTime:0.000000s ]
INFO: [ app_begin ] --END-- [ RunTime:0.002001s ]
SQL: SHOW COLUMNS FROM `goodsimg` [ RunTime:0.0000s ]
SQL: SELECT `filename1` FROM `goodsimg` WHERE `face` = 0 LIMIT 4   [ RunTime:0.0000s ]
SQL: SHOW COLUMNS FROM `category` [ RunTime:0.0020s ]
SQL: SELECT * FROM `category` WHERE ( pid=0 )  [ RunTime:0.0000s ]

[ 2016-11-07T14:46:36+08:00 ] ::1 /RealHome/index.php/Home/Search/address.html?pid=1
INFO: [ app_begin ] --START--
INFO: Run Behavior\ReadHtmlCacheBehavior [ RunTime:0.001000s ]
INFO: [ app_begin ] --END-- [ RunTime:0.002000s ]
SQL: SHOW COLUMNS FROM `goodsimg` [ RunTime:0.0220s ]
SQL: SELECT `filename1` FROM `goodsimg` WHERE `face` = 0 LIMIT 4   [ RunTime:0.0040s ]
SQL: SHOW COLUMNS FROM `category` [ RunTime:0.0010s ]
SQL: SELECT * FROM `category` WHERE ( pid=1 )  [ RunTime:0.0000s ]

[ 2016-11-07T14:46:44+08:00 ] ::1 /RealHome/index.php/Home/Search/address.html
INFO: [ app_begin ] --START--
INFO: Run Behavior\ReadHtmlCacheBehavior [ RunTime:0.001000s ]
INFO: [ app_begin ] --END-- [ RunTime:0.002000s ]
SQL: SHOW COLUMNS FROM `goodsimg` [ RunTime:0.0140s ]
SQL: SELECT `filename1` FROM `goodsimg` WHERE `face` = 0 LIMIT 4   [ RunTime:0.0010s ]
SQL: SHOW COLUMNS FROM `category` [ RunTime:0.0000s ]
SQL: SELECT * FROM `category` WHERE ( pid=0 )  [ RunTime:0.0010s ]

[ 2016-11-07T14:46:44+08:00 ] ::1 /RealHome/index.php/Home/Search/address.html?pid=1
INFO: [ app_begin ] --START--
INFO: Run Behavior\ReadHtmlCacheBehavior [ RunTime:0.001000s ]
INFO: [ app_begin ] --END-- [ RunTime:0.002000s ]
SQL: SHOW COLUMNS FROM `goodsimg` [ RunTime:0.0130s ]
SQL: SELECT `filename1` FROM `goodsimg` WHERE `face` = 0 LIMIT 4   [ RunTime:0.0010s ]
SQL: SHOW COLUMNS FROM `category` [ RunTime:0.0010s ]
SQL: SELECT * FROM `category` WHERE ( pid=1 )  [ RunTime:0.0000s ]

[ 2016-11-07T14:48:11+08:00 ] ::1 /RealHome/index.php/Home/Search/address.html
INFO: [ app_begin ] --START--
INFO: Run Behavior\ReadHtmlCacheBehavior [ RunTime:0.001000s ]
INFO: [ app_begin ] --END-- [ RunTime:0.002000s ]
SQL: SHOW COLUMNS FROM `goodsimg` [ RunTime:0.0010s ]
SQL: SELECT `filename1` FROM `goodsimg` WHERE `face` = 0 LIMIT 4   [ RunTime:0.0010s ]
SQL: SHOW COLUMNS FROM `category` [ RunTime:0.0010s ]
SQL: SELECT * FROM `category` WHERE ( pid=0 )  [ RunTime:0.0000s ]

[ 2016-11-07T14:48:11+08:00 ] ::1 /RealHome/index.php/Home/Search/address.html?pid=1
INFO: [ app_begin ] --START--
INFO: Run Behavior\ReadHtmlCacheBehavior [ RunTime:0.001000s ]
INFO: [ app_begin ] --END-- [ RunTime:0.002000s ]
SQL: SHOW COLUMNS FROM `goodsimg` [ RunTime:0.0020s ]
SQL: SELECT `filename1` FROM `goodsimg` WHERE `face` = 0 LIMIT 4   [ RunTime:0.0010s ]
SQL: SHOW COLUMNS FROM `category` [ RunTime:0.0010s ]
SQL: SELECT * FROM `category` WHERE ( pid=1 )  [ RunTime:0.0010s ]

[ 2016-11-07T14:48:25+08:00 ] ::1 /RealHome/index.php/Home/Search/address.html
INFO: [ app_begin ] --START--
INFO: Run Behavior\ReadHtmlCacheBehavior [ RunTime:0.001000s ]
INFO: [ app_begin ] --END-- [ RunTime:0.002000s ]
SQL: SHOW COLUMNS FROM `goodsimg` [ RunTime:0.0480s ]
SQL: SELECT `filename1` FROM `goodsimg` WHERE `face` = 0 LIMIT 4   [ RunTime:0.0010s ]
SQL: SHOW COLUMNS FROM `category` [ RunTime:0.0010s ]
SQL: SELECT * FROM `category` WHERE ( pid=0 )  [ RunTime:0.0010s ]

[ 2016-11-07T14:48:26+08:00 ] ::1 /RealHome/index.php/Home/Search/address.html?pid=1
INFO: [ app_begin ] --START--
INFO: Run Behavior\ReadHtmlCacheBehavior [ RunTime:0.001000s ]
INFO: [ app_begin ] --END-- [ RunTime:0.003001s ]
SQL: SHOW COLUMNS FROM `goodsimg` [ RunTime:0.0130s ]
SQL: SELECT `filename1` FROM `goodsimg` WHERE `face` = 0 LIMIT 4   [ RunTime:0.0010s ]
SQL: SHOW COLUMNS FROM `category` [ RunTime:0.0010s ]
SQL: SELECT * FROM `category` WHERE ( pid=1 )  [ RunTime:0.0010s ]

[ 2016-11-07T14:51:40+08:00 ] ::1 /RealHome/index.php/Home/Search/address.html
INFO: [ app_begin ] --START--
INFO: Run Behavior\ReadHtmlCacheBehavior [ RunTime:0.001000s ]
INFO: [ app_begin ] --END-- [ RunTime:0.001000s ]
SQL: SHOW COLUMNS FROM `goodsimg` [ RunTime:0.0040s ]
SQL: SELECT `filename1` FROM `goodsimg` WHERE `face` = 0 LIMIT 4   [ RunTime:0.0010s ]
SQL: SHOW COLUMNS FROM `category` [ RunTime:0.0010s ]
SQL: SELECT * FROM `category` WHERE ( pid=0 )  [ RunTime:0.0010s ]

[ 2016-11-07T14:51:40+08:00 ] ::1 /RealHome/index.php/Home/Search/address.html?pid=1
INFO: [ app_begin ] --START--
INFO: Run Behavior\ReadHtmlCacheBehavior [ RunTime:0.002000s ]
INFO: [ app_begin ] --END-- [ RunTime:0.003001s ]
SQL: SHOW COLUMNS FROM `goodsimg` [ RunTime:0.0460s ]
SQL: SELECT `filename1` FROM `goodsimg` WHERE `face` = 0 LIMIT 4   [ RunTime:0.0010s ]
SQL: SHOW COLUMNS FROM `category` [ RunTime:0.0010s ]
SQL: SELECT * FROM `category` WHERE ( pid=1 )  [ RunTime:0.0000s ]

[ 2016-11-07T14:51:59+08:00 ] ::1 /RealHome/index.php/Home/Search/address.html?pid=1
INFO: [ app_begin ] --START--
INFO: Run Behavior\ReadHtmlCacheBehavior [ RunTime:0.001000s ]
INFO: [ app_begin ] --END-- [ RunTime:0.004000s ]
SQL: SHOW COLUMNS FROM `goodsimg` [ RunTime:0.0290s ]
SQL: SELECT `filename1` FROM `goodsimg` WHERE `face` = 0 LIMIT 4   [ RunTime:0.0000s ]
SQL: SHOW COLUMNS FROM `category` [ RunTime:0.0020s ]
SQL: SELECT * FROM `category` WHERE ( pid=1 )  [ RunTime:0.0010s ]

[ 2016-11-07T14:52:03+08:00 ] ::1 /RealHome/index.php/Home/Search/address.html
INFO: [ app_begin ] --START--
INFO: Run Behavior\ReadHtmlCacheBehavior [ RunTime:0.001000s ]
INFO: [ app_begin ] --END-- [ RunTime:0.002000s ]
SQL: SHOW COLUMNS FROM `goodsimg` [ RunTime:0.0010s ]
SQL: SELECT `filename1` FROM `goodsimg` WHERE `face` = 0 LIMIT 4   [ RunTime:0.0000s ]
SQL: SHOW COLUMNS FROM `category` [ RunTime:0.0000s ]
SQL: SELECT * FROM `category` WHERE ( pid=0 )  [ RunTime:0.0010s ]

[ 2016-11-07T14:52:03+08:00 ] ::1 /RealHome/index.php/Home/Search/address.html?pid=1
INFO: [ app_begin ] --START--
INFO: Run Behavior\ReadHtmlCacheBehavior [ RunTime:0.001000s ]
INFO: [ app_begin ] --END-- [ RunTime:0.002000s ]
SQL: SHOW COLUMNS FROM `goodsimg` [ RunTime:0.0010s ]
SQL: SELECT `filename1` FROM `goodsimg` WHERE `face` = 0 LIMIT 4   [ RunTime:0.0010s ]
SQL: SHOW COLUMNS FROM `category` [ RunTime:0.0020s ]
SQL: SELECT * FROM `category` WHERE ( pid=1 )  [ RunTime:0.0010s ]

[ 2016-11-07T14:52:09+08:00 ] ::1 /RealHome/index.php/Home/Search/address.html
INFO: [ app_begin ] --START--
INFO: Run Behavior\ReadHtmlCacheBehavior [ RunTime:0.000000s ]
INFO: [ app_begin ] --END-- [ RunTime:0.002000s ]
SQL: SHOW COLUMNS FROM `goodsimg` [ RunTime:0.0010s ]
SQL: SELECT `filename1` FROM `goodsimg` WHERE `face` = 0 LIMIT 4   [ RunTime:0.0020s ]
SQL: SHOW COLUMNS FROM `category` [ RunTime:0.0020s ]
SQL: SELECT * FROM `category` WHERE ( pid=0 )  [ RunTime:0.0000s ]

[ 2016-11-07T14:52:09+08:00 ] ::1 /RealHome/index.php/Home/Search/address.html?pid=1
INFO: [ app_begin ] --START--
INFO: Run Behavior\ReadHtmlCacheBehavior [ RunTime:0.001001s ]
INFO: [ app_begin ] --END-- [ RunTime:0.013001s ]
SQL: SHOW COLUMNS FROM `goodsimg` [ RunTime:0.0110s ]
SQL: SELECT `filename1` FROM `goodsimg` WHERE `face` = 0 LIMIT 4   [ RunTime:0.0010s ]
SQL: SHOW COLUMNS FROM `category` [ RunTime:0.0020s ]
SQL: SELECT * FROM `category` WHERE ( pid=1 )  [ RunTime:0.0020s ]

[ 2016-11-07T14:52:21+08:00 ] ::1 /RealHome/index.php/Home/Search/address.html?pid=1
INFO: [ app_begin ] --START--
INFO: Run Behavior\ReadHtmlCacheBehavior [ RunTime:0.001000s ]
INFO: [ app_begin ] --END-- [ RunTime:0.002000s ]
SQL: SHOW COLUMNS FROM `goodsimg` [ RunTime:0.0020s ]
SQL: SELECT `filename1` FROM `goodsimg` WHERE `face` = 0 LIMIT 4   [ RunTime:0.0000s ]
SQL: SHOW COLUMNS FROM `category` [ RunTime:0.0020s ]
SQL: SELECT * FROM `category` WHERE ( pid=1 )  [ RunTime:0.0010s ]

[ 2016-11-07T14:52:22+08:00 ] ::1 /RealHome/index.php/Home/Search/address.html?pid=1
INFO: [ app_begin ] --START--
INFO: Run Behavior\ReadHtmlCacheBehavior [ RunTime:0.001000s ]
INFO: [ app_begin ] --END-- [ RunTime:0.002000s ]
SQL: SHOW COLUMNS FROM `goodsimg` [ RunTime:0.0300s ]
SQL: SELECT `filename1` FROM `goodsimg` WHERE `face` = 0 LIMIT 4   [ RunTime:0.0010s ]
SQL: SHOW COLUMNS FROM `category` [ RunTime:0.0010s ]
SQL: SELECT * FROM `category` WHERE ( pid=1 )  [ RunTime:0.0000s ]

[ 2016-11-07T14:53:05+08:00 ] ::1 /RealHome/index.php/Home/Search/address.html
INFO: [ app_begin ] --START--
INFO: Run Behavior\ReadHtmlCacheBehavior [ RunTime:0.000000s ]
INFO: [ app_begin ] --END-- [ RunTime:0.002000s ]
SQL: SHOW COLUMNS FROM `goodsimg` [ RunTime:0.0010s ]
SQL: SELECT `filename1` FROM `goodsimg` WHERE `face` = 0 LIMIT 4   [ RunTime:0.0000s ]
SQL: SHOW COLUMNS FROM `category` [ RunTime:0.0000s ]
SQL: SELECT * FROM `category` WHERE ( pid=0 )  [ RunTime:0.0010s ]

[ 2016-11-07T14:53:06+08:00 ] ::1 /RealHome/index.php/Home/Search/address.html?pid=1
INFO: [ app_begin ] --START--
INFO: Run Behavior\ReadHtmlCacheBehavior [ RunTime:0.001000s ]
INFO: [ app_begin ] --END-- [ RunTime:0.002000s ]
SQL: SHOW COLUMNS FROM `goodsimg` [ RunTime:0.0010s ]
SQL: SELECT `filename1` FROM `goodsimg` WHERE `face` = 0 LIMIT 4   [ RunTime:0.0010s ]
SQL: SHOW COLUMNS FROM `category` [ RunTime:0.0020s ]
SQL: SELECT * FROM `category` WHERE ( pid=1 )  [ RunTime:0.0010s ]

[ 2016-11-07T15:13:28+08:00 ] ::1 /RealHome/index.php/Home/Search/address.html
INFO: [ app_begin ] --START--
INFO: Run Behavior\ReadHtmlCacheBehavior [ RunTime:0.001000s ]
INFO: [ app_begin ] --END-- [ RunTime:0.002000s ]
SQL: SHOW COLUMNS FROM `goodsimg` [ RunTime:0.0070s ]
SQL: SELECT `filename1` FROM `goodsimg` WHERE `face` = 0 LIMIT 4   [ RunTime:0.0020s ]
SQL: SHOW COLUMNS FROM `category` [ RunTime:0.0010s ]
SQL: SELECT * FROM `category` WHERE ( pid=0 )  [ RunTime:0.0000s ]

[ 2016-11-07T15:13:28+08:00 ] ::1 /RealHome/index.php/Home/Search/address.html?pid=1
INFO: [ app_begin ] --START--
INFO: Run Behavior\ReadHtmlCacheBehavior [ RunTime:0.001000s ]
INFO: [ app_begin ] --END-- [ RunTime:0.002000s ]
SQL: SHOW COLUMNS FROM `goodsimg` [ RunTime:0.0010s ]
SQL: SELECT `filename1` FROM `goodsimg` WHERE `face` = 0 LIMIT 4   [ RunTime:0.0010s ]
SQL: SHOW COLUMNS FROM `category` [ RunTime:0.0010s ]
SQL: SELECT * FROM `category` WHERE ( pid=1 )  [ RunTime:0.0010s ]

[ 2016-11-07T15:14:19+08:00 ] ::1 /RealHome/index.php/Home/Search/address.html
INFO: [ app_begin ] --START--
INFO: Run Behavior\ReadHtmlCacheBehavior [ RunTime:0.001000s ]
INFO: [ app_begin ] --END-- [ RunTime:0.002000s ]
SQL: SHOW COLUMNS FROM `goodsimg` [ RunTime:0.0010s ]
SQL: SELECT `filename1` FROM `goodsimg` WHERE `face` = 0 LIMIT 4   [ RunTime:0.0020s ]
SQL: SHOW COLUMNS FROM `category` [ RunTime:0.0030s ]
SQL: SELECT * FROM `category` WHERE ( pid=0 )  [ RunTime:0.0020s ]

[ 2016-11-07T15:14:19+08:00 ] ::1 /RealHome/index.php/Home/Search/address.html?pid=1
INFO: [ app_begin ] --START--
INFO: Run Behavior\ReadHtmlCacheBehavior [ RunTime:0.001000s ]
INFO: [ app_begin ] --END-- [ RunTime:0.002000s ]
SQL: SHOW COLUMNS FROM `goodsimg` [ RunTime:0.0200s ]
SQL: SELECT `filename1` FROM `goodsimg` WHERE `face` = 0 LIMIT 4   [ RunTime:0.0020s ]
SQL: SHOW COLUMNS FROM `category` [ RunTime:0.0010s ]
SQL: SELECT * FROM `category` WHERE ( pid=1 )  [ RunTime:0.0010s ]

[ 2016-11-07T15:15:19+08:00 ] ::1 /RealHome/index.php/Home/Search/address.html
INFO: [ app_begin ] --START--
INFO: Run Behavior\ReadHtmlCacheBehavior [ RunTime:0.001000s ]
INFO: [ app_begin ] --END-- [ RunTime:0.002000s ]
SQL: SHOW COLUMNS FROM `goodsimg` [ RunTime:0.0010s ]
SQL: SELECT `filename1` FROM `goodsimg` WHERE `face` = 0 LIMIT 4   [ RunTime:0.0000s ]
SQL: SHOW COLUMNS FROM `category` [ RunTime:0.0010s ]
SQL: SELECT * FROM `category` WHERE ( pid=0 )  [ RunTime:0.0000s ]

[ 2016-11-07T15:15:19+08:00 ] ::1 /RealHome/index.php/Home/Search/address.html?pid=1
INFO: [ app_begin ] --START--
INFO: Run Behavior\ReadHtmlCacheBehavior [ RunTime:0.002001s ]
INFO: [ app_begin ] --END-- [ RunTime:0.002001s ]
SQL: SHOW COLUMNS FROM `goodsimg` [ RunTime:0.0140s ]
SQL: SELECT `filename1` FROM `goodsimg` WHERE `face` = 0 LIMIT 4   [ RunTime:0.0000s ]
SQL: SHOW COLUMNS FROM `category` [ RunTime:0.0040s ]
SQL: SELECT * FROM `category` WHERE ( pid=1 )  [ RunTime:0.0010s ]

[ 2016-11-07T15:15:25+08:00 ] ::1 /RealHome/index.php/Home/Search/single.html
ERR: 非法操作:single

[ 2016-11-07T15:15:27+08:00 ] ::1 /RealHome/index.php/Home/Search/address.html
INFO: [ app_begin ] --START--
INFO: Run Behavior\ReadHtmlCacheBehavior [ RunTime:0.002000s ]
INFO: [ app_begin ] --END-- [ RunTime:0.002000s ]
SQL: SHOW COLUMNS FROM `goodsimg` [ RunTime:0.0010s ]
SQL: SELECT `filename1` FROM `goodsimg` WHERE `face` = 0 LIMIT 4   [ RunTime:0.0000s ]
SQL: SHOW COLUMNS FROM `category` [ RunTime:0.0000s ]
SQL: SELECT * FROM `category` WHERE ( pid=0 )  [ RunTime:0.0010s ]

[ 2016-11-07T15:15:27+08:00 ] ::1 /RealHome/index.php/Home/Search/address.html?pid=1
INFO: [ app_begin ] --START--
INFO: Run Behavior\ReadHtmlCacheBehavior [ RunTime:0.001000s ]
INFO: [ app_begin ] --END-- [ RunTime:0.002000s ]
SQL: SHOW COLUMNS FROM `goodsimg` [ RunTime:0.0010s ]
SQL: SELECT `filename1` FROM `goodsimg` WHERE `face` = 0 LIMIT 4   [ RunTime:0.0010s ]
SQL: SHOW COLUMNS FROM `category` [ RunTime:0.0010s ]
SQL: SELECT * FROM `category` WHERE ( pid=1 )  [ RunTime:0.0010s ]

[ 2016-11-07T15:15:29+08:00 ] ::1 /RealHome/index.php/Home/Search/single.html
ERR: 非法操作:single

[ 2016-11-07T15:15:31+08:00 ] ::1 /RealHome/index.php/Home/Search/address.html
INFO: [ app_begin ] --START--
INFO: Run Behavior\ReadHtmlCacheBehavior [ RunTime:0.001000s ]
INFO: [ app_begin ] --END-- [ RunTime:0.002000s ]
SQL: SHOW COLUMNS FROM `goodsimg` [ RunTime:0.0070s ]
SQL: SELECT `filename1` FROM `goodsimg` WHERE `face` = 0 LIMIT 4   [ RunTime:0.0000s ]
SQL: SHOW COLUMNS FROM `category` [ RunTime:0.0010s ]
SQL: SELECT * FROM `category` WHERE ( pid=0 )  [ RunTime:0.0000s ]

[ 2016-11-07T15:15:31+08:00 ] ::1 /RealHome/index.php/Home/Search/address.html?pid=1
INFO: [ app_begin ] --START--
INFO: Run Behavior\ReadHtmlCacheBehavior [ RunTime:0.001000s ]
INFO: [ app_begin ] --END-- [ RunTime:0.002000s ]
SQL: SHOW COLUMNS FROM `goodsimg` [ RunTime:0.0060s ]
SQL: SELECT `filename1` FROM `goodsimg` WHERE `face` = 0 LIMIT 4   [ RunTime:0.0020s ]
SQL: SHOW COLUMNS FROM `category` [ RunTime:0.0020s ]
SQL: SELECT * FROM `category` WHERE ( pid=1 )  [ RunTime:0.0010s ]

[ 2016-11-07T15:15:34+08:00 ] ::1 /RealHome/index.php/Home/Search/single.html
ERR: 非法操作:single

[ 2016-11-07T15:15:36+08:00 ] ::1 /RealHome/index.php/Home/Search/address.html
INFO: [ app_begin ] --START--
INFO: Run Behavior\ReadHtmlCacheBehavior [ RunTime:0.000000s ]
INFO: [ app_begin ] --END-- [ RunTime:0.002000s ]
SQL: SHOW COLUMNS FROM `goodsimg` [ RunTime:0.0090s ]
SQL: SELECT `filename1` FROM `goodsimg` WHERE `face` = 0 LIMIT 4   [ RunTime:0.0000s ]
SQL: SHOW COLUMNS FROM `category` [ RunTime:0.0010s ]
SQL: SELECT * FROM `category` WHERE ( pid=0 )  [ RunTime:0.0010s ]

[ 2016-11-07T15:15:36+08:00 ] ::1 /RealHome/index.php/Home/Search/address.html?pid=1
INFO: [ app_begin ] --START--
INFO: Run Behavior\ReadHtmlCacheBehavior [ RunTime:0.001000s ]
INFO: [ app_begin ] --END-- [ RunTime:0.002000s ]
SQL: SHOW COLUMNS FROM `goodsimg` [ RunTime:0.0130s ]
SQL: SELECT `filename1` FROM `goodsimg` WHERE `face` = 0 LIMIT 4   [ RunTime:0.0040s ]
SQL: SHOW COLUMNS FROM `category` [ RunTime:0.0030s ]
SQL: SELECT * FROM `category` WHERE ( pid=1 )  [ RunTime:0.0010s ]

[ 2016-11-07T15:15:41+08:00 ] ::1 /RealHome/index.php/Home/Search/address.html
INFO: [ app_begin ] --START--
INFO: Run Behavior\ReadHtmlCacheBehavior [ RunTime:0.001000s ]
INFO: [ app_begin ] --END-- [ RunTime:0.002000s ]
SQL: SHOW COLUMNS FROM `goodsimg` [ RunTime:0.0010s ]
SQL: SELECT `filename1` FROM `goodsimg` WHERE `face` = 0 LIMIT 4   [ RunTime:0.0010s ]
SQL: SHOW COLUMNS FROM `category` [ RunTime:0.0000s ]
SQL: SELECT * FROM `category` WHERE ( pid=0 )  [ RunTime:0.0010s ]

[ 2016-11-07T15:15:41+08:00 ] ::1 /RealHome/index.php/Home/Search/address.html?pid=1
INFO: [ app_begin ] --START--
INFO: Run Behavior\ReadHtmlCacheBehavior [ RunTime:0.001001s ]
INFO: [ app_begin ] --END-- [ RunTime:0.001001s ]
SQL: SHOW COLUMNS FROM `goodsimg` [ RunTime:0.0030s ]
SQL: SELECT `filename1` FROM `goodsimg` WHERE `face` = 0 LIMIT 4   [ RunTime:0.0030s ]
SQL: SHOW COLUMNS FROM `category` [ RunTime:0.0090s ]
SQL: SELECT * FROM `category` WHERE ( pid=1 )  [ RunTime:0.0010s ]

[ 2016-11-07T15:15:42+08:00 ] ::1 /RealHome/index.php/Home/Search/single.html
ERR: 非法操作:single

[ 2016-11-07T15:15:45+08:00 ] ::1 /RealHome/index.php/Home/Search/address.html
INFO: [ app_begin ] --START--
INFO: Run Behavior\ReadHtmlCacheBehavior [ RunTime:0.001000s ]
INFO: [ app_begin ] --END-- [ RunTime:0.001000s ]
SQL: SHOW COLUMNS FROM `goodsimg` [ RunTime:0.0010s ]
SQL: SELECT `filename1` FROM `goodsimg` WHERE `face` = 0 LIMIT 4   [ RunTime:0.0010s ]
SQL: SHOW COLUMNS FROM `category` [ RunTime:0.0160s ]
SQL: SELECT * FROM `category` WHERE ( pid=0 )  [ RunTime:0.0000s ]

[ 2016-11-07T15:15:45+08:00 ] ::1 /RealHome/index.php/Home/Search/address.html?pid=1
INFO: [ app_begin ] --START--
INFO: Run Behavior\ReadHtmlCacheBehavior [ RunTime:0.002000s ]
INFO: [ app_begin ] --END-- [ RunTime:0.002000s ]
SQL: SHOW COLUMNS FROM `goodsimg` [ RunTime:0.0150s ]
SQL: SELECT `filename1` FROM `goodsimg` WHERE `face` = 0 LIMIT 4   [ RunTime:0.0000s ]
SQL: SHOW COLUMNS FROM `category` [ RunTime:0.0010s ]
SQL: SELECT * FROM `category` WHERE ( pid=1 )  [ RunTime:0.0000s ]

[ 2016-11-07T15:16:14+08:00 ] ::1 /RealHome/index.php/Home/Search/buy.html
ERR: 非法操作:buy

[ 2016-11-07T15:16:16+08:00 ] ::1 /RealHome/index.php/Home/Search/address.html
INFO: [ app_begin ] --START--
INFO: Run Behavior\ReadHtmlCacheBehavior [ RunTime:0.001000s ]
INFO: [ app_begin ] --END-- [ RunTime:0.003000s ]
SQL: SHOW COLUMNS FROM `goodsimg` [ RunTime:0.0140s ]
SQL: SELECT `filename1` FROM `goodsimg` WHERE `face` = 0 LIMIT 4   [ RunTime:0.0020s ]
SQL: SHOW COLUMNS FROM `category` [ RunTime:0.0020s ]
SQL: SELECT * FROM `category` WHERE ( pid=0 )  [ RunTime:0.0000s ]

[ 2016-11-07T15:16:17+08:00 ] ::1 /RealHome/index.php/Home/Search/address.html?pid=1
INFO: [ app_begin ] --START--
INFO: Run Behavior\ReadHtmlCacheBehavior [ RunTime:0.001000s ]
INFO: [ app_begin ] --END-- [ RunTime:0.003000s ]
SQL: SHOW COLUMNS FROM `goodsimg` [ RunTime:0.0030s ]
SQL: SELECT `filename1` FROM `goodsimg` WHERE `face` = 0 LIMIT 4   [ RunTime:0.0030s ]
SQL: SHOW COLUMNS FROM `category` [ RunTime:0.0010s ]
SQL: SELECT * FROM `category` WHERE ( pid=1 )  [ RunTime:0.0020s ]

[ 2016-11-07T15:16:21+08:00 ] ::1 /RealHome/index.php/Home/Search/address.html
INFO: [ app_begin ] --START--
INFO: Run Behavior\ReadHtmlCacheBehavior [ RunTime:0.001000s ]
INFO: [ app_begin ] --END-- [ RunTime:0.002000s ]
SQL: SHOW COLUMNS FROM `goodsimg` [ RunTime:0.0020s ]
SQL: SELECT `filename1` FROM `goodsimg` WHERE `face` = 0 LIMIT 4   [ RunTime:0.0010s ]
SQL: SHOW COLUMNS FROM `category` [ RunTime:0.0130s ]
SQL: SELECT * FROM `category` WHERE ( pid=0 )  [ RunTime:0.0010s ]

[ 2016-11-07T15:16:22+08:00 ] ::1 /RealHome/index.php/Home/Search/address.html?pid=1
INFO: [ app_begin ] --START--
INFO: Run Behavior\ReadHtmlCacheBehavior [ RunTime:0.001000s ]
INFO: [ app_begin ] --END-- [ RunTime:0.002000s ]
SQL: SHOW COLUMNS FROM `goodsimg` [ RunTime:0.0200s ]
SQL: SELECT `filename1` FROM `goodsimg` WHERE `face` = 0 LIMIT 4   [ RunTime:0.0030s ]
SQL: SHOW COLUMNS FROM `category` [ RunTime:0.0060s ]
SQL: SELECT * FROM `category` WHERE ( pid=1 )  [ RunTime:0.0030s ]

[ 2016-11-07T15:17:34+08:00 ] ::1 /RealHome/index.php/Home/Search/address.html?pid=4
INFO: [ app_begin ] --START--
INFO: Run Behavior\ReadHtmlCacheBehavior [ RunTime:0.001000s ]
INFO: [ app_begin ] --END-- [ RunTime:0.002000s ]
SQL: SHOW COLUMNS FROM `goodsimg` [ RunTime:0.0190s ]
SQL: SELECT `filename1` FROM `goodsimg` WHERE `face` = 0 LIMIT 4   [ RunTime:0.0010s ]
SQL: SHOW COLUMNS FROM `category` [ RunTime:0.0010s ]
SQL: SELECT * FROM `category` WHERE ( pid=4 )  [ RunTime:0.0000s ]

[ 2016-11-07T15:17:36+08:00 ] ::1 /RealHome/index.php/Home/Search/address.html
INFO: [ app_begin ] --START--
INFO: Run Behavior\ReadHtmlCacheBehavior [ RunTime:0.000000s ]
INFO: [ app_begin ] --END-- [ RunTime:0.002000s ]
SQL: SHOW COLUMNS FROM `goodsimg` [ RunTime:0.0010s ]
SQL: SELECT `filename1` FROM `goodsimg` WHERE `face` = 0 LIMIT 4   [ RunTime:0.0000s ]
SQL: SHOW COLUMNS FROM `category` [ RunTime:0.0010s ]
SQL: SELECT * FROM `category` WHERE ( pid=0 )  [ RunTime:0.0000s ]

[ 2016-11-07T15:17:36+08:00 ] ::1 /RealHome/index.php/Home/Search/address.html?pid=1
INFO: [ app_begin ] --START--
INFO: Run Behavior\ReadHtmlCacheBehavior [ RunTime:0.001000s ]
INFO: [ app_begin ] --END-- [ RunTime:0.002000s ]
SQL: SHOW COLUMNS FROM `goodsimg` [ RunTime:0.0020s ]
SQL: SELECT `filename1` FROM `goodsimg` WHERE `face` = 0 LIMIT 4   [ RunTime:0.0020s ]
SQL: SHOW COLUMNS FROM `category` [ RunTime:0.0010s ]
SQL: SELECT * FROM `category` WHERE ( pid=1 )  [ RunTime:0.0010s ]

[ 2016-11-07T15:17:47+08:00 ] ::1 /RealHome/index.php/Home/Search/single.html
ERR: 非法操作:single

[ 2016-11-07T15:17:50+08:00 ] ::1 /RealHome/index.php/Home/Search/address.html
INFO: [ app_begin ] --START--
INFO: Run Behavior\ReadHtmlCacheBehavior [ RunTime:0.001000s ]
INFO: [ app_begin ] --END-- [ RunTime:0.001000s ]
SQL: SHOW COLUMNS FROM `goodsimg` [ RunTime:0.0010s ]
SQL: SELECT `filename1` FROM `goodsimg` WHERE `face` = 0 LIMIT 4   [ RunTime:0.0010s ]
SQL: SHOW COLUMNS FROM `category` [ RunTime:0.0270s ]
SQL: SELECT * FROM `category` WHERE ( pid=0 )  [ RunTime:0.0010s ]

[ 2016-11-07T15:17:50+08:00 ] ::1 /RealHome/index.php/Home/Search/address.html?pid=1
INFO: [ app_begin ] --START--
INFO: Run Behavior\ReadHtmlCacheBehavior [ RunTime:0.001000s ]
INFO: [ app_begin ] --END-- [ RunTime:0.002000s ]
SQL: SHOW COLUMNS FROM `goodsimg` [ RunTime:0.0020s ]
SQL: SELECT `filename1` FROM `goodsimg` WHERE `face` = 0 LIMIT 4   [ RunTime:0.0030s ]
SQL: SHOW COLUMNS FROM `category` [ RunTime:0.0020s ]
SQL: SELECT * FROM `category` WHERE ( pid=1 )  [ RunTime:0.0010s ]

[ 2016-11-07T15:20:18+08:00 ] ::1 /RealHome/index.php/Home/Search/address.html
INFO: [ app_begin ] --START--
INFO: Run Behavior\ReadHtmlCacheBehavior [ RunTime:0.001000s ]
INFO: [ app_begin ] --END-- [ RunTime:0.002000s ]
SQL: SHOW COLUMNS FROM `goodsimg` [ RunTime:0.0020s ]
SQL: SELECT `filename1` FROM `goodsimg` WHERE `face` = 0 LIMIT 4   [ RunTime:0.0010s ]
SQL: SHOW COLUMNS FROM `category` [ RunTime:0.0010s ]
SQL: SELECT * FROM `category` WHERE ( pid=0 )  [ RunTime:0.0010s ]

[ 2016-11-07T15:20:18+08:00 ] ::1 /RealHome/index.php/Home/Search/address.html?pid=1
INFO: [ app_begin ] --START--
INFO: Run Behavior\ReadHtmlCacheBehavior [ RunTime:0.001000s ]
INFO: [ app_begin ] --END-- [ RunTime:0.001000s ]
SQL: SHOW COLUMNS FROM `goodsimg` [ RunTime:0.0040s ]
SQL: SELECT `filename1` FROM `goodsimg` WHERE `face` = 0 LIMIT 4   [ RunTime:0.0000s ]
SQL: SHOW COLUMNS FROM `category` [ RunTime:0.0020s ]
SQL: SELECT * FROM `category` WHERE ( pid=1 )  [ RunTime:0.0020s ]

[ 2016-11-07T15:20:27+08:00 ] ::1 /RealHome/index.php/Home/Search/address.html?pid=2
INFO: [ app_begin ] --START--
INFO: Run Behavior\ReadHtmlCacheBehavior [ RunTime:0.001000s ]
INFO: [ app_begin ] --END-- [ RunTime:0.001000s ]
SQL: SHOW COLUMNS FROM `goodsimg` [ RunTime:0.0160s ]
SQL: SELECT `filename1` FROM `goodsimg` WHERE `face` = 0 LIMIT 4   [ RunTime:0.0020s ]
SQL: SHOW COLUMNS FROM `category` [ RunTime:0.0030s ]
SQL: SELECT * FROM `category` WHERE ( pid=2 )  [ RunTime:0.0020s ]

[ 2016-11-07T15:20:28+08:00 ] ::1 /RealHome/index.php/Home/Search/address.html
INFO: [ app_begin ] --START--
INFO: Run Behavior\ReadHtmlCacheBehavior [ RunTime:0.001000s ]
INFO: [ app_begin ] --END-- [ RunTime:0.002000s ]
SQL: SHOW COLUMNS FROM `goodsimg` [ RunTime:0.0040s ]
SQL: SELECT `filename1` FROM `goodsimg` WHERE `face` = 0 LIMIT 4   [ RunTime:0.0000s ]
SQL: SHOW COLUMNS FROM `category` [ RunTime:0.0060s ]
SQL: SELECT * FROM `category` WHERE ( pid=0 )  [ RunTime:0.0010s ]

[ 2016-11-07T15:20:29+08:00 ] ::1 /RealHome/index.php/Home/Search/address.html?pid=1
INFO: [ app_begin ] --START--
INFO: Run Behavior\ReadHtmlCacheBehavior [ RunTime:0.001000s ]
INFO: [ app_begin ] --END-- [ RunTime:0.002000s ]
SQL: SHOW COLUMNS FROM `goodsimg` [ RunTime:0.0020s ]
SQL: SELECT `filename1` FROM `goodsimg` WHERE `face` = 0 LIMIT 4   [ RunTime:0.0010s ]
SQL: SHOW COLUMNS FROM `category` [ RunTime:0.0010s ]
SQL: SELECT * FROM `category` WHERE ( pid=1 )  [ RunTime:0.0000s ]

[ 2016-11-07T15:20:49+08:00 ] ::1 /RealHome/index.php/Home/Search/address.html
INFO: [ app_begin ] --START--
INFO: Run Behavior\ReadHtmlCacheBehavior [ RunTime:0.001000s ]
INFO: [ app_begin ] --END-- [ RunTime:0.002000s ]
SQL: SHOW COLUMNS FROM `goodsimg` [ RunTime:0.0010s ]
SQL: SELECT `filename1` FROM `goodsimg` WHERE `face` = 0 LIMIT 4   [ RunTime:0.0000s ]
SQL: SHOW COLUMNS FROM `category` [ RunTime:0.0010s ]
SQL: SELECT * FROM `category` WHERE ( pid=0 )  [ RunTime:0.0000s ]

[ 2016-11-07T15:20:49+08:00 ] ::1 /RealHome/index.php/Home/Search/address.html?pid=1
INFO: [ app_begin ] --START--
INFO: Run Behavior\ReadHtmlCacheBehavior [ RunTime:0.003000s ]
INFO: [ app_begin ] --END-- [ RunTime:0.003000s ]
SQL: SHOW COLUMNS FROM `goodsimg` [ RunTime:0.0160s ]
SQL: SELECT `filename1` FROM `goodsimg` WHERE `face` = 0 LIMIT 4   [ RunTime:0.0010s ]
SQL: SHOW COLUMNS FROM `category` [ RunTime:0.0020s ]
SQL: SELECT * FROM `category` WHERE ( pid=1 )  [ RunTime:0.0040s ]

[ 2016-11-07T15:20:53+08:00 ] ::1 /RealHome/index.php/Home/Search/address.html
INFO: [ app_begin ] --START--
INFO: Run Behavior\ReadHtmlCacheBehavior [ RunTime:0.001000s ]
INFO: [ app_begin ] --END-- [ RunTime:0.002001s ]
SQL: SHOW COLUMNS FROM `goodsimg` [ RunTime:0.0010s ]
SQL: SELECT `filename1` FROM `goodsimg` WHERE `face` = 0 LIMIT 4   [ RunTime:0.0010s ]
SQL: SHOW COLUMNS FROM `category` [ RunTime:0.0010s ]
SQL: SELECT * FROM `category` WHERE ( pid=0 )  [ RunTime:0.0000s ]

[ 2016-11-07T15:20:53+08:00 ] ::1 /RealHome/index.php/Home/Search/address.html?pid=1
INFO: [ app_begin ] --START--
INFO: Run Behavior\ReadHtmlCacheBehavior [ RunTime:0.001000s ]
INFO: [ app_begin ] --END-- [ RunTime:0.002000s ]
SQL: SHOW COLUMNS FROM `goodsimg` [ RunTime:0.0300s ]
SQL: SELECT `filename1` FROM `goodsimg` WHERE `face` = 0 LIMIT 4   [ RunTime:0.0040s ]
SQL: SHOW COLUMNS FROM `category` [ RunTime:0.0030s ]
SQL: SELECT * FROM `category` WHERE ( pid=1 )  [ RunTime:0.0020s ]

[ 2016-11-07T15:26:52+08:00 ] ::1 /RealHome/index.php/Home/Search/address.html
INFO: [ app_begin ] --START--
INFO: Run Behavior\ReadHtmlCacheBehavior [ RunTime:0.001000s ]
INFO: [ app_begin ] --END-- [ RunTime:0.002000s ]
SQL: SHOW COLUMNS FROM `goodsimg` [ RunTime:0.0120s ]
SQL: SELECT `filename1` FROM `goodsimg` WHERE `face` = 0 LIMIT 4   [ RunTime:0.0010s ]
SQL: SHOW COLUMNS FROM `category` [ RunTime:0.0010s ]
SQL: SELECT * FROM `category` WHERE ( pid=0 )  [ RunTime:0.0000s ]

[ 2016-11-07T15:26:52+08:00 ] ::1 /RealHome/index.php/Home/Search/address.html?pid=1
INFO: [ app_begin ] --START--
INFO: Run Behavior\ReadHtmlCacheBehavior [ RunTime:0.001000s ]
INFO: [ app_begin ] --END-- [ RunTime:0.002000s ]
SQL: SHOW COLUMNS FROM `goodsimg` [ RunTime:0.0010s ]
SQL: SELECT `filename1` FROM `goodsimg` WHERE `face` = 0 LIMIT 4   [ RunTime:0.0010s ]
SQL: SHOW COLUMNS FROM `category` [ RunTime:0.0010s ]
SQL: SELECT * FROM `category` WHERE ( pid=1 )  [ RunTime:0.0130s ]

[ 2016-11-07T15:26:57+08:00 ] ::1 /RealHome/index.php/Home/Search/address.html
INFO: [ app_begin ] --START--
INFO: Run Behavior\ReadHtmlCacheBehavior [ RunTime:0.002000s ]
INFO: [ app_begin ] --END-- [ RunTime:0.003000s ]
SQL: SHOW COLUMNS FROM `goodsimg` [ RunTime:0.0160s ]
SQL: SELECT `filename1` FROM `goodsimg` WHERE `face` = 0 LIMIT 4   [ RunTime:0.0010s ]
SQL: SHOW COLUMNS FROM `category` [ RunTime:0.0010s ]
SQL: SELECT * FROM `category` WHERE ( pid=0 )  [ RunTime:0.0010s ]

[ 2016-11-07T15:26:57+08:00 ] ::1 /RealHome/index.php/Home/Search/address.html?pid=1
INFO: [ app_begin ] --START--
INFO: Run Behavior\ReadHtmlCacheBehavior [ RunTime:0.004000s ]
INFO: [ app_begin ] --END-- [ RunTime:0.006000s ]
SQL: SHOW COLUMNS FROM `goodsimg` [ RunTime:0.0740s ]
SQL: SELECT `filename1` FROM `goodsimg` WHERE `face` = 0 LIMIT 4   [ RunTime:0.0010s ]
SQL: SHOW COLUMNS FROM `category` [ RunTime:0.0010s ]
SQL: SELECT * FROM `category` WHERE ( pid=1 )  [ RunTime:0.0010s ]

[ 2016-11-07T15:27:15+08:00 ] ::1 /RealHome/index.php/Home/Search/address.html
INFO: [ app_begin ] --START--
INFO: Run Behavior\ReadHtmlCacheBehavior [ RunTime:0.001000s ]
INFO: [ app_begin ] --END-- [ RunTime:0.002000s ]
SQL: SHOW COLUMNS FROM `goodsimg` [ RunTime:0.0270s ]
SQL: SELECT `filename1` FROM `goodsimg` WHERE `face` = 0 LIMIT 4   [ RunTime:0.0000s ]
SQL: SHOW COLUMNS FROM `category` [ RunTime:0.0010s ]
SQL: SELECT * FROM `category` WHERE ( pid=0 )  [ RunTime:0.0000s ]

[ 2016-11-07T15:27:15+08:00 ] ::1 /RealHome/index.php/Home/Search/address.html?pid=1
INFO: [ app_begin ] --START--
INFO: Run Behavior\ReadHtmlCacheBehavior [ RunTime:0.001000s ]
INFO: [ app_begin ] --END-- [ RunTime:0.003000s ]
SQL: SHOW COLUMNS FROM `goodsimg` [ RunTime:0.0280s ]
SQL: SELECT `filename1` FROM `goodsimg` WHERE `face` = 0 LIMIT 4   [ RunTime:0.0010s ]
SQL: SHOW COLUMNS FROM `category` [ RunTime:0.0010s ]
SQL: SELECT * FROM `category` WHERE ( pid=1 )  [ RunTime:0.0020s ]

[ 2016-11-07T15:28:51+08:00 ] ::1 /RealHome/index.php/Home/Search/address.html
INFO: [ app_begin ] --START--
INFO: Run Behavior\ReadHtmlCacheBehavior [ RunTime:0.001000s ]
INFO: [ app_begin ] --END-- [ RunTime:0.003000s ]
SQL: SHOW COLUMNS FROM `goodsimg` [ RunTime:0.0190s ]
SQL: SELECT `filename1` FROM `goodsimg` WHERE `face` = 0 LIMIT 4   [ RunTime:0.0050s ]
SQL: SHOW COLUMNS FROM `category` [ RunTime:0.0010s ]
SQL: SELECT * FROM `category` WHERE ( pid=0 )  [ RunTime:0.0010s ]

[ 2016-11-07T15:28:51+08:00 ] ::1 /RealHome/index.php/Home/Search/address.html?pid=1
INFO: [ app_begin ] --START--
INFO: Run Behavior\ReadHtmlCacheBehavior [ RunTime:0.001000s ]
INFO: [ app_begin ] --END-- [ RunTime:0.002000s ]
SQL: SHOW COLUMNS FROM `goodsimg` [ RunTime:0.0140s ]
SQL: SELECT `filename1` FROM `goodsimg` WHERE `face` = 0 LIMIT 4   [ RunTime:0.0020s ]
SQL: SHOW COLUMNS FROM `category` [ RunTime:0.0010s ]
SQL: SELECT * FROM `category` WHERE ( pid=1 )  [ RunTime:0.0010s ]

[ 2016-11-07T15:28:56+08:00 ] ::1 /RealHome/index.php/Home/Search/address.html
INFO: [ app_begin ] --START--
INFO: Run Behavior\ReadHtmlCacheBehavior [ RunTime:0.001000s ]
INFO: [ app_begin ] --END-- [ RunTime:0.002000s ]
SQL: SHOW COLUMNS FROM `goodsimg` [ RunTime:0.0030s ]
SQL: SELECT `filename1` FROM `goodsimg` WHERE `face` = 0 LIMIT 4   [ RunTime:0.0010s ]
SQL: SHOW COLUMNS FROM `category` [ RunTime:0.0010s ]
SQL: SELECT * FROM `category` WHERE ( pid=0 )  [ RunTime:0.0010s ]

[ 2016-11-07T15:28:56+08:00 ] ::1 /RealHome/index.php/Home/Search/address.html?pid=1
INFO: [ app_begin ] --START--
INFO: Run Behavior\ReadHtmlCacheBehavior [ RunTime:0.002000s ]
INFO: [ app_begin ] --END-- [ RunTime:0.003000s ]
SQL: SHOW COLUMNS FROM `goodsimg` [ RunTime:0.0120s ]
SQL: SELECT `filename1` FROM `goodsimg` WHERE `face` = 0 LIMIT 4   [ RunTime:0.0010s ]
SQL: SHOW COLUMNS FROM `category` [ RunTime:0.0020s ]
SQL: SELECT * FROM `category` WHERE ( pid=1 )  [ RunTime:0.0000s ]

[ 2016-11-07T15:30:12+08:00 ] ::1 /RealHome/index.php/Home/Search/address.html?pid=3
INFO: [ app_begin ] --START--
INFO: Run Behavior\ReadHtmlCacheBehavior [ RunTime:0.001000s ]
INFO: [ app_begin ] --END-- [ RunTime:0.001000s ]
SQL: SHOW COLUMNS FROM `goodsimg` [ RunTime:0.0240s ]
SQL: SELECT `filename1` FROM `goodsimg` WHERE `face` = 0 LIMIT 4   [ RunTime:0.0010s ]
SQL: SHOW COLUMNS FROM `category` [ RunTime:0.0010s ]
SQL: SELECT * FROM `category` WHERE ( pid=3 )  [ RunTime:0.0140s ]

[ 2016-11-07T15:30:13+08:00 ] ::1 /RealHome/index.php/Home/Search/address.html
INFO: [ app_begin ] --START--
INFO: Run Behavior\ReadHtmlCacheBehavior [ RunTime:0.001000s ]
INFO: [ app_begin ] --END-- [ RunTime:0.002000s ]
SQL: SHOW COLUMNS FROM `goodsimg` [ RunTime:0.0010s ]
SQL: SELECT `filename1` FROM `goodsimg` WHERE `face` = 0 LIMIT 4   [ RunTime:0.0000s ]
SQL: SHOW COLUMNS FROM `category` [ RunTime:0.0010s ]
SQL: SELECT * FROM `category` WHERE ( pid=0 )  [ RunTime:0.0000s ]

[ 2016-11-07T15:30:13+08:00 ] ::1 /RealHome/index.php/Home/Search/address.html?pid=1
INFO: [ app_begin ] --START--
INFO: Run Behavior\ReadHtmlCacheBehavior [ RunTime:0.001000s ]
INFO: [ app_begin ] --END-- [ RunTime:0.002000s ]
SQL: SHOW COLUMNS FROM `goodsimg` [ RunTime:0.0040s ]
SQL: SELECT `filename1` FROM `goodsimg` WHERE `face` = 0 LIMIT 4   [ RunTime:0.0010s ]
SQL: SHOW COLUMNS FROM `category` [ RunTime:0.0010s ]
SQL: SELECT * FROM `category` WHERE ( pid=1 )  [ RunTime:0.0010s ]

[ 2016-11-07T15:30:22+08:00 ] ::1 /RealHome/index.php/Home/Orders/css/im.css
ERR: 非法操作:css

[ 2016-11-07T15:30:22+08:00 ] ::1 /RealHome/index.php/Home/Orders/js/staticbutton.js
ERR: 非法操作:js

[ 2016-11-07T15:30:23+08:00 ] ::1 /RealHome/index.php/Home/Orders/js/staticbutton.js
ERR: 非法操作:js

[ 2016-11-07T15:30:23+08:00 ] ::1 /RealHome/index.php/Home/Orders/css/im.css
ERR: 非法操作:css

[ 2016-11-07T15:30:42+08:00 ] ::1 /RealHome/index.php/Home/Search/address.html
INFO: [ app_begin ] --START--
INFO: Run Behavior\ReadHtmlCacheBehavior [ RunTime:0.000000s ]
INFO: [ app_begin ] --END-- [ RunTime:0.002000s ]
SQL: SHOW COLUMNS FROM `goodsimg` [ RunTime:0.0010s ]
SQL: SELECT `filename1` FROM `goodsimg` WHERE `face` = 0 LIMIT 4   [ RunTime:0.0000s ]
SQL: SHOW COLUMNS FROM `category` [ RunTime:0.0010s ]
SQL: SELECT * FROM `category` WHERE ( pid=0 )  [ RunTime:0.0010s ]

[ 2016-11-07T15:30:42+08:00 ] ::1 /RealHome/index.php/Home/Search/address.html?pid=1
INFO: [ app_begin ] --START--
INFO: Run Behavior\ReadHtmlCacheBehavior [ RunTime:0.014000s ]
INFO: [ app_begin ] --END-- [ RunTime:0.015000s ]
SQL: SHOW COLUMNS FROM `goodsimg` [ RunTime:0.0010s ]
SQL: SELECT `filename1` FROM `goodsimg` WHERE `face` = 0 LIMIT 4   [ RunTime:0.0010s ]
SQL: SHOW COLUMNS FROM `category` [ RunTime:0.0010s ]
SQL: SELECT * FROM `category` WHERE ( pid=1 )  [ RunTime:0.0010s ]

[ 2016-11-07T15:31:06+08:00 ] ::1 /RealHome/index.php/Home/Search/address.html
INFO: [ app_begin ] --START--
INFO: Run Behavior\ReadHtmlCacheBehavior [ RunTime:0.001000s ]
INFO: [ app_begin ] --END-- [ RunTime:0.002000s ]
SQL: SHOW COLUMNS FROM `goodsimg` [ RunTime:0.0010s ]
SQL: SELECT `filename1` FROM `goodsimg` WHERE `face` = 0 LIMIT 4   [ RunTime:0.0010s ]
SQL: SHOW COLUMNS FROM `category` [ RunTime:0.0000s ]
SQL: SELECT * FROM `category` WHERE ( pid=0 )  [ RunTime:0.0010s ]

[ 2016-11-07T15:31:06+08:00 ] ::1 /RealHome/index.php/Home/Search/address.html?pid=1
INFO: [ app_begin ] --START--
INFO: Run Behavior\ReadHtmlCacheBehavior [ RunTime:0.001000s ]
INFO: [ app_begin ] --END-- [ RunTime:0.003000s ]
SQL: SHOW COLUMNS FROM `goodsimg` [ RunTime:0.0020s ]
SQL: SELECT `filename1` FROM `goodsimg` WHERE `face` = 0 LIMIT 4   [ RunTime:0.0130s ]
SQL: SHOW COLUMNS FROM `category` [ RunTime:0.0020s ]
SQL: SELECT * FROM `category` WHERE ( pid=1 )  [ RunTime:0.0010s ]

[ 2016-11-07T15:31:08+08:00 ] ::1 /RealHome/index.php/Home/Search/address.html
INFO: [ app_begin ] --START--
INFO: Run Behavior\ReadHtmlCacheBehavior [ RunTime:0.001001s ]
INFO: [ app_begin ] --END-- [ RunTime:0.002001s ]
SQL: SHOW COLUMNS FROM `goodsimg` [ RunTime:0.0010s ]
SQL: SELECT `filename1` FROM `goodsimg` WHERE `face` = 0 LIMIT 4   [ RunTime:0.0010s ]
SQL: SHOW COLUMNS FROM `category` [ RunTime:0.0010s ]
SQL: SELECT * FROM `category` WHERE ( pid=0 )  [ RunTime:0.0000s ]

[ 2016-11-07T15:31:08+08:00 ] ::1 /RealHome/index.php/Home/Search/address.html?pid=1
INFO: [ app_begin ] --START--
INFO: Run Behavior\ReadHtmlCacheBehavior [ RunTime:0.001000s ]
INFO: [ app_begin ] --END-- [ RunTime:0.003000s ]
SQL: SHOW COLUMNS FROM `goodsimg` [ RunTime:0.0060s ]
SQL: SELECT `filename1` FROM `goodsimg` WHERE `face` = 0 LIMIT 4   [ RunTime:0.0010s ]
SQL: SHOW COLUMNS FROM `category` [ RunTime:0.0010s ]
SQL: SELECT * FROM `category` WHERE ( pid=1 )  [ RunTime:0.0010s ]

[ 2016-11-07T15:31:19+08:00 ] ::1 /RealHome/index.php/Home/Orders/css/im.css
ERR: 非法操作:css

[ 2016-11-07T15:31:19+08:00 ] ::1 /RealHome/index.php/Home/Orders/js/staticbutton.js
ERR: 非法操作:js

[ 2016-11-07T15:31:20+08:00 ] ::1 /RealHome/index.php/Home/Orders/css/im.css
ERR: 非法操作:css

[ 2016-11-07T15:31:20+08:00 ] ::1 /RealHome/index.php/Home/Orders/js/staticbutton.js
ERR: 非法操作:js

[ 2016-11-07T16:20:28+08:00 ] ::1 /RealHome/index.php/Home/Search/address.html
INFO: [ app_begin ] --START--
INFO: Run Behavior\ReadHtmlCacheBehavior [ RunTime:0.001000s ]
INFO: [ app_begin ] --END-- [ RunTime:0.002000s ]
SQL: SHOW COLUMNS FROM `goodsimg` [ RunTime:0.0170s ]
SQL: SELECT `filename1` FROM `goodsimg` WHERE `face` = 0 LIMIT 4   [ RunTime:0.0000s ]
SQL: SHOW COLUMNS FROM `category` [ RunTime:0.0010s ]
SQL: SELECT * FROM `category` WHERE ( pid=0 )  [ RunTime:0.0000s ]

[ 2016-11-07T16:20:28+08:00 ] ::1 /RealHome/index.php/Home/Search/address.html?pid=1
INFO: [ app_begin ] --START--
INFO: Run Behavior\ReadHtmlCacheBehavior [ RunTime:0.001000s ]
INFO: [ app_begin ] --END-- [ RunTime:0.002000s ]
SQL: SHOW COLUMNS FROM `goodsimg` [ RunTime:0.0190s ]
SQL: SELECT `filename1` FROM `goodsimg` WHERE `face` = 0 LIMIT 4   [ RunTime:0.0010s ]
SQL: SHOW COLUMNS FROM `category` [ RunTime:0.0060s ]
SQL: SELECT * FROM `category` WHERE ( pid=1 )  [ RunTime:0.0010s ]

[ 2016-11-07T16:20:33+08:00 ] ::1 /RealHome/index.php/Home/Search/address.html
INFO: [ app_begin ] --START--
INFO: Run Behavior\ReadHtmlCacheBehavior [ RunTime:0.001000s ]
INFO: [ app_begin ] --END-- [ RunTime:0.002000s ]
SQL: SHOW COLUMNS FROM `goodsimg` [ RunTime:0.0010s ]
SQL: SELECT `filename1` FROM `goodsimg` WHERE `face` = 0 LIMIT 4   [ RunTime:0.0010s ]
SQL: SHOW COLUMNS FROM `category` [ RunTime:0.0010s ]
SQL: SELECT * FROM `category` WHERE ( pid=0 )  [ RunTime:0.0010s ]

[ 2016-11-07T16:20:33+08:00 ] ::1 /RealHome/index.php/Home/Search/address.html?pid=1
INFO: [ app_begin ] --START--
INFO: Run Behavior\ReadHtmlCacheBehavior [ RunTime:0.001000s ]
INFO: [ app_begin ] --END-- [ RunTime:0.002000s ]
SQL: SHOW COLUMNS FROM `goodsimg` [ RunTime:0.0030s ]
SQL: SELECT `filename1` FROM `goodsimg` WHERE `face` = 0 LIMIT 4   [ RunTime:0.0010s ]
SQL: SHOW COLUMNS FROM `category` [ RunTime:0.0020s ]
SQL: SELECT * FROM `category` WHERE ( pid=1 )  [ RunTime:0.0330s ]

[ 2016-11-07T16:30:45+08:00 ] ::1 /RealHome/index.php/Home/Search/address.html
INFO: [ app_begin ] --START--
INFO: Run Behavior\ReadHtmlCacheBehavior [ RunTime:0.001000s ]
INFO: [ app_begin ] --END-- [ RunTime:0.001000s ]
SQL: SHOW COLUMNS FROM `goodsimg` [ RunTime:0.0010s ]
SQL: SELECT `filename1` FROM `goodsimg` WHERE `face` = 0 LIMIT 4   [ RunTime:0.0000s ]
SQL: SHOW COLUMNS FROM `category` [ RunTime:0.0010s ]
SQL: SELECT * FROM `category` WHERE ( pid=0 )  [ RunTime:0.0000s ]

[ 2016-11-07T16:30:45+08:00 ] ::1 /RealHome/index.php/Home/Search/address.html?pid=1
INFO: [ app_begin ] --START--
INFO: Run Behavior\ReadHtmlCacheBehavior [ RunTime:0.002000s ]
INFO: [ app_begin ] --END-- [ RunTime:0.003000s ]
SQL: SHOW COLUMNS FROM `goodsimg` [ RunTime:0.0060s ]
SQL: SELECT `filename1` FROM `goodsimg` WHERE `face` = 0 LIMIT 4   [ RunTime:0.0000s ]
SQL: SHOW COLUMNS FROM `category` [ RunTime:0.0010s ]
SQL: SELECT * FROM `category` WHERE ( pid=1 )  [ RunTime:0.0000s ]

[ 2016-11-07T16:50:09+08:00 ] ::1 /RealHome/index.php/Home/Search/address.html
INFO: [ app_begin ] --START--
INFO: Run Behavior\ReadHtmlCacheBehavior [ RunTime:0.000000s ]
INFO: [ app_begin ] --END-- [ RunTime:0.002000s ]
SQL: SHOW COLUMNS FROM `goodsimg` [ RunTime:0.0010s ]
SQL: SELECT `filename1` FROM `goodsimg` WHERE `face` = 0 LIMIT 4   [ RunTime:0.0010s ]
SQL: SHOW COLUMNS FROM `category` [ RunTime:0.0010s ]
SQL: SELECT * FROM `category` WHERE ( pid=0 )  [ RunTime:0.0000s ]

[ 2016-11-07T16:50:09+08:00 ] ::1 /RealHome/index.php/Home/Search/address.html?pid=1
INFO: [ app_begin ] --START--
INFO: Run Behavior\ReadHtmlCacheBehavior [ RunTime:0.003000s ]
INFO: [ app_begin ] --END-- [ RunTime:0.004000s ]
SQL: SHOW COLUMNS FROM `goodsimg` [ RunTime:0.0010s ]
SQL: SELECT `filename1` FROM `goodsimg` WHERE `face` = 0 LIMIT 4   [ RunTime:0.0010s ]
SQL: SHOW COLUMNS FROM `category` [ RunTime:0.0010s ]
SQL: SELECT * FROM `category` WHERE ( pid=1 )  [ RunTime:0.0000s ]

[ 2016-11-07T16:53:30+08:00 ] ::1 /RealHome/index.php/Home/Search/address.html
INFO: [ app_begin ] --START--
INFO: Run Behavior\ReadHtmlCacheBehavior [ RunTime:0.001000s ]
INFO: [ app_begin ] --END-- [ RunTime:0.001000s ]
SQL: SHOW COLUMNS FROM `goodsimg` [ RunTime:0.0010s ]
SQL: SELECT `filename1` FROM `goodsimg` WHERE `face` = 0 LIMIT 4   [ RunTime:0.0010s ]
SQL: SHOW COLUMNS FROM `category` [ RunTime:0.0150s ]
SQL: SELECT * FROM `category` WHERE ( pid=0 )  [ RunTime:0.0010s ]

[ 2016-11-07T16:53:30+08:00 ] ::1 /RealHome/index.php/Home/Search/address.html?pid=1
INFO: [ app_begin ] --START--
INFO: Run Behavior\ReadHtmlCacheBehavior [ RunTime:0.001000s ]
INFO: [ app_begin ] --END-- [ RunTime:0.002000s ]
SQL: SHOW COLUMNS FROM `goodsimg` [ RunTime:0.0010s ]
SQL: SELECT `filename1` FROM `goodsimg` WHERE `face` = 0 LIMIT 4   [ RunTime:0.0000s ]
SQL: SHOW COLUMNS FROM `category` [ RunTime:0.0010s ]
SQL: SELECT * FROM `category` WHERE ( pid=1 )  [ RunTime:0.0000s ]

[ 2016-11-07T16:53:43+08:00 ] ::1 /RealHome/index.php/Home/Search/address.html
INFO: [ app_begin ] --START--
INFO: Run Behavior\ReadHtmlCacheBehavior [ RunTime:0.001000s ]
INFO: [ app_begin ] --END-- [ RunTime:0.002000s ]
SQL: SHOW COLUMNS FROM `goodsimg` [ RunTime:0.0020s ]
SQL: SELECT `filename1` FROM `goodsimg` WHERE `face` = 0 LIMIT 4   [ RunTime:0.0000s ]
SQL: SHOW COLUMNS FROM `category` [ RunTime:0.0010s ]
SQL: SELECT * FROM `category` WHERE ( pid=0 )  [ RunTime:0.0000s ]

[ 2016-11-07T16:53:43+08:00 ] ::1 /RealHome/index.php/Home/Search/address.html?pid=1
INFO: [ app_begin ] --START--
INFO: Run Behavior\ReadHtmlCacheBehavior [ RunTime:0.001000s ]
INFO: [ app_begin ] --END-- [ RunTime:0.003000s ]
SQL: SHOW COLUMNS FROM `goodsimg` [ RunTime:0.0010s ]
SQL: SELECT `filename1` FROM `goodsimg` WHERE `face` = 0 LIMIT 4   [ RunTime:0.0000s ]
SQL: SHOW COLUMNS FROM `category` [ RunTime:0.0010s ]
SQL: SELECT * FROM `category` WHERE ( pid=1 )  [ RunTime:0.0010s ]

[ 2016-11-07T16:53:45+08:00 ] ::1 /RealHome/index.php/Home/Search/address.html
INFO: [ app_begin ] --START--
INFO: Run Behavior\ReadHtmlCacheBehavior [ RunTime:0.001000s ]
INFO: [ app_begin ] --END-- [ RunTime:0.002000s ]
SQL: SHOW COLUMNS FROM `goodsimg` [ RunTime:0.0010s ]
SQL: SELECT `filename1` FROM `goodsimg` WHERE `face` = 0 LIMIT 4   [ RunTime:0.0000s ]
SQL: SHOW COLUMNS FROM `category` [ RunTime:0.0010s ]
SQL: SELECT * FROM `category` WHERE ( pid=0 )  [ RunTime:0.0010s ]

[ 2016-11-07T16:53:45+08:00 ] ::1 /RealHome/index.php/Home/Search/address.html?pid=1
INFO: [ app_begin ] --START--
INFO: Run Behavior\ReadHtmlCacheBehavior [ RunTime:0.001001s ]
INFO: [ app_begin ] --END-- [ RunTime:0.002001s ]
SQL: SHOW COLUMNS FROM `goodsimg` [ RunTime:0.0010s ]
SQL: SELECT `filename1` FROM `goodsimg` WHERE `face` = 0 LIMIT 4   [ RunTime:0.0000s ]
SQL: SHOW COLUMNS FROM `category` [ RunTime:0.0010s ]
SQL: SELECT * FROM `category` WHERE ( pid=1 )  [ RunTime:0.0000s ]

[ 2016-11-07T16:54:56+08:00 ] ::1 /RealHome/index.php/Home/Search/address.html
INFO: [ app_begin ] --START--
INFO: Run Behavior\ReadHtmlCacheBehavior [ RunTime:0.001000s ]
INFO: [ app_begin ] --END-- [ RunTime:0.002000s ]
SQL: SHOW COLUMNS FROM `goodsimg` [ RunTime:0.0010s ]
SQL: SELECT `filename1` FROM `goodsimg` WHERE `face` = 0 LIMIT 4   [ RunTime:0.0010s ]
SQL: SHOW COLUMNS FROM `category` [ RunTime:0.0010s ]
SQL: SELECT * FROM `category` WHERE ( pid=0 )  [ RunTime:0.0000s ]

[ 2016-11-07T16:54:56+08:00 ] ::1 /RealHome/index.php/Home/Search/address.html?pid=1
INFO: [ app_begin ] --START--
INFO: Run Behavior\ReadHtmlCacheBehavior [ RunTime:0.001000s ]
INFO: [ app_begin ] --END-- [ RunTime:0.001000s ]
SQL: SHOW COLUMNS FROM `goodsimg` [ RunTime:0.0010s ]
SQL: SELECT `filename1` FROM `goodsimg` WHERE `face` = 0 LIMIT 4   [ RunTime:0.0010s ]
SQL: SHOW COLUMNS FROM `category` [ RunTime:0.0010s ]
SQL: SELECT * FROM `category` WHERE ( pid=1 )  [ RunTime:0.0000s ]

[ 2016-11-07T16:54:59+08:00 ] ::1 /RealHome/index.php/Home/Search/address.html
INFO: [ app_begin ] --START--
INFO: Run Behavior\ReadHtmlCacheBehavior [ RunTime:0.001000s ]
INFO: [ app_begin ] --END-- [ RunTime:0.002000s ]
SQL: SHOW COLUMNS FROM `goodsimg` [ RunTime:0.0010s ]
SQL: SELECT `filename1` FROM `goodsimg` WHERE `face` = 0 LIMIT 4   [ RunTime:0.0000s ]
SQL: SHOW COLUMNS FROM `category` [ RunTime:0.0010s ]
SQL: SELECT * FROM `category` WHERE ( pid=0 )  [ RunTime:0.0010s ]

[ 2016-11-07T16:54:59+08:00 ] ::1 /RealHome/index.php/Home/Search/address.html?pid=1
INFO: [ app_begin ] --START--
INFO: Run Behavior\ReadHtmlCacheBehavior [ RunTime:0.001001s ]
INFO: [ app_begin ] --END-- [ RunTime:0.002001s ]
SQL: SHOW COLUMNS FROM `goodsimg` [ RunTime:0.0020s ]
SQL: SELECT `filename1` FROM `goodsimg` WHERE `face` = 0 LIMIT 4   [ RunTime:0.0010s ]
SQL: SHOW COLUMNS FROM `category` [ RunTime:0.0010s ]
SQL: SELECT * FROM `category` WHERE ( pid=1 )  [ RunTime:0.0010s ]

[ 2016-11-07T16:55:11+08:00 ] ::1 /RealHome/index.php/Home/Orders/css/im.css
ERR: 非法操作:css

[ 2016-11-07T16:55:11+08:00 ] ::1 /RealHome/index.php/Home/Orders/js/staticbutton.js
ERR: 非法操作:js

[ 2016-11-07T16:55:11+08:00 ] ::1 /RealHome/index.php/Home/Orders/css/im.css
ERR: 非法操作:css

[ 2016-11-07T16:55:11+08:00 ] ::1 /RealHome/index.php/Home/Orders/js/staticbutton.js
ERR: 非法操作:js

[ 2016-11-07T16:55:40+08:00 ] ::1 /RealHome/index.php/Home/Search/address.html
INFO: [ app_begin ] --START--
INFO: Run Behavior\ReadHtmlCacheBehavior [ RunTime:0.001000s ]
INFO: [ app_begin ] --END-- [ RunTime:0.001000s ]
SQL: SHOW COLUMNS FROM `goodsimg` [ RunTime:0.0010s ]
SQL: SELECT `filename1` FROM `goodsimg` WHERE `face` = 0 LIMIT 4   [ RunTime:0.0000s ]
SQL: SHOW COLUMNS FROM `category` [ RunTime:0.0000s ]
SQL: SELECT * FROM `category` WHERE ( pid=0 )  [ RunTime:0.0010s ]

[ 2016-11-07T16:55:40+08:00 ] ::1 /RealHome/index.php/Home/Search/address.html?pid=1
INFO: [ app_begin ] --START--
INFO: Run Behavior\ReadHtmlCacheBehavior [ RunTime:0.001000s ]
INFO: [ app_begin ] --END-- [ RunTime:0.014001s ]
SQL: SHOW COLUMNS FROM `goodsimg` [ RunTime:0.0020s ]
SQL: SELECT `filename1` FROM `goodsimg` WHERE `face` = 0 LIMIT 4   [ RunTime:0.0000s ]
SQL: SHOW COLUMNS FROM `category` [ RunTime:0.0010s ]
SQL: SELECT * FROM `category` WHERE ( pid=1 )  [ RunTime:0.0010s ]

[ 2016-11-07T19:22:16+08:00 ] ::1 /RealHome/index.php/Home/Search/address.html
INFO: [ app_begin ] --START--
INFO: Run Behavior\ReadHtmlCacheBehavior [ RunTime:0.000000s ]
INFO: [ app_begin ] --END-- [ RunTime:0.002000s ]
SQL: SHOW COLUMNS FROM `goodsimg` [ RunTime:0.1330s ]
SQL: SELECT `filename1` FROM `goodsimg` WHERE `face` = 0 LIMIT 4   [ RunTime:0.0670s ]
SQL: SHOW COLUMNS FROM `category` [ RunTime:0.0720s ]
SQL: SELECT * FROM `category` WHERE ( pid=0 )  [ RunTime:0.0960s ]

[ 2016-11-07T19:22:17+08:00 ] ::1 /RealHome/index.php/Home/Search/address.html?pid=1
INFO: [ app_begin ] --START--
INFO: Run Behavior\ReadHtmlCacheBehavior [ RunTime:0.001000s ]
INFO: [ app_begin ] --END-- [ RunTime:0.003001s ]
SQL: SHOW COLUMNS FROM `goodsimg` [ RunTime:0.0570s ]
SQL: SELECT `filename1` FROM `goodsimg` WHERE `face` = 0 LIMIT 4   [ RunTime:0.0000s ]
SQL: SHOW COLUMNS FROM `category` [ RunTime:0.0910s ]
SQL: SELECT * FROM `category` WHERE ( pid=1 )  [ RunTime:0.1150s ]

[ 2016-11-07T19:22:51+08:00 ] ::1 /RealHome/index.php/Home/Search/address.html
INFO: [ app_begin ] --START--
INFO: Run Behavior\ReadHtmlCacheBehavior [ RunTime:0.002000s ]
INFO: [ app_begin ] --END-- [ RunTime:0.002000s ]
SQL: SHOW COLUMNS FROM `goodsimg` [ RunTime:0.0180s ]
SQL: SELECT `filename1` FROM `goodsimg` WHERE `face` = 0 LIMIT 4   [ RunTime:0.0190s ]
SQL: SHOW COLUMNS FROM `category` [ RunTime:0.0170s ]
SQL: SELECT * FROM `category` WHERE ( pid=0 )  [ RunTime:0.0000s ]

[ 2016-11-07T19:22:52+08:00 ] ::1 /RealHome/index.php/Home/Search/address.html?pid=1
INFO: [ app_begin ] --START--
INFO: Run Behavior\ReadHtmlCacheBehavior [ RunTime:0.001000s ]
INFO: [ app_begin ] --END-- [ RunTime:0.020001s ]
SQL: SHOW COLUMNS FROM `goodsimg` [ RunTime:0.0260s ]
SQL: SELECT `filename1` FROM `goodsimg` WHERE `face` = 0 LIMIT 4   [ RunTime:0.0010s ]
SQL: SHOW COLUMNS FROM `category` [ RunTime:0.0270s ]
SQL: SELECT * FROM `category` WHERE ( pid=1 )  [ RunTime:0.0130s ]

[ 2016-11-07T19:23:00+08:00 ] ::1 /RealHome/index.php/Home/Search/address.html
INFO: [ app_begin ] --START--
INFO: Run Behavior\ReadHtmlCacheBehavior [ RunTime:0.001000s ]
INFO: [ app_begin ] --END-- [ RunTime:0.002000s ]
SQL: SHOW COLUMNS FROM `goodsimg` [ RunTime:0.0520s ]
SQL: SELECT `filename1` FROM `goodsimg` WHERE `face` = 0 LIMIT 4   [ RunTime:0.0010s ]
SQL: SHOW COLUMNS FROM `category` [ RunTime:0.0440s ]
SQL: SELECT * FROM `category` WHERE ( pid=0 )  [ RunTime:0.0010s ]

[ 2016-11-07T19:23:01+08:00 ] ::1 /RealHome/index.php/Home/Search/address.html?pid=1
INFO: [ app_begin ] --START--
INFO: Run Behavior\ReadHtmlCacheBehavior [ RunTime:0.001000s ]
INFO: [ app_begin ] --END-- [ RunTime:0.013001s ]
SQL: SHOW COLUMNS FROM `goodsimg` [ RunTime:0.0290s ]
SQL: SELECT `filename1` FROM `goodsimg` WHERE `face` = 0 LIMIT 4   [ RunTime:0.0000s ]
SQL: SHOW COLUMNS FROM `category` [ RunTime:0.0010s ]
SQL: SELECT * FROM `category` WHERE ( pid=1 )  [ RunTime:0.0010s ]

[ 2016-11-07T19:55:34+08:00 ] ::1 /RealHome/index.php/Home/Orders/css/im.css
ERR: 非法操作:css

[ 2016-11-07T19:55:34+08:00 ] ::1 /RealHome/index.php/Home/Orders/js/staticbutton.js
ERR: 非法操作:js

[ 2016-11-07T19:55:34+08:00 ] ::1 /RealHome/index.php/Home/Orders/css/im.css
ERR: 非法操作:css

[ 2016-11-07T19:55:34+08:00 ] ::1 /RealHome/index.php/Home/Orders/js/staticbutton.js
ERR: 非法操作:js

[ 2016-11-07T20:02:39+08:00 ] ::1 /RealHome/index.php/Home/Search/address.html
INFO: [ app_begin ] --START--
INFO: Run Behavior\ReadHtmlCacheBehavior [ RunTime:0.001000s ]
INFO: [ app_begin ] --END-- [ RunTime:0.002000s ]
SQL: SHOW COLUMNS FROM `goodsimg` [ RunTime:0.0010s ]
SQL: SELECT `filename1` FROM `goodsimg` WHERE `face` = 0 LIMIT 4   [ RunTime:0.0000s ]
SQL: SHOW COLUMNS FROM `category` [ RunTime:0.0110s ]
SQL: SELECT * FROM `category` WHERE ( pid=0 )  [ RunTime:0.0000s ]

[ 2016-11-07T20:02:39+08:00 ] ::1 /RealHome/index.php/Home/Search/address.html?pid=1
INFO: [ app_begin ] --START--
INFO: Run Behavior\ReadHtmlCacheBehavior [ RunTime:0.001000s ]
INFO: [ app_begin ] --END-- [ RunTime:0.002000s ]
SQL: SHOW COLUMNS FROM `goodsimg` [ RunTime:0.0010s ]
SQL: SELECT `filename1` FROM `goodsimg` WHERE `face` = 0 LIMIT 4   [ RunTime:0.0010s ]
SQL: SHOW COLUMNS FROM `category` [ RunTime:0.0010s ]
SQL: SELECT * FROM `category` WHERE ( pid=1 )  [ RunTime:0.0010s ]

[ 2016-11-07T20:02:43+08:00 ] ::1 /RealHome/index.php/Home/Search/address.html
INFO: [ app_begin ] --START--
INFO: Run Behavior\ReadHtmlCacheBehavior [ RunTime:0.001000s ]
INFO: [ app_begin ] --END-- [ RunTime:0.001000s ]
SQL: SHOW COLUMNS FROM `goodsimg` [ RunTime:0.0010s ]
SQL: SELECT `filename1` FROM `goodsimg` WHERE `face` = 0 LIMIT 4   [ RunTime:0.0000s ]
SQL: SHOW COLUMNS FROM `category` [ RunTime:0.0000s ]
SQL: SELECT * FROM `category` WHERE ( pid=0 )  [ RunTime:0.0010s ]

[ 2016-11-07T20:02:43+08:00 ] ::1 /RealHome/index.php/Home/Search/address.html?pid=1
INFO: [ app_begin ] --START--
INFO: Run Behavior\ReadHtmlCacheBehavior [ RunTime:0.002000s ]
INFO: [ app_begin ] --END-- [ RunTime:0.003000s ]
SQL: SHOW COLUMNS FROM `goodsimg` [ RunTime:0.0310s ]
SQL: SELECT `filename1` FROM `goodsimg` WHERE `face` = 0 LIMIT 4   [ RunTime:0.0010s ]
SQL: SHOW COLUMNS FROM `category` [ RunTime:0.0020s ]
SQL: SELECT * FROM `category` WHERE ( pid=1 )  [ RunTime:0.0240s ]

[ 2016-11-07T20:36:15+08:00 ] ::1 /RealHome/index.php/Home/Search/address.html
INFO: [ app_begin ] --START--
INFO: Run Behavior\ReadHtmlCacheBehavior [ RunTime:0.001000s ]
INFO: [ app_begin ] --END-- [ RunTime:0.002000s ]
SQL: SHOW COLUMNS FROM `goodsimg` [ RunTime:0.0360s ]
SQL: SELECT `filename1` FROM `goodsimg` WHERE `face` = 0 LIMIT 4   [ RunTime:0.0000s ]
SQL: SHOW COLUMNS FROM `category` [ RunTime:0.0000s ]
SQL: SELECT * FROM `category` WHERE ( pid=0 )  [ RunTime:0.0160s ]

[ 2016-11-07T20:36:15+08:00 ] ::1 /RealHome/index.php/Home/Search/address.html?pid=1
INFO: [ app_begin ] --START--
INFO: Run Behavior\ReadHtmlCacheBehavior [ RunTime:0.001000s ]
INFO: [ app_begin ] --END-- [ RunTime:0.001000s ]
SQL: SHOW COLUMNS FROM `goodsimg` [ RunTime:0.0200s ]
SQL: SELECT `filename1` FROM `goodsimg` WHERE `face` = 0 LIMIT 4   [ RunTime:0.0010s ]
SQL: SHOW COLUMNS FROM `category` [ RunTime:0.0030s ]
SQL: SELECT * FROM `category` WHERE ( pid=1 )  [ RunTime:0.0000s ]

[ 2016-11-07T20:47:17+08:00 ] ::1 /RealHome/index.php/Home/Search/address.html
INFO: [ app_begin ] --START--
INFO: Run Behavior\ReadHtmlCacheBehavior [ RunTime:0.001000s ]
INFO: [ app_begin ] --END-- [ RunTime:0.002001s ]
SQL: SHOW COLUMNS FROM `goodsimg` [ RunTime:0.0160s ]
SQL: SELECT `filename1` FROM `goodsimg` WHERE `face` = 0 LIMIT 4   [ RunTime:0.0000s ]
SQL: SHOW COLUMNS FROM `category` [ RunTime:0.0010s ]
SQL: SELECT * FROM `category` WHERE ( pid=0 )  [ RunTime:0.0000s ]

[ 2016-11-07T20:47:17+08:00 ] ::1 /RealHome/index.php/Home/Search/address.html?pid=1
INFO: [ app_begin ] --START--
INFO: Run Behavior\ReadHtmlCacheBehavior [ RunTime:0.001000s ]
INFO: [ app_begin ] --END-- [ RunTime:0.002000s ]
SQL: SHOW COLUMNS FROM `goodsimg` [ RunTime:0.0160s ]
SQL: SELECT `filename1` FROM `goodsimg` WHERE `face` = 0 LIMIT 4   [ RunTime:0.0010s ]
SQL: SHOW COLUMNS FROM `category` [ RunTime:0.0020s ]
SQL: SELECT * FROM `category` WHERE ( pid=1 )  [ RunTime:0.0000s ]

[ 2016-11-07T20:47:59+08:00 ] ::1 /RealHome/index.php/Home/Search/address.html
INFO: [ app_begin ] --START--
INFO: Run Behavior\ReadHtmlCacheBehavior [ RunTime:0.001000s ]
INFO: [ app_begin ] --END-- [ RunTime:0.001000s ]
SQL: SHOW COLUMNS FROM `goodsimg` [ RunTime:0.0130s ]
SQL: SELECT `filename1` FROM `goodsimg` WHERE `face` = 0 LIMIT 4   [ RunTime:0.0010s ]
SQL: SHOW COLUMNS FROM `category` [ RunTime:0.0010s ]
SQL: SELECT * FROM `category` WHERE ( pid=0 )  [ RunTime:0.0000s ]

[ 2016-11-07T20:47:59+08:00 ] ::1 /RealHome/index.php/Home/Search/address.html?pid=1
INFO: [ app_begin ] --START--
INFO: Run Behavior\ReadHtmlCacheBehavior [ RunTime:0.001001s ]
INFO: [ app_begin ] --END-- [ RunTime:0.002001s ]
SQL: SHOW COLUMNS FROM `goodsimg` [ RunTime:0.0150s ]
SQL: SELECT `filename1` FROM `goodsimg` WHERE `face` = 0 LIMIT 4   [ RunTime:0.0000s ]
SQL: SHOW COLUMNS FROM `category` [ RunTime:0.0010s ]
SQL: SELECT * FROM `category` WHERE ( pid=1 )  [ RunTime:0.0000s ]

[ 2016-11-07T21:02:41+08:00 ] ::1 /RealHome/index.php/Home/Display/index/id/1.html
ERR: Think\Model:filed方法不存在！

[ 2016-11-07T21:02:54+08:00 ] ::1 /RealHome/index.php/Home/Display/index/id/1.html
ERR: SQLSTATE[42000]: Syntax error or access violation: 1064 You have an error in your SQL syntax; check the manual that corresponds to your MySQL server version for the right syntax to use near 'y.nickname FROM comment c WHERE ( c.gid =1 and y.id = )' at line 1

[ 2016-11-07T21:03:57+08:00 ] ::1 /RealHome/index.php/Home/Display/index/id/1.html
ERR: SQLSTATE[42000]: Syntax error or access violation: 1064 You have an error in your SQL syntax; check the manual that corresponds to your MySQL server version for the right syntax to use near ')' at line 1

[ 2016-11-07T21:07:11+08:00 ] ::1 /RealHome/index.php/Home/Display/index/id/1.html
ERR: SQLSTATE[42000]: Syntax error or access violation: 1064 You have an error in your SQL syntax; check the manual that corresponds to your MySQL server version for the right syntax to use near ')' at line 1

[ 2016-11-07T21:07:48+08:00 ] ::1 /RealHome/index.php/Home/Display/index/id/1.html
ERR: SQLSTATE[42000]: Syntax error or access violation: 1064 You have an error in your SQL syntax; check the manual that corresponds to your MySQL server version for the right syntax to use near ')' at line 1

[ 2016-11-07T21:09:20+08:00 ] ::1 /RealHome/index.php/Home/Display/index/id/1.html
ERR: SQLSTATE[42S22]: Column not found: 1054 Unknown column 'y.nickname' in 'field list'

[ 2016-11-07T21:10:22+08:00 ] ::1 /RealHome/index.php/Home/Display/index/id/1.html
ERR: SQLSTATE[42S22]: Column not found: 1054 Unknown column 'y.nickname' in 'field list'

[ 2016-11-07T21:10:33+08:00 ] ::1 /RealHome/index.php/Home/Display/index/id/1.html
ERR: SQLSTATE[42S22]: Column not found: 1054 Unknown column 'y.nickname' in 'field list'

[ 2016-11-07T21:11:01+08:00 ] ::1 /RealHome/index.php/Home/Display/index/id/1.html
ERR: SQLSTATE[42S02]: Base table or view not found: 1051 Unknown table 'y'

[ 2016-11-07T21:11:31+08:00 ] ::1 /RealHome/index.php/Home/Display/index/id/1.html
ERR: SQLSTATE[42S02]: Base table or view not found: 1051 Unknown table 'y'

[ 2016-11-07T21:11:43+08:00 ] ::1 /RealHome/index.php/Home/Display/index/id/1.html
ERR: SQLSTATE[42S02]: Base table or view not found: 1051 Unknown table 'u'

[ 2016-11-07T21:12:14+08:00 ] ::1 /RealHome/index.php/Home/Display/index/id/1.html
ERR: SQLSTATE[42S22]: Column not found: 1054 Unknown column 'y.id' in 'where clause'

[ 2016-11-07T21:12:32+08:00 ] ::1 /RealHome/index.php/Home/Display/index/id/css/flexslider.css
ERR: SQLSTATE[42S22]: Column not found: 1054 Unknown column 'css' in 'where clause'

[ 2016-11-07T21:12:32+08:00 ] ::1 /RealHome/index.php/Home/Display/index/id/js/jquery.flexslider.js
ERR: SQLSTATE[42S22]: Column not found: 1054 Unknown column 'js' in 'where clause'

[ 2016-11-07T21:12:32+08:00 ] ::1 /RealHome/index.php/Home/Display/index/id/css/flexslider.css
ERR: SQLSTATE[42S22]: Column not found: 1054 Unknown column 'css' in 'where clause'

[ 2016-11-07T21:15:39+08:00 ] ::1 /RealHome/index.php/Home/Display/index/id/js/jquery.flexslider.js
ERR: SQLSTATE[42S22]: Column not found: 1054 Unknown column 'js' in 'where clause'

[ 2016-11-07T21:15:39+08:00 ] ::1 /RealHome/index.php/Home/Display/index/id/css/flexslider.css
ERR: SQLSTATE[42S22]: Column not found: 1054 Unknown column 'css' in 'where clause'

[ 2016-11-07T21:21:15+08:00 ] ::1 /RealHome/index.php/Home/Display/index/id/js/jquery.flexslider.js
ERR: SQLSTATE[42S22]: Column not found: 1054 Unknown column 'js' in 'where clause'

[ 2016-11-07T21:21:15+08:00 ] ::1 /RealHome/index.php/Home/Display/index/id/css/flexslider.css
ERR: SQLSTATE[42S22]: Column not found: 1054 Unknown column 'css' in 'where clause'

[ 2016-11-07T21:28:28+08:00 ] ::1 /RealHome/index.php/Home/Display/index/id/js/jquery.flexslider.js
ERR: SQLSTATE[42S22]: Column not found: 1054 Unknown column 'js' in 'where clause'

[ 2016-11-07T21:28:28+08:00 ] ::1 /RealHome/index.php/Home/Display/index/id/css/flexslider.css
ERR: SQLSTATE[42S22]: Column not found: 1054 Unknown column 'css' in 'where clause'

[ 2016-11-07T21:29:37+08:00 ] ::1 /RealHome/index.php/Home/Display/index/id/css/flexslider.css
ERR: SQLSTATE[42S22]: Column not found: 1054 Unknown column 'css' in 'where clause'

[ 2016-11-07T21:29:38+08:00 ] ::1 /RealHome/index.php/Home/Display/index/id/js/jquery.flexslider.js
ERR: SQLSTATE[42S22]: Column not found: 1054 Unknown column 'js' in 'where clause'

[ 2016-11-07T21:29:49+08:00 ] ::1 /RealHome/index.php/Home/Display/index/id/css/flexslider.css
ERR: SQLSTATE[42S22]: Column not found: 1054 Unknown column 'css' in 'where clause'

[ 2016-11-07T21:29:49+08:00 ] ::1 /RealHome/index.php/Home/Display/index/id/js/jquery.flexslider.js
ERR: SQLSTATE[42S22]: Column not found: 1054 Unknown column 'js' in 'where clause'

[ 2016-11-07T21:29:49+08:00 ] ::1 /RealHome/index.php/Home/Display/index/id/css/flexslider.css
ERR: SQLSTATE[42S22]: Column not found: 1054 Unknown column 'css' in 'where clause'

[ 2016-11-07T21:30:41+08:00 ] ::1 /RealHome/index.php/Home/Display/index/id/css/flexslider.css
ERR: SQLSTATE[42S22]: Column not found: 1054 Unknown column 'css' in 'where clause'

[ 2016-11-07T21:30:42+08:00 ] ::1 /RealHome/index.php/Home/Display/index/id/js/jquery.flexslider.js
ERR: SQLSTATE[42S22]: Column not found: 1054 Unknown column 'js' in 'where clause'

[ 2016-11-07T21:30:42+08:00 ] ::1 /RealHome/index.php/Home/Display/index/id/css/flexslider.css
ERR: SQLSTATE[42S22]: Column not found: 1054 Unknown column 'css' in 'where clause'

[ 2016-11-07T21:31:47+08:00 ] ::1 /RealHome/index.php/Home/Display/index/id/css/flexslider.css
ERR: SQLSTATE[42S22]: Column not found: 1054 Unknown column 'css' in 'where clause'

[ 2016-11-07T21:31:47+08:00 ] ::1 /RealHome/index.php/Home/Display/index/id/js/jquery.flexslider.js
ERR: SQLSTATE[42S22]: Column not found: 1054 Unknown column 'js' in 'where clause'

[ 2016-11-07T21:31:47+08:00 ] ::1 /RealHome/index.php/Home/Display/index/id/css/flexslider.css
ERR: SQLSTATE[42S22]: Column not found: 1054 Unknown column 'css' in 'where clause'

[ 2016-11-07T21:34:30+08:00 ] ::1 /RealHome/index.php/Home/Display/index/id/css/flexslider.css
ERR: SQLSTATE[42S22]: Column not found: 1054 Unknown column 'css' in 'where clause'

[ 2016-11-07T21:34:30+08:00 ] ::1 /RealHome/index.php/Home/Display/index/id/js/jquery.flexslider.js
ERR: SQLSTATE[42S22]: Column not found: 1054 Unknown column 'js' in 'where clause'

[ 2016-11-07T21:34:30+08:00 ] ::1 /RealHome/index.php/Home/Display/index/id/css/flexslider.css
ERR: SQLSTATE[42S22]: Column not found: 1054 Unknown column 'css' in 'where clause'

[ 2016-11-07T21:35:14+08:00 ] ::1 /RealHome/index.php/Home/Display/index/id/css/flexslider.css
ERR: SQLSTATE[42S22]: Column not found: 1054 Unknown column 'css' in 'where clause'

[ 2016-11-07T21:35:14+08:00 ] ::1 /RealHome/index.php/Home/Display/index/id/js/jquery.flexslider.js
ERR: SQLSTATE[42S22]: Column not found: 1054 Unknown column 'js' in 'where clause'

[ 2016-11-07T21:35:14+08:00 ] ::1 /RealHome/index.php/Home/Display/index/id/css/flexslider.css
ERR: SQLSTATE[42S22]: Column not found: 1054 Unknown column 'css' in 'where clause'

[ 2016-11-07T21:39:10+08:00 ] ::1 /RealHome/index.php/Home/Display/index/id/css/flexslider.css
ERR: SQLSTATE[42S22]: Column not found: 1054 Unknown column 'css' in 'where clause'

[ 2016-11-07T21:39:10+08:00 ] ::1 /RealHome/index.php/Home/Display/index/id/js/jquery.flexslider.js
ERR: SQLSTATE[42S22]: Column not found: 1054 Unknown column 'js' in 'where clause'

[ 2016-11-07T21:39:10+08:00 ] ::1 /RealHome/index.php/Home/Display/index/id/css/flexslider.css
ERR: SQLSTATE[42S22]: Column not found: 1054 Unknown column 'css' in 'where clause'

[ 2016-11-07T21:39:27+08:00 ] ::1 /RealHome/index.php/Home/Display/index/id/css/flexslider.css
ERR: SQLSTATE[42S22]: Column not found: 1054 Unknown column 'css' in 'where clause'

[ 2016-11-07T21:39:27+08:00 ] ::1 /RealHome/index.php/Home/Display/index/id/js/jquery.flexslider.js
ERR: SQLSTATE[42S22]: Column not found: 1054 Unknown column 'js' in 'where clause'

[ 2016-11-07T21:40:35+08:00 ] ::1 /RealHome/index.php/Home/Display/index/id/js/jquery.flexslider.js
ERR: SQLSTATE[42S22]: Column not found: 1054 Unknown column 'js' in 'where clause'

[ 2016-11-07T21:40:35+08:00 ] ::1 /RealHome/index.php/Home/Display/index/id/css/flexslider.css
ERR: SQLSTATE[42S22]: Column not found: 1054 Unknown column 'css' in 'where clause'

[ 2016-11-07T21:42:57+08:00 ] ::1 /RealHome/index.php/Home/Search/address.html
INFO: [ app_begin ] --START--
INFO: Run Behavior\ReadHtmlCacheBehavior [ RunTime:0.001000s ]
INFO: [ app_begin ] --END-- [ RunTime:0.001000s ]
SQL: SHOW COLUMNS FROM `goodsimg` [ RunTime:0.0190s ]
SQL: SELECT `filename1` FROM `goodsimg` WHERE `face` = 0 LIMIT 4   [ RunTime:0.0000s ]
SQL: SHOW COLUMNS FROM `category` [ RunTime:0.0010s ]
SQL: SELECT * FROM `category` WHERE ( pid=0 )  [ RunTime:0.0120s ]

[ 2016-11-07T21:42:57+08:00 ] ::1 /RealHome/index.php/Home/Search/address.html?pid=1
INFO: [ app_begin ] --START--
INFO: Run Behavior\ReadHtmlCacheBehavior [ RunTime:0.001000s ]
INFO: [ app_begin ] --END-- [ RunTime:0.002000s ]
SQL: SHOW COLUMNS FROM `goodsimg` [ RunTime:0.0020s ]
SQL: SELECT `filename1` FROM `goodsimg` WHERE `face` = 0 LIMIT 4   [ RunTime:0.0010s ]
SQL: SHOW COLUMNS FROM `category` [ RunTime:0.0010s ]
SQL: SELECT * FROM `category` WHERE ( pid=1 )  [ RunTime:0.0010s ]

[ 2016-11-07T21:57:05+08:00 ] ::1 /RealHome/index.php/Home/Personal/seepwd.html
INFO: [ app_begin ] --START--
INFO: Run Behavior\ReadHtmlCacheBehavior [ RunTime:0.001000s ]
INFO: [ app_begin ] --END-- [ RunTime:0.002000s ]
INFO: [ app_end ] --START--
INFO: Run Behavior\ShowPageTraceBehavior [ RunTime:0.002000s ]
INFO: [ app_end ] --END-- [ RunTime:0.002000s ]

[ 2016-11-07T22:07:00+08:00 ] ::1 /RealHome/index.php/Home/Search/address.html
INFO: [ app_begin ] --START--
INFO: Run Behavior\ReadHtmlCacheBehavior [ RunTime:0.001001s ]
INFO: [ app_begin ] --END-- [ RunTime:0.001001s ]
SQL: SHOW COLUMNS FROM `goodsimg` [ RunTime:0.0180s ]
SQL: SELECT `filename1` FROM `goodsimg` WHERE `face` = 0 LIMIT 4   [ RunTime:0.0000s ]
SQL: SHOW COLUMNS FROM `category` [ RunTime:0.0010s ]
SQL: SELECT * FROM `category` WHERE ( pid=0 )  [ RunTime:0.0000s ]

[ 2016-11-07T22:07:00+08:00 ] ::1 /RealHome/index.php/Home/Search/address.html?pid=1
INFO: [ app_begin ] --START--
INFO: Run Behavior\ReadHtmlCacheBehavior [ RunTime:0.001000s ]
INFO: [ app_begin ] --END-- [ RunTime:0.002000s ]
SQL: SHOW COLUMNS FROM `goodsimg` [ RunTime:0.0010s ]
SQL: SELECT `filename1` FROM `goodsimg` WHERE `face` = 0 LIMIT 4   [ RunTime:0.0000s ]
SQL: SHOW COLUMNS FROM `category` [ RunTime:0.0010s ]
SQL: SELECT * FROM `category` WHERE ( pid=1 )  [ RunTime:0.0130s ]

[ 2016-11-07T22:21:47+08:00 ] ::1 /RealHome/index.php/Home/Like/doadd/uid/8.html
ERR: SQLSTATE[42000]: Syntax error or access violation: 1064 You have an error in your SQL syntax; check the manual that corresponds to your MySQL server version for the right syntax to use near ')' at line 1

[ 2016-11-07T22:24:53+08:00 ] ::1 /RealHome/index.php/Home/Like/doadd/uid/8.html
ERR: SQLSTATE[42000]: Syntax error or access violation: 1064 You have an error in your SQL syntax; check the manual that corresponds to your MySQL server version for the right syntax to use near ')' at line 1

[ 2016-11-07T22:25:12+08:00 ] ::1 /RealHome/index.php/Home/Like/doadd/uid/8.html
ERR: SQLSTATE[42000]: Syntax error or access violation: 1064 You have an error in your SQL syntax; check the manual that corresponds to your MySQL server version for the right syntax to use near ')' at line 1

[ 2016-11-07T22:25:18+08:00 ] ::1 /RealHome/index.php/Home/PersonOrders/comment/id/45.html
ERR: 模板不存在:./Application/Home/View/PersonOrders/comment.html

[ 2016-11-07T22:27:14+08:00 ] ::1 /RealHome/index.php/Home/Search/address.html
INFO: [ app_begin ] --START--
INFO: Run Behavior\ReadHtmlCacheBehavior [ RunTime:0.001000s ]
INFO: [ app_begin ] --END-- [ RunTime:0.003000s ]
SQL: SHOW COLUMNS FROM `goodsimg` [ RunTime:0.0010s ]
SQL: SELECT `filename1` FROM `goodsimg` WHERE `face` = 0 LIMIT 4   [ RunTime:0.0000s ]
SQL: SHOW COLUMNS FROM `category` [ RunTime:0.0000s ]
SQL: SELECT * FROM `category` WHERE ( pid=0 )  [ RunTime:0.0000s ]

[ 2016-11-07T22:27:14+08:00 ] ::1 /RealHome/index.php/Home/Search/address.html?pid=1
INFO: [ app_begin ] --START--
INFO: Run Behavior\ReadHtmlCacheBehavior [ RunTime:0.002000s ]
INFO: [ app_begin ] --END-- [ RunTime:0.003000s ]
SQL: SHOW COLUMNS FROM `goodsimg` [ RunTime:0.0030s ]
SQL: SELECT `filename1` FROM `goodsimg` WHERE `face` = 0 LIMIT 4   [ RunTime:0.0010s ]
SQL: SHOW COLUMNS FROM `category` [ RunTime:0.0010s ]
SQL: SELECT * FROM `category` WHERE ( pid=1 )  [ RunTime:0.0010s ]

[ 2016-11-07T22:27:18+08:00 ] ::1 /RealHome/index.php/Home/Search/address.html
INFO: [ app_begin ] --START--
INFO: Run Behavior\ReadHtmlCacheBehavior [ RunTime:0.001000s ]
INFO: [ app_begin ] --END-- [ RunTime:0.002000s ]
SQL: SHOW COLUMNS FROM `goodsimg` [ RunTime:0.0010s ]
SQL: SELECT `filename1` FROM `goodsimg` WHERE `face` = 0 LIMIT 4   [ RunTime:0.0010s ]
SQL: SHOW COLUMNS FROM `category` [ RunTime:0.0010s ]
SQL: SELECT * FROM `category` WHERE ( pid=0 )  [ RunTime:0.0000s ]

[ 2016-11-07T22:27:18+08:00 ] ::1 /RealHome/index.php/Home/Search/address.html?pid=1
INFO: [ app_begin ] --START--
INFO: Run Behavior\ReadHtmlCacheBehavior [ RunTime:0.001000s ]
INFO: [ app_begin ] --END-- [ RunTime:0.002000s ]
SQL: SHOW COLUMNS FROM `goodsimg` [ RunTime:0.0010s ]
SQL: SELECT `filename1` FROM `goodsimg` WHERE `face` = 0 LIMIT 4   [ RunTime:0.0000s ]
SQL: SHOW COLUMNS FROM `category` [ RunTime:0.0010s ]
SQL: SELECT * FROM `category` WHERE ( pid=1 )  [ RunTime:0.0000s ]

[ 2016-11-07T22:32:44+08:00 ] ::1 /RealHome/index.php/Home/Search/address.html
INFO: [ app_begin ] --START--
INFO: Run Behavior\ReadHtmlCacheBehavior [ RunTime:0.001000s ]
INFO: [ app_begin ] --END-- [ RunTime:0.001000s ]
SQL: SHOW COLUMNS FROM `goodsimg` [ RunTime:0.0010s ]
SQL: SELECT `filename1` FROM `goodsimg` WHERE `face` = 0 LIMIT 4   [ RunTime:0.0000s ]
SQL: SHOW COLUMNS FROM `category` [ RunTime:0.0010s ]
SQL: SELECT * FROM `category` WHERE ( pid=0 )  [ RunTime:0.0010s ]

[ 2016-11-07T22:32:44+08:00 ] ::1 /RealHome/index.php/Home/Search/address.html?pid=1
INFO: [ app_begin ] --START--
INFO: Run Behavior\ReadHtmlCacheBehavior [ RunTime:0.001000s ]
INFO: [ app_begin ] --END-- [ RunTime:0.002000s ]
SQL: SHOW COLUMNS FROM `goodsimg` [ RunTime:0.0010s ]
SQL: SELECT `filename1` FROM `goodsimg` WHERE `face` = 0 LIMIT 4   [ RunTime:0.0000s ]
SQL: SHOW COLUMNS FROM `category` [ RunTime:0.0000s ]
SQL: SELECT * FROM `category` WHERE ( pid=1 )  [ RunTime:0.0010s ]

[ 2016-11-07T22:54:54+08:00 ] ::1 /RealHome/index.php/Home/PersonOrders/comment/id/45.html
ERR: 模板不存在:./Application/Home/View/PersonOrders/comment.html

[ 2016-11-07T22:55:03+08:00 ] ::1 /RealHome/index.php/Home/Search/address.html
INFO: [ app_begin ] --START--
INFO: Run Behavior\ReadHtmlCacheBehavior [ RunTime:0.001000s ]
INFO: [ app_begin ] --END-- [ RunTime:0.002000s ]
SQL: SHOW COLUMNS FROM `goodsimg` [ RunTime:0.0010s ]
SQL: SELECT `filename1` FROM `goodsimg` WHERE `face` = 0 LIMIT 4   [ RunTime:0.0010s ]
SQL: SHOW COLUMNS FROM `category` [ RunTime:0.0010s ]
SQL: SELECT * FROM `category` WHERE ( pid=0 )  [ RunTime:0.0000s ]

[ 2016-11-07T22:55:03+08:00 ] ::1 /RealHome/index.php/Home/Search/address.html?pid=1
INFO: [ app_begin ] --START--
INFO: Run Behavior\ReadHtmlCacheBehavior [ RunTime:0.001000s ]
INFO: [ app_begin ] --END-- [ RunTime:0.002000s ]
SQL: SHOW COLUMNS FROM `goodsimg` [ RunTime:0.0010s ]
SQL: SELECT `filename1` FROM `goodsimg` WHERE `face` = 0 LIMIT 4   [ RunTime:0.0010s ]
SQL: SHOW COLUMNS FROM `category` [ RunTime:0.0020s ]
SQL: SELECT * FROM `category` WHERE ( pid=1 )  [ RunTime:0.0020s ]

[ 2016-11-07T23:43:52+08:00 ] ::1 /RealHome/index.php/Home/Search/address.html
INFO: [ app_begin ] --START--
INFO: Run Behavior\ReadHtmlCacheBehavior [ RunTime:0.001000s ]
INFO: [ app_begin ] --END-- [ RunTime:0.001000s ]
SQL: SHOW COLUMNS FROM `goodsimg` [ RunTime:0.0510s ]
SQL: SELECT `filename1` FROM `goodsimg` WHERE `face` = 0 LIMIT 4   [ RunTime:0.0010s ]
SQL: SHOW COLUMNS FROM `category` [ RunTime:0.0820s ]
SQL: SELECT * FROM `category` WHERE ( pid=0 )  [ RunTime:0.0780s ]

[ 2016-11-07T23:43:53+08:00 ] ::1 /RealHome/index.php/Home/Search/address.html?pid=1
INFO: [ app_begin ] --START--
INFO: Run Behavior\ReadHtmlCacheBehavior [ RunTime:0.002001s ]
INFO: [ app_begin ] --END-- [ RunTime:0.002001s ]
SQL: SHOW COLUMNS FROM `goodsimg` [ RunTime:0.0770s ]
SQL: SELECT `filename1` FROM `goodsimg` WHERE `face` = 0 LIMIT 4   [ RunTime:0.0010s ]
SQL: SHOW COLUMNS FROM `category` [ RunTime:0.1610s ]
SQL: SELECT * FROM `category` WHERE ( pid=1 )  [ RunTime:0.0980s ]

[ 2016-11-07T23:44:10+08:00 ] ::1 /RealHome/index.php/Home/Search/address.html
INFO: [ app_begin ] --START--
INFO: Run Behavior\ReadHtmlCacheBehavior [ RunTime:0.001000s ]
INFO: [ app_begin ] --END-- [ RunTime:0.002000s ]
SQL: SHOW COLUMNS FROM `goodsimg` [ RunTime:0.0100s ]
SQL: SELECT `filename1` FROM `goodsimg` WHERE `face` = 0 LIMIT 4   [ RunTime:0.0010s ]
SQL: SHOW COLUMNS FROM `category` [ RunTime:0.0370s ]
SQL: SELECT * FROM `category` WHERE ( pid=0 )  [ RunTime:0.0180s ]

[ 2016-11-07T23:44:11+08:00 ] ::1 /RealHome/index.php/Home/Search/address.html?pid=1
INFO: [ app_begin ] --START--
INFO: Run Behavior\ReadHtmlCacheBehavior [ RunTime:0.001000s ]
INFO: [ app_begin ] --END-- [ RunTime:0.002000s ]
SQL: SHOW COLUMNS FROM `goodsimg` [ RunTime:0.3300s ]
SQL: SELECT `filename1` FROM `goodsimg` WHERE `face` = 0 LIMIT 4   [ RunTime:0.0000s ]
SQL: SHOW COLUMNS FROM `category` [ RunTime:0.0970s ]
SQL: SELECT * FROM `category` WHERE ( pid=1 )  [ RunTime:0.0330s ]

[ 2016-11-07T23:44:15+08:00 ] ::1 /RealHome/index.php/Home/Display/index/id/js/jquery.flexslider.js
ERR: SQLSTATE[42S22]: Column not found: 1054 Unknown column 'js' in 'where clause'

[ 2016-11-07T23:44:16+08:00 ] ::1 /RealHome/index.php/Home/Display/index/id/css/flexslider.css
ERR: SQLSTATE[42S22]: Column not found: 1054 Unknown column 'css' in 'where clause'

