[ 2017-06-01T10:55:46+08:00 ] ::1 /hizhu/admin.php
INFO: [ app_init ] --START--
INFO: Run Behavior\BuildLiteBehavior [ RunTime:0.000000s ]
INFO: [ app_init ] --END-- [ RunTime:0.003000s ]
INFO: [ app_begin ] --START--
INFO: Run Behavior\ReadHtmlCacheBehavior [ RunTime:0.001000s ]
INFO: [ app_begin ] --END-- [ RunTime:0.002000s ]
INFO: [ view_parse ] --START--
INFO: [ template_filter ] --START--
INFO: Run Behavior\ContentReplaceBehavior [ RunTime:0.000000s ]
INFO: [ template_filter ] --END-- [ RunTime:0.000000s ]
INFO: Run Behavior\ParseTemplateBehavior [ RunTime:0.010000s ]
INFO: [ view_parse ] --END-- [ RunTime:0.010000s ]
INFO: [ view_filter ] --START--
INFO: Run Behavior\WriteHtmlCacheBehavior [ RunTime:0.001000s ]
INFO: [ view_filter ] --END-- [ RunTime:0.001000s ]
INFO: [ app_end ] --START--
INFO: Run Behavior\ShowPageTraceBehavior [ RunTime:0.001000s ]
INFO: [ app_end ] --END-- [ RunTime:0.002000s ]

[ 2017-06-01T10:55:46+08:00 ] ::1 /hizhu/admin.php/Index/verufy.html
INFO: [ app_init ] --START--
INFO: Run Behavior\BuildLiteBehavior [ RunTime:0.000000s ]
INFO: [ app_init ] --END-- [ RunTime:0.001000s ]
INFO: [ app_begin ] --START--
INFO: Run Behavior\ReadHtmlCacheBehavior [ RunTime:0.001000s ]
INFO: [ app_begin ] --END-- [ RunTime:0.001000s ]
INFO: [ app_end ] --START--
INFO: Run Behavior\ShowPageTraceBehavior [ RunTime:0.000000s ]
INFO: [ app_end ] --END-- [ RunTime:0.001000s ]

[ 2017-06-01T10:55:47+08:00 ] ::1 /hizhu/admin.php/Index/verufy?d=0.6582681621545887
INFO: [ app_init ] --START--
INFO: Run Behavior\BuildLiteBehavior [ RunTime:0.000000s ]
INFO: [ app_init ] --END-- [ RunTime:0.001000s ]
INFO: [ app_begin ] --START--
INFO: Run Behavior\ReadHtmlCacheBehavior [ RunTime:0.000000s ]
INFO: [ app_begin ] --END-- [ RunTime:0.001000s ]
INFO: [ app_end ] --START--
INFO: Run Behavior\ShowPageTraceBehavior [ RunTime:0.001000s ]
INFO: [ app_end ] --END-- [ RunTime:0.001000s ]

[ 2017-06-01T10:55:56+08:00 ] ::1 /hizhu/Index/login.html
INFO: [ app_init ] --START--
INFO: Run Behavior\BuildLiteBehavior [ RunTime:0.000000s ]
INFO: [ app_init ] --END-- [ RunTime:0.000000s ]
INFO: [ app_begin ] --START--
INFO: Run Behavior\ReadHtmlCacheBehavior [ RunTime:0.000000s ]
INFO: [ app_begin ] --END-- [ RunTime:0.000000s ]
SQL: SHOW COLUMNS FROM `admin_user` [ RunTime:0.013001s ]
SQL: SELECT * FROM `admin_user` WHERE `user_name` = 'admin' LIMIT 1   [ RunTime:0.015001s ]
SQL: SELECT * FROM `admin_user` WHERE `user_name` = 'admin' AND `user_pwd` = '0c6b4038cefe52dbba27c6434dc1fecd'  [ RunTime:0.018001s ]
SQL: SELECT * FROM `admin_user` WHERE `user_name` = 'admin' LIMIT 1   [ RunTime:0.012001s ]
INFO: [ view_parse ] --START--
INFO: [ template_filter ] --START--
INFO: Run Behavior\ContentReplaceBehavior [ RunTime:0.001000s ]
INFO: [ template_filter ] --END-- [ RunTime:0.001000s ]
INFO: Run Behavior\ParseTemplateBehavior [ RunTime:0.008001s ]
INFO: [ view_parse ] --END-- [ RunTime:0.008001s ]
INFO: [ view_filter ] --START--
INFO: Run Behavior\WriteHtmlCacheBehavior [ RunTime:0.000000s ]
INFO: [ view_filter ] --END-- [ RunTime:0.001000s ]
INFO: [ app_end ] --START--
INFO: Run Behavior\ShowPageTraceBehavior [ RunTime:0.000000s ]
INFO: [ app_end ] --END-- [ RunTime:0.000000s ]

[ 2017-06-01T10:55:58+08:00 ] ::1 /hizhu/Welcome/welcome.html
INFO: [ app_init ] --START--
INFO: Run Behavior\BuildLiteBehavior [ RunTime:0.000000s ]
INFO: [ app_init ] --END-- [ RunTime:0.001000s ]
INFO: [ app_begin ] --START--
INFO: Run Behavior\ReadHtmlCacheBehavior [ RunTime:0.001001s ]
INFO: [ app_begin ] --END-- [ RunTime:0.001001s ]
SQL: SHOW COLUMNS FROM `admin_user` [ RunTime:0.014001s ]
SQL: SELECT * FROM `admin_user` WHERE `user_name` = 'admin' LIMIT 1   [ RunTime:0.013001s ]
SQL: SELECT * FROM `admin_user` WHERE `user_name` = 'admin' AND `record_status` = 1 LIMIT 1   [ RunTime:0.011000s ]
INFO: [ view_parse ] --START--
INFO: [ template_filter ] --START--
INFO: Run Behavior\ContentReplaceBehavior [ RunTime:0.000000s ]
INFO: [ template_filter ] --END-- [ RunTime:0.000000s ]
INFO: Run Behavior\ParseTemplateBehavior [ RunTime:0.022001s ]
INFO: [ view_parse ] --END-- [ RunTime:0.022001s ]
INFO: [ view_filter ] --START--
INFO: Run Behavior\WriteHtmlCacheBehavior [ RunTime:0.000000s ]
INFO: [ view_filter ] --END-- [ RunTime:0.000000s ]
INFO: [ app_end ] --START--
INFO: Run Behavior\ShowPageTraceBehavior [ RunTime:0.001000s ]
INFO: [ app_end ] --END-- [ RunTime:0.001000s ]

[ 2017-06-01T10:56:32+08:00 ] ::1 /hizhu/Customer/authenticationList.html?no=6
INFO: [ app_init ] --START--
INFO: Run Behavior\BuildLiteBehavior [ RunTime:0.000000s ]
INFO: [ app_init ] --END-- [ RunTime:0.000000s ]
INFO: [ app_begin ] --START--
INFO: Run Behavior\ReadHtmlCacheBehavior [ RunTime:0.000000s ]
INFO: [ app_begin ] --END-- [ RunTime:0.000000s ]
SQL: SHOW COLUMNS FROM `admin_user` [ RunTime:0.013000s ]
SQL: SELECT * FROM `admin_user` WHERE `user_name` = 'admin' LIMIT 1   [ RunTime:0.014001s ]
SQL: SHOW COLUMNS FROM `adminmenulist` [ RunTime:0.014000s ]
SQL: SELECT * FROM `adminmenulist` WHERE `parent_id` = 31 AND `record_status` = 1 ORDER BY index_no asc  [ RunTime:0.013001s ]
SQL: SELECT * FROM `adminmenulist` WHERE `parent_id` = 32 AND `record_status` = 1 ORDER BY index_no asc  [ RunTime:0.013001s ]
SQL: SELECT * FROM `adminmenulist` WHERE `parent_id` = 191 AND `record_status` = 1 ORDER BY index_no asc  [ RunTime:0.011001s ]
SQL: SHOW COLUMNS FROM `customer` [ RunTime:0.020001s ]
SQL: SELECT COUNT(*) AS tp_count FROM `customer` WHERE `is_auth` = 1 AND ( `auth_time` > 1427817600 AND `auth_time` < 1743523200  ) LIMIT 1   [ RunTime:0.021001s ]
NOTIC: [2] urlencode() expects parameter 1 to be string, array given D:\wamp\www\hizhu\Application\Home\Controller\CustomerController.class.php 第 44 行.
NOTIC: [2] urlencode() expects parameter 1 to be string, array given D:\wamp\www\hizhu\Application\Home\Controller\CustomerController.class.php 第 44 行.
SQL: SELECT * FROM `customer` WHERE `is_auth` = 1 AND ( `auth_time` > 1427817600 AND `auth_time` < 1743523200  ) ORDER BY auth_time desc LIMIT 0,15   [ RunTime:0.020001s ]
INFO: [ view_parse ] --START--
INFO: [ template_filter ] --START--
INFO: Run Behavior\ContentReplaceBehavior [ RunTime:0.000000s ]
INFO: [ template_filter ] --END-- [ RunTime:0.000000s ]
NOTIC: [8] Undefined index: startTime D:\wamp\www\hizhu\Application\Runtime\Cache\Home\ef908816fe1538536da457bb5abcc42d.php 第 72 行.
NOTIC: [8] Undefined index: endTime D:\wamp\www\hizhu\Application\Runtime\Cache\Home\ef908816fe1538536da457bb5abcc42d.php 第 72 行.
NOTIC: [8] Undefined index: mobile D:\wamp\www\hizhu\Application\Runtime\Cache\Home\ef908816fe1538536da457bb5abcc42d.php 第 74 行.
NOTIC: [8] Undefined index: name D:\wamp\www\hizhu\Application\Runtime\Cache\Home\ef908816fe1538536da457bb5abcc42d.php 第 78 行.
INFO: Run Behavior\ParseTemplateBehavior [ RunTime:0.029001s ]
INFO: [ view_parse ] --END-- [ RunTime:0.030001s ]
INFO: [ view_filter ] --START--
INFO: Run Behavior\WriteHtmlCacheBehavior [ RunTime:0.001000s ]
INFO: [ view_filter ] --END-- [ RunTime:0.001000s ]
INFO: [ app_end ] --START--
INFO: Run Behavior\ShowPageTraceBehavior [ RunTime:0.001000s ]
INFO: [ app_end ] --END-- [ RunTime:0.001000s ]

[ 2017-06-01T11:05:18+08:00 ] ::1 /hizhu/Jobowner/jobownerlist.html?no=6&leftno=111
INFO: [ app_init ] --START--
INFO: Run Behavior\BuildLiteBehavior [ RunTime:0.000000s ]
INFO: [ app_init ] --END-- [ RunTime:0.001000s ]
INFO: [ app_begin ] --START--
INFO: Run Behavior\ReadHtmlCacheBehavior [ RunTime:0.001000s ]
INFO: [ app_begin ] --END-- [ RunTime:0.001000s ]
SQL: SHOW COLUMNS FROM `admin_user` [ RunTime:0.014001s ]
SQL: SELECT * FROM `admin_user` WHERE `user_name` = 'admin' LIMIT 1   [ RunTime:0.011000s ]
INFO: [ view_parse ] --START--
INFO: [ template_filter ] --START--
INFO: Run Behavior\ContentReplaceBehavior [ RunTime:0.001000s ]
INFO: [ template_filter ] --END-- [ RunTime:0.001000s ]
INFO: Run Behavior\ParseTemplateBehavior [ RunTime:0.030002s ]
INFO: [ view_parse ] --END-- [ RunTime:0.030002s ]
INFO: [ view_filter ] --START--
INFO: Run Behavior\WriteHtmlCacheBehavior [ RunTime:0.001000s ]
INFO: [ view_filter ] --END-- [ RunTime:0.001000s ]
INFO: [ app_end ] --START--
INFO: Run Behavior\ShowPageTraceBehavior [ RunTime:0.001000s ]
INFO: [ app_end ] --END-- [ RunTime:0.001000s ]

[ 2017-06-01T13:47:01+08:00 ] ::1 /hizhu/Jobowner/updatejobowner.html?no=6&leftno=111
INFO: [ app_init ] --START--
INFO: Run Behavior\BuildLiteBehavior [ RunTime:0.000000s ]
INFO: [ app_init ] --END-- [ RunTime:0.000000s ]
INFO: [ app_begin ] --START--
INFO: Run Behavior\ReadHtmlCacheBehavior [ RunTime:0.001000s ]
INFO: [ app_begin ] --END-- [ RunTime:0.001000s ]
SQL: SHOW COLUMNS FROM `admin_user` [ RunTime:0.012000s ]
SQL: SELECT * FROM `admin_user` WHERE `user_name` = 'admin' LIMIT 1   [ RunTime:0.012001s ]
SQL: SHOW COLUMNS FROM `adminmenulist` [ RunTime:0.010001s ]
SQL: SELECT * FROM `adminmenulist` WHERE `parent_id` = 6 AND `record_status` = 1 ORDER BY index_no asc  [ RunTime:0.013000s ]
SQL: SELECT * FROM `adminmenulist` WHERE `parent_id` = 31 AND `record_status` = 1 ORDER BY index_no asc  [ RunTime:0.050002s ]
SQL: SELECT * FROM `adminmenulist` WHERE `parent_id` = 32 AND `record_status` = 1 ORDER BY index_no asc  [ RunTime:0.013001s ]
SQL: SELECT * FROM `adminmenulist` WHERE `parent_id` = 191 AND `record_status` = 1 ORDER BY index_no asc  [ RunTime:0.016001s ]
SQL: select user_name,real_name from admin_user where  city_auth like '%1%' order by user_name [ RunTime:0.014000s ]
INFO: [ view_parse ] --START--
INFO: [ template_filter ] --START--
INFO: Run Behavior\ContentReplaceBehavior [ RunTime:0.001000s ]
INFO: [ template_filter ] --END-- [ RunTime:0.001000s ]
NOTIC: [8] Undefined index: house_limit D:\wamp\www\hizhu\Application\Runtime\Cache\Home\6b5abd12a1970eb386be17f15028d146.php 第 96 行.
INFO: Run Behavior\ParseTemplateBehavior [ RunTime:0.027002s ]
INFO: [ view_parse ] --END-- [ RunTime:0.028002s ]
INFO: [ view_filter ] --START--
INFO: Run Behavior\WriteHtmlCacheBehavior [ RunTime:0.000000s ]
INFO: [ view_filter ] --END-- [ RunTime:0.000000s ]
INFO: [ app_end ] --START--
INFO: Run Behavior\ShowPageTraceBehavior [ RunTime:0.001000s ]
INFO: [ app_end ] --END-- [ RunTime:0.001000s ]

[ 2017-06-01T14:13:28+08:00 ] ::1 /hizhu/Jobowner/jobownerlist.html?no=6&leftno=111
INFO: [ app_init ] --START--
INFO: Run Behavior\BuildLiteBehavior [ RunTime:0.001000s ]
INFO: [ app_init ] --END-- [ RunTime:0.001000s ]
INFO: [ app_begin ] --START--
INFO: Run Behavior\ReadHtmlCacheBehavior [ RunTime:0.001000s ]
INFO: [ app_begin ] --END-- [ RunTime:0.001000s ]
SQL: SHOW COLUMNS FROM `admin_user` [ RunTime:0.019001s ]
SQL: SELECT * FROM `admin_user` WHERE `user_name` = 'admin' LIMIT 1   [ RunTime:0.020002s ]
SQL: SHOW COLUMNS FROM `adminmenulist` [ RunTime:0.054003s ]
SQL: SELECT * FROM `adminmenulist` WHERE `parent_id` = 0 AND `record_status` = 1 ORDER BY index_no asc  [ RunTime:0.018001s ]
SQL: SELECT * FROM `adminmenulist` WHERE `parent_id` = 31 AND `record_status` = 1 ORDER BY index_no asc  [ RunTime:0.018001s ]
SQL: SHOW COLUMNS FROM `adminmenulistlimit` [ RunTime:0.017001s ]
SQL: SELECT * FROM `adminmenulistlimit` WHERE `city_auth` = 1 AND `user_name` = 'admin'  [ RunTime:1.540088s ]
INFO: [ view_parse ] --START--
INFO: [ template_filter ] --START--
INFO: Run Behavior\ContentReplaceBehavior [ RunTime:0.000000s ]
INFO: [ template_filter ] --END-- [ RunTime:0.000000s ]
INFO: Run Behavior\ParseTemplateBehavior [ RunTime:0.030002s ]
INFO: [ view_parse ] --END-- [ RunTime:0.030002s ]
INFO: [ view_filter ] --START--
INFO: Run Behavior\WriteHtmlCacheBehavior [ RunTime:0.001000s ]
INFO: [ view_filter ] --END-- [ RunTime:0.001000s ]
INFO: [ app_end ] --START--
INFO: Run Behavior\ShowPageTraceBehavior [ RunTime:0.001000s ]
INFO: [ app_end ] --END-- [ RunTime:0.002000s ]

[ 2017-06-01T14:30:15+08:00 ] ::1 /hizhu/AgentsManage/agentsManageList.html?no=6&leftno=192
INFO: [ app_init ] --START--
INFO: Run Behavior\BuildLiteBehavior [ RunTime:0.000000s ]
INFO: [ app_init ] --END-- [ RunTime:0.000000s ]
INFO: [ app_begin ] --START--
INFO: Run Behavior\ReadHtmlCacheBehavior [ RunTime:0.000000s ]
INFO: [ app_begin ] --END-- [ RunTime:0.001000s ]
SQL: SHOW COLUMNS FROM `admin_user` [ RunTime:0.017001s ]
SQL: SELECT * FROM `admin_user` WHERE `user_name` = 'admin' LIMIT 1   [ RunTime:0.013001s ]
SQL: SHOW COLUMNS FROM `customer` [ RunTime:0.047003s ]
SQL: SELECT COUNT(*) AS tp_count FROM customer a INNER JOIN gaodudata.customerinfo b ON a.id=b.customer_id  WHERE `city_code` = '001009001' AND a.record_status = 1 AND a.is_owner = 5 LIMIT 1   [ RunTime:0.054003s ]
SQL: SELECT a.true_name,a.mobile,a.is_black,a.is_commission,a.is_monthly,a.agent_company_name,b.status,b.create_time,b.principal_man,b.source,b.update_man,b.region_name,b.owner_remark,b.customer_id FROM customer a INNER JOIN gaodudata.customerinfo b ON a.id=b.customer_id  WHERE `city_code` = '001009001' AND a.record_status = 1 AND a.is_owner = 5 ORDER BY create_time desc LIMIT 0,10   [ RunTime:0.052003s ]
SQL: select id,cname,parent_id from region where is_display=1 and parent_id=0 and city_code='001009001' [ RunTime:0.061004s ]
SQL: SHOW COLUMNS FROM `agentcompany` [ RunTime:0.059004s ]
SQL: SELECT `id`,`company_name` FROM `agentcompany` WHERE `city_code` = '001009001' AND `record_status` = 1 ORDER BY create_time desc  [ RunTime:0.055003s ]
INFO: [ view_parse ] --START--
INFO: [ template_filter ] --START--
INFO: Run Behavior\ContentReplaceBehavior [ RunTime:0.000000s ]
INFO: [ template_filter ] --END-- [ RunTime:0.000000s ]
INFO: Run Behavior\ParseTemplateBehavior [ RunTime:0.037002s ]
INFO: [ view_parse ] --END-- [ RunTime:0.037002s ]
INFO: [ view_filter ] --START--
INFO: Run Behavior\WriteHtmlCacheBehavior [ RunTime:0.000000s ]
INFO: [ view_filter ] --END-- [ RunTime:0.000000s ]
INFO: [ app_end ] --START--
INFO: Run Behavior\ShowPageTraceBehavior [ RunTime:0.000000s ]
INFO: [ app_end ] --END-- [ RunTime:0.001000s ]

[ 2017-06-01T14:30:17+08:00 ] ::1 /hizhu/AgentsManage/agentsManageList.html?no=6&leftno=192
INFO: [ app_init ] --START--
INFO: Run Behavior\BuildLiteBehavior [ RunTime:0.000000s ]
INFO: [ app_init ] --END-- [ RunTime:0.001000s ]
INFO: [ app_begin ] --START--
INFO: Run Behavior\ReadHtmlCacheBehavior [ RunTime:0.000000s ]
INFO: [ app_begin ] --END-- [ RunTime:0.001000s ]
SQL: SHOW COLUMNS FROM `admin_user` [ RunTime:0.014001s ]
SQL: SELECT * FROM `admin_user` WHERE `user_name` = 'admin' LIMIT 1   [ RunTime:0.017001s ]
SQL: SHOW COLUMNS FROM `customer` [ RunTime:0.029001s ]
SQL: SELECT COUNT(*) AS tp_count FROM customer a INNER JOIN gaodudata.customerinfo b ON a.id=b.customer_id  WHERE `city_code` = '001009001' AND a.record_status = 1 AND a.is_owner = 5 LIMIT 1   [ RunTime:0.027002s ]
SQL: SELECT a.true_name,a.mobile,a.is_black,a.is_commission,a.is_monthly,a.agent_company_name,b.status,b.create_time,b.principal_man,b.source,b.update_man,b.region_name,b.owner_remark,b.customer_id FROM customer a INNER JOIN gaodudata.customerinfo b ON a.id=b.customer_id  WHERE `city_code` = '001009001' AND a.record_status = 1 AND a.is_owner = 5 ORDER BY create_time desc LIMIT 0,10   [ RunTime:0.035002s ]
SQL: SHOW COLUMNS FROM `agentcompany` [ RunTime:0.012001s ]
SQL: SELECT `id`,`company_name` FROM `agentcompany` WHERE `city_code` = '001009001' AND `record_status` = 1 ORDER BY create_time desc  [ RunTime:0.011001s ]
INFO: [ view_parse ] --START--
INFO: [ template_filter ] --START--
INFO: Run Behavior\ContentReplaceBehavior [ RunTime:0.000000s ]
INFO: [ template_filter ] --END-- [ RunTime:0.000000s ]
INFO: Run Behavior\ParseTemplateBehavior [ RunTime:0.033002s ]
INFO: [ view_parse ] --END-- [ RunTime:0.034002s ]
INFO: [ view_filter ] --START--
INFO: Run Behavior\WriteHtmlCacheBehavior [ RunTime:0.001000s ]
INFO: [ view_filter ] --END-- [ RunTime:0.001000s ]
INFO: [ app_end ] --START--
INFO: Run Behavior\ShowPageTraceBehavior [ RunTime:0.001000s ]
INFO: [ app_end ] --END-- [ RunTime:0.001000s ]

[ 2017-06-01T14:30:18+08:00 ] ::1 /hizhu/AgentsManage/agentsCompanyList.html?no=6&leftno=193
INFO: [ app_init ] --START--
INFO: Run Behavior\BuildLiteBehavior [ RunTime:0.000000s ]
INFO: [ app_init ] --END-- [ RunTime:0.001000s ]
INFO: [ app_begin ] --START--
INFO: Run Behavior\ReadHtmlCacheBehavior [ RunTime:0.001000s ]
INFO: [ app_begin ] --END-- [ RunTime:0.001000s ]
SQL: SHOW COLUMNS FROM `admin_user` [ RunTime:0.018001s ]
SQL: SELECT * FROM `admin_user` WHERE `user_name` = 'admin' LIMIT 1   [ RunTime:0.232013s ]
SQL: SHOW COLUMNS FROM `agentcompany` [ RunTime:0.024002s ]
SQL: SELECT COUNT(*) AS tp_count FROM `agentcompany` WHERE `city_code` = '001009001' AND `record_status` = 1 LIMIT 1   [ RunTime:0.025001s ]
SQL: SELECT `id`,`company_name`,`img_url`,`commission_fee`,`create_time` FROM `agentcompany` WHERE `city_code` = '001009001' AND `record_status` = 1 ORDER BY create_time desc LIMIT 0,10   [ RunTime:0.024002s ]
INFO: [ view_parse ] --START--
INFO: [ template_filter ] --START--
INFO: Run Behavior\ContentReplaceBehavior [ RunTime:0.000000s ]
INFO: [ template_filter ] --END-- [ RunTime:0.001000s ]
NOTIC: [8] Use of undefined constant id - assumed 'id' D:\wamp\www\hizhu\Application\Runtime\Cache\Home\fec7f0c6ec8aea0a1206ad6ea4c6dbd6.php 第 112 行.
NOTIC: [8] Use of undefined constant id - assumed 'id' D:\wamp\www\hizhu\Application\Runtime\Cache\Home\fec7f0c6ec8aea0a1206ad6ea4c6dbd6.php 第 112 行.
NOTIC: [8] Use of undefined constant id - assumed 'id' D:\wamp\www\hizhu\Application\Runtime\Cache\Home\fec7f0c6ec8aea0a1206ad6ea4c6dbd6.php 第 112 行.
NOTIC: [8] Use of undefined constant id - assumed 'id' D:\wamp\www\hizhu\Application\Runtime\Cache\Home\fec7f0c6ec8aea0a1206ad6ea4c6dbd6.php 第 112 行.
NOTIC: [8] Use of undefined constant id - assumed 'id' D:\wamp\www\hizhu\Application\Runtime\Cache\Home\fec7f0c6ec8aea0a1206ad6ea4c6dbd6.php 第 112 行.
NOTIC: [8] Use of undefined constant id - assumed 'id' D:\wamp\www\hizhu\Application\Runtime\Cache\Home\fec7f0c6ec8aea0a1206ad6ea4c6dbd6.php 第 112 行.
NOTIC: [8] Use of undefined constant id - assumed 'id' D:\wamp\www\hizhu\Application\Runtime\Cache\Home\fec7f0c6ec8aea0a1206ad6ea4c6dbd6.php 第 112 行.
NOTIC: [8] Use of undefined constant id - assumed 'id' D:\wamp\www\hizhu\Application\Runtime\Cache\Home\fec7f0c6ec8aea0a1206ad6ea4c6dbd6.php 第 112 行.
NOTIC: [8] Undefined variable: show D:\wamp\www\hizhu\Application\Runtime\Cache\Home\fec7f0c6ec8aea0a1206ad6ea4c6dbd6.php 第 121 行.
INFO: Run Behavior\ParseTemplateBehavior [ RunTime:0.044002s ]
INFO: [ view_parse ] --END-- [ RunTime:0.045002s ]
INFO: [ view_filter ] --START--
INFO: Run Behavior\WriteHtmlCacheBehavior [ RunTime:0.001001s ]
INFO: [ view_filter ] --END-- [ RunTime:0.001001s ]
INFO: [ app_end ] --START--
INFO: Run Behavior\ShowPageTraceBehavior [ RunTime:0.001000s ]
INFO: [ app_end ] --END-- [ RunTime:0.001000s ]

[ 2017-06-01T15:40:54+08:00 ] ::1 /hizhu/Jobowner/jobownerlist.html?no=6&leftno=111
INFO: [ app_init ] --START--
INFO: Run Behavior\BuildLiteBehavior [ RunTime:0.000000s ]
INFO: [ app_init ] --END-- [ RunTime:0.001000s ]
INFO: [ app_begin ] --START--
INFO: Run Behavior\ReadHtmlCacheBehavior [ RunTime:0.001000s ]
INFO: [ app_begin ] --END-- [ RunTime:0.001000s ]
SQL: SHOW COLUMNS FROM `admin_user` [ RunTime:0.013000s ]
SQL: SELECT * FROM `admin_user` WHERE `user_name` = 'admin' LIMIT 1   [ RunTime:0.014001s ]
SQL: SHOW COLUMNS FROM `adminmenulist` [ RunTime:0.013001s ]
SQL: SELECT * FROM `adminmenulist` WHERE `parent_id` = 0 AND `record_status` = 1 ORDER BY index_no asc  [ RunTime:0.013000s ]
SQL: SELECT * FROM `adminmenulist` WHERE `parent_id` = 6 AND `record_status` = 1 ORDER BY index_no asc  [ RunTime:0.011001s ]
SQL: SELECT * FROM `adminmenulist` WHERE `parent_id` = 31 AND `record_status` = 1 ORDER BY index_no asc  [ RunTime:0.012001s ]
SQL: SELECT * FROM `adminmenulist` WHERE `parent_id` = 32 AND `record_status` = 1 ORDER BY index_no asc  [ RunTime:0.012000s ]
SQL: SELECT * FROM `adminmenulist` WHERE `parent_id` = 191 AND `record_status` = 1 ORDER BY index_no asc  [ RunTime:0.013000s ]
SQL: SHOW COLUMNS FROM `adminmenulistlimit` [ RunTime:0.012001s ]
SQL: SELECT * FROM `adminmenulistlimit` WHERE `city_auth` = 1 AND `user_name` = 'admin'  [ RunTime:0.913052s ]
INFO: [ view_parse ] --START--
INFO: [ template_filter ] --START--
INFO: Run Behavior\ContentReplaceBehavior [ RunTime:0.001000s ]
INFO: [ template_filter ] --END-- [ RunTime:0.001000s ]
INFO: Run Behavior\ParseTemplateBehavior [ RunTime:0.032002s ]
INFO: [ view_parse ] --END-- [ RunTime:0.032002s ]
INFO: [ view_filter ] --START--
INFO: Run Behavior\WriteHtmlCacheBehavior [ RunTime:0.001000s ]
INFO: [ view_filter ] --END-- [ RunTime:0.001000s ]
INFO: [ app_end ] --START--
INFO: Run Behavior\ShowPageTraceBehavior [ RunTime:0.001000s ]
INFO: [ app_end ] --END-- [ RunTime:0.001000s ]

[ 2017-06-01T15:42:58+08:00 ] ::1 /hizhu/Jobowner/ownersManageList.html
INFO: [ app_init ] --START--
INFO: Run Behavior\BuildLiteBehavior [ RunTime:0.000000s ]
INFO: [ app_init ] --END-- [ RunTime:0.001000s ]
INFO: [ app_begin ] --START--
INFO: Run Behavior\ReadHtmlCacheBehavior [ RunTime:0.000000s ]
INFO: [ app_begin ] --END-- [ RunTime:0.001000s ]
SQL: SHOW COLUMNS FROM `admin_user` [ RunTime:0.016001s ]
SQL: SELECT * FROM `admin_user` WHERE `user_name` = 'admin' LIMIT 1   [ RunTime:0.221013s ]
INFO: [ view_parse ] --START--
INFO: [ template_filter ] --START--
INFO: Run Behavior\ContentReplaceBehavior [ RunTime:0.001000s ]
INFO: [ template_filter ] --END-- [ RunTime:0.001000s ]
NOTIC: [8] Undefined variable: companyList D:\wamp\www\hizhu\Application\Runtime\Cache\Home\afc8eefe2e1dab6b8ec7e4cfe6cac822.php 第 107 行.
INFO: Run Behavior\ParseTemplateBehavior [ RunTime:0.029002s ]
INFO: [ view_parse ] --END-- [ RunTime:0.029002s ]
INFO: [ view_filter ] --START--
INFO: Run Behavior\WriteHtmlCacheBehavior [ RunTime:0.001000s ]
INFO: [ view_filter ] --END-- [ RunTime:0.001000s ]
INFO: [ app_end ] --START--
INFO: Run Behavior\ShowPageTraceBehavior [ RunTime:0.000000s ]
INFO: [ app_end ] --END-- [ RunTime:0.001000s ]

[ 2017-06-01T15:43:21+08:00 ] ::1 /hizhu/Jobowner/ownersManageList.html
INFO: [ app_init ] --START--
INFO: Run Behavior\BuildLiteBehavior [ RunTime:0.000000s ]
INFO: [ app_init ] --END-- [ RunTime:0.001000s ]
INFO: [ app_begin ] --START--
INFO: Run Behavior\ReadHtmlCacheBehavior [ RunTime:0.001000s ]
INFO: [ app_begin ] --END-- [ RunTime:0.001000s ]
SQL: SHOW COLUMNS FROM `admin_user` [ RunTime:0.013000s ]
SQL: SELECT * FROM `admin_user` WHERE `user_name` = 'admin' LIMIT 1   [ RunTime:0.015000s ]
INFO: [ view_parse ] --START--
INFO: [ template_filter ] --START--
INFO: Run Behavior\ContentReplaceBehavior [ RunTime:0.000000s ]
INFO: [ template_filter ] --END-- [ RunTime:0.001000s ]
NOTIC: [8] Undefined variable: companyList D:\wamp\www\hizhu\Application\Runtime\Cache\Home\afc8eefe2e1dab6b8ec7e4cfe6cac822.php 第 107 行.
INFO: Run Behavior\ParseTemplateBehavior [ RunTime:0.029001s ]
INFO: [ view_parse ] --END-- [ RunTime:0.029001s ]
INFO: [ view_filter ] --START--
INFO: Run Behavior\WriteHtmlCacheBehavior [ RunTime:0.000000s ]
INFO: [ view_filter ] --END-- [ RunTime:0.001000s ]
INFO: [ app_end ] --START--
INFO: Run Behavior\ShowPageTraceBehavior [ RunTime:0.001000s ]
INFO: [ app_end ] --END-- [ RunTime:0.001000s ]

[ 2017-06-01T15:53:06+08:00 ] ::1 /hizhu/Jobowner/ownersManageList.html
INFO: [ app_init ] --START--
INFO: Run Behavior\BuildLiteBehavior [ RunTime:0.000000s ]
INFO: [ app_init ] --END-- [ RunTime:0.001000s ]
INFO: [ app_begin ] --START--
INFO: Run Behavior\ReadHtmlCacheBehavior [ RunTime:0.001000s ]
INFO: [ app_begin ] --END-- [ RunTime:0.001000s ]
SQL: SHOW COLUMNS FROM `admin_user` [ RunTime:0.014001s ]
SQL: SELECT * FROM `admin_user` WHERE `user_name` = 'admin' LIMIT 1   [ RunTime:0.011001s ]
SQL: SHOW COLUMNS FROM `adminmenulistlimit` [ RunTime:0.011001s ]
SQL: SELECT * FROM `adminmenulistlimit` WHERE `city_auth` = 1 AND `user_name` = 'admin'  [ RunTime:0.025001s ]
INFO: [ view_parse ] --START--
INFO: [ template_filter ] --START--
INFO: Run Behavior\ContentReplaceBehavior [ RunTime:0.000000s ]
INFO: [ template_filter ] --END-- [ RunTime:0.000000s ]
NOTIC: [8] Undefined variable: companyList D:\wamp\www\hizhu\Application\Runtime\Cache\Home\afc8eefe2e1dab6b8ec7e4cfe6cac822.php 第 105 行.
INFO: Run Behavior\ParseTemplateBehavior [ RunTime:0.030002s ]
INFO: [ view_parse ] --END-- [ RunTime:0.030002s ]
INFO: [ view_filter ] --START--
INFO: Run Behavior\WriteHtmlCacheBehavior [ RunTime:0.001000s ]
INFO: [ view_filter ] --END-- [ RunTime:0.001000s ]
INFO: [ app_end ] --START--
INFO: Run Behavior\ShowPageTraceBehavior [ RunTime:0.001000s ]
INFO: [ app_end ] --END-- [ RunTime:0.002000s ]

[ 2017-06-01T16:49:07+08:00 ] ::1 /hizhu/Jobowner/jobownerlist.html?no=6&leftno=111
INFO: [ app_init ] --START--
INFO: Run Behavior\BuildLiteBehavior [ RunTime:0.000000s ]
INFO: [ app_init ] --END-- [ RunTime:0.001000s ]
INFO: [ app_begin ] --START--
INFO: Run Behavior\ReadHtmlCacheBehavior [ RunTime:0.001001s ]
INFO: [ app_begin ] --END-- [ RunTime:0.002001s ]
SQL: SHOW COLUMNS FROM `admin_user` [ RunTime:0.010001s ]
SQL: SELECT * FROM `admin_user` WHERE `user_name` = 'admin' LIMIT 1   [ RunTime:0.013001s ]
SQL: SHOW COLUMNS FROM `adminmenulist` [ RunTime:0.019001s ]
SQL: SELECT * FROM `adminmenulist` WHERE `parent_id` = 0 AND `record_status` = 1 ORDER BY index_no asc  [ RunTime:0.020001s ]
SQL: SELECT * FROM `adminmenulist` WHERE `parent_id` = 6 AND `record_status` = 1 ORDER BY index_no asc  [ RunTime:0.012001s ]
SQL: SELECT * FROM `adminmenulist` WHERE `parent_id` = 31 AND `record_status` = 1 ORDER BY index_no asc  [ RunTime:0.010001s ]
SQL: SELECT * FROM `adminmenulist` WHERE `parent_id` = 32 AND `record_status` = 1 ORDER BY index_no asc  [ RunTime:0.011001s ]
SQL: SELECT * FROM `adminmenulist` WHERE `parent_id` = 191 AND `record_status` = 1 ORDER BY index_no asc  [ RunTime:0.013001s ]
INFO: [ view_parse ] --START--
INFO: [ template_filter ] --START--
INFO: Run Behavior\ContentReplaceBehavior [ RunTime:0.000000s ]
INFO: [ template_filter ] --END-- [ RunTime:0.000000s ]
INFO: Run Behavior\ParseTemplateBehavior [ RunTime:0.030001s ]
INFO: [ view_parse ] --END-- [ RunTime:0.031001s ]
INFO: [ view_filter ] --START--
INFO: Run Behavior\WriteHtmlCacheBehavior [ RunTime:0.000000s ]
INFO: [ view_filter ] --END-- [ RunTime:0.001001s ]
INFO: [ app_end ] --START--
INFO: Run Behavior\ShowPageTraceBehavior [ RunTime:0.000000s ]
INFO: [ app_end ] --END-- [ RunTime:0.001000s ]

[ 2017-06-01T17:24:32+08:00 ] ::1 /hizhu/Jobowner/ownersManageList.html
INFO: [ app_init ] --START--
INFO: Run Behavior\BuildLiteBehavior [ RunTime:0.001000s ]
INFO: [ app_init ] --END-- [ RunTime:0.001000s ]
INFO: [ app_begin ] --START--
INFO: Run Behavior\ReadHtmlCacheBehavior [ RunTime:0.001000s ]
INFO: [ app_begin ] --END-- [ RunTime:0.001000s ]
SQL: SHOW COLUMNS FROM `admin_user` [ RunTime:0.037002s ]
SQL: SELECT * FROM `admin_user` WHERE `user_name` = 'admin' LIMIT 1   [ RunTime:0.036002s ]
INFO: [ view_parse ] --START--
INFO: [ template_filter ] --START--
INFO: Run Behavior\ContentReplaceBehavior [ RunTime:0.000000s ]
INFO: [ template_filter ] --END-- [ RunTime:0.001000s ]
NOTIC: [8] Undefined variable: companyList D:\wamp\www\hizhu\Application\Runtime\Cache\Home\afc8eefe2e1dab6b8ec7e4cfe6cac822.php 第 120 行.
INFO: Run Behavior\ParseTemplateBehavior [ RunTime:0.031002s ]
INFO: [ view_parse ] --END-- [ RunTime:0.032002s ]
INFO: [ view_filter ] --START--
INFO: Run Behavior\WriteHtmlCacheBehavior [ RunTime:0.001000s ]
INFO: [ view_filter ] --END-- [ RunTime:0.001000s ]
INFO: [ app_end ] --START--
INFO: Run Behavior\ShowPageTraceBehavior [ RunTime:0.001000s ]
INFO: [ app_end ] --END-- [ RunTime:0.001000s ]

[ 2017-06-01T17:27:29+08:00 ] ::1 /hizhu/Jobowner/ownersManageList.html
INFO: [ app_init ] --START--
INFO: Run Behavior\BuildLiteBehavior [ RunTime:0.001000s ]
INFO: [ app_init ] --END-- [ RunTime:0.001000s ]
INFO: [ app_begin ] --START--
INFO: Run Behavior\ReadHtmlCacheBehavior [ RunTime:0.001000s ]
INFO: [ app_begin ] --END-- [ RunTime:0.001000s ]
SQL: SHOW COLUMNS FROM `admin_user` [ RunTime:0.012001s ]
SQL: SELECT * FROM `admin_user` WHERE `user_name` = 'admin' LIMIT 1   [ RunTime:0.014001s ]
INFO: [ view_parse ] --START--
INFO: [ template_filter ] --START--
INFO: Run Behavior\ContentReplaceBehavior [ RunTime:0.000000s ]
INFO: [ template_filter ] --END-- [ RunTime:0.000000s ]
NOTIC: [8] Undefined variable: companyList D:\wamp\www\hizhu\Application\Runtime\Cache\Home\afc8eefe2e1dab6b8ec7e4cfe6cac822.php 第 120 行.
INFO: Run Behavior\ParseTemplateBehavior [ RunTime:0.039002s ]
INFO: [ view_parse ] --END-- [ RunTime:0.039002s ]
INFO: [ view_filter ] --START--
INFO: Run Behavior\WriteHtmlCacheBehavior [ RunTime:0.000000s ]
INFO: [ view_filter ] --END-- [ RunTime:0.001000s ]
INFO: [ app_end ] --START--
INFO: Run Behavior\ShowPageTraceBehavior [ RunTime:0.001000s ]
INFO: [ app_end ] --END-- [ RunTime:0.001000s ]

[ 2017-06-01T17:27:47+08:00 ] ::1 /hizhu/Jobowner/ownersManageList.html
INFO: [ app_init ] --START--
INFO: Run Behavior\BuildLiteBehavior [ RunTime:0.000000s ]
INFO: [ app_init ] --END-- [ RunTime:0.000000s ]
INFO: [ app_begin ] --START--
INFO: Run Behavior\ReadHtmlCacheBehavior [ RunTime:0.001000s ]
INFO: [ app_begin ] --END-- [ RunTime:0.001000s ]
SQL: SHOW COLUMNS FROM `admin_user` [ RunTime:0.011001s ]
SQL: SELECT * FROM `admin_user` WHERE `user_name` = 'admin' LIMIT 1   [ RunTime:0.224013s ]
INFO: [ view_parse ] --START--
INFO: [ template_filter ] --START--
INFO: Run Behavior\ContentReplaceBehavior [ RunTime:0.001000s ]
INFO: [ template_filter ] --END-- [ RunTime:0.001000s ]
NOTIC: [8] Undefined variable: companyList D:\wamp\www\hizhu\Application\Runtime\Cache\Home\afc8eefe2e1dab6b8ec7e4cfe6cac822.php 第 132 行.
INFO: Run Behavior\ParseTemplateBehavior [ RunTime:0.037002s ]
INFO: [ view_parse ] --END-- [ RunTime:0.038002s ]
INFO: [ view_filter ] --START--
INFO: Run Behavior\WriteHtmlCacheBehavior [ RunTime:0.000000s ]
INFO: [ view_filter ] --END-- [ RunTime:0.001000s ]
INFO: [ app_end ] --START--
INFO: Run Behavior\ShowPageTraceBehavior [ RunTime:0.002000s ]
INFO: [ app_end ] --END-- [ RunTime:0.003000s ]

[ 2017-06-01T17:28:16+08:00 ] ::1 /hizhu/Jobowner/ownersManageList.html
INFO: [ app_init ] --START--
INFO: Run Behavior\BuildLiteBehavior [ RunTime:0.000000s ]
INFO: [ app_init ] --END-- [ RunTime:0.001000s ]
INFO: [ app_begin ] --START--
INFO: Run Behavior\ReadHtmlCacheBehavior [ RunTime:0.001000s ]
INFO: [ app_begin ] --END-- [ RunTime:0.002000s ]
SQL: SHOW COLUMNS FROM `admin_user` [ RunTime:0.015001s ]
SQL: SELECT * FROM `admin_user` WHERE `user_name` = 'admin' LIMIT 1   [ RunTime:0.015001s ]
INFO: [ view_parse ] --START--
INFO: [ template_filter ] --START--
INFO: Run Behavior\ContentReplaceBehavior [ RunTime:0.000000s ]
INFO: [ template_filter ] --END-- [ RunTime:0.001001s ]
NOTIC: [8] Undefined variable: companyList D:\wamp\www\hizhu\Application\Runtime\Cache\Home\afc8eefe2e1dab6b8ec7e4cfe6cac822.php 第 120 行.
NOTIC: [8] Undefined variable: companyList D:\wamp\www\hizhu\Application\Runtime\Cache\Home\afc8eefe2e1dab6b8ec7e4cfe6cac822.php 第 124 行.
INFO: Run Behavior\ParseTemplateBehavior [ RunTime:0.042002s ]
INFO: [ view_parse ] --END-- [ RunTime:0.042002s ]
INFO: [ view_filter ] --START--
INFO: Run Behavior\WriteHtmlCacheBehavior [ RunTime:0.000000s ]
INFO: [ view_filter ] --END-- [ RunTime:0.000000s ]
INFO: [ app_end ] --START--
INFO: Run Behavior\ShowPageTraceBehavior [ RunTime:0.002001s ]
INFO: [ app_end ] --END-- [ RunTime:0.002001s ]

[ 2017-06-01T17:53:38+08:00 ] ::1 /hizhu/HouseResource/resourcelist.html?no=3
INFO: [ app_init ] --START--
INFO: Run Behavior\BuildLiteBehavior [ RunTime:0.000000s ]
INFO: [ app_init ] --END-- [ RunTime:0.001000s ]
INFO: [ app_begin ] --START--
INFO: Run Behavior\ReadHtmlCacheBehavior [ RunTime:0.001000s ]
INFO: [ app_begin ] --END-- [ RunTime:0.001000s ]
SQL: SHOW COLUMNS FROM `admin_user` [ RunTime:0.014000s ]
SQL: SELECT * FROM `admin_user` WHERE `user_name` = 'admin' LIMIT 1   [ RunTime:0.012000s ]
SQL: SHOW COLUMNS FROM `adminmenulist` [ RunTime:0.012000s ]
SQL: SELECT * FROM `adminmenulist` WHERE `parent_id` = 0 AND `record_status` = 1 ORDER BY index_no asc  [ RunTime:0.014001s ]
INFO: [ view_parse ] --START--
INFO: [ template_filter ] --START--
INFO: Run Behavior\ContentReplaceBehavior [ RunTime:0.000000s ]
INFO: [ template_filter ] --END-- [ RunTime:0.000000s ]
INFO: Run Behavior\ParseTemplateBehavior [ RunTime:0.042002s ]
INFO: [ view_parse ] --END-- [ RunTime:0.042002s ]
INFO: [ view_filter ] --START--
INFO: Run Behavior\WriteHtmlCacheBehavior [ RunTime:0.001000s ]
INFO: [ view_filter ] --END-- [ RunTime:0.001000s ]
INFO: [ app_end ] --START--
INFO: Run Behavior\ShowPageTraceBehavior [ RunTime:0.001000s ]
INFO: [ app_end ] --END-- [ RunTime:0.001000s ]

[ 2017-06-01T17:53:41+08:00 ] ::1 /hizhu/HouseRoom/searchroom.html?no=3&leftno=44
INFO: [ app_init ] --START--
INFO: Run Behavior\BuildLiteBehavior [ RunTime:0.000000s ]
INFO: [ app_init ] --END-- [ RunTime:0.001000s ]
INFO: [ app_begin ] --START--
INFO: Run Behavior\ReadHtmlCacheBehavior [ RunTime:0.001000s ]
INFO: [ app_begin ] --END-- [ RunTime:0.001000s ]
SQL: SHOW COLUMNS FROM `admin_user` [ RunTime:0.015001s ]
SQL: SELECT * FROM `admin_user` WHERE `user_name` = 'admin' LIMIT 1   [ RunTime:0.014001s ]
SQL: select user_name,real_name from admin_user where  city_auth like '%1%' order by user_name [ RunTime:0.014001s ]
INFO: [ view_parse ] --START--
INFO: [ template_filter ] --START--
INFO: Run Behavior\ContentReplaceBehavior [ RunTime:0.000000s ]
INFO: [ template_filter ] --END-- [ RunTime:0.001000s ]
INFO: Run Behavior\ParseTemplateBehavior [ RunTime:0.084005s ]
INFO: [ view_parse ] --END-- [ RunTime:0.085005s ]
INFO: [ view_filter ] --START--
INFO: Run Behavior\WriteHtmlCacheBehavior [ RunTime:0.001000s ]
INFO: [ view_filter ] --END-- [ RunTime:0.001000s ]
INFO: [ app_end ] --START--
INFO: Run Behavior\ShowPageTraceBehavior [ RunTime:0.001000s ]
INFO: [ app_end ] --END-- [ RunTime:0.003000s ]

[ 2017-06-01T17:53:49+08:00 ] ::1 /hizhu/HouseRoom/searchroom?no=3&leftno=44&p=&searchtype=select&roomStatus=2&region=&scope=&create_man=&delState=1&estateName=&principal_man=&startTime_create=&endTime_create=&moneyMin=&moneyMax=&update_man=&startTime=&endTime=&rent_type=&clientPhone=&info_resource_type=&info_resource=&room_num=&is_owner=3&roomNo=&houseareaMin=&houseareaMax=&brand_type=&third_no=&roomareaMin=&roomareaMax=&isFee=&business_type=&isGroup=&isMonth=&isVedio=&isRental=&is_commission=
INFO: [ app_init ] --START--
INFO: Run Behavior\BuildLiteBehavior [ RunTime:0.000000s ]
INFO: [ app_init ] --END-- [ RunTime:0.001000s ]
INFO: [ app_begin ] --START--
INFO: Run Behavior\ReadHtmlCacheBehavior [ RunTime:0.001000s ]
INFO: [ app_begin ] --END-- [ RunTime:0.001000s ]
SQL: SHOW COLUMNS FROM `admin_user` [ RunTime:0.014001s ]
SQL: SELECT * FROM `admin_user` WHERE `user_name` = 'admin' LIMIT 1   [ RunTime:0.013001s ]
SQL: select count(*) as totalCount,sum(r.total_count) as roomTotalCount,sum(r.up_count) as roomUpCount,count(distinct h.client_phone) as ownerCount from houseresource h inner join houseroom r on h.id=r.resource_id where h.city_code='001009001'  and r.status=2 and r.record_status=1 and h.is_owner='3'   [ RunTime:0.112007s ]
SQL: select r.id,r.room_no,h.client_name,h.client_phone,h.house_no,h.estate_name,h.region_name,h.scope_name,h.unit_no,h.room_no as shi_no,r.room_name,r.room_area,r.room_money,r.update_time,r.update_man,r.create_man,r.principal_man,r.create_time,
      h.business_type ,h.info_resource,r.status,r.record_status,r.is_commission,r.is_monthly,h.area,h.room_type,h.rent_type,h.room_num,h.hall_num,h.wei_num,r.resource_id,h.customer_id,h.is_owner,h.rental_type,r.had_vedio from houseresource h inner join houseroom r on h.id=r.resource_id where h.city_code='001009001'  and r.status=2 and r.record_status=1 and h.is_owner='3'   order by r.update_time desc,r.id desc limit 0,8 [ RunTime:0.047002s ]
INFO: [ view_parse ] --START--
INFO: [ template_filter ] --START--
INFO: Run Behavior\ContentReplaceBehavior [ RunTime:0.001000s ]
INFO: [ template_filter ] --END-- [ RunTime:0.001000s ]
INFO: Run Behavior\ParseTemplateBehavior [ RunTime:0.067003s ]
INFO: [ view_parse ] --END-- [ RunTime:0.067003s ]
INFO: [ view_filter ] --START--
INFO: Run Behavior\WriteHtmlCacheBehavior [ RunTime:0.000000s ]
INFO: [ view_filter ] --END-- [ RunTime:0.001001s ]
INFO: [ app_end ] --START--
INFO: Run Behavior\ShowPageTraceBehavior [ RunTime:0.003000s ]
INFO: [ app_end ] --END-- [ RunTime:0.004000s ]

[ 2017-06-01T17:53:58+08:00 ] ::1 /hizhu/HouseRoom/searchroom?no=3&leftno=44&p=&searchtype=select&roomStatus=2&region=&scope=&create_man=&delState=1&estateName=&principal_man=&startTime_create=&endTime_create=&moneyMin=&moneyMax=&update_man=&startTime=&endTime=&rent_type=&clientPhone=&info_resource_type=&info_resource=&room_num=&is_owner=&roomNo=&houseareaMin=&houseareaMax=&brand_type=&third_no=&roomareaMin=&roomareaMax=&isFee=&business_type=&isGroup=&isMonth=&isVedio=&isRental=1&is_commission=
INFO: [ app_init ] --START--
INFO: Run Behavior\BuildLiteBehavior [ RunTime:0.000000s ]
INFO: [ app_init ] --END-- [ RunTime:0.001000s ]
INFO: [ app_begin ] --START--
INFO: Run Behavior\ReadHtmlCacheBehavior [ RunTime:0.000000s ]
INFO: [ app_begin ] --END-- [ RunTime:0.000000s ]
SQL: SHOW COLUMNS FROM `admin_user` [ RunTime:0.012000s ]
SQL: SELECT * FROM `admin_user` WHERE `user_name` = 'admin' LIMIT 1   [ RunTime:0.012001s ]
SQL: select count(*) as totalCount,sum(r.total_count) as roomTotalCount,sum(r.up_count) as roomUpCount,count(distinct h.client_phone) as ownerCount from houseresource h inner join houseroom r on h.id=r.resource_id where h.city_code='001009001'  and r.status=2 and r.record_status=1 and h.rental_type=1  [ RunTime:0.018001s ]
SQL: select r.id,r.room_no,h.client_name,h.client_phone,h.house_no,h.estate_name,h.region_name,h.scope_name,h.unit_no,h.room_no as shi_no,r.room_name,r.room_area,r.room_money,r.update_time,r.update_man,r.create_man,r.principal_man,r.create_time,
      h.business_type ,h.info_resource,r.status,r.record_status,r.is_commission,r.is_monthly,h.area,h.room_type,h.rent_type,h.room_num,h.hall_num,h.wei_num,r.resource_id,h.customer_id,h.is_owner,h.rental_type,r.had_vedio from houseresource h inner join houseroom r on h.id=r.resource_id where h.city_code='001009001'  and r.status=2 and r.record_status=1 and h.rental_type=1  order by r.update_time desc,r.id desc limit 0,8 [ RunTime:0.024002s ]
INFO: [ view_parse ] --START--
INFO: [ template_filter ] --START--
INFO: Run Behavior\ContentReplaceBehavior [ RunTime:0.001000s ]
INFO: [ template_filter ] --END-- [ RunTime:0.001000s ]
INFO: Run Behavior\ParseTemplateBehavior [ RunTime:0.072004s ]
INFO: [ view_parse ] --END-- [ RunTime:0.072004s ]
INFO: [ view_filter ] --START--
INFO: Run Behavior\WriteHtmlCacheBehavior [ RunTime:0.000000s ]
INFO: [ view_filter ] --END-- [ RunTime:0.002000s ]
INFO: [ app_end ] --START--
INFO: Run Behavior\ShowPageTraceBehavior [ RunTime:0.001000s ]
INFO: [ app_end ] --END-- [ RunTime:0.001000s ]

[ 2017-06-01T17:56:00+08:00 ] ::1 /hizhu/HouseRoom/downloadExcel?no=3&leftno=44&p=&searchtype=select&roomStatus=2&region=&scope=&create_man=&delState=1&estateName=&principal_man=&startTime_create=&endTime_create=&moneyMin=&moneyMax=&update_man=&startTime=&endTime=&rent_type=&clientPhone=&info_resource_type=&info_resource=&room_num=&is_owner=&roomNo=&houseareaMin=&houseareaMax=&brand_type=&third_no=&roomareaMin=&roomareaMax=&isFee=&business_type=&isGroup=&isMonth=&isVedio=&isRental=1&is_commission=
INFO: [ app_init ] --START--
INFO: Run Behavior\BuildLiteBehavior [ RunTime:0.000000s ]
INFO: [ app_init ] --END-- [ RunTime:0.001000s ]
INFO: [ app_begin ] --START--
INFO: Run Behavior\ReadHtmlCacheBehavior [ RunTime:0.001000s ]
INFO: [ app_begin ] --END-- [ RunTime:0.002001s ]
SQL: select h.house_no,r.room_no,h.is_owner,h.info_resource,h.region_name,h.scope_name,h.estate_name,h.brand_type,h.business_type,h.room_num,h.hall_num,h.wei_num,h.rent_type,h.rental_type,h.area,r.room_name,r.room_area,r.room_money,h.client_name,h.client_phone,r.status,r.is_commission,r.is_monthly,r.is_commission as is_fee,r.had_vedio,r.record_status,r.create_time,r.update_time,r.update_man,r.create_man,r.principal_man from houseresource h inner join houseroom r on h.id=r.resource_id where h.city_code='001009001'  and r.status=2 and r.record_status=1 and h.rental_type=1  order by r.update_time desc,r.id desc limit 10000 [ RunTime:0.028001s ]
INFO: [ app_end ] --START--
INFO: Run Behavior\ShowPageTraceBehavior [ RunTime:0.001000s ]
INFO: [ app_end ] --END-- [ RunTime:0.001000s ]

[ 2017-06-01T18:00:34+08:00 ] ::1 /hizhu/HouseRoom/searchroom.html?no=3&leftno=44
INFO: [ app_init ] --START--
INFO: Run Behavior\BuildLiteBehavior [ RunTime:0.000000s ]
INFO: [ app_init ] --END-- [ RunTime:0.001000s ]
INFO: [ app_begin ] --START--
INFO: Run Behavior\ReadHtmlCacheBehavior [ RunTime:0.001000s ]
INFO: [ app_begin ] --END-- [ RunTime:0.001000s ]
SQL: SHOW COLUMNS FROM `admin_user` [ RunTime:0.010000s ]
SQL: SELECT * FROM `admin_user` WHERE `user_name` = 'admin' LIMIT 1   [ RunTime:0.217013s ]
INFO: [ view_parse ] --START--
INFO: [ template_filter ] --START--
INFO: Run Behavior\ContentReplaceBehavior [ RunTime:0.000000s ]
INFO: [ template_filter ] --END-- [ RunTime:0.001000s ]
INFO: Run Behavior\ParseTemplateBehavior [ RunTime:0.056003s ]
INFO: [ view_parse ] --END-- [ RunTime:0.056003s ]
INFO: [ view_filter ] --START--
INFO: Run Behavior\WriteHtmlCacheBehavior [ RunTime:0.000000s ]
INFO: [ view_filter ] --END-- [ RunTime:0.000000s ]
INFO: [ app_end ] --START--
INFO: Run Behavior\ShowPageTraceBehavior [ RunTime:0.001000s ]
INFO: [ app_end ] --END-- [ RunTime:0.001000s ]

[ 2017-06-01T18:00:42+08:00 ] ::1 /hizhu/HouseRoom/searchroom?no=3&leftno=44&p=&searchtype=select&roomStatus=2&region=&scope=&create_man=&delState=1&estateName=&principal_man=&startTime_create=&endTime_create=&moneyMin=&moneyMax=&update_man=&startTime=&endTime=&rent_type=&clientPhone=&info_resource_type=&info_resource=&room_num=&is_owner=3&roomNo=&houseareaMin=&houseareaMax=&brand_type=&third_no=&roomareaMin=&roomareaMax=&isFee=&business_type=&isGroup=&isMonth=&isVedio=&isRental=&is_commission=
INFO: [ app_init ] --START--
INFO: Run Behavior\BuildLiteBehavior [ RunTime:0.000000s ]
INFO: [ app_init ] --END-- [ RunTime:0.001000s ]
INFO: [ app_begin ] --START--
INFO: Run Behavior\ReadHtmlCacheBehavior [ RunTime:0.001000s ]
INFO: [ app_begin ] --END-- [ RunTime:0.002000s ]
SQL: SHOW COLUMNS FROM `admin_user` [ RunTime:0.018001s ]
SQL: SELECT * FROM `admin_user` WHERE `user_name` = 'admin' LIMIT 1   [ RunTime:0.014001s ]
SQL: select count(*) as totalCount,sum(r.total_count) as roomTotalCount,sum(r.up_count) as roomUpCount,count(distinct h.client_phone) as ownerCount from houseresource h inner join houseroom r on h.id=r.resource_id where h.city_code='001009001'  and r.status=2 and r.record_status=1 and h.is_owner='3'   [ RunTime:0.017001s ]
SQL: select r.id,r.room_no,h.client_name,h.client_phone,h.house_no,h.estate_name,h.region_name,h.scope_name,h.unit_no,h.room_no as shi_no,r.room_name,r.room_area,r.room_money,r.update_time,r.update_man,r.create_man,r.principal_man,r.create_time,
      h.business_type ,h.info_resource,r.status,r.record_status,r.is_commission,r.is_monthly,h.area,h.room_type,h.rent_type,h.room_num,h.hall_num,h.wei_num,r.resource_id,h.customer_id,h.is_owner,h.rental_type,r.had_vedio from houseresource h inner join houseroom r on h.id=r.resource_id where h.city_code='001009001'  and r.status=2 and r.record_status=1 and h.is_owner='3'   order by r.update_time desc,r.id desc limit 0,8 [ RunTime:0.016000s ]
INFO: [ view_parse ] --START--
INFO: [ template_filter ] --START--
INFO: Run Behavior\ContentReplaceBehavior [ RunTime:0.001000s ]
INFO: [ template_filter ] --END-- [ RunTime:0.001000s ]
INFO: Run Behavior\ParseTemplateBehavior [ RunTime:0.058003s ]
INFO: [ view_parse ] --END-- [ RunTime:0.059003s ]
INFO: [ view_filter ] --START--
INFO: Run Behavior\WriteHtmlCacheBehavior [ RunTime:0.001000s ]
INFO: [ view_filter ] --END-- [ RunTime:0.001000s ]
INFO: [ app_end ] --START--
INFO: Run Behavior\ShowPageTraceBehavior [ RunTime:0.001000s ]
INFO: [ app_end ] --END-- [ RunTime:0.001000s ]

[ 2017-06-01T18:00:57+08:00 ] ::1 /hizhu/HouseRoom/searchroom?no=3&leftno=44&p=&searchtype=select&roomStatus=2&region=&scope=&create_man=&delState=1&estateName=&principal_man=&startTime_create=&endTime_create=&moneyMin=&moneyMax=&update_man=&startTime=&endTime=&rent_type=&clientPhone=&info_resource_type=&info_resource=&room_num=&is_owner=4&roomNo=&houseareaMin=&houseareaMax=&brand_type=&third_no=&roomareaMin=&roomareaMax=&isFee=&business_type=&isGroup=&isMonth=&isVedio=&isRental=&is_commission=
INFO: [ app_init ] --START--
INFO: Run Behavior\BuildLiteBehavior [ RunTime:0.000000s ]
INFO: [ app_init ] --END-- [ RunTime:0.001000s ]
INFO: [ app_begin ] --START--
INFO: Run Behavior\ReadHtmlCacheBehavior [ RunTime:0.001000s ]
INFO: [ app_begin ] --END-- [ RunTime:0.001000s ]
SQL: SHOW COLUMNS FROM `admin_user` [ RunTime:0.012001s ]
SQL: SELECT * FROM `admin_user` WHERE `user_name` = 'admin' LIMIT 1   [ RunTime:0.011000s ]
SQL: select count(*) as totalCount,sum(r.total_count) as roomTotalCount,sum(r.up_count) as roomUpCount,count(distinct h.client_phone) as ownerCount from houseresource h inner join houseroom r on h.id=r.resource_id where h.city_code='001009001'  and r.status=2 and r.record_status=1 and h.is_owner='4'   [ RunTime:0.034002s ]
SQL: select r.id,r.room_no,h.client_name,h.client_phone,h.house_no,h.estate_name,h.region_name,h.scope_name,h.unit_no,h.room_no as shi_no,r.room_name,r.room_area,r.room_money,r.update_time,r.update_man,r.create_man,r.principal_man,r.create_time,
      h.business_type ,h.info_resource,r.status,r.record_status,r.is_commission,r.is_monthly,h.area,h.room_type,h.rent_type,h.room_num,h.hall_num,h.wei_num,r.resource_id,h.customer_id,h.is_owner,h.rental_type,r.had_vedio from houseresource h inner join houseroom r on h.id=r.resource_id where h.city_code='001009001'  and r.status=2 and r.record_status=1 and h.is_owner='4'   order by r.update_time desc,r.id desc limit 0,8 [ RunTime:0.278015s ]
SQL: select type_no,info_type,name,index_no from houseinfotype where record_status=1 and city_code='001009001' order by info_type,index_no [ RunTime:0.012001s ]
INFO: [ view_parse ] --START--
INFO: [ template_filter ] --START--
INFO: Run Behavior\ContentReplaceBehavior [ RunTime:0.001000s ]
INFO: [ template_filter ] --END-- [ RunTime:0.001000s ]
INFO: Run Behavior\ParseTemplateBehavior [ RunTime:0.063003s ]
INFO: [ view_parse ] --END-- [ RunTime:0.064003s ]
INFO: [ view_filter ] --START--
INFO: Run Behavior\WriteHtmlCacheBehavior [ RunTime:0.000000s ]
INFO: [ view_filter ] --END-- [ RunTime:0.000000s ]
INFO: [ app_end ] --START--
INFO: Run Behavior\ShowPageTraceBehavior [ RunTime:0.001000s ]
INFO: [ app_end ] --END-- [ RunTime:0.001000s ]

