[ 2017-05-26T09:53:02+08:00 ] ::1 /hizhu/admin.php
INFO: [ app_init ] --START--
INFO: Run Behavior\BuildLiteBehavior [ RunTime:0.000000s ]
INFO: [ app_init ] --END-- [ RunTime:0.003000s ]
INFO: [ app_begin ] --START--
INFO: Run Behavior\ReadHtmlCacheBehavior [ RunTime:0.001000s ]
INFO: [ app_begin ] --END-- [ RunTime:0.001000s ]
INFO: [ view_parse ] --START--
INFO: [ template_filter ] --START--
INFO: Run Behavior\ContentReplaceBehavior [ RunTime:0.000000s ]
INFO: [ template_filter ] --END-- [ RunTime:0.000000s ]
INFO: Run Behavior\ParseTemplateBehavior [ RunTime:0.010001s ]
INFO: [ view_parse ] --END-- [ RunTime:0.010001s ]
INFO: [ view_filter ] --START--
INFO: Run Behavior\WriteHtmlCacheBehavior [ RunTime:0.000000s ]
INFO: [ view_filter ] --END-- [ RunTime:0.000000s ]
INFO: [ app_end ] --START--
INFO: Run Behavior\ShowPageTraceBehavior [ RunTime:0.001000s ]
INFO: [ app_end ] --END-- [ RunTime:0.001000s ]

[ 2017-05-26T09:53:02+08:00 ] ::1 /hizhu/admin.php/Index/verufy.html
INFO: [ app_init ] --START--
INFO: Run Behavior\BuildLiteBehavior [ RunTime:0.000000s ]
INFO: [ app_init ] --END-- [ RunTime:0.000000s ]
INFO: [ app_begin ] --START--
INFO: Run Behavior\ReadHtmlCacheBehavior [ RunTime:0.001000s ]
INFO: [ app_begin ] --END-- [ RunTime:0.002000s ]
INFO: [ app_end ] --START--
INFO: Run Behavior\ShowPageTraceBehavior [ RunTime:0.001000s ]
INFO: [ app_end ] --END-- [ RunTime:0.001000s ]

[ 2017-05-26T09:53:08+08:00 ] ::1 /hizhu/Index/login.html
INFO: [ app_init ] --START--
INFO: Run Behavior\BuildLiteBehavior [ RunTime:0.000000s ]
INFO: [ app_init ] --END-- [ RunTime:0.001000s ]
INFO: [ app_begin ] --START--
INFO: Run Behavior\ReadHtmlCacheBehavior [ RunTime:0.000000s ]
INFO: [ app_begin ] --END-- [ RunTime:0.001000s ]
SQL: SHOW COLUMNS FROM `admin_user` [ RunTime:0.017001s ]
SQL: SELECT * FROM `admin_user` WHERE `user_name` = 'admin' LIMIT 1   [ RunTime:0.018001s ]
SQL: SELECT * FROM `admin_user` WHERE `user_name` = 'admin' AND `user_pwd` = '0c6b4038cefe52dbba27c6434dc1fecd'  [ RunTime:0.240013s ]
SQL: SELECT * FROM `admin_user` WHERE `user_name` = 'admin' LIMIT 1   [ RunTime:0.025002s ]
INFO: [ view_parse ] --START--
INFO: [ template_filter ] --START--
INFO: Run Behavior\ContentReplaceBehavior [ RunTime:0.000000s ]
INFO: [ template_filter ] --END-- [ RunTime:0.000000s ]
INFO: Run Behavior\ParseTemplateBehavior [ RunTime:0.008001s ]
INFO: [ view_parse ] --END-- [ RunTime:0.008001s ]
INFO: [ view_filter ] --START--
INFO: Run Behavior\WriteHtmlCacheBehavior [ RunTime:0.001000s ]
INFO: [ view_filter ] --END-- [ RunTime:0.001000s ]
INFO: [ app_end ] --START--
INFO: Run Behavior\ShowPageTraceBehavior [ RunTime:0.001000s ]
INFO: [ app_end ] --END-- [ RunTime:0.001000s ]

[ 2017-05-26T09:53:11+08:00 ] ::1 /hizhu/Welcome/welcome.html
INFO: [ app_init ] --START--
INFO: Run Behavior\BuildLiteBehavior [ RunTime:0.000000s ]
INFO: [ app_init ] --END-- [ RunTime:0.000000s ]
INFO: [ app_begin ] --START--
INFO: Run Behavior\ReadHtmlCacheBehavior [ RunTime:0.001000s ]
INFO: [ app_begin ] --END-- [ RunTime:0.001000s ]
SQL: SHOW COLUMNS FROM `admin_user` [ RunTime:0.028002s ]
SQL: SELECT * FROM `admin_user` WHERE `user_name` = 'admin' LIMIT 1   [ RunTime:0.019001s ]
SQL: SELECT * FROM `admin_user` WHERE `user_name` = 'admin' AND `record_status` = 1 LIMIT 1   [ RunTime:0.031002s ]
INFO: [ view_parse ] --START--
INFO: [ template_filter ] --START--
INFO: Run Behavior\ContentReplaceBehavior [ RunTime:0.000000s ]
INFO: [ template_filter ] --END-- [ RunTime:0.000000s ]
INFO: Run Behavior\ParseTemplateBehavior [ RunTime:0.017000s ]
INFO: [ view_parse ] --END-- [ RunTime:0.017000s ]
INFO: [ view_filter ] --START--
INFO: Run Behavior\WriteHtmlCacheBehavior [ RunTime:0.001001s ]
INFO: [ view_filter ] --END-- [ RunTime:0.001001s ]
INFO: [ app_end ] --START--
INFO: Run Behavior\ShowPageTraceBehavior [ RunTime:0.001000s ]
INFO: [ app_end ] --END-- [ RunTime:0.001000s ]

[ 2017-05-26T09:53:16+08:00 ] ::1 /hizhu/HouseResource/resourcelist.html?no=3
INFO: [ app_init ] --START--
INFO: Run Behavior\BuildLiteBehavior [ RunTime:0.000000s ]
INFO: [ app_init ] --END-- [ RunTime:0.001000s ]
INFO: [ app_begin ] --START--
INFO: Run Behavior\ReadHtmlCacheBehavior [ RunTime:0.001000s ]
INFO: [ app_begin ] --END-- [ RunTime:0.001000s ]
SQL: SHOW COLUMNS FROM `admin_user` [ RunTime:0.279016s ]
SQL: SELECT * FROM `admin_user` WHERE `user_name` = 'admin' LIMIT 1   [ RunTime:0.017001s ]
SQL: SHOW COLUMNS FROM `adminmenulist` [ RunTime:0.013001s ]
SQL: SELECT * FROM `adminmenulist` WHERE `parent_id` = 26 AND `record_status` = 1 ORDER BY index_no asc  [ RunTime:0.016001s ]
SQL: SELECT * FROM `adminmenulist` WHERE `parent_id` = 56 AND `record_status` = 1 ORDER BY index_no asc  [ RunTime:0.016000s ]
SQL: SELECT * FROM `adminmenulist` WHERE `parent_id` = 144 AND `record_status` = 1 ORDER BY index_no asc  [ RunTime:0.013000s ]
SQL: SELECT * FROM `adminmenulist` WHERE `parent_id` = 60 AND `record_status` = 1 ORDER BY index_no asc  [ RunTime:0.017001s ]
SQL: SELECT * FROM `adminmenulist` WHERE `parent_id` = 63 AND `record_status` = 1 ORDER BY index_no asc  [ RunTime:0.012001s ]
SQL: SELECT * FROM `adminmenulist` WHERE `parent_id` = 96 AND `record_status` = 1 ORDER BY index_no asc  [ RunTime:0.015001s ]
SQL: SELECT * FROM `adminmenulist` WHERE `parent_id` = 172 AND `record_status` = 1 ORDER BY index_no asc  [ RunTime:0.018001s ]
SQL: SELECT * FROM `adminmenulist` WHERE `parent_id` = 194 AND `record_status` = 1 ORDER BY index_no asc  [ RunTime:0.012001s ]
SQL: select type_no,info_type,name,index_no from houseinfotype where record_status=1 and city_code='001009001' order by info_type,index_no [ RunTime:0.034002s ]
SQL: select id,cname,parent_id from region where is_display=1 and parent_id=0 and city_code='001009001' [ RunTime:0.026002s ]
INFO: [ view_parse ] --START--
INFO: [ template_filter ] --START--
INFO: Run Behavior\ContentReplaceBehavior [ RunTime:0.000000s ]
INFO: [ template_filter ] --END-- [ RunTime:0.000000s ]
INFO: Run Behavior\ParseTemplateBehavior [ RunTime:0.025002s ]
INFO: [ view_parse ] --END-- [ RunTime:0.025002s ]
INFO: [ view_filter ] --START--
INFO: Run Behavior\WriteHtmlCacheBehavior [ RunTime:0.001000s ]
INFO: [ view_filter ] --END-- [ RunTime:0.001000s ]
INFO: [ app_end ] --START--
INFO: Run Behavior\ShowPageTraceBehavior [ RunTime:0.001000s ]
INFO: [ app_end ] --END-- [ RunTime:0.001000s ]

[ 2017-05-26T11:08:30+08:00 ] ::1 /hizhu/Customer/authenticationList.html?no=6
INFO: [ app_init ] --START--
INFO: Run Behavior\BuildLiteBehavior [ RunTime:0.000000s ]
INFO: [ app_init ] --END-- [ RunTime:0.001000s ]
INFO: [ app_begin ] --START--
INFO: Run Behavior\ReadHtmlCacheBehavior [ RunTime:0.001000s ]
INFO: [ app_begin ] --END-- [ RunTime:0.001000s ]
SQL: SHOW COLUMNS FROM `admin_user` [ RunTime:0.013001s ]
SQL: SELECT * FROM `admin_user` WHERE `user_name` = 'admin' LIMIT 1   [ RunTime:0.012001s ]
SQL: SHOW COLUMNS FROM `adminmenulist` [ RunTime:0.013000s ]
SQL: SELECT * FROM `adminmenulist` WHERE `parent_id` = 0 AND `record_status` = 1 ORDER BY index_no asc  [ RunTime:0.021002s ]
SQL: SELECT * FROM `adminmenulist` WHERE `parent_id` = 6 AND `record_status` = 1 ORDER BY index_no asc  [ RunTime:0.013000s ]
SQL: SELECT * FROM `adminmenulist` WHERE `parent_id` = 31 AND `record_status` = 1 ORDER BY index_no asc  [ RunTime:0.011000s ]
SQL: SELECT * FROM `adminmenulist` WHERE `parent_id` = 32 AND `record_status` = 1 ORDER BY index_no asc  [ RunTime:0.053003s ]
SQL: SELECT * FROM `adminmenulist` WHERE `parent_id` = 191 AND `record_status` = 1 ORDER BY index_no asc  [ RunTime:0.012000s ]
SQL: SHOW COLUMNS FROM `adminmenulistlimit` [ RunTime:0.012000s ]
SQL: SELECT * FROM `adminmenulistlimit` WHERE `city_auth` = 1 AND `user_name` = 'admin'  [ RunTime:0.042003s ]
SQL: SHOW COLUMNS FROM `customer` [ RunTime:0.015000s ]
SQL: SELECT COUNT(*) AS tp_count FROM `customer` WHERE `is_auth` = 1 AND ( `auth_time` > 1427817600 AND `auth_time` < 1743523200  ) LIMIT 1   [ RunTime:0.016001s ]
NOTIC: [2] urlencode() expects parameter 1 to be string, array given D:\wamp\www\hizhu\Application\Home\Controller\CustomerController.class.php 第 44 行.
NOTIC: [2] urlencode() expects parameter 1 to be string, array given D:\wamp\www\hizhu\Application\Home\Controller\CustomerController.class.php 第 44 行.
SQL: SELECT * FROM `customer` WHERE `is_auth` = 1 AND ( `auth_time` > 1427817600 AND `auth_time` < 1743523200  ) ORDER BY auth_time desc LIMIT 0,15   [ RunTime:0.017001s ]
INFO: [ view_parse ] --START--
INFO: [ template_filter ] --START--
INFO: Run Behavior\ContentReplaceBehavior [ RunTime:0.000000s ]
INFO: [ template_filter ] --END-- [ RunTime:0.001000s ]
NOTIC: [8] Undefined index: startTime D:\wamp\www\hizhu\Application\Runtime\Cache\Home\ef908816fe1538536da457bb5abcc42d.php 第 72 行.
NOTIC: [8] Undefined index: endTime D:\wamp\www\hizhu\Application\Runtime\Cache\Home\ef908816fe1538536da457bb5abcc42d.php 第 72 行.
NOTIC: [8] Undefined index: mobile D:\wamp\www\hizhu\Application\Runtime\Cache\Home\ef908816fe1538536da457bb5abcc42d.php 第 74 行.
NOTIC: [8] Undefined index: name D:\wamp\www\hizhu\Application\Runtime\Cache\Home\ef908816fe1538536da457bb5abcc42d.php 第 78 行.
INFO: Run Behavior\ParseTemplateBehavior [ RunTime:0.032002s ]
INFO: [ view_parse ] --END-- [ RunTime:0.032002s ]
INFO: [ view_filter ] --START--
INFO: Run Behavior\WriteHtmlCacheBehavior [ RunTime:0.001000s ]
INFO: [ view_filter ] --END-- [ RunTime:0.001000s ]
INFO: [ app_end ] --START--
INFO: Run Behavior\ShowPageTraceBehavior [ RunTime:0.001000s ]
INFO: [ app_end ] --END-- [ RunTime:0.001000s ]

[ 2017-05-26T11:08:36+08:00 ] ::1 /hizhu/CustomerTracking/customerLinksQuery.html?no=6&leftno=201
INFO: [ app_init ] --START--
INFO: Run Behavior\BuildLiteBehavior [ RunTime:0.000000s ]
INFO: [ app_init ] --END-- [ RunTime:0.001000s ]
INFO: [ app_begin ] --START--
INFO: Run Behavior\ReadHtmlCacheBehavior [ RunTime:0.001000s ]
INFO: [ app_begin ] --END-- [ RunTime:0.001000s ]
SQL: SHOW COLUMNS FROM `admin_user` [ RunTime:0.013000s ]
SQL: SELECT * FROM `admin_user` WHERE `user_name` = 'admin' LIMIT 1   [ RunTime:0.009001s ]
SQL: SHOW COLUMNS FROM `customerlinks` [ RunTime:0.048002s ]
SQL: SELECT COUNT(*) AS tp_count FROM `customerlinks` WHERE `city_code` = '001009001' LIMIT 1   [ RunTime:0.037003s ]
SQL: SELECT * FROM `customerlinks` WHERE `city_code` = '001009001' LIMIT 0,4   [ RunTime:0.032001s ]
SQL: SHOW COLUMNS FROM gaodudata.customerinfo [ RunTime:0.022001s ]
SQL: SELECT `principal_man` FROM gaodudata.customerinfo WHERE `customer_id` = '38e4dbd6-9de4-51f0-af03-5bf2ea0b89ee' LIMIT 1   [ RunTime:0.016001s ]
SQL: SHOW COLUMNS FROM `houseroom` [ RunTime:0.020001s ]
SQL: SELECT COUNT(*) AS tp_count FROM `houseroom` WHERE `customer_id` = '38e4dbd6-9de4-51f0-af03-5bf2ea0b89ee' AND `status` = 2 LIMIT 1   [ RunTime:0.012001s ]
SQL: SHOW COLUMNS FROM `houseoffer` [ RunTime:0.015001s ]
SQL: SELECT COUNT(*) AS tp_count FROM `houseoffer` WHERE `customer_id` = '38e4dbd6-9de4-51f0-af03-5bf2ea0b89ee' AND `is_my` = 0 AND `status_code` = 3 AND `record_status` = 1 LIMIT 1   [ RunTime:0.020001s ]
SQL: SHOW COLUMNS FROM gaodudata.customerinfo [ RunTime:0.028002s ]
SQL: SELECT `principal_man` FROM gaodudata.customerinfo WHERE `customer_id` = 'D86E4A8C-8DE6-4D54-0FB1-AFCD48B01F73' LIMIT 1   [ RunTime:0.023001s ]
SQL: SELECT COUNT(*) AS tp_count FROM `houseroom` WHERE `customer_id` = 'D86E4A8C-8DE6-4D54-0FB1-AFCD48B01F73' AND `status` = 2 LIMIT 1   [ RunTime:0.023001s ]
SQL: SHOW COLUMNS FROM gaodudata.customerinfo [ RunTime:0.025002s ]
SQL: SELECT `principal_man` FROM gaodudata.customerinfo WHERE `customer_id` = 'D86E4A8C-8DE6-4D54-0FB1-AFCD48B01F73' LIMIT 1   [ RunTime:0.020001s ]
SQL: SELECT COUNT(*) AS tp_count FROM `houseroom` WHERE `customer_id` = 'D86E4A8C-8DE6-4D54-0FB1-AFCD48B01F73' AND `status` = 2 LIMIT 1   [ RunTime:0.031002s ]
SQL: SHOW COLUMNS FROM gaodudata.customerinfo [ RunTime:0.026001s ]
SQL: SELECT `principal_man` FROM gaodudata.customerinfo WHERE `customer_id` = 'D86E4A8C-8DE6-4D54-0FB1-AFCD48B01F73' LIMIT 1   [ RunTime:0.019001s ]
SQL: SELECT COUNT(*) AS tp_count FROM `houseroom` WHERE `customer_id` = 'D86E4A8C-8DE6-4D54-0FB1-AFCD48B01F73' AND `status` = 2 LIMIT 1   [ RunTime:0.021002s ]
INFO: [ view_parse ] --START--
INFO: [ template_filter ] --START--
INFO: Run Behavior\ContentReplaceBehavior [ RunTime:0.000000s ]
INFO: [ template_filter ] --END-- [ RunTime:0.001000s ]
INFO: Run Behavior\ParseTemplateBehavior [ RunTime:0.022001s ]
INFO: [ view_parse ] --END-- [ RunTime:0.022001s ]
INFO: [ view_filter ] --START--
INFO: Run Behavior\WriteHtmlCacheBehavior [ RunTime:0.001000s ]
INFO: [ view_filter ] --END-- [ RunTime:0.001000s ]
INFO: [ app_end ] --START--
INFO: Run Behavior\ShowPageTraceBehavior [ RunTime:0.001000s ]
INFO: [ app_end ] --END-- [ RunTime:0.001000s ]

[ 2017-05-26T11:12:35+08:00 ] ::1 /hizhu/CustomerTracking/trackinglist.html?no=6&leftno=105
INFO: [ app_init ] --START--
INFO: Run Behavior\BuildLiteBehavior [ RunTime:0.000000s ]
INFO: [ app_init ] --END-- [ RunTime:0.001000s ]
INFO: [ app_begin ] --START--
INFO: Run Behavior\ReadHtmlCacheBehavior [ RunTime:0.001000s ]
INFO: [ app_begin ] --END-- [ RunTime:0.001000s ]
SQL: SHOW COLUMNS FROM `admin_user` [ RunTime:0.017001s ]
SQL: SELECT * FROM `admin_user` WHERE `user_name` = 'admin' LIMIT 1   [ RunTime:0.017001s ]
INFO: [ view_parse ] --START--
INFO: [ template_filter ] --START--
INFO: Run Behavior\ContentReplaceBehavior [ RunTime:0.000000s ]
INFO: [ template_filter ] --END-- [ RunTime:0.001000s ]
NOTIC: [8] Undefined index: applyback_status D:\wamp\www\hizhu\Application\Runtime\Cache\Home\fd08fba9813da2a033e632109e9a44df.php 第 213 行.
NOTIC: [8] Undefined index: applyback_status D:\wamp\www\hizhu\Application\Runtime\Cache\Home\fd08fba9813da2a033e632109e9a44df.php 第 214 行.
NOTIC: [8] Undefined index: applyback_status D:\wamp\www\hizhu\Application\Runtime\Cache\Home\fd08fba9813da2a033e632109e9a44df.php 第 215 行.
NOTIC: [8] Undefined index: second_visit D:\wamp\www\hizhu\Application\Runtime\Cache\Home\fd08fba9813da2a033e632109e9a44df.php 第 221 行.
NOTIC: [8] Undefined index: second_visit D:\wamp\www\hizhu\Application\Runtime\Cache\Home\fd08fba9813da2a033e632109e9a44df.php 第 222 行.
NOTIC: [8] Undefined index: second_visit D:\wamp\www\hizhu\Application\Runtime\Cache\Home\fd08fba9813da2a033e632109e9a44df.php 第 223 行.
NOTIC: [8] Undefined index: visit_source D:\wamp\www\hizhu\Application\Runtime\Cache\Home\fd08fba9813da2a033e632109e9a44df.php 第 231 行.
NOTIC: [8] Undefined index: visit_source D:\wamp\www\hizhu\Application\Runtime\Cache\Home\fd08fba9813da2a033e632109e9a44df.php 第 232 行.
NOTIC: [8] Undefined index: visit_source D:\wamp\www\hizhu\Application\Runtime\Cache\Home\fd08fba9813da2a033e632109e9a44df.php 第 233 行.
NOTIC: [8] Undefined index: visit_source D:\wamp\www\hizhu\Application\Runtime\Cache\Home\fd08fba9813da2a033e632109e9a44df.php 第 234 行.
NOTIC: [8] Undefined index: visit_source D:\wamp\www\hizhu\Application\Runtime\Cache\Home\fd08fba9813da2a033e632109e9a44df.php 第 235 行.
NOTIC: [8] Undefined index: visit_source D:\wamp\www\hizhu\Application\Runtime\Cache\Home\fd08fba9813da2a033e632109e9a44df.php 第 236 行.
INFO: Run Behavior\ParseTemplateBehavior [ RunTime:0.094005s ]
INFO: [ view_parse ] --END-- [ RunTime:0.094005s ]
INFO: [ view_filter ] --START--
INFO: Run Behavior\WriteHtmlCacheBehavior [ RunTime:0.001000s ]
INFO: [ view_filter ] --END-- [ RunTime:0.001000s ]
INFO: [ app_end ] --START--
INFO: Run Behavior\ShowPageTraceBehavior [ RunTime:0.000000s ]
INFO: [ app_end ] --END-- [ RunTime:0.001000s ]

[ 2017-05-26T11:12:39+08:00 ] ::1 /hizhu/CustomerTracking/trackinglist?no=6&leftno=105&p=&totalCount=&handleType=search&mobile=&status=&startTime_look=&endTime_look=&startTime_appoint=&endTime_appoint=&startTime_contact=&endTime_contact=&is_tracking=&is_appoint=&is_contact=&startTime_tracking=&endTime_tracking=&city_code=&is_monthly=&is_commission=&is_look=&renter_sourcetype=&renter_source=&is_getcommission=&is_satisfied=&is_recommend=&startTime_applyback=&endTime_applyback=&applyback_status=&second_visit=&visit_source=
INFO: [ app_init ] --START--
INFO: Run Behavior\BuildLiteBehavior [ RunTime:0.000000s ]
INFO: [ app_init ] --END-- [ RunTime:0.000000s ]
INFO: [ app_begin ] --START--
INFO: Run Behavior\ReadHtmlCacheBehavior [ RunTime:0.000000s ]
INFO: [ app_begin ] --END-- [ RunTime:0.001000s ]
SQL: SHOW COLUMNS FROM `admin_user` [ RunTime:0.012001s ]
SQL: SELECT * FROM `admin_user` WHERE `user_name` = 'admin' LIMIT 1   [ RunTime:0.011000s ]
SQL: select count(1) as totalCount from customertracking a  [ RunTime:0.043002s ]
SQL: select mobile,register_time,renter_status,renter_sourcetype,renter_source,is_service,update_man,update_time,bakinfo,is_look,is_satisfied,is_recommend,is_getcommission,contact_lasttime,contact_count,appoint_looktime,appoint_lasttime,appoint_count,appoint_handleman,is_monthly,is_commission,report_count,city_code,applyback_time,applyback_status,is_cashback,second_visit,visit_source,id from customertracking a  order by register_time desc,id desc limit 0,10 [ RunTime:0.246014s ]
INFO: [ view_parse ] --START--
INFO: [ template_filter ] --START--
INFO: Run Behavior\ContentReplaceBehavior [ RunTime:0.000000s ]
INFO: [ template_filter ] --END-- [ RunTime:0.001000s ]
INFO: Run Behavior\ParseTemplateBehavior [ RunTime:0.075005s ]
INFO: [ view_parse ] --END-- [ RunTime:0.076005s ]
INFO: [ view_filter ] --START--
INFO: Run Behavior\WriteHtmlCacheBehavior [ RunTime:0.000000s ]
INFO: [ view_filter ] --END-- [ RunTime:0.001000s ]
INFO: [ app_end ] --START--
INFO: Run Behavior\ShowPageTraceBehavior [ RunTime:0.001000s ]
INFO: [ app_end ] --END-- [ RunTime:0.001000s ]

[ 2017-05-26T11:12:49+08:00 ] ::1 /hizhu/CustomerTracking/trackingedit?no=6&leftno=105&pid=2581
INFO: [ app_init ] --START--
INFO: Run Behavior\BuildLiteBehavior [ RunTime:0.000000s ]
INFO: [ app_init ] --END-- [ RunTime:0.001000s ]
INFO: [ app_begin ] --START--
INFO: Run Behavior\ReadHtmlCacheBehavior [ RunTime:0.000000s ]
INFO: [ app_begin ] --END-- [ RunTime:0.002000s ]
SQL: SHOW COLUMNS FROM `admin_user` [ RunTime:0.014001s ]
SQL: SELECT * FROM `admin_user` WHERE `user_name` = 'admin' LIMIT 1   [ RunTime:0.016001s ]
SQL: SHOW COLUMNS FROM `customertracking` [ RunTime:0.227013s ]
SQL: SELECT * FROM `customertracking` WHERE `id` = 2581 LIMIT 1   [ RunTime:0.453026s ]
SQL: SELECT room_id,call_time,city_id,info_resource FROM `houserentercall` WHERE `mobile` = '15122222222' AND `big_code`<>'4008108756' and is_marketing=0 ORDER BY create_time DESC LIMIT 10 [ RunTime:0.012000s ]
SQL: SELECT room_id,room_no,create_time,city_code,status,room_money,region_name,scope_name,estate_name,look_time FROM `housereservecall` WHERE `customer_mobile` = '15122222222' ORDER BY create_time DESC LIMIT 10 [ RunTime:0.034002s ]
SQL: SHOW COLUMNS FROM gaodudata.customercouponcash [ RunTime:0.218013s ]
SQL: SELECT `room_id`,`price`,`create_time` FROM gaodudata.customercouponcash WHERE `mobile` = '15122222222' ORDER BY create_time desc LIMIT 10   [ RunTime:0.017001s ]
SQL: SHOW COLUMNS FROM gaodudata.customercouponcash [ RunTime:0.020001s ]
SQL: SELECT `status_code` FROM gaodudata.customercouponcash WHERE `mobile` = '15122222222' ORDER BY create_time desc LIMIT 1   [ RunTime:0.016001s ]
SQL: SELECT region_name,scope_name,estate_name,room_money,view_time,is_view,room_id,room_no FROM housereserve WHERE customer_id = '49823B90-2DAB-9F08-6AE5-835E363918B4' AND record_status=1 ORDER BY create_time DESC LIMIT 10 [ RunTime:0.011001s ]
SQL: SELECT renter_status,renter_room,renter_time,bakinfo,renter_sourcetype,renter_source,is_service,create_time,create_man,is_look,is_satisfied,is_recommend,is_cashback,visit_source,second_visit FROM `customertrackinglog` WHERE `tracking_id` = 2581 ORDER BY create_time DESC LIMIT 10 [ RunTime:0.014001s ]
INFO: [ view_parse ] --START--
INFO: [ template_filter ] --START--
INFO: Run Behavior\ContentReplaceBehavior [ RunTime:0.000000s ]
INFO: [ template_filter ] --END-- [ RunTime:0.000000s ]
INFO: Run Behavior\ParseTemplateBehavior [ RunTime:0.047002s ]
INFO: [ view_parse ] --END-- [ RunTime:0.048002s ]
INFO: [ view_filter ] --START--
INFO: Run Behavior\WriteHtmlCacheBehavior [ RunTime:0.000000s ]
INFO: [ view_filter ] --END-- [ RunTime:0.000000s ]
INFO: [ app_end ] --START--
INFO: Run Behavior\ShowPageTraceBehavior [ RunTime:0.000000s ]
INFO: [ app_end ] --END-- [ RunTime:0.000000s ]

[ 2017-05-26T11:24:27+08:00 ] ::1 /hizhu/CustomerTracking/trackingedit?no=6&leftno=105&pid=2581
INFO: [ app_init ] --START--
INFO: Run Behavior\BuildLiteBehavior [ RunTime:0.000000s ]
INFO: [ app_init ] --END-- [ RunTime:0.000000s ]
INFO: [ app_begin ] --START--
INFO: Run Behavior\ReadHtmlCacheBehavior [ RunTime:0.000000s ]
INFO: [ app_begin ] --END-- [ RunTime:0.001001s ]
SQL: SHOW COLUMNS FROM `admin_user` [ RunTime:0.023001s ]
SQL: SELECT * FROM `admin_user` WHERE `user_name` = 'admin' LIMIT 1   [ RunTime:0.234014s ]
SQL: SHOW COLUMNS FROM `customertracking` [ RunTime:0.520030s ]
SQL: SELECT * FROM `customertracking` WHERE `id` = 2581 LIMIT 1   [ RunTime:0.409024s ]
SQL: SELECT room_id,call_time,city_id,info_resource FROM `houserentercall` WHERE `mobile` = '15122222222' AND `big_code`<>'4008108756' and is_marketing=0 ORDER BY create_time DESC LIMIT 10 [ RunTime:0.009000s ]
SQL: SELECT room_id,room_no,create_time,city_code,status,room_money,region_name,scope_name,estate_name,look_time FROM `housereservecall` WHERE `customer_mobile` = '15122222222' ORDER BY create_time DESC LIMIT 10 [ RunTime:0.009001s ]
SQL: SHOW COLUMNS FROM gaodudata.customercouponcash [ RunTime:0.010000s ]
SQL: SELECT `room_id`,`price`,`create_time` FROM gaodudata.customercouponcash WHERE `mobile` = '15122222222' ORDER BY create_time desc LIMIT 10   [ RunTime:0.010001s ]
SQL: SHOW COLUMNS FROM gaodudata.customercouponcash [ RunTime:0.012001s ]
SQL: SELECT `status_code` FROM gaodudata.customercouponcash WHERE `mobile` = '15122222222' ORDER BY create_time desc LIMIT 1   [ RunTime:0.009000s ]
SQL: SELECT region_name,scope_name,estate_name,room_money,view_time,is_view,room_id,room_no FROM housereserve WHERE customer_id = '49823B90-2DAB-9F08-6AE5-835E363918B4' AND record_status=1 ORDER BY create_time DESC LIMIT 10 [ RunTime:0.010001s ]
SQL: SELECT renter_status,renter_room,renter_time,bakinfo,renter_sourcetype,renter_source,is_service,create_time,create_man,is_look,is_satisfied,is_recommend,is_cashback,visit_source,second_visit FROM `customertrackinglog` WHERE `tracking_id` = 2581 ORDER BY create_time DESC LIMIT 10 [ RunTime:0.010000s ]
INFO: [ view_parse ] --START--
INFO: [ template_filter ] --START--
INFO: Run Behavior\ContentReplaceBehavior [ RunTime:0.000000s ]
INFO: [ template_filter ] --END-- [ RunTime:0.001000s ]
INFO: Run Behavior\ParseTemplateBehavior [ RunTime:0.052002s ]
INFO: [ view_parse ] --END-- [ RunTime:0.052002s ]
INFO: [ view_filter ] --START--
INFO: Run Behavior\WriteHtmlCacheBehavior [ RunTime:0.001001s ]
INFO: [ view_filter ] --END-- [ RunTime:0.001001s ]
INFO: [ app_end ] --START--
INFO: Run Behavior\ShowPageTraceBehavior [ RunTime:0.001000s ]
INFO: [ app_end ] --END-- [ RunTime:0.001000s ]

[ 2017-05-26T11:30:40+08:00 ] ::1 /hizhu/CustomerTracking/trackingedit?no=6&leftno=105&pid=2581
INFO: [ app_init ] --START--
INFO: Run Behavior\BuildLiteBehavior [ RunTime:0.000000s ]
INFO: [ app_init ] --END-- [ RunTime:0.001000s ]
INFO: [ app_begin ] --START--
INFO: Run Behavior\ReadHtmlCacheBehavior [ RunTime:0.001000s ]
INFO: [ app_begin ] --END-- [ RunTime:0.001000s ]
SQL: SHOW COLUMNS FROM `admin_user` [ RunTime:0.028001s ]
SQL: SELECT * FROM `admin_user` WHERE `user_name` = 'admin' LIMIT 1   [ RunTime:0.028002s ]
SQL: SHOW COLUMNS FROM `customertracking` [ RunTime:0.012001s ]
SQL: SELECT * FROM `customertracking` WHERE `id` = 2581 LIMIT 1   [ RunTime:0.879050s ]
SQL: SELECT room_id,call_time,city_id,info_resource FROM `houserentercall` WHERE `mobile` = '15122222222' AND `big_code`<>'4008108756' and is_marketing=0 ORDER BY create_time DESC LIMIT 10 [ RunTime:0.017001s ]
SQL: SELECT room_id,room_no,create_time,city_code,status,room_money,region_name,scope_name,estate_name,look_time FROM `housereservecall` WHERE `customer_mobile` = '15122222222' ORDER BY create_time DESC LIMIT 10 [ RunTime:0.013001s ]
SQL: SHOW COLUMNS FROM gaodudata.customercouponcash [ RunTime:0.015001s ]
SQL: SELECT `room_id`,`price`,`create_time` FROM gaodudata.customercouponcash WHERE `mobile` = '15122222222' ORDER BY create_time desc LIMIT 10   [ RunTime:0.056003s ]
SQL: SHOW COLUMNS FROM gaodudata.customercouponcash [ RunTime:0.012001s ]
SQL: SELECT `status_code` FROM gaodudata.customercouponcash WHERE `mobile` = '15122222222' ORDER BY create_time desc LIMIT 1   [ RunTime:0.013000s ]
SQL: SELECT region_name,scope_name,estate_name,room_money,view_time,is_view,room_id,room_no FROM housereserve WHERE customer_id = '49823B90-2DAB-9F08-6AE5-835E363918B4' AND record_status=1 ORDER BY create_time DESC LIMIT 10 [ RunTime:0.015001s ]
SQL: SELECT renter_status,renter_room,renter_time,bakinfo,renter_sourcetype,renter_source,is_service,create_time,create_man,is_look,is_satisfied,is_recommend,is_cashback,visit_source,second_visit FROM `customertrackinglog` WHERE `tracking_id` = 2581 ORDER BY create_time DESC LIMIT 10 [ RunTime:0.011001s ]
INFO: [ view_parse ] --START--
INFO: [ template_filter ] --START--
INFO: Run Behavior\ContentReplaceBehavior [ RunTime:0.000000s ]
INFO: [ template_filter ] --END-- [ RunTime:0.001000s ]
INFO: Run Behavior\ParseTemplateBehavior [ RunTime:0.050003s ]
INFO: [ view_parse ] --END-- [ RunTime:0.052003s ]
INFO: [ view_filter ] --START--
INFO: Run Behavior\WriteHtmlCacheBehavior [ RunTime:0.000000s ]
INFO: [ view_filter ] --END-- [ RunTime:0.000000s ]
INFO: [ app_end ] --START--
INFO: Run Behavior\ShowPageTraceBehavior [ RunTime:0.001000s ]
INFO: [ app_end ] --END-- [ RunTime:0.001000s ]

[ 2017-05-26T11:35:07+08:00 ] ::1 /hizhu/CustomerTracking/trackingedit?no=6&leftno=105&pid=2581
INFO: [ app_init ] --START--
INFO: Run Behavior\BuildLiteBehavior [ RunTime:0.000000s ]
INFO: [ app_init ] --END-- [ RunTime:0.001000s ]
INFO: [ app_begin ] --START--
INFO: Run Behavior\ReadHtmlCacheBehavior [ RunTime:0.001000s ]
INFO: [ app_begin ] --END-- [ RunTime:0.001000s ]
SQL: SHOW COLUMNS FROM `admin_user` [ RunTime:0.015001s ]
SQL: SELECT * FROM `admin_user` WHERE `user_name` = 'admin' LIMIT 1   [ RunTime:0.260015s ]
SQL: SHOW COLUMNS FROM `customertracking` [ RunTime:0.018001s ]
SQL: SELECT * FROM `customertracking` WHERE `id` = 2581 LIMIT 1   [ RunTime:0.317018s ]
SQL: SELECT room_id,call_time,city_id,info_resource FROM `houserentercall` WHERE `mobile` = '15122222222' AND `big_code`<>'4008108756' and is_marketing=0 ORDER BY create_time DESC LIMIT 10 [ RunTime:0.017001s ]
SQL: SELECT room_id,room_no,create_time,city_code,status,room_money,region_name,scope_name,estate_name,look_time FROM `housereservecall` WHERE `customer_mobile` = '15122222222' ORDER BY create_time DESC LIMIT 10 [ RunTime:0.019001s ]
SQL: SHOW COLUMNS FROM gaodudata.customercouponcash [ RunTime:0.019001s ]
SQL: SELECT `room_id`,`price`,`create_time` FROM gaodudata.customercouponcash WHERE `mobile` = '15122222222' ORDER BY create_time desc LIMIT 10   [ RunTime:0.014001s ]
SQL: SHOW COLUMNS FROM gaodudata.customercouponcash [ RunTime:0.023001s ]
SQL: SELECT `status_code` FROM gaodudata.customercouponcash WHERE `mobile` = '15122222222' ORDER BY create_time desc LIMIT 1   [ RunTime:0.022002s ]
SQL: SELECT region_name,scope_name,estate_name,room_money,view_time,is_view,room_id,room_no FROM housereserve WHERE customer_id = '49823B90-2DAB-9F08-6AE5-835E363918B4' AND record_status=1 ORDER BY create_time DESC LIMIT 10 [ RunTime:0.019001s ]
SQL: SELECT renter_status,renter_room,renter_time,bakinfo,renter_sourcetype,renter_source,is_service,create_time,create_man,is_look,is_satisfied,is_recommend,is_cashback,visit_source,second_visit FROM `customertrackinglog` WHERE `tracking_id` = 2581 ORDER BY create_time DESC LIMIT 10 [ RunTime:0.016001s ]
INFO: [ view_parse ] --START--
INFO: [ template_filter ] --START--
INFO: Run Behavior\ContentReplaceBehavior [ RunTime:0.001000s ]
INFO: [ template_filter ] --END-- [ RunTime:0.001000s ]
INFO: Run Behavior\ParseTemplateBehavior [ RunTime:0.053003s ]
INFO: [ view_parse ] --END-- [ RunTime:0.054003s ]
INFO: [ view_filter ] --START--
INFO: Run Behavior\WriteHtmlCacheBehavior [ RunTime:0.000000s ]
INFO: [ view_filter ] --END-- [ RunTime:0.001000s ]
INFO: [ app_end ] --START--
INFO: Run Behavior\ShowPageTraceBehavior [ RunTime:0.001000s ]
INFO: [ app_end ] --END-- [ RunTime:0.001000s ]

[ 2017-05-26T13:22:03+08:00 ] ::1 /hizhu/CustomerTracking/trackingedit?no=6&leftno=105&pid=2581
INFO: [ app_init ] --START--
INFO: Run Behavior\BuildLiteBehavior [ RunTime:0.000000s ]
INFO: [ app_init ] --END-- [ RunTime:0.001000s ]
INFO: [ app_begin ] --START--
INFO: Run Behavior\ReadHtmlCacheBehavior [ RunTime:0.001000s ]
INFO: [ app_begin ] --END-- [ RunTime:0.001000s ]
SQL: SHOW COLUMNS FROM `admin_user` [ RunTime:0.080005s ]
SQL: SELECT * FROM `admin_user` WHERE `user_name` = 'admin' LIMIT 1   [ RunTime:0.082005s ]
SQL: SHOW COLUMNS FROM `adminmenulist` [ RunTime:0.078004s ]
SQL: SELECT * FROM `adminmenulist` WHERE `parent_id` = 0 AND `record_status` = 1 ORDER BY index_no asc  [ RunTime:0.078005s ]
SQL: SELECT * FROM `adminmenulist` WHERE `parent_id` = 6 AND `record_status` = 1 ORDER BY index_no asc  [ RunTime:0.343020s ]
SQL: SELECT * FROM `adminmenulist` WHERE `parent_id` = 31 AND `record_status` = 1 ORDER BY index_no asc  [ RunTime:0.065004s ]
SQL: SELECT * FROM `adminmenulist` WHERE `parent_id` = 32 AND `record_status` = 1 ORDER BY index_no asc  [ RunTime:0.069004s ]
SQL: SELECT * FROM `adminmenulist` WHERE `parent_id` = 191 AND `record_status` = 1 ORDER BY index_no asc  [ RunTime:0.023001s ]
SQL: SHOW COLUMNS FROM `customertracking` [ RunTime:0.016001s ]
SQL: SELECT * FROM `customertracking` WHERE `id` = 2581 LIMIT 1   [ RunTime:0.026002s ]
SQL: SELECT room_id,call_time,city_id,info_resource FROM `houserentercall` WHERE `mobile` = '15122222222' AND `big_code`<>'4008108756' and is_marketing=0 ORDER BY create_time DESC LIMIT 10 [ RunTime:0.020001s ]
SQL: SELECT room_id,room_no,create_time,city_code,status,room_money,region_name,scope_name,estate_name,look_time FROM `housereservecall` WHERE `customer_mobile` = '15122222222' ORDER BY create_time DESC LIMIT 10 [ RunTime:0.028002s ]
SQL: SHOW COLUMNS FROM gaodudata.customercouponcash [ RunTime:0.334019s ]
SQL: SELECT `room_id`,`price`,`create_time` FROM gaodudata.customercouponcash WHERE `mobile` = '15122222222' ORDER BY create_time desc LIMIT 10   [ RunTime:0.019001s ]
SQL: SHOW COLUMNS FROM gaodudata.customercouponcash [ RunTime:0.020001s ]
SQL: SELECT `status_code` FROM gaodudata.customercouponcash WHERE `mobile` = '15122222222' ORDER BY create_time desc LIMIT 1   [ RunTime:0.014001s ]
SQL: SELECT region_name,scope_name,estate_name,room_money,view_time,is_view,room_id,room_no FROM housereserve WHERE customer_id = '49823B90-2DAB-9F08-6AE5-835E363918B4' AND record_status=1 ORDER BY create_time DESC LIMIT 10 [ RunTime:0.016001s ]
SQL: SELECT renter_status,renter_room,renter_time,bakinfo,renter_sourcetype,renter_source,is_service,create_time,create_man,is_look,is_satisfied,is_recommend,is_cashback,visit_source,second_visit FROM `customertrackinglog` WHERE `tracking_id` = 2581 ORDER BY create_time DESC LIMIT 10 [ RunTime:0.022001s ]
INFO: [ view_parse ] --START--
INFO: [ template_filter ] --START--
INFO: Run Behavior\ContentReplaceBehavior [ RunTime:0.000000s ]
INFO: [ template_filter ] --END-- [ RunTime:0.000000s ]
INFO: Run Behavior\ParseTemplateBehavior [ RunTime:0.066004s ]
INFO: [ view_parse ] --END-- [ RunTime:0.066004s ]
INFO: [ view_filter ] --START--
INFO: Run Behavior\WriteHtmlCacheBehavior [ RunTime:0.001000s ]
INFO: [ view_filter ] --END-- [ RunTime:0.001000s ]
INFO: [ app_end ] --START--
INFO: Run Behavior\ShowPageTraceBehavior [ RunTime:0.001000s ]
INFO: [ app_end ] --END-- [ RunTime:0.001000s ]

[ 2017-05-26T13:36:37+08:00 ] ::1 /hizhu/CustomerTracking/trackingedit?no=6&leftno=105&pid=2581
INFO: [ app_init ] --START--
INFO: Run Behavior\BuildLiteBehavior [ RunTime:0.000000s ]
INFO: [ app_init ] --END-- [ RunTime:0.000000s ]
INFO: [ app_begin ] --START--
INFO: Run Behavior\ReadHtmlCacheBehavior [ RunTime:0.001000s ]
INFO: [ app_begin ] --END-- [ RunTime:0.001000s ]
SQL: SHOW COLUMNS FROM `admin_user` [ RunTime:0.241014s ]
SQL: SELECT * FROM `admin_user` WHERE `user_name` = 'admin' LIMIT 1   [ RunTime:0.019001s ]
SQL: SHOW COLUMNS FROM `customertracking` [ RunTime:0.029002s ]
SQL: SELECT * FROM `customertracking` WHERE `id` = 2581 LIMIT 1   [ RunTime:0.299017s ]
SQL: SELECT room_id,call_time,city_id,info_resource FROM `houserentercall` WHERE `mobile` = '15122222222' AND `big_code`<>'4008108756' and is_marketing=0 ORDER BY create_time DESC LIMIT 10 [ RunTime:0.034002s ]
SQL: SELECT room_id,room_no,create_time,city_code,status,room_money,region_name,scope_name,estate_name,look_time FROM `housereservecall` WHERE `customer_mobile` = '15122222222' ORDER BY create_time DESC LIMIT 10 [ RunTime:0.028002s ]
SQL: SHOW COLUMNS FROM gaodudata.customercouponcash [ RunTime:0.027001s ]
SQL: SELECT `room_id`,`price`,`create_time` FROM gaodudata.customercouponcash WHERE `mobile` = '15122222222' ORDER BY create_time desc LIMIT 10   [ RunTime:0.030002s ]
SQL: SHOW COLUMNS FROM gaodudata.customercouponcash [ RunTime:0.029002s ]
SQL: SELECT `status_code` FROM gaodudata.customercouponcash WHERE `mobile` = '15122222222' ORDER BY create_time desc LIMIT 1   [ RunTime:0.036002s ]
SQL: SELECT region_name,scope_name,estate_name,room_money,view_time,is_view,room_id,room_no FROM housereserve WHERE customer_id = '49823B90-2DAB-9F08-6AE5-835E363918B4' AND record_status=1 ORDER BY create_time DESC LIMIT 10 [ RunTime:0.019001s ]
SQL: SELECT renter_status,renter_room,renter_time,bakinfo,renter_sourcetype,renter_source,is_service,create_time,create_man,is_look,is_satisfied,is_recommend,is_cashback,visit_source,second_visit FROM `customertrackinglog` WHERE `tracking_id` = 2581 ORDER BY create_time DESC LIMIT 10 [ RunTime:0.021001s ]
INFO: [ view_parse ] --START--
INFO: [ template_filter ] --START--
INFO: Run Behavior\ContentReplaceBehavior [ RunTime:0.000000s ]
INFO: [ template_filter ] --END-- [ RunTime:0.000000s ]
INFO: Run Behavior\ParseTemplateBehavior [ RunTime:0.047003s ]
INFO: [ view_parse ] --END-- [ RunTime:0.047003s ]
INFO: [ view_filter ] --START--
INFO: Run Behavior\WriteHtmlCacheBehavior [ RunTime:0.001000s ]
INFO: [ view_filter ] --END-- [ RunTime:0.001000s ]
INFO: [ app_end ] --START--
INFO: Run Behavior\ShowPageTraceBehavior [ RunTime:0.001000s ]
INFO: [ app_end ] --END-- [ RunTime:0.001000s ]

[ 2017-05-26T13:37:30+08:00 ] ::1 /hizhu/HouseResource/resourcelist.html?no=3
INFO: [ app_init ] --START--
INFO: Run Behavior\BuildLiteBehavior [ RunTime:0.000000s ]
INFO: [ app_init ] --END-- [ RunTime:0.000000s ]
INFO: [ app_begin ] --START--
INFO: Run Behavior\ReadHtmlCacheBehavior [ RunTime:0.001000s ]
INFO: [ app_begin ] --END-- [ RunTime:0.001000s ]
SQL: SHOW COLUMNS FROM `admin_user` [ RunTime:0.025001s ]
SQL: SELECT * FROM `admin_user` WHERE `user_name` = 'admin' LIMIT 1   [ RunTime:0.033002s ]
SQL: SHOW COLUMNS FROM `adminmenulist` [ RunTime:0.018001s ]
SQL: SELECT * FROM `adminmenulist` WHERE `parent_id` = 3 AND `record_status` = 1 ORDER BY index_no asc  [ RunTime:0.023001s ]
SQL: SELECT * FROM `adminmenulist` WHERE `parent_id` = 26 AND `record_status` = 1 ORDER BY index_no asc  [ RunTime:0.021001s ]
SQL: SELECT * FROM `adminmenulist` WHERE `parent_id` = 56 AND `record_status` = 1 ORDER BY index_no asc  [ RunTime:0.015001s ]
SQL: SELECT * FROM `adminmenulist` WHERE `parent_id` = 144 AND `record_status` = 1 ORDER BY index_no asc  [ RunTime:0.023001s ]
SQL: SELECT * FROM `adminmenulist` WHERE `parent_id` = 60 AND `record_status` = 1 ORDER BY index_no asc  [ RunTime:0.012001s ]
SQL: SELECT * FROM `adminmenulist` WHERE `parent_id` = 63 AND `record_status` = 1 ORDER BY index_no asc  [ RunTime:0.015001s ]
SQL: SELECT * FROM `adminmenulist` WHERE `parent_id` = 96 AND `record_status` = 1 ORDER BY index_no asc  [ RunTime:0.032002s ]
SQL: SELECT * FROM `adminmenulist` WHERE `parent_id` = 172 AND `record_status` = 1 ORDER BY index_no asc  [ RunTime:0.014000s ]
SQL: SELECT * FROM `adminmenulist` WHERE `parent_id` = 194 AND `record_status` = 1 ORDER BY index_no asc  [ RunTime:0.023001s ]
INFO: [ view_parse ] --START--
INFO: [ template_filter ] --START--
INFO: Run Behavior\ContentReplaceBehavior [ RunTime:0.000000s ]
INFO: [ template_filter ] --END-- [ RunTime:0.000000s ]
INFO: Run Behavior\ParseTemplateBehavior [ RunTime:0.023001s ]
INFO: [ view_parse ] --END-- [ RunTime:0.024002s ]
INFO: [ view_filter ] --START--
INFO: Run Behavior\WriteHtmlCacheBehavior [ RunTime:0.001000s ]
INFO: [ view_filter ] --END-- [ RunTime:0.001000s ]
INFO: [ app_end ] --START--
INFO: Run Behavior\ShowPageTraceBehavior [ RunTime:0.001000s ]
INFO: [ app_end ] --END-- [ RunTime:0.001000s ]

[ 2017-05-26T13:39:46+08:00 ] ::1 /hizhu/HouseRoom/searchroom.html?no=3&leftno=44
INFO: [ app_init ] --START--
INFO: Run Behavior\BuildLiteBehavior [ RunTime:0.000000s ]
INFO: [ app_init ] --END-- [ RunTime:0.001000s ]
INFO: [ app_begin ] --START--
INFO: Run Behavior\ReadHtmlCacheBehavior [ RunTime:0.001000s ]
INFO: [ app_begin ] --END-- [ RunTime:0.001000s ]
SQL: SHOW COLUMNS FROM `admin_user` [ RunTime:0.066003s ]
SQL: SELECT * FROM `admin_user` WHERE `user_name` = 'admin' LIMIT 1   [ RunTime:0.087005s ]
SQL: select user_name,real_name from admin_user where  city_auth like '%1%' order by user_name [ RunTime:0.015001s ]
INFO: [ view_parse ] --START--
INFO: [ template_filter ] --START--
INFO: Run Behavior\ContentReplaceBehavior [ RunTime:0.001000s ]
INFO: [ template_filter ] --END-- [ RunTime:0.001000s ]
INFO: Run Behavior\ParseTemplateBehavior [ RunTime:0.059003s ]
INFO: [ view_parse ] --END-- [ RunTime:0.059003s ]
INFO: [ view_filter ] --START--
INFO: Run Behavior\WriteHtmlCacheBehavior [ RunTime:0.000000s ]
INFO: [ view_filter ] --END-- [ RunTime:0.001000s ]
INFO: [ app_end ] --START--
INFO: Run Behavior\ShowPageTraceBehavior [ RunTime:0.001000s ]
INFO: [ app_end ] --END-- [ RunTime:0.001000s ]

[ 2017-05-26T13:59:06+08:00 ] ::1 /hizhu/Customer/authenticationList.html?no=6
INFO: [ app_init ] --START--
INFO: Run Behavior\BuildLiteBehavior [ RunTime:0.000000s ]
INFO: [ app_init ] --END-- [ RunTime:0.000000s ]
INFO: [ app_begin ] --START--
INFO: Run Behavior\ReadHtmlCacheBehavior [ RunTime:0.001000s ]
INFO: [ app_begin ] --END-- [ RunTime:0.001000s ]
SQL: SHOW COLUMNS FROM `admin_user` [ RunTime:0.055004s ]
SQL: SELECT * FROM `admin_user` WHERE `user_name` = 'admin' LIMIT 1   [ RunTime:0.054003s ]
SQL: SHOW COLUMNS FROM `customer` [ RunTime:0.015000s ]
SQL: SELECT COUNT(*) AS tp_count FROM `customer` WHERE `is_auth` = 1 AND ( `auth_time` > 1427817600 AND `auth_time` < 1743523200  ) LIMIT 1   [ RunTime:0.013000s ]
NOTIC: [2] urlencode() expects parameter 1 to be string, array given D:\wamp\www\hizhu\Application\Home\Controller\CustomerController.class.php 第 44 行.
NOTIC: [2] urlencode() expects parameter 1 to be string, array given D:\wamp\www\hizhu\Application\Home\Controller\CustomerController.class.php 第 44 行.
SQL: SELECT * FROM `customer` WHERE `is_auth` = 1 AND ( `auth_time` > 1427817600 AND `auth_time` < 1743523200  ) ORDER BY auth_time desc LIMIT 0,15   [ RunTime:0.665038s ]
INFO: [ view_parse ] --START--
INFO: [ template_filter ] --START--
INFO: Run Behavior\ContentReplaceBehavior [ RunTime:0.000000s ]
INFO: [ template_filter ] --END-- [ RunTime:0.000000s ]
NOTIC: [8] Undefined index: startTime D:\wamp\www\hizhu\Application\Runtime\Cache\Home\ef908816fe1538536da457bb5abcc42d.php 第 72 行.
NOTIC: [8] Undefined index: endTime D:\wamp\www\hizhu\Application\Runtime\Cache\Home\ef908816fe1538536da457bb5abcc42d.php 第 72 行.
NOTIC: [8] Undefined index: mobile D:\wamp\www\hizhu\Application\Runtime\Cache\Home\ef908816fe1538536da457bb5abcc42d.php 第 74 行.
NOTIC: [8] Undefined index: name D:\wamp\www\hizhu\Application\Runtime\Cache\Home\ef908816fe1538536da457bb5abcc42d.php 第 78 行.
INFO: Run Behavior\ParseTemplateBehavior [ RunTime:0.031001s ]
INFO: [ view_parse ] --END-- [ RunTime:0.032002s ]
INFO: [ view_filter ] --START--
INFO: Run Behavior\WriteHtmlCacheBehavior [ RunTime:0.000000s ]
INFO: [ view_filter ] --END-- [ RunTime:0.000000s ]
INFO: [ app_end ] --START--
INFO: Run Behavior\ShowPageTraceBehavior [ RunTime:0.001000s ]
INFO: [ app_end ] --END-- [ RunTime:0.001000s ]

[ 2017-05-26T13:59:16+08:00 ] ::1 /hizhu/CustomerTracking/trackinglist.html?no=6&leftno=105
INFO: [ app_init ] --START--
INFO: Run Behavior\BuildLiteBehavior [ RunTime:0.000000s ]
INFO: [ app_init ] --END-- [ RunTime:0.001000s ]
INFO: [ app_begin ] --START--
INFO: Run Behavior\ReadHtmlCacheBehavior [ RunTime:0.001000s ]
INFO: [ app_begin ] --END-- [ RunTime:0.001000s ]
SQL: SHOW COLUMNS FROM `admin_user` [ RunTime:0.014001s ]
SQL: SELECT * FROM `admin_user` WHERE `user_name` = 'admin' LIMIT 1   [ RunTime:0.017001s ]
INFO: [ view_parse ] --START--
INFO: [ template_filter ] --START--
INFO: Run Behavior\ContentReplaceBehavior [ RunTime:0.000000s ]
INFO: [ template_filter ] --END-- [ RunTime:0.000000s ]
NOTIC: [8] Undefined index: applyback_status D:\wamp\www\hizhu\Application\Runtime\Cache\Home\fd08fba9813da2a033e632109e9a44df.php 第 213 行.
NOTIC: [8] Undefined index: applyback_status D:\wamp\www\hizhu\Application\Runtime\Cache\Home\fd08fba9813da2a033e632109e9a44df.php 第 214 行.
NOTIC: [8] Undefined index: applyback_status D:\wamp\www\hizhu\Application\Runtime\Cache\Home\fd08fba9813da2a033e632109e9a44df.php 第 215 行.
NOTIC: [8] Undefined index: second_visit D:\wamp\www\hizhu\Application\Runtime\Cache\Home\fd08fba9813da2a033e632109e9a44df.php 第 221 行.
NOTIC: [8] Undefined index: second_visit D:\wamp\www\hizhu\Application\Runtime\Cache\Home\fd08fba9813da2a033e632109e9a44df.php 第 222 行.
NOTIC: [8] Undefined index: second_visit D:\wamp\www\hizhu\Application\Runtime\Cache\Home\fd08fba9813da2a033e632109e9a44df.php 第 223 行.
NOTIC: [8] Undefined index: visit_source D:\wamp\www\hizhu\Application\Runtime\Cache\Home\fd08fba9813da2a033e632109e9a44df.php 第 231 行.
NOTIC: [8] Undefined index: visit_source D:\wamp\www\hizhu\Application\Runtime\Cache\Home\fd08fba9813da2a033e632109e9a44df.php 第 232 行.
NOTIC: [8] Undefined index: visit_source D:\wamp\www\hizhu\Application\Runtime\Cache\Home\fd08fba9813da2a033e632109e9a44df.php 第 233 行.
NOTIC: [8] Undefined index: visit_source D:\wamp\www\hizhu\Application\Runtime\Cache\Home\fd08fba9813da2a033e632109e9a44df.php 第 234 行.
NOTIC: [8] Undefined index: visit_source D:\wamp\www\hizhu\Application\Runtime\Cache\Home\fd08fba9813da2a033e632109e9a44df.php 第 235 行.
NOTIC: [8] Undefined index: visit_source D:\wamp\www\hizhu\Application\Runtime\Cache\Home\fd08fba9813da2a033e632109e9a44df.php 第 236 行.
INFO: Run Behavior\ParseTemplateBehavior [ RunTime:0.069004s ]
INFO: [ view_parse ] --END-- [ RunTime:0.069004s ]
INFO: [ view_filter ] --START--
INFO: Run Behavior\WriteHtmlCacheBehavior [ RunTime:0.001000s ]
INFO: [ view_filter ] --END-- [ RunTime:0.001000s ]
INFO: [ app_end ] --START--
INFO: Run Behavior\ShowPageTraceBehavior [ RunTime:0.000000s ]
INFO: [ app_end ] --END-- [ RunTime:0.002000s ]

[ 2017-05-26T13:59:22+08:00 ] ::1 /hizhu/CustomerTracking/trackinglist?no=6&leftno=105&p=&totalCount=&handleType=search&mobile=&status=&startTime_look=&endTime_look=&startTime_appoint=&endTime_appoint=&startTime_contact=&endTime_contact=&is_tracking=&is_appoint=&is_contact=&startTime_tracking=&endTime_tracking=&city_code=&is_monthly=&is_commission=&is_look=&renter_sourcetype=&renter_source=&is_getcommission=&is_satisfied=&is_recommend=&startTime_applyback=&endTime_applyback=&applyback_status=&second_visit=&visit_source=
INFO: [ app_init ] --START--
INFO: Run Behavior\BuildLiteBehavior [ RunTime:0.000000s ]
INFO: [ app_init ] --END-- [ RunTime:0.000000s ]
INFO: [ app_begin ] --START--
INFO: Run Behavior\ReadHtmlCacheBehavior [ RunTime:0.000000s ]
INFO: [ app_begin ] --END-- [ RunTime:0.002000s ]
SQL: SHOW COLUMNS FROM `admin_user` [ RunTime:0.029002s ]
SQL: SELECT * FROM `admin_user` WHERE `user_name` = 'admin' LIMIT 1   [ RunTime:0.726042s ]
SQL: select count(1) as totalCount from customertracking a  [ RunTime:0.267015s ]
SQL: select mobile,register_time,renter_status,renter_sourcetype,renter_source,is_service,update_man,update_time,bakinfo,is_look,is_satisfied,is_recommend,is_getcommission,contact_lasttime,contact_count,appoint_looktime,appoint_lasttime,appoint_count,appoint_handleman,is_monthly,is_commission,report_count,city_code,applyback_time,applyback_status,is_cashback,second_visit,visit_source,id from customertracking a  order by register_time desc,id desc limit 0,10 [ RunTime:0.020002s ]
INFO: [ view_parse ] --START--
INFO: [ template_filter ] --START--
INFO: Run Behavior\ContentReplaceBehavior [ RunTime:0.000000s ]
INFO: [ template_filter ] --END-- [ RunTime:0.000000s ]
INFO: Run Behavior\ParseTemplateBehavior [ RunTime:0.065003s ]
INFO: [ view_parse ] --END-- [ RunTime:0.065003s ]
INFO: [ view_filter ] --START--
INFO: Run Behavior\WriteHtmlCacheBehavior [ RunTime:0.000000s ]
INFO: [ view_filter ] --END-- [ RunTime:0.000000s ]
INFO: [ app_end ] --START--
INFO: Run Behavior\ShowPageTraceBehavior [ RunTime:0.001000s ]
INFO: [ app_end ] --END-- [ RunTime:0.001000s ]

[ 2017-05-26T13:59:26+08:00 ] ::1 /hizhu/CustomerTracking/trackingedit?no=6&leftno=105&pid=2581
INFO: [ app_init ] --START--
INFO: Run Behavior\BuildLiteBehavior [ RunTime:0.000000s ]
INFO: [ app_init ] --END-- [ RunTime:0.001000s ]
INFO: [ app_begin ] --START--
INFO: Run Behavior\ReadHtmlCacheBehavior [ RunTime:0.001000s ]
INFO: [ app_begin ] --END-- [ RunTime:0.001000s ]
SQL: SHOW COLUMNS FROM `admin_user` [ RunTime:0.028002s ]
SQL: SELECT * FROM `admin_user` WHERE `user_name` = 'admin' LIMIT 1   [ RunTime:0.019001s ]
SQL: SHOW COLUMNS FROM `customertracking` [ RunTime:0.015001s ]
SQL: SELECT * FROM `customertracking` WHERE `id` = 2581 LIMIT 1   [ RunTime:0.020001s ]
SQL: SELECT room_id,call_time,city_id,info_resource FROM `houserentercall` WHERE `mobile` = '15122222222' AND `big_code`<>'4008108756' and is_marketing=0 ORDER BY create_time DESC LIMIT 10 [ RunTime:0.018001s ]
SQL: SELECT room_id,room_no,create_time,city_code,status,room_money,region_name,scope_name,estate_name,look_time FROM `housereservecall` WHERE `customer_mobile` = '15122222222' ORDER BY create_time DESC LIMIT 10 [ RunTime:0.026002s ]
SQL: SHOW COLUMNS FROM gaodudata.customercouponcash [ RunTime:0.021001s ]
SQL: SELECT `room_id`,`price`,`create_time` FROM gaodudata.customercouponcash WHERE `mobile` = '15122222222' ORDER BY create_time desc LIMIT 10   [ RunTime:0.020001s ]
SQL: SHOW COLUMNS FROM gaodudata.customercouponcash [ RunTime:0.023002s ]
SQL: SELECT `status_code` FROM gaodudata.customercouponcash WHERE `mobile` = '15122222222' ORDER BY create_time desc LIMIT 1   [ RunTime:0.011000s ]
SQL: SELECT region_name,scope_name,estate_name,room_money,view_time,is_view,room_id,room_no FROM housereserve WHERE customer_id = '49823B90-2DAB-9F08-6AE5-835E363918B4' AND record_status=1 ORDER BY create_time DESC LIMIT 10 [ RunTime:0.018001s ]
SQL: SELECT renter_status,renter_room,renter_time,bakinfo,renter_sourcetype,renter_source,is_service,create_time,create_man,is_look,is_satisfied,is_recommend,is_cashback,visit_source,second_visit FROM `customertrackinglog` WHERE `tracking_id` = 2581 ORDER BY create_time DESC LIMIT 10 [ RunTime:0.013001s ]
INFO: [ view_parse ] --START--
INFO: [ template_filter ] --START--
INFO: Run Behavior\ContentReplaceBehavior [ RunTime:0.001001s ]
INFO: [ template_filter ] --END-- [ RunTime:0.001001s ]
INFO: Run Behavior\ParseTemplateBehavior [ RunTime:0.056003s ]
INFO: [ view_parse ] --END-- [ RunTime:0.056003s ]
INFO: [ view_filter ] --START--
INFO: Run Behavior\WriteHtmlCacheBehavior [ RunTime:0.000000s ]
INFO: [ view_filter ] --END-- [ RunTime:0.000000s ]
INFO: [ app_end ] --START--
INFO: Run Behavior\ShowPageTraceBehavior [ RunTime:0.001000s ]
INFO: [ app_end ] --END-- [ RunTime:0.001000s ]

[ 2017-05-26T14:04:08+08:00 ] ::1 /hizhu/CustomerTracking/trackingadd.html
INFO: [ app_init ] --START--
INFO: Run Behavior\BuildLiteBehavior [ RunTime:0.000000s ]
INFO: [ app_init ] --END-- [ RunTime:0.000000s ]
INFO: [ app_begin ] --START--
INFO: Run Behavior\ReadHtmlCacheBehavior [ RunTime:0.001000s ]
INFO: [ app_begin ] --END-- [ RunTime:0.001000s ]
INFO: [ view_parse ] --START--
INFO: [ template_filter ] --START--
INFO: Run Behavior\ContentReplaceBehavior [ RunTime:0.000000s ]
INFO: [ template_filter ] --END-- [ RunTime:0.001000s ]
INFO: Run Behavior\ParseTemplateBehavior [ RunTime:0.012001s ]
INFO: [ view_parse ] --END-- [ RunTime:0.012001s ]
INFO: [ view_filter ] --START--
INFO: Run Behavior\WriteHtmlCacheBehavior [ RunTime:0.000000s ]
INFO: [ view_filter ] --END-- [ RunTime:0.000000s ]
INFO: [ app_end ] --START--
INFO: Run Behavior\ShowPageTraceBehavior [ RunTime:0.000000s ]
INFO: [ app_end ] --END-- [ RunTime:0.000000s ]

[ 2017-05-26T14:11:06+08:00 ] ::1 /hizhu/CustomerTracking/trackinglist?no=6&leftno=105&p=&totalCount=&handleType=search&mobile=&status=&startTime_look=&endTime_look=&startTime_appoint=&endTime_appoint=&startTime_contact=&endTime_contact=&is_tracking=&is_appoint=&is_contact=&startTime_tracking=&endTime_tracking=&city_code=&is_monthly=&is_commission=&is_look=&renter_sourcetype=&renter_source=&is_getcommission=&is_satisfied=&is_recommend=&startTime_applyback=&endTime_applyback=&applyback_status=&second_visit=&visit_source=
INFO: [ app_init ] --START--
INFO: Run Behavior\BuildLiteBehavior [ RunTime:0.000000s ]
INFO: [ app_init ] --END-- [ RunTime:0.001000s ]
INFO: [ app_begin ] --START--
INFO: Run Behavior\ReadHtmlCacheBehavior [ RunTime:0.000000s ]
INFO: [ app_begin ] --END-- [ RunTime:0.000000s ]
SQL: SHOW COLUMNS FROM `admin_user` [ RunTime:0.025002s ]
SQL: SELECT * FROM `admin_user` WHERE `user_name` = 'admin' LIMIT 1   [ RunTime:0.028002s ]
SQL: select count(1) as totalCount from customertracking a  [ RunTime:0.013001s ]
SQL: select mobile,register_time,renter_status,renter_sourcetype,renter_source,is_service,update_man,update_time,bakinfo,is_look,is_satisfied,is_recommend,is_getcommission,contact_lasttime,contact_count,appoint_looktime,appoint_lasttime,appoint_count,appoint_handleman,is_monthly,is_commission,report_count,city_code,applyback_time,applyback_status,is_cashback,second_visit,visit_source,id from customertracking a  order by register_time desc,id desc limit 0,10 [ RunTime:16.213927s ]
INFO: [ view_parse ] --START--
INFO: [ template_filter ] --START--
INFO: Run Behavior\ContentReplaceBehavior [ RunTime:0.000000s ]
INFO: [ template_filter ] --END-- [ RunTime:0.000000s ]
INFO: Run Behavior\ParseTemplateBehavior [ RunTime:0.065004s ]
INFO: [ view_parse ] --END-- [ RunTime:0.066004s ]
INFO: [ view_filter ] --START--
INFO: Run Behavior\WriteHtmlCacheBehavior [ RunTime:0.000000s ]
INFO: [ view_filter ] --END-- [ RunTime:0.000000s ]
INFO: [ app_end ] --START--
INFO: Run Behavior\ShowPageTraceBehavior [ RunTime:0.003000s ]
INFO: [ app_end ] --END-- [ RunTime:0.003000s ]

[ 2017-05-26T14:12:30+08:00 ] ::1 /hizhu/CustomerTracking/trackinglist?no=6&leftno=105&p=&totalCount=&handleType=search&mobile=&status=&startTime_look=&endTime_look=&startTime_appoint=&endTime_appoint=&startTime_contact=&endTime_contact=&is_tracking=&is_appoint=&is_contact=&startTime_tracking=&endTime_tracking=&city_code=&is_monthly=&is_commission=&is_look=&renter_sourcetype=&renter_source=&is_getcommission=&is_satisfied=&is_recommend=&startTime_applyback=&endTime_applyback=&applyback_status=&second_visit=&visit_source=
INFO: [ app_init ] --START--
INFO: Run Behavior\BuildLiteBehavior [ RunTime:0.000000s ]
INFO: [ app_init ] --END-- [ RunTime:0.001000s ]
INFO: [ app_begin ] --START--
INFO: Run Behavior\ReadHtmlCacheBehavior [ RunTime:0.001000s ]
INFO: [ app_begin ] --END-- [ RunTime:0.001000s ]
SQL: SHOW COLUMNS FROM `admin_user` [ RunTime:0.028002s ]
SQL: SELECT * FROM `admin_user` WHERE `user_name` = 'admin' LIMIT 1   [ RunTime:0.034002s ]
SQL: select count(1) as totalCount from customertracking a  [ RunTime:0.010001s ]
SQL: select mobile,register_time,renter_status,renter_sourcetype,renter_source,is_service,update_man,update_time,bakinfo,is_look,is_satisfied,is_recommend,is_getcommission,contact_lasttime,contact_count,appoint_looktime,appoint_lasttime,appoint_count,appoint_handleman,is_monthly,is_commission,report_count,city_code,applyback_time,applyback_status,is_cashback,second_visit,visit_source,id from customertracking a  order by register_time desc,id desc limit 0,10 [ RunTime:0.014001s ]
INFO: [ view_parse ] --START--
INFO: [ template_filter ] --START--
INFO: Run Behavior\ContentReplaceBehavior [ RunTime:0.001000s ]
INFO: [ template_filter ] --END-- [ RunTime:0.001000s ]
INFO: Run Behavior\ParseTemplateBehavior [ RunTime:0.067004s ]
INFO: [ view_parse ] --END-- [ RunTime:0.067004s ]
INFO: [ view_filter ] --START--
INFO: Run Behavior\WriteHtmlCacheBehavior [ RunTime:0.000000s ]
INFO: [ view_filter ] --END-- [ RunTime:0.000000s ]
INFO: [ app_end ] --START--
INFO: Run Behavior\ShowPageTraceBehavior [ RunTime:0.000000s ]
INFO: [ app_end ] --END-- [ RunTime:0.001000s ]

[ 2017-05-26T14:14:34+08:00 ] ::1 /hizhu/CustomerTracking/trackinglist?no=6&leftno=105&p=&totalCount=&handleType=search&mobile=&status=&startTime_look=&endTime_look=&startTime_appoint=&endTime_appoint=&startTime_contact=&endTime_contact=&is_tracking=&is_appoint=&is_contact=&startTime_tracking=&endTime_tracking=&city_code=&is_monthly=&is_commission=&is_look=&renter_sourcetype=&renter_source=&is_getcommission=&is_satisfied=&is_recommend=&startTime_applyback=&endTime_applyback=&applyback_status=&second_visit=&visit_source=
INFO: [ app_init ] --START--
INFO: Run Behavior\BuildLiteBehavior [ RunTime:0.000000s ]
INFO: [ app_init ] --END-- [ RunTime:0.000000s ]
INFO: [ app_begin ] --START--
INFO: Run Behavior\ReadHtmlCacheBehavior [ RunTime:0.001000s ]
INFO: [ app_begin ] --END-- [ RunTime:0.001000s ]
SQL: SHOW COLUMNS FROM `admin_user` [ RunTime:0.078005s ]
SQL: SELECT * FROM `admin_user` WHERE `user_name` = 'admin' LIMIT 1   [ RunTime:0.091005s ]
SQL: select count(1) as totalCount from customertracking a  [ RunTime:0.071004s ]
SQL: select mobile,register_time,renter_status,renter_sourcetype,renter_source,is_service,update_man,update_time,bakinfo,is_look,is_satisfied,is_recommend,is_getcommission,contact_lasttime,contact_count,appoint_looktime,appoint_lasttime,appoint_count,appoint_handleman,is_monthly,is_commission,report_count,city_code,applyback_time,applyback_status,is_cashback,second_visit,visit_source,id from customertracking a  order by register_time desc,id desc limit 0,10 [ RunTime:0.382022s ]
INFO: [ view_parse ] --START--
INFO: [ template_filter ] --START--
INFO: Run Behavior\ContentReplaceBehavior [ RunTime:0.001000s ]
INFO: [ template_filter ] --END-- [ RunTime:0.001000s ]
INFO: Run Behavior\ParseTemplateBehavior [ RunTime:0.076005s ]
INFO: [ view_parse ] --END-- [ RunTime:0.076005s ]
INFO: [ view_filter ] --START--
INFO: Run Behavior\WriteHtmlCacheBehavior [ RunTime:0.000000s ]
INFO: [ view_filter ] --END-- [ RunTime:0.000000s ]
INFO: [ app_end ] --START--
INFO: Run Behavior\ShowPageTraceBehavior [ RunTime:0.001000s ]
INFO: [ app_end ] --END-- [ RunTime:0.001000s ]

[ 2017-05-26T14:15:28+08:00 ] ::1 /hizhu/CustomerTracking/trackinglist?no=6&leftno=105&p=&totalCount=&handleType=search&mobile=&status=&startTime_look=&endTime_look=&startTime_appoint=&endTime_appoint=&startTime_contact=&endTime_contact=&is_tracking=&is_appoint=&is_contact=&startTime_tracking=&endTime_tracking=&city_code=&is_monthly=&is_commission=&is_look=&renter_sourcetype=&renter_source=&is_getcommission=&is_satisfied=&is_recommend=&startTime_applyback=&endTime_applyback=&applyback_status=&second_visit=&visit_source=
INFO: [ app_init ] --START--
INFO: Run Behavior\BuildLiteBehavior [ RunTime:0.000000s ]
INFO: [ app_init ] --END-- [ RunTime:0.000000s ]
INFO: [ app_begin ] --START--
INFO: Run Behavior\ReadHtmlCacheBehavior [ RunTime:0.001000s ]
INFO: [ app_begin ] --END-- [ RunTime:0.001000s ]
SQL: SHOW COLUMNS FROM `admin_user` [ RunTime:0.013001s ]
SQL: SELECT * FROM `admin_user` WHERE `user_name` = 'admin' LIMIT 1   [ RunTime:0.015000s ]
SQL: select count(1) as totalCount from customertracking a  [ RunTime:0.015001s ]
SQL: select mobile,register_time,renter_status,renter_sourcetype,renter_source,is_service,update_man,update_time,bakinfo,is_look,is_satisfied,is_recommend,is_getcommission,contact_lasttime,contact_count,appoint_looktime,appoint_lasttime,appoint_count,appoint_handleman,is_monthly,is_commission,report_count,city_code,applyback_time,applyback_status,is_cashback,second_visit,visit_source,id from customertracking a  order by register_time desc,id desc limit 0,10 [ RunTime:0.018001s ]
INFO: [ view_parse ] --START--
INFO: [ template_filter ] --START--
INFO: Run Behavior\ContentReplaceBehavior [ RunTime:0.000000s ]
INFO: [ template_filter ] --END-- [ RunTime:0.000000s ]
INFO: Run Behavior\ParseTemplateBehavior [ RunTime:0.073004s ]
INFO: [ view_parse ] --END-- [ RunTime:0.073004s ]
INFO: [ view_filter ] --START--
INFO: Run Behavior\WriteHtmlCacheBehavior [ RunTime:0.000000s ]
INFO: [ view_filter ] --END-- [ RunTime:0.000000s ]
INFO: [ app_end ] --START--
INFO: Run Behavior\ShowPageTraceBehavior [ RunTime:0.001000s ]
INFO: [ app_end ] --END-- [ RunTime:0.001000s ]

[ 2017-05-26T14:16:00+08:00 ] ::1 /hizhu/CustomerTracking/trackinglist?no=6&leftno=105&p=&totalCount=&handleType=search&mobile=&status=&startTime_look=&endTime_look=&startTime_appoint=&endTime_appoint=&startTime_contact=&endTime_contact=&is_tracking=&is_appoint=&is_contact=&startTime_tracking=&endTime_tracking=&city_code=&is_monthly=&is_commission=&is_look=&renter_sourcetype=&renter_source=&is_getcommission=&is_satisfied=&is_recommend=&startTime_applyback=&endTime_applyback=&applyback_status=&second_visit=&visit_source=
INFO: [ app_init ] --START--
INFO: Run Behavior\BuildLiteBehavior [ RunTime:0.000000s ]
INFO: [ app_init ] --END-- [ RunTime:0.001000s ]
INFO: [ app_begin ] --START--
INFO: Run Behavior\ReadHtmlCacheBehavior [ RunTime:0.001001s ]
INFO: [ app_begin ] --END-- [ RunTime:0.001001s ]
SQL: SHOW COLUMNS FROM `admin_user` [ RunTime:0.013000s ]
SQL: SELECT * FROM `admin_user` WHERE `user_name` = 'admin' LIMIT 1   [ RunTime:0.010001s ]
SQL: select count(1) as totalCount from customertracking a  [ RunTime:0.014001s ]
SQL: select mobile,register_time,renter_status,renter_sourcetype,renter_source,is_service,update_man,update_time,bakinfo,is_look,is_satisfied,is_recommend,is_getcommission,contact_lasttime,contact_count,appoint_looktime,appoint_lasttime,appoint_count,appoint_handleman,is_monthly,is_commission,report_count,city_code,applyback_time,applyback_status,is_cashback,second_visit,visit_source,id from customertracking a  order by register_time desc,id desc limit 0,10 [ RunTime:0.013001s ]
INFO: [ view_parse ] --START--
INFO: [ template_filter ] --START--
INFO: Run Behavior\ContentReplaceBehavior [ RunTime:0.000000s ]
INFO: [ template_filter ] --END-- [ RunTime:0.000000s ]
INFO: Run Behavior\ParseTemplateBehavior [ RunTime:0.068004s ]
INFO: [ view_parse ] --END-- [ RunTime:0.068004s ]
INFO: [ view_filter ] --START--
INFO: Run Behavior\WriteHtmlCacheBehavior [ RunTime:0.001000s ]
INFO: [ view_filter ] --END-- [ RunTime:0.001000s ]
INFO: [ app_end ] --START--
INFO: Run Behavior\ShowPageTraceBehavior [ RunTime:0.001000s ]
INFO: [ app_end ] --END-- [ RunTime:0.002000s ]

[ 2017-05-26T14:16:12+08:00 ] ::1 /hizhu/CustomerTracking/trackinglist.html?no=6&leftno=105
INFO: [ app_init ] --START--
INFO: Run Behavior\BuildLiteBehavior [ RunTime:0.000000s ]
INFO: [ app_init ] --END-- [ RunTime:0.000000s ]
INFO: [ app_begin ] --START--
INFO: Run Behavior\ReadHtmlCacheBehavior [ RunTime:0.001000s ]
INFO: [ app_begin ] --END-- [ RunTime:0.001000s ]
SQL: SHOW COLUMNS FROM `admin_user` [ RunTime:0.015001s ]
SQL: SELECT * FROM `admin_user` WHERE `user_name` = 'admin' LIMIT 1   [ RunTime:0.013001s ]
INFO: [ view_parse ] --START--
INFO: [ template_filter ] --START--
INFO: Run Behavior\ContentReplaceBehavior [ RunTime:0.001000s ]
INFO: [ template_filter ] --END-- [ RunTime:0.001000s ]
NOTIC: [8] Undefined index: applyback_status D:\wamp\www\hizhu\Application\Runtime\Cache\Home\fd08fba9813da2a033e632109e9a44df.php 第 188 行.
NOTIC: [8] Undefined index: applyback_status D:\wamp\www\hizhu\Application\Runtime\Cache\Home\fd08fba9813da2a033e632109e9a44df.php 第 189 行.
NOTIC: [8] Undefined index: applyback_status D:\wamp\www\hizhu\Application\Runtime\Cache\Home\fd08fba9813da2a033e632109e9a44df.php 第 190 行.
NOTIC: [8] Undefined index: second_visit D:\wamp\www\hizhu\Application\Runtime\Cache\Home\fd08fba9813da2a033e632109e9a44df.php 第 196 行.
NOTIC: [8] Undefined index: second_visit D:\wamp\www\hizhu\Application\Runtime\Cache\Home\fd08fba9813da2a033e632109e9a44df.php 第 197 行.
NOTIC: [8] Undefined index: second_visit D:\wamp\www\hizhu\Application\Runtime\Cache\Home\fd08fba9813da2a033e632109e9a44df.php 第 198 行.
NOTIC: [8] Undefined index: visit_source D:\wamp\www\hizhu\Application\Runtime\Cache\Home\fd08fba9813da2a033e632109e9a44df.php 第 206 行.
NOTIC: [8] Undefined index: visit_source D:\wamp\www\hizhu\Application\Runtime\Cache\Home\fd08fba9813da2a033e632109e9a44df.php 第 207 行.
NOTIC: [8] Undefined index: visit_source D:\wamp\www\hizhu\Application\Runtime\Cache\Home\fd08fba9813da2a033e632109e9a44df.php 第 208 行.
NOTIC: [8] Undefined index: visit_source D:\wamp\www\hizhu\Application\Runtime\Cache\Home\fd08fba9813da2a033e632109e9a44df.php 第 209 行.
NOTIC: [8] Undefined index: visit_source D:\wamp\www\hizhu\Application\Runtime\Cache\Home\fd08fba9813da2a033e632109e9a44df.php 第 210 行.
NOTIC: [8] Undefined index: visit_source D:\wamp\www\hizhu\Application\Runtime\Cache\Home\fd08fba9813da2a033e632109e9a44df.php 第 211 行.
INFO: Run Behavior\ParseTemplateBehavior [ RunTime:0.068004s ]
INFO: [ view_parse ] --END-- [ RunTime:0.068004s ]
INFO: [ view_filter ] --START--
INFO: Run Behavior\WriteHtmlCacheBehavior [ RunTime:0.001000s ]
INFO: [ view_filter ] --END-- [ RunTime:0.001000s ]
INFO: [ app_end ] --START--
INFO: Run Behavior\ShowPageTraceBehavior [ RunTime:0.001000s ]
INFO: [ app_end ] --END-- [ RunTime:0.001000s ]

[ 2017-05-26T14:18:16+08:00 ] ::1 /hizhu/CustomerTracking/trackinglist?no=6&leftno=105&p=&totalCount=&handleType=search&mobile=&status=&startTime_look=&endTime_look=&startTime_appoint=&endTime_appoint=&startTime_contact=&endTime_contact=&is_tracking=&is_appoint=&is_contact=&startTime_tracking=&endTime_tracking=&city_code=&is_monthly=&is_commission=&is_look=&renter_sourcetype=&renter_source=&startTime_applyback=&endTime_applyback=&applyback_status=&second_visit=&visit_source=
INFO: [ app_init ] --START--
INFO: Run Behavior\BuildLiteBehavior [ RunTime:0.000000s ]
INFO: [ app_init ] --END-- [ RunTime:0.001000s ]
INFO: [ app_begin ] --START--
INFO: Run Behavior\ReadHtmlCacheBehavior [ RunTime:0.001000s ]
INFO: [ app_begin ] --END-- [ RunTime:0.001000s ]
SQL: SHOW COLUMNS FROM `admin_user` [ RunTime:0.025002s ]
SQL: SELECT * FROM `admin_user` WHERE `user_name` = 'admin' LIMIT 1   [ RunTime:0.013000s ]
SQL: select count(1) as totalCount from customertracking a  [ RunTime:0.071004s ]
SQL: select mobile,register_time,renter_status,renter_sourcetype,renter_source,is_service,update_man,update_time,bakinfo,is_look,is_satisfied,is_recommend,is_getcommission,contact_lasttime,contact_count,appoint_looktime,appoint_lasttime,appoint_count,appoint_handleman,is_monthly,is_commission,report_count,city_code,applyback_time,applyback_status,is_cashback,second_visit,visit_source,id from customertracking a  order by register_time desc,id desc limit 0,10 [ RunTime:0.091005s ]
INFO: [ view_parse ] --START--
INFO: [ template_filter ] --START--
INFO: Run Behavior\ContentReplaceBehavior [ RunTime:0.001000s ]
INFO: [ template_filter ] --END-- [ RunTime:0.001000s ]
INFO: Run Behavior\ParseTemplateBehavior [ RunTime:0.074005s ]
INFO: [ view_parse ] --END-- [ RunTime:0.074005s ]
INFO: [ view_filter ] --START--
INFO: Run Behavior\WriteHtmlCacheBehavior [ RunTime:0.001000s ]
INFO: [ view_filter ] --END-- [ RunTime:0.001000s ]
INFO: [ app_end ] --START--
INFO: Run Behavior\ShowPageTraceBehavior [ RunTime:0.000000s ]
INFO: [ app_end ] --END-- [ RunTime:0.002000s ]

[ 2017-05-26T14:18:20+08:00 ] ::1 /hizhu/CustomerTracking/trackingedit?no=6&leftno=105&pid=2581
INFO: [ app_init ] --START--
INFO: Run Behavior\BuildLiteBehavior [ RunTime:0.000000s ]
INFO: [ app_init ] --END-- [ RunTime:0.002000s ]
INFO: [ app_begin ] --START--
INFO: Run Behavior\ReadHtmlCacheBehavior [ RunTime:0.001000s ]
INFO: [ app_begin ] --END-- [ RunTime:0.002000s ]
SQL: SHOW COLUMNS FROM `admin_user` [ RunTime:0.015001s ]
SQL: SELECT * FROM `admin_user` WHERE `user_name` = 'admin' LIMIT 1   [ RunTime:0.017001s ]
SQL: SHOW COLUMNS FROM `customertracking` [ RunTime:0.015001s ]
SQL: SELECT * FROM `customertracking` WHERE `id` = 2581 LIMIT 1   [ RunTime:0.016001s ]
SQL: SELECT room_id,call_time,city_id,info_resource FROM `houserentercall` WHERE `mobile` = '15122222222' AND `big_code`<>'4008108756' and is_marketing=0 ORDER BY create_time DESC LIMIT 10 [ RunTime:0.019001s ]
SQL: SELECT room_id,room_no,create_time,city_code,status,room_money,region_name,scope_name,estate_name,look_time FROM `housereservecall` WHERE `customer_mobile` = '15122222222' ORDER BY create_time DESC LIMIT 10 [ RunTime:0.018001s ]
SQL: SHOW COLUMNS FROM gaodudata.customercouponcash [ RunTime:0.024001s ]
SQL: SELECT `room_id`,`price`,`create_time` FROM gaodudata.customercouponcash WHERE `mobile` = '15122222222' ORDER BY create_time desc LIMIT 10   [ RunTime:0.016001s ]
SQL: SHOW COLUMNS FROM gaodudata.customercouponcash [ RunTime:0.015001s ]
SQL: SELECT `status_code` FROM gaodudata.customercouponcash WHERE `mobile` = '15122222222' ORDER BY create_time desc LIMIT 1   [ RunTime:0.014001s ]
SQL: SELECT region_name,scope_name,estate_name,room_money,view_time,is_view,room_id,room_no FROM housereserve WHERE customer_id = '49823B90-2DAB-9F08-6AE5-835E363918B4' AND record_status=1 ORDER BY create_time DESC LIMIT 10 [ RunTime:0.015001s ]
SQL: SELECT renter_status,renter_room,renter_time,bakinfo,renter_sourcetype,renter_source,is_service,create_time,create_man,is_look,is_satisfied,is_recommend,is_cashback,visit_source,second_visit FROM `customertrackinglog` WHERE `tracking_id` = 2581 ORDER BY create_time DESC LIMIT 10 [ RunTime:0.230013s ]
INFO: [ view_parse ] --START--
INFO: [ template_filter ] --START--
INFO: Run Behavior\ContentReplaceBehavior [ RunTime:0.000000s ]
INFO: [ template_filter ] --END-- [ RunTime:0.001000s ]
INFO: Run Behavior\ParseTemplateBehavior [ RunTime:0.052003s ]
INFO: [ view_parse ] --END-- [ RunTime:0.052003s ]
INFO: [ view_filter ] --START--
INFO: Run Behavior\WriteHtmlCacheBehavior [ RunTime:0.001000s ]
INFO: [ view_filter ] --END-- [ RunTime:0.001000s ]
INFO: [ app_end ] --START--
INFO: Run Behavior\ShowPageTraceBehavior [ RunTime:0.000000s ]
INFO: [ app_end ] --END-- [ RunTime:0.001000s ]

[ 2017-05-26T14:18:25+08:00 ] ::1 /hizhu/CustomerTracking/trackingedit?no=6&leftno=105&pid=2581
INFO: [ app_init ] --START--
INFO: Run Behavior\BuildLiteBehavior [ RunTime:0.000000s ]
INFO: [ app_init ] --END-- [ RunTime:0.000000s ]
INFO: [ app_begin ] --START--
INFO: Run Behavior\ReadHtmlCacheBehavior [ RunTime:0.000000s ]
INFO: [ app_begin ] --END-- [ RunTime:0.000000s ]
SQL: SHOW COLUMNS FROM `admin_user` [ RunTime:0.015001s ]
SQL: SELECT * FROM `admin_user` WHERE `user_name` = 'admin' LIMIT 1   [ RunTime:0.012001s ]
SQL: SHOW COLUMNS FROM `customertracking` [ RunTime:0.013001s ]
SQL: SELECT * FROM `customertracking` WHERE `id` = 2581 LIMIT 1   [ RunTime:0.285016s ]
SQL: SELECT room_id,call_time,city_id,info_resource FROM `houserentercall` WHERE `mobile` = '15122222222' AND `big_code`<>'4008108756' and is_marketing=0 ORDER BY create_time DESC LIMIT 10 [ RunTime:0.013001s ]
SQL: SELECT room_id,room_no,create_time,city_code,status,room_money,region_name,scope_name,estate_name,look_time FROM `housereservecall` WHERE `customer_mobile` = '15122222222' ORDER BY create_time DESC LIMIT 10 [ RunTime:0.011001s ]
SQL: SHOW COLUMNS FROM gaodudata.customercouponcash [ RunTime:0.014001s ]
SQL: SELECT `room_id`,`price`,`create_time` FROM gaodudata.customercouponcash WHERE `mobile` = '15122222222' ORDER BY create_time desc LIMIT 10   [ RunTime:0.010000s ]
SQL: SHOW COLUMNS FROM gaodudata.customercouponcash [ RunTime:0.011001s ]
SQL: SELECT `status_code` FROM gaodudata.customercouponcash WHERE `mobile` = '15122222222' ORDER BY create_time desc LIMIT 1   [ RunTime:0.010000s ]
SQL: SELECT region_name,scope_name,estate_name,room_money,view_time,is_view,room_id,room_no FROM housereserve WHERE customer_id = '49823B90-2DAB-9F08-6AE5-835E363918B4' AND record_status=1 ORDER BY create_time DESC LIMIT 10 [ RunTime:0.011001s ]
SQL: SELECT renter_status,renter_room,renter_time,bakinfo,renter_sourcetype,renter_source,is_service,create_time,create_man,is_look,is_satisfied,is_recommend,is_cashback,visit_source,second_visit FROM `customertrackinglog` WHERE `tracking_id` = 2581 ORDER BY create_time DESC LIMIT 10 [ RunTime:0.017001s ]
INFO: [ view_parse ] --START--
INFO: [ template_filter ] --START--
INFO: Run Behavior\ContentReplaceBehavior [ RunTime:0.000000s ]
INFO: [ template_filter ] --END-- [ RunTime:0.001000s ]
INFO: Run Behavior\ParseTemplateBehavior [ RunTime:0.052003s ]
INFO: [ view_parse ] --END-- [ RunTime:0.052003s ]
INFO: [ view_filter ] --START--
INFO: Run Behavior\WriteHtmlCacheBehavior [ RunTime:0.001000s ]
INFO: [ view_filter ] --END-- [ RunTime:0.001000s ]
INFO: [ app_end ] --START--
INFO: Run Behavior\ShowPageTraceBehavior [ RunTime:0.000000s ]
INFO: [ app_end ] --END-- [ RunTime:0.002000s ]

[ 2017-05-26T14:39:46+08:00 ] ::1 /hizhu/HouseResource/resourcelist.html?no=3
INFO: [ app_init ] --START--
INFO: Run Behavior\BuildLiteBehavior [ RunTime:0.000000s ]
INFO: [ app_init ] --END-- [ RunTime:0.001000s ]
INFO: [ app_begin ] --START--
INFO: Run Behavior\ReadHtmlCacheBehavior [ RunTime:0.000000s ]
INFO: [ app_begin ] --END-- [ RunTime:0.001000s ]
SQL: SHOW COLUMNS FROM `admin_user` [ RunTime:0.079005s ]
SQL: SELECT * FROM `admin_user` WHERE `user_name` = 'admin' LIMIT 1   [ RunTime:0.081005s ]
SQL: SHOW COLUMNS FROM `adminmenulist` [ RunTime:0.055003s ]
SQL: SELECT * FROM `adminmenulist` WHERE `parent_id` = 0 AND `record_status` = 1 ORDER BY index_no asc  [ RunTime:0.030002s ]
SQL: SELECT * FROM `adminmenulist` WHERE `parent_id` = 3 AND `record_status` = 1 ORDER BY index_no asc  [ RunTime:0.017001s ]
SQL: SELECT * FROM `adminmenulist` WHERE `parent_id` = 26 AND `record_status` = 1 ORDER BY index_no asc  [ RunTime:0.747043s ]
SQL: SELECT * FROM `adminmenulist` WHERE `parent_id` = 56 AND `record_status` = 1 ORDER BY index_no asc  [ RunTime:0.044003s ]
SQL: SELECT * FROM `adminmenulist` WHERE `parent_id` = 144 AND `record_status` = 1 ORDER BY index_no asc  [ RunTime:0.030002s ]
SQL: SELECT * FROM `adminmenulist` WHERE `parent_id` = 60 AND `record_status` = 1 ORDER BY index_no asc  [ RunTime:0.037002s ]
SQL: SELECT * FROM `adminmenulist` WHERE `parent_id` = 63 AND `record_status` = 1 ORDER BY index_no asc  [ RunTime:0.044002s ]
SQL: SELECT * FROM `adminmenulist` WHERE `parent_id` = 96 AND `record_status` = 1 ORDER BY index_no asc  [ RunTime:0.046003s ]
SQL: SELECT * FROM `adminmenulist` WHERE `parent_id` = 172 AND `record_status` = 1 ORDER BY index_no asc  [ RunTime:0.041003s ]
SQL: SELECT * FROM `adminmenulist` WHERE `parent_id` = 194 AND `record_status` = 1 ORDER BY index_no asc  [ RunTime:0.066004s ]
SQL: SHOW COLUMNS FROM `adminmenulistlimit` [ RunTime:0.018001s ]
SQL: SELECT * FROM `adminmenulistlimit` WHERE `city_auth` = 1 AND `user_name` = 'admin'  [ RunTime:1.652095s ]
SQL: select id,cname,parent_id from region where is_display=1 and parent_id=0 and city_code='001009001' [ RunTime:0.018001s ]
INFO: [ view_parse ] --START--
INFO: [ template_filter ] --START--
INFO: Run Behavior\ContentReplaceBehavior [ RunTime:0.000000s ]
INFO: [ template_filter ] --END-- [ RunTime:0.000000s ]
INFO: Run Behavior\ParseTemplateBehavior [ RunTime:0.027001s ]
INFO: [ view_parse ] --END-- [ RunTime:0.027001s ]
INFO: [ view_filter ] --START--
INFO: Run Behavior\WriteHtmlCacheBehavior [ RunTime:0.000000s ]
INFO: [ view_filter ] --END-- [ RunTime:0.000000s ]
INFO: [ app_end ] --START--
INFO: Run Behavior\ShowPageTraceBehavior [ RunTime:0.001000s ]
INFO: [ app_end ] --END-- [ RunTime:0.001000s ]

[ 2017-05-26T14:40:03+08:00 ] ::1 /hizhu/HouseRoom/searchroom.html?no=3&leftno=44
INFO: [ app_init ] --START--
INFO: Run Behavior\BuildLiteBehavior [ RunTime:0.000000s ]
INFO: [ app_init ] --END-- [ RunTime:0.000000s ]
INFO: [ app_begin ] --START--
INFO: Run Behavior\ReadHtmlCacheBehavior [ RunTime:0.001000s ]
INFO: [ app_begin ] --END-- [ RunTime:0.001000s ]
SQL: SHOW COLUMNS FROM `admin_user` [ RunTime:0.021001s ]
SQL: SELECT * FROM `admin_user` WHERE `user_name` = 'admin' LIMIT 1   [ RunTime:0.019001s ]
INFO: [ view_parse ] --START--
INFO: [ template_filter ] --START--
INFO: Run Behavior\ContentReplaceBehavior [ RunTime:0.001000s ]
INFO: [ template_filter ] --END-- [ RunTime:0.001000s ]
INFO: Run Behavior\ParseTemplateBehavior [ RunTime:0.045002s ]
INFO: [ view_parse ] --END-- [ RunTime:0.046002s ]
INFO: [ view_filter ] --START--
INFO: Run Behavior\WriteHtmlCacheBehavior [ RunTime:0.001000s ]
INFO: [ view_filter ] --END-- [ RunTime:0.001000s ]
INFO: [ app_end ] --START--
INFO: Run Behavior\ShowPageTraceBehavior [ RunTime:0.001000s ]
INFO: [ app_end ] --END-- [ RunTime:0.001000s ]

[ 2017-05-26T15:53:33+08:00 ] ::1 /hizhu/HouseRoom/searchroom.html?no=3&leftno=44
INFO: [ app_init ] --START--
INFO: Run Behavior\BuildLiteBehavior [ RunTime:0.000000s ]
INFO: [ app_init ] --END-- [ RunTime:0.000000s ]
INFO: [ app_begin ] --START--
INFO: Run Behavior\ReadHtmlCacheBehavior [ RunTime:0.001000s ]
INFO: [ app_begin ] --END-- [ RunTime:0.001000s ]
SQL: SHOW COLUMNS FROM `admin_user` [ RunTime:0.012001s ]
SQL: SELECT * FROM `admin_user` WHERE `user_name` = 'admin' LIMIT 1   [ RunTime:0.013001s ]
SQL: SHOW COLUMNS FROM `adminmenulist` [ RunTime:0.011000s ]
SQL: SELECT * FROM `adminmenulist` WHERE `parent_id` = 0 AND `record_status` = 1 ORDER BY index_no asc  [ RunTime:0.012000s ]
SQL: SELECT * FROM `adminmenulist` WHERE `parent_id` = 3 AND `record_status` = 1 ORDER BY index_no asc  [ RunTime:0.012000s ]
SQL: SELECT * FROM `adminmenulist` WHERE `parent_id` = 26 AND `record_status` = 1 ORDER BY index_no asc  [ RunTime:0.243013s ]
SQL: SELECT * FROM `adminmenulist` WHERE `parent_id` = 56 AND `record_status` = 1 ORDER BY index_no asc  [ RunTime:0.020001s ]
SQL: SELECT * FROM `adminmenulist` WHERE `parent_id` = 144 AND `record_status` = 1 ORDER BY index_no asc  [ RunTime:0.015001s ]
SQL: SELECT * FROM `adminmenulist` WHERE `parent_id` = 60 AND `record_status` = 1 ORDER BY index_no asc  [ RunTime:0.309018s ]
SQL: SELECT * FROM `adminmenulist` WHERE `parent_id` = 63 AND `record_status` = 1 ORDER BY index_no asc  [ RunTime:0.012001s ]
SQL: SELECT * FROM `adminmenulist` WHERE `parent_id` = 96 AND `record_status` = 1 ORDER BY index_no asc  [ RunTime:0.013001s ]
SQL: SELECT * FROM `adminmenulist` WHERE `parent_id` = 172 AND `record_status` = 1 ORDER BY index_no asc  [ RunTime:0.016001s ]
SQL: SELECT * FROM `adminmenulist` WHERE `parent_id` = 194 AND `record_status` = 1 ORDER BY index_no asc  [ RunTime:0.017000s ]
SQL: SHOW COLUMNS FROM `adminmenulistlimit` [ RunTime:0.016000s ]
SQL: SELECT * FROM `adminmenulistlimit` WHERE `city_auth` = 1 AND `user_name` = 'admin'  [ RunTime:0.702041s ]
SQL: select type_no,info_type,name,index_no from houseinfotype where record_status=1 and city_code='001009001' order by info_type,index_no [ RunTime:0.014000s ]
SQL: select user_name,real_name from admin_user where  city_auth like '%1%' order by user_name [ RunTime:0.018001s ]
INFO: [ view_parse ] --START--
INFO: [ template_filter ] --START--
INFO: Run Behavior\ContentReplaceBehavior [ RunTime:0.000000s ]
INFO: [ template_filter ] --END-- [ RunTime:0.000000s ]
INFO: Run Behavior\ParseTemplateBehavior [ RunTime:0.042003s ]
INFO: [ view_parse ] --END-- [ RunTime:0.042003s ]
INFO: [ view_filter ] --START--
INFO: Run Behavior\WriteHtmlCacheBehavior [ RunTime:0.000000s ]
INFO: [ view_filter ] --END-- [ RunTime:0.000000s ]
INFO: [ app_end ] --START--
INFO: Run Behavior\ShowPageTraceBehavior [ RunTime:0.001000s ]
INFO: [ app_end ] --END-- [ RunTime:0.001000s ]

[ 2017-05-26T15:56:10+08:00 ] ::1 /hizhu/HouseRoom/searchroom.html?no=3&leftno=44
INFO: [ app_init ] --START--
INFO: Run Behavior\BuildLiteBehavior [ RunTime:0.000000s ]
INFO: [ app_init ] --END-- [ RunTime:0.001000s ]
INFO: [ app_begin ] --START--
INFO: Run Behavior\ReadHtmlCacheBehavior [ RunTime:0.000000s ]
INFO: [ app_begin ] --END-- [ RunTime:0.001000s ]
SQL: SHOW COLUMNS FROM `admin_user` [ RunTime:0.012001s ]
SQL: SELECT * FROM `admin_user` WHERE `user_name` = 'admin' LIMIT 1   [ RunTime:0.014001s ]
INFO: [ view_parse ] --START--
INFO: [ template_filter ] --START--
INFO: Run Behavior\ContentReplaceBehavior [ RunTime:0.000000s ]
INFO: [ template_filter ] --END-- [ RunTime:0.000000s ]
INFO: Run Behavior\ParseTemplateBehavior [ RunTime:0.039003s ]
INFO: [ view_parse ] --END-- [ RunTime:0.039003s ]
INFO: [ view_filter ] --START--
INFO: Run Behavior\WriteHtmlCacheBehavior [ RunTime:0.001000s ]
INFO: [ view_filter ] --END-- [ RunTime:0.001000s ]
INFO: [ app_end ] --START--
INFO: Run Behavior\ShowPageTraceBehavior [ RunTime:0.001000s ]
INFO: [ app_end ] --END-- [ RunTime:0.001000s ]

[ 2017-05-26T16:18:48+08:00 ] ::1 /hizhu/HouseRoom/searchroom.html?no=3&leftno=44
INFO: [ app_init ] --START--
INFO: Run Behavior\BuildLiteBehavior [ RunTime:0.000000s ]
INFO: [ app_init ] --END-- [ RunTime:0.001000s ]
INFO: [ app_begin ] --START--
INFO: Run Behavior\ReadHtmlCacheBehavior [ RunTime:0.000000s ]
INFO: [ app_begin ] --END-- [ RunTime:0.000000s ]
SQL: SHOW COLUMNS FROM `admin_user` [ RunTime:0.014001s ]
SQL: SELECT * FROM `admin_user` WHERE `user_name` = 'admin' LIMIT 1   [ RunTime:0.018001s ]
INFO: [ view_parse ] --START--
INFO: [ template_filter ] --START--
INFO: Run Behavior\ContentReplaceBehavior [ RunTime:0.001000s ]
INFO: [ template_filter ] --END-- [ RunTime:0.001000s ]
INFO: Run Behavior\ParseTemplateBehavior [ RunTime:0.046003s ]
INFO: [ view_parse ] --END-- [ RunTime:0.046003s ]
INFO: [ view_filter ] --START--
INFO: Run Behavior\WriteHtmlCacheBehavior [ RunTime:0.000000s ]
INFO: [ view_filter ] --END-- [ RunTime:0.001000s ]
INFO: [ app_end ] --START--
INFO: Run Behavior\ShowPageTraceBehavior [ RunTime:0.001000s ]
INFO: [ app_end ] --END-- [ RunTime:0.001000s ]

[ 2017-05-26T16:20:05+08:00 ] ::1 /hizhu/HouseRoom/searchroom.html?no=3&leftno=44
INFO: [ app_init ] --START--
INFO: Run Behavior\BuildLiteBehavior [ RunTime:0.001000s ]
INFO: [ app_init ] --END-- [ RunTime:0.001000s ]
INFO: [ app_begin ] --START--
INFO: Run Behavior\ReadHtmlCacheBehavior [ RunTime:0.001001s ]
INFO: [ app_begin ] --END-- [ RunTime:0.001001s ]
SQL: SHOW COLUMNS FROM `admin_user` [ RunTime:0.014001s ]
SQL: SELECT * FROM `admin_user` WHERE `user_name` = 'admin' LIMIT 1   [ RunTime:0.018001s ]
INFO: [ view_parse ] --START--
INFO: [ template_filter ] --START--
INFO: Run Behavior\ContentReplaceBehavior [ RunTime:0.000000s ]
INFO: [ template_filter ] --END-- [ RunTime:0.000000s ]
INFO: Run Behavior\ParseTemplateBehavior [ RunTime:0.041002s ]
INFO: [ view_parse ] --END-- [ RunTime:0.042002s ]
INFO: [ view_filter ] --START--
INFO: Run Behavior\WriteHtmlCacheBehavior [ RunTime:0.000000s ]
INFO: [ view_filter ] --END-- [ RunTime:0.001000s ]
INFO: [ app_end ] --START--
INFO: Run Behavior\ShowPageTraceBehavior [ RunTime:0.001000s ]
INFO: [ app_end ] --END-- [ RunTime:0.001000s ]

[ 2017-05-26T16:21:02+08:00 ] ::1 /hizhu/HouseRoom/searchroom.html?no=3&leftno=44
INFO: [ app_init ] --START--
INFO: Run Behavior\BuildLiteBehavior [ RunTime:0.000000s ]
INFO: [ app_init ] --END-- [ RunTime:0.001000s ]
INFO: [ app_begin ] --START--
INFO: Run Behavior\ReadHtmlCacheBehavior [ RunTime:0.001001s ]
INFO: [ app_begin ] --END-- [ RunTime:0.001001s ]
SQL: SHOW COLUMNS FROM `admin_user` [ RunTime:0.021002s ]
SQL: SELECT * FROM `admin_user` WHERE `user_name` = 'admin' LIMIT 1   [ RunTime:0.017001s ]
INFO: [ view_parse ] --START--
INFO: [ template_filter ] --START--
INFO: Run Behavior\ContentReplaceBehavior [ RunTime:0.000000s ]
INFO: [ template_filter ] --END-- [ RunTime:0.000000s ]
INFO: Run Behavior\ParseTemplateBehavior [ RunTime:0.040002s ]
INFO: [ view_parse ] --END-- [ RunTime:0.040002s ]
INFO: [ view_filter ] --START--
INFO: Run Behavior\WriteHtmlCacheBehavior [ RunTime:0.001000s ]
INFO: [ view_filter ] --END-- [ RunTime:0.001000s ]
INFO: [ app_end ] --START--
INFO: Run Behavior\ShowPageTraceBehavior [ RunTime:0.001000s ]
INFO: [ app_end ] --END-- [ RunTime:0.001000s ]

[ 2017-05-26T16:21:29+08:00 ] ::1 /hizhu/HouseRoom/searchroom.html?no=3&leftno=44
INFO: [ app_init ] --START--
INFO: Run Behavior\BuildLiteBehavior [ RunTime:0.000000s ]
INFO: [ app_init ] --END-- [ RunTime:0.000000s ]
INFO: [ app_begin ] --START--
INFO: Run Behavior\ReadHtmlCacheBehavior [ RunTime:0.001000s ]
INFO: [ app_begin ] --END-- [ RunTime:0.001000s ]
SQL: SHOW COLUMNS FROM `admin_user` [ RunTime:0.011000s ]
SQL: SELECT * FROM `admin_user` WHERE `user_name` = 'admin' LIMIT 1   [ RunTime:0.011001s ]
INFO: [ view_parse ] --START--
INFO: [ template_filter ] --START--
INFO: Run Behavior\ContentReplaceBehavior [ RunTime:0.000000s ]
INFO: [ template_filter ] --END-- [ RunTime:0.001000s ]
INFO: Run Behavior\ParseTemplateBehavior [ RunTime:0.053003s ]
INFO: [ view_parse ] --END-- [ RunTime:0.053003s ]
INFO: [ view_filter ] --START--
INFO: Run Behavior\WriteHtmlCacheBehavior [ RunTime:0.000000s ]
INFO: [ view_filter ] --END-- [ RunTime:0.000000s ]
INFO: [ app_end ] --START--
INFO: Run Behavior\ShowPageTraceBehavior [ RunTime:0.001001s ]
INFO: [ app_end ] --END-- [ RunTime:0.001001s ]

