[ 2017-06-26T13:44:36+08:00 ] ::1 /hizhu/admin.php
INFO: [ app_init ] --START--
INFO: Run Behavior\BuildLiteBehavior [ RunTime:0.000000s ]
INFO: [ app_init ] --END-- [ RunTime:0.001000s ]
INFO: [ app_begin ] --START--
INFO: Run Behavior\ReadHtmlCacheBehavior [ RunTime:0.002001s ]
INFO: [ app_begin ] --END-- [ RunTime:0.002001s ]
INFO: [ view_parse ] --START--
INFO: [ template_filter ] --START--
INFO: Run Behavior\ContentReplaceBehavior [ RunTime:0.001000s ]
INFO: [ template_filter ] --END-- [ RunTime:0.003000s ]
INFO: Run Behavior\ParseTemplateBehavior [ RunTime:0.019001s ]
INFO: [ view_parse ] --END-- [ RunTime:0.020001s ]
INFO: [ view_filter ] --START--
INFO: Run Behavior\WriteHtmlCacheBehavior [ RunTime:0.001000s ]
INFO: [ view_filter ] --END-- [ RunTime:0.002000s ]
INFO: [ app_end ] --START--
INFO: Run Behavior\ShowPageTraceBehavior [ RunTime:0.002000s ]
INFO: [ app_end ] --END-- [ RunTime:0.002000s ]

[ 2017-06-26T13:44:36+08:00 ] ::1 /hizhu/admin.php/Index/verufy.html
INFO: [ app_init ] --START--
INFO: Run Behavior\BuildLiteBehavior [ RunTime:0.001000s ]
INFO: [ app_init ] --END-- [ RunTime:0.002000s ]
INFO: [ app_begin ] --START--
INFO: Run Behavior\ReadHtmlCacheBehavior [ RunTime:0.000000s ]
INFO: [ app_begin ] --END-- [ RunTime:0.002000s ]
INFO: [ app_end ] --START--
INFO: Run Behavior\ShowPageTraceBehavior [ RunTime:0.001000s ]
INFO: [ app_end ] --END-- [ RunTime:0.002000s ]

[ 2017-06-26T13:44:41+08:00 ] ::1 /hizhu/Index/login.html
INFO: [ app_init ] --START--
INFO: Run Behavior\BuildLiteBehavior [ RunTime:0.000000s ]
INFO: [ app_init ] --END-- [ RunTime:0.001000s ]
INFO: [ app_begin ] --START--
INFO: Run Behavior\ReadHtmlCacheBehavior [ RunTime:0.001000s ]
INFO: [ app_begin ] --END-- [ RunTime:0.001000s ]
SQL: SHOW COLUMNS FROM `admin_user` [ RunTime:0.017001s ]
SQL: SELECT * FROM `admin_user` WHERE `user_name` = 'admin' LIMIT 1   [ RunTime:0.019001s ]
SQL: SELECT * FROM `admin_user` WHERE `user_name` = 'admin' AND `user_pwd` = '0c6b4038cefe52dbba27c6434dc1fecd'  [ RunTime:0.246014s ]
SQL: SELECT * FROM `admin_user` WHERE `user_name` = 'admin' LIMIT 1   [ RunTime:0.019002s ]
INFO: [ view_parse ] --START--
INFO: [ template_filter ] --START--
INFO: Run Behavior\ContentReplaceBehavior [ RunTime:0.001000s ]
INFO: [ template_filter ] --END-- [ RunTime:0.001000s ]
INFO: Run Behavior\ParseTemplateBehavior [ RunTime:0.012000s ]
INFO: [ view_parse ] --END-- [ RunTime:0.012000s ]
INFO: [ view_filter ] --START--
INFO: Run Behavior\WriteHtmlCacheBehavior [ RunTime:0.001000s ]
INFO: [ view_filter ] --END-- [ RunTime:0.001000s ]
INFO: [ app_end ] --START--
INFO: Run Behavior\ShowPageTraceBehavior [ RunTime:0.001000s ]
INFO: [ app_end ] --END-- [ RunTime:0.001000s ]

[ 2017-06-26T13:44:45+08:00 ] ::1 /hizhu/Welcome/welcome.html
INFO: [ app_init ] --START--
INFO: Run Behavior\BuildLiteBehavior [ RunTime:0.000000s ]
INFO: [ app_init ] --END-- [ RunTime:0.001000s ]
INFO: [ app_begin ] --START--
INFO: Run Behavior\ReadHtmlCacheBehavior [ RunTime:0.000000s ]
INFO: [ app_begin ] --END-- [ RunTime:0.002000s ]
SQL: SHOW COLUMNS FROM `admin_user` [ RunTime:0.040002s ]
SQL: SELECT * FROM `admin_user` WHERE `user_name` = 'admin' LIMIT 1   [ RunTime:0.032002s ]
SQL: SELECT * FROM `admin_user` WHERE `user_name` = 'admin' AND `record_status` = 1 LIMIT 1   [ RunTime:0.045003s ]
INFO: [ view_parse ] --START--
INFO: [ template_filter ] --START--
INFO: Run Behavior\ContentReplaceBehavior [ RunTime:0.000000s ]
INFO: [ template_filter ] --END-- [ RunTime:0.001000s ]
INFO: Run Behavior\ParseTemplateBehavior [ RunTime:0.023002s ]
INFO: [ view_parse ] --END-- [ RunTime:0.023002s ]
INFO: [ view_filter ] --START--
INFO: Run Behavior\WriteHtmlCacheBehavior [ RunTime:0.000000s ]
INFO: [ view_filter ] --END-- [ RunTime:0.001000s ]
INFO: [ app_end ] --START--
INFO: Run Behavior\ShowPageTraceBehavior [ RunTime:0.001000s ]
INFO: [ app_end ] --END-- [ RunTime:0.001000s ]

[ 2017-06-26T13:44:56+08:00 ] ::1 /hizhu/Sysmenu/sysmenuList.html?no=1
INFO: [ app_init ] --START--
INFO: Run Behavior\BuildLiteBehavior [ RunTime:0.000000s ]
INFO: [ app_init ] --END-- [ RunTime:0.002000s ]
INFO: [ app_begin ] --START--
INFO: Run Behavior\ReadHtmlCacheBehavior [ RunTime:0.000000s ]
INFO: [ app_begin ] --END-- [ RunTime:0.002000s ]
SQL: SHOW COLUMNS FROM `admin_user` [ RunTime:0.012001s ]
SQL: SELECT * FROM `admin_user` WHERE `user_name` = 'admin' LIMIT 1   [ RunTime:0.015001s ]
NOTIC: [8] Undefined index: level_id D:\wamp\www\hizhu\Application\Home\Controller\SysmenuController.class.php 第 17 行.
INFO: [ view_parse ] --START--
INFO: [ template_filter ] --START--
INFO: Run Behavior\ContentReplaceBehavior [ RunTime:0.000000s ]
INFO: [ template_filter ] --END-- [ RunTime:0.000000s ]
INFO: Run Behavior\ParseTemplateBehavior [ RunTime:0.056004s ]
INFO: [ view_parse ] --END-- [ RunTime:0.056004s ]
INFO: [ view_filter ] --START--
INFO: Run Behavior\WriteHtmlCacheBehavior [ RunTime:0.001000s ]
INFO: [ view_filter ] --END-- [ RunTime:0.001000s ]
INFO: [ app_end ] --START--
INFO: Run Behavior\ShowPageTraceBehavior [ RunTime:0.001000s ]
INFO: [ app_end ] --END-- [ RunTime:0.001000s ]

[ 2017-06-26T13:45:05+08:00 ] ::1 /hizhu/HizhuParameter/portConfigureList.html?no=1&leftno=209
INFO: [ app_init ] --START--
INFO: Run Behavior\BuildLiteBehavior [ RunTime:0.000000s ]
INFO: [ app_init ] --END-- [ RunTime:0.001000s ]
INFO: [ app_begin ] --START--
INFO: Run Behavior\ReadHtmlCacheBehavior [ RunTime:0.000000s ]
INFO: [ app_begin ] --END-- [ RunTime:0.000000s ]
SQL: SHOW COLUMNS FROM `admin_user` [ RunTime:0.014001s ]
SQL: SELECT * FROM `admin_user` WHERE `user_name` = 'admin' LIMIT 1   [ RunTime:0.013001s ]
SQL: SHOW COLUMNS FROM `ownerfeecontent` [ RunTime:0.029001s ]
SQL: SELECT COUNT(*) AS tp_count FROM `ownerfeecontent` WHERE `city_code` = '001009001' LIMIT 1   [ RunTime:0.018001s ]
SQL: SELECT `id`,`time_type`,`timelimit`,`price`,`city_code`,`record_status`,`create_time`,`create_man`,`coupon_title`,`house_num`,`is_owner` FROM `ownerfeecontent` WHERE `city_code` = '001009001' ORDER BY create_time desc LIMIT 0,10   [ RunTime:0.025001s ]
INFO: [ view_parse ] --START--
INFO: [ template_filter ] --START--
INFO: Run Behavior\ContentReplaceBehavior [ RunTime:0.000000s ]
INFO: [ template_filter ] --END-- [ RunTime:0.001000s ]
INFO: Run Behavior\ParseTemplateBehavior [ RunTime:0.036002s ]
INFO: [ view_parse ] --END-- [ RunTime:0.036002s ]
INFO: [ view_filter ] --START--
INFO: Run Behavior\WriteHtmlCacheBehavior [ RunTime:0.000000s ]
INFO: [ view_filter ] --END-- [ RunTime:0.000000s ]
INFO: [ app_end ] --START--
INFO: Run Behavior\ShowPageTraceBehavior [ RunTime:0.001001s ]
INFO: [ app_end ] --END-- [ RunTime:0.002001s ]

[ 2017-06-26T13:45:30+08:00 ] ::1 /hizhu/HizhuParameter/portConfigureAdd.html?no=1&leftno=209
INFO: [ app_init ] --START--
INFO: Run Behavior\BuildLiteBehavior [ RunTime:0.000000s ]
INFO: [ app_init ] --END-- [ RunTime:0.001000s ]
INFO: [ app_begin ] --START--
INFO: Run Behavior\ReadHtmlCacheBehavior [ RunTime:0.001000s ]
INFO: [ app_begin ] --END-- [ RunTime:0.001000s ]
SQL: SHOW COLUMNS FROM `admin_user` [ RunTime:0.314018s ]
SQL: SELECT * FROM `admin_user` WHERE `user_name` = 'admin' LIMIT 1   [ RunTime:0.013001s ]
INFO: [ view_parse ] --START--
INFO: [ template_filter ] --START--
INFO: Run Behavior\ContentReplaceBehavior [ RunTime:0.000000s ]
INFO: [ template_filter ] --END-- [ RunTime:0.000000s ]
INFO: Run Behavior\ParseTemplateBehavior [ RunTime:0.022002s ]
INFO: [ view_parse ] --END-- [ RunTime:0.023002s ]
INFO: [ view_filter ] --START--
INFO: Run Behavior\WriteHtmlCacheBehavior [ RunTime:0.000000s ]
INFO: [ view_filter ] --END-- [ RunTime:0.001000s ]
INFO: [ app_end ] --START--
INFO: Run Behavior\ShowPageTraceBehavior [ RunTime:0.001000s ]
INFO: [ app_end ] --END-- [ RunTime:0.001000s ]

[ 2017-06-26T13:45:48+08:00 ] ::1 /hizhu/HizhuParameter/portConfigureList.html?no=1&leftno=209&is_owner=&record_status=1
INFO: [ app_init ] --START--
INFO: Run Behavior\BuildLiteBehavior [ RunTime:0.000000s ]
INFO: [ app_init ] --END-- [ RunTime:0.000000s ]
INFO: [ app_begin ] --START--
INFO: Run Behavior\ReadHtmlCacheBehavior [ RunTime:0.001000s ]
INFO: [ app_begin ] --END-- [ RunTime:0.001000s ]
SQL: SHOW COLUMNS FROM `admin_user` [ RunTime:0.013001s ]
SQL: SELECT * FROM `admin_user` WHERE `user_name` = 'admin' LIMIT 1   [ RunTime:0.013001s ]
SQL: SHOW COLUMNS FROM `ownerfeecontent` [ RunTime:0.013001s ]
SQL: SELECT COUNT(*) AS tp_count FROM `ownerfeecontent` WHERE `city_code` = '001009001' AND `record_status` = '1' LIMIT 1   [ RunTime:0.017001s ]
SQL: SELECT `id`,`time_type`,`timelimit`,`price`,`city_code`,`record_status`,`create_time`,`create_man`,`coupon_title`,`house_num`,`is_owner` FROM `ownerfeecontent` WHERE `city_code` = '001009001' AND `record_status` = '1' ORDER BY create_time desc LIMIT 0,10   [ RunTime:0.226013s ]
INFO: [ view_parse ] --START--
INFO: [ template_filter ] --START--
INFO: Run Behavior\ContentReplaceBehavior [ RunTime:0.001000s ]
INFO: [ template_filter ] --END-- [ RunTime:0.001000s ]
INFO: Run Behavior\ParseTemplateBehavior [ RunTime:0.035002s ]
INFO: [ view_parse ] --END-- [ RunTime:0.035002s ]
INFO: [ view_filter ] --START--
INFO: Run Behavior\WriteHtmlCacheBehavior [ RunTime:0.001000s ]
INFO: [ view_filter ] --END-- [ RunTime:0.001000s ]
INFO: [ app_end ] --START--
INFO: Run Behavior\ShowPageTraceBehavior [ RunTime:0.001000s ]
INFO: [ app_end ] --END-- [ RunTime:0.001000s ]

[ 2017-06-26T13:45:58+08:00 ] ::1 /hizhu/Orders/auditHouseOrders.html?no=4
INFO: [ app_init ] --START--
INFO: Run Behavior\BuildLiteBehavior [ RunTime:0.000000s ]
INFO: [ app_init ] --END-- [ RunTime:0.000000s ]
INFO: [ app_begin ] --START--
INFO: Run Behavior\ReadHtmlCacheBehavior [ RunTime:0.001000s ]
INFO: [ app_begin ] --END-- [ RunTime:0.001000s ]
SQL: SHOW COLUMNS FROM `admin_user` [ RunTime:0.021002s ]
SQL: SELECT * FROM `admin_user` WHERE `user_name` = 'admin' LIMIT 1   [ RunTime:0.024001s ]
SQL: SHOW COLUMNS FROM `adminmenulist` [ RunTime:0.022001s ]
SQL: SELECT * FROM `adminmenulist` WHERE `parent_id` = 29 AND `record_status` = 1 ORDER BY index_no asc  [ RunTime:0.016000s ]
SQL: SELECT * FROM `adminmenulist` WHERE `parent_id` = 39 AND `record_status` = 1 ORDER BY index_no asc  [ RunTime:0.021002s ]
SQL: SELECT * FROM `adminmenulist` WHERE `parent_id` = 68 AND `record_status` = 1 ORDER BY index_no asc  [ RunTime:0.022001s ]
SQL: SELECT * FROM `adminmenulist` WHERE `parent_id` = 72 AND `record_status` = 1 ORDER BY index_no asc  [ RunTime:0.018001s ]
SQL: SELECT * FROM `adminmenulist` WHERE `parent_id` = 210 AND `record_status` = 1 ORDER BY index_no asc  [ RunTime:0.019001s ]
NOTIC: [8] Undefined index: startTime D:\wamp\www\hizhu\Application\Home\Controller\OrdersController.class.php 第 26 行.
NOTIC: [8] Undefined index: endTime D:\wamp\www\hizhu\Application\Home\Controller\OrdersController.class.php 第 27 行.
NOTIC: [8] Undefined index: orderStatus D:\wamp\www\hizhu\Application\Home\Controller\OrdersController.class.php 第 28 行.
NOTIC: [8] Undefined index: mobile D:\wamp\www\hizhu\Application\Home\Controller\OrdersController.class.php 第 29 行.
NOTIC: [8] Undefined index: orderid D:\wamp\www\hizhu\Application\Home\Controller\OrdersController.class.php 第 30 行.
NOTIC: [8] Undefined index: landmobile D:\wamp\www\hizhu\Application\Home\Controller\OrdersController.class.php 第 31 行.
NOTIC: [8] Undefined index: landlord D:\wamp\www\hizhu\Application\Home\Controller\OrdersController.class.php 第 32 行.
NOTIC: [8] Undefined index: tenant D:\wamp\www\hizhu\Application\Home\Controller\OrdersController.class.php 第 33 行.
NOTIC: [8] Undefined index: source D:\wamp\www\hizhu\Application\Home\Controller\OrdersController.class.php 第 34 行.
SQL: SHOW COLUMNS FROM `orders` [ RunTime:0.025001s ]
SQL: SELECT COUNT(*) AS tp_count FROM `orders` WHERE orders.record_status = 1 LIMIT 1   [ RunTime:0.023002s ]
NOTIC: [2] urlencode() expects parameter 1 to be string, array given D:\wamp\www\hizhu\Application\Home\Controller\OrdersController.class.php 第 73 行.
SQL: SELECT orders.id,orders.renter_name,orders.renter_phone,orders.price_cnt,orders.order_status,orders.order_pirce_cnt,orders.create_time FROM `orders` WHERE orders.record_status = 1 ORDER BY orders.create_time desc LIMIT 0,15   [ RunTime:0.021001s ]
SQL: SELECT sum(orders.price_cnt) as sumprice_cunt,sum(orders.order_pirce_cnt) as sumorder_pirce_cnt FROM `orders` WHERE orders.record_status = 1 ORDER BY orders.create_time desc LIMIT 1   [ RunTime:0.063004s ]
SQL: SHOW COLUMNS FROM `customercoupon` [ RunTime:0.016001s ]
SQL: SELECT SUM(coupon_money) FROM `customercoupon` WHERE `coupon_type` = 2 AND `flag` = 1 LIMIT 1   [ RunTime:0.020001s ]
INFO: [ view_parse ] --START--
INFO: [ template_filter ] --START--
INFO: Run Behavior\ContentReplaceBehavior [ RunTime:0.000000s ]
INFO: [ template_filter ] --END-- [ RunTime:0.000000s ]
NOTIC: [8] Undefined index: startTime D:\wamp\www\hizhu\Application\Runtime\Cache\Home\8a436c5d778533395daa1212453563e4.php 第 72 行.
NOTIC: [8] Undefined index: endTime D:\wamp\www\hizhu\Application\Runtime\Cache\Home\8a436c5d778533395daa1212453563e4.php 第 72 行.
NOTIC: [8] Undefined index: mobile D:\wamp\www\hizhu\Application\Runtime\Cache\Home\8a436c5d778533395daa1212453563e4.php 第 74 行.
NOTIC: [8] Undefined index: landmobile D:\wamp\www\hizhu\Application\Runtime\Cache\Home\8a436c5d778533395daa1212453563e4.php 第 76 行.
NOTIC: [8] Undefined index: orderStatus D:\wamp\www\hizhu\Application\Runtime\Cache\Home\8a436c5d778533395daa1212453563e4.php 第 81 行.
NOTIC: [8] Undefined index: orderStatus D:\wamp\www\hizhu\Application\Runtime\Cache\Home\8a436c5d778533395daa1212453563e4.php 第 82 行.
NOTIC: [8] Undefined index: orderStatus D:\wamp\www\hizhu\Application\Runtime\Cache\Home\8a436c5d778533395daa1212453563e4.php 第 83 行.
NOTIC: [8] Undefined index: orderStatus D:\wamp\www\hizhu\Application\Runtime\Cache\Home\8a436c5d778533395daa1212453563e4.php 第 84 行.
NOTIC: [8] Undefined index: orderStatus D:\wamp\www\hizhu\Application\Runtime\Cache\Home\8a436c5d778533395daa1212453563e4.php 第 85 行.
NOTIC: [8] Undefined index: orderStatus D:\wamp\www\hizhu\Application\Runtime\Cache\Home\8a436c5d778533395daa1212453563e4.php 第 86 行.
NOTIC: [8] Undefined index: orderStatus D:\wamp\www\hizhu\Application\Runtime\Cache\Home\8a436c5d778533395daa1212453563e4.php 第 87 行.
NOTIC: [8] Undefined index: orderStatus D:\wamp\www\hizhu\Application\Runtime\Cache\Home\8a436c5d778533395daa1212453563e4.php 第 88 行.
NOTIC: [8] Undefined index: orderStatus D:\wamp\www\hizhu\Application\Runtime\Cache\Home\8a436c5d778533395daa1212453563e4.php 第 89 行.
NOTIC: [8] Undefined index: orderStatus D:\wamp\www\hizhu\Application\Runtime\Cache\Home\8a436c5d778533395daa1212453563e4.php 第 90 行.
NOTIC: [8] Undefined index: tenant D:\wamp\www\hizhu\Application\Runtime\Cache\Home\8a436c5d778533395daa1212453563e4.php 第 94 行.
NOTIC: [8] Undefined index: orderid D:\wamp\www\hizhu\Application\Runtime\Cache\Home\8a436c5d778533395daa1212453563e4.php 第 96 行.
NOTIC: [8] Undefined index: source D:\wamp\www\hizhu\Application\Runtime\Cache\Home\8a436c5d778533395daa1212453563e4.php 第 102 行.
NOTIC: [8] Undefined index: source D:\wamp\www\hizhu\Application\Runtime\Cache\Home\8a436c5d778533395daa1212453563e4.php 第 103 行.
NOTIC: [8] Undefined index: source D:\wamp\www\hizhu\Application\Runtime\Cache\Home\8a436c5d778533395daa1212453563e4.php 第 104 行.
NOTIC: [8] Undefined index: source D:\wamp\www\hizhu\Application\Runtime\Cache\Home\8a436c5d778533395daa1212453563e4.php 第 105 行.
INFO: Run Behavior\ParseTemplateBehavior [ RunTime:0.061004s ]
INFO: [ view_parse ] --END-- [ RunTime:0.061004s ]
INFO: [ view_filter ] --START--
INFO: Run Behavior\WriteHtmlCacheBehavior [ RunTime:0.001000s ]
INFO: [ view_filter ] --END-- [ RunTime:0.001000s ]
INFO: [ app_end ] --START--
INFO: Run Behavior\ShowPageTraceBehavior [ RunTime:0.001000s ]
INFO: [ app_end ] --END-- [ RunTime:0.001000s ]

[ 2017-06-26T13:46:03+08:00 ] ::1 /hizhu/HizhuParameter/portOrderList.html?no=4&leftno=211
INFO: [ app_init ] --START--
INFO: Run Behavior\BuildLiteBehavior [ RunTime:0.000000s ]
INFO: [ app_init ] --END-- [ RunTime:0.001000s ]
INFO: [ app_begin ] --START--
INFO: Run Behavior\ReadHtmlCacheBehavior [ RunTime:0.001000s ]
INFO: [ app_begin ] --END-- [ RunTime:0.001000s ]
SQL: SHOW COLUMNS FROM `admin_user` [ RunTime:0.022001s ]
SQL: SELECT * FROM `admin_user` WHERE `user_name` = 'admin' LIMIT 1   [ RunTime:0.238014s ]
SQL: SHOW COLUMNS FROM `ownerorder` [ RunTime:0.022001s ]
SQL: SELECT COUNT(*) AS tp_count FROM `ownerorder` WHERE `record_status` = 1 LIMIT 1   [ RunTime:0.032002s ]
SQL: SELECT `id`,`customer_id`,`create_time`,`city_code`,`price`,`pay_type`,`is_owner`,`create_man` FROM `ownerorder` WHERE `record_status` = 1 ORDER BY create_time desc LIMIT 0,10   [ RunTime:0.025001s ]
SQL: SHOW COLUMNS FROM `customer` [ RunTime:0.016001s ]
SQL: SELECT `mobile` FROM `customer` WHERE `id` = 'B5CD80B9-C599-B5DB-3D05-FD80A8CF0CE7' LIMIT 1   [ RunTime:0.014001s ]
SQL: SELECT `mobile` FROM `customer` WHERE `id` = '39C2850B-4B1B-E752-C4C4-3C01A3CD0FE7' LIMIT 1   [ RunTime:0.015000s ]
SQL: SELECT `mobile` FROM `customer` WHERE `id` = '39C2850B-4B1B-E752-C4C4-3C01A3CD0FE7' LIMIT 1   [ RunTime:0.017001s ]
SQL: SELECT `mobile` FROM `customer` WHERE `id` = '39C2850B-4B1B-E752-C4C4-3C01A3CD0FE7' LIMIT 1   [ RunTime:0.014000s ]
SQL: SELECT `mobile` FROM `customer` WHERE `id` = '39C2850B-4B1B-E752-C4C4-3C01A3CD0FE7' LIMIT 1   [ RunTime:0.018001s ]
SQL: SELECT `mobile` FROM `customer` WHERE `id` = '39C2850B-4B1B-E752-C4C4-3C01A3CD0FE7' LIMIT 1   [ RunTime:0.014000s ]
SQL: SELECT `mobile` FROM `customer` WHERE `id` = '8C185319-B0A1-D1E0-B078-A24A5DF0F46B' LIMIT 1   [ RunTime:0.019001s ]
SQL: SELECT `mobile` FROM `customer` WHERE `id` = '8C185319-B0A1-D1E0-B078-A24A5DF0F46B' LIMIT 1   [ RunTime:0.018001s ]
SQL: SELECT `mobile` FROM `customer` WHERE `id` = '8C185319-B0A1-D1E0-B078-A24A5DF0F46B' LIMIT 1   [ RunTime:0.020001s ]
SQL: SELECT `mobile` FROM `customer` WHERE `id` = 'EE09CACE-A372-F404-05DD-9BEC478F8349' LIMIT 1   [ RunTime:0.023001s ]
INFO: [ view_parse ] --START--
INFO: [ template_filter ] --START--
INFO: Run Behavior\ContentReplaceBehavior [ RunTime:0.001001s ]
INFO: [ template_filter ] --END-- [ RunTime:0.001001s ]
NOTIC: [8] Undefined index: city_code D:\wamp\www\hizhu\Application\Runtime\Cache\Home\9a1dd69618296259366ab6f05476d5eb.php 第 83 行.
NOTIC: [8] Undefined index: city_code D:\wamp\www\hizhu\Application\Runtime\Cache\Home\9a1dd69618296259366ab6f05476d5eb.php 第 84 行.
NOTIC: [8] Undefined index: city_code D:\wamp\www\hizhu\Application\Runtime\Cache\Home\9a1dd69618296259366ab6f05476d5eb.php 第 85 行.
NOTIC: [8] Undefined index: city_code D:\wamp\www\hizhu\Application\Runtime\Cache\Home\9a1dd69618296259366ab6f05476d5eb.php 第 86 行.
NOTIC: [8] Undefined index: city_code D:\wamp\www\hizhu\Application\Runtime\Cache\Home\9a1dd69618296259366ab6f05476d5eb.php 第 87 行.
NOTIC: [8] Undefined index: city_code D:\wamp\www\hizhu\Application\Runtime\Cache\Home\9a1dd69618296259366ab6f05476d5eb.php 第 88 行.
INFO: Run Behavior\ParseTemplateBehavior [ RunTime:0.050003s ]
INFO: [ view_parse ] --END-- [ RunTime:0.050003s ]
INFO: [ view_filter ] --START--
INFO: Run Behavior\WriteHtmlCacheBehavior [ RunTime:0.000000s ]
INFO: [ view_filter ] --END-- [ RunTime:0.001000s ]
INFO: [ app_end ] --START--
INFO: Run Behavior\ShowPageTraceBehavior [ RunTime:0.001000s ]
INFO: [ app_end ] --END-- [ RunTime:0.001000s ]

[ 2017-06-26T14:01:25+08:00 ] ::1 /hizhu/HizhuParameter/portOrderList/no/4/leftno/211/p/2.html
INFO: [ app_init ] --START--
INFO: Run Behavior\BuildLiteBehavior [ RunTime:0.000000s ]
INFO: [ app_init ] --END-- [ RunTime:0.000000s ]
INFO: [ app_begin ] --START--
INFO: Run Behavior\ReadHtmlCacheBehavior [ RunTime:0.001000s ]
INFO: [ app_begin ] --END-- [ RunTime:0.001000s ]
SQL: SHOW COLUMNS FROM `admin_user` [ RunTime:0.082005s ]
SQL: SELECT * FROM `admin_user` WHERE `user_name` = 'admin' LIMIT 1   [ RunTime:0.347019s ]
SQL: SHOW COLUMNS FROM `ownerorder` [ RunTime:0.074005s ]
SQL: SELECT COUNT(*) AS tp_count FROM `ownerorder` WHERE `record_status` = 1 LIMIT 1   [ RunTime:0.058003s ]
SQL: SELECT `id`,`customer_id`,`create_time`,`city_code`,`price`,`pay_type`,`is_owner`,`create_man` FROM `ownerorder` WHERE `record_status` = 1 ORDER BY create_time desc LIMIT 10,10   [ RunTime:0.062004s ]
SQL: SHOW COLUMNS FROM `customer` [ RunTime:0.067004s ]
SQL: SELECT `mobile` FROM `customer` WHERE `id` = 'E20E0847-94E1-CA06-E74E-21583A52E08A' LIMIT 1   [ RunTime:0.068004s ]
SQL: SELECT `mobile` FROM `customer` WHERE `id` = 'A61822FD-79BB-7A63-A0F9-013C99E79C3C' LIMIT 1   [ RunTime:0.067004s ]
SQL: SELECT `mobile` FROM `customer` WHERE `id` = '13EC420A-99A0-9984-B554-EED89F428399' LIMIT 1   [ RunTime:0.072004s ]
SQL: SELECT `mobile` FROM `customer` WHERE `id` = '13EC420A-99A0-9984-B554-EED89F428399' LIMIT 1   [ RunTime:0.076004s ]
SQL: SELECT `mobile` FROM `customer` WHERE `id` = 'fce3c1fa-db91-afe4-35f0-eca4eec34d71' LIMIT 1   [ RunTime:0.080005s ]
SQL: SELECT `mobile` FROM `customer` WHERE `id` = '7baa997d-c5e2-f23d-26f8-80460f035d89' LIMIT 1   [ RunTime:0.068004s ]
SQL: SELECT `mobile` FROM `customer` WHERE `id` = '79CF2D72-0427-402D-47AC-34DFDDBCA91A' LIMIT 1   [ RunTime:0.080004s ]
SQL: SELECT `mobile` FROM `customer` WHERE `id` = '79CF2D72-0427-402D-47AC-34DFDDBCA91A' LIMIT 1   [ RunTime:0.078005s ]
SQL: SELECT `mobile` FROM `customer` WHERE `id` = '79CF2D72-0427-402D-47AC-34DFDDBCA91A' LIMIT 1   [ RunTime:0.068004s ]
SQL: SELECT `mobile` FROM `customer` WHERE `id` = '79CF2D72-0427-402D-47AC-34DFDDBCA91A' LIMIT 1   [ RunTime:0.063004s ]
INFO: [ view_parse ] --START--
INFO: [ template_filter ] --START--
INFO: Run Behavior\ContentReplaceBehavior [ RunTime:0.000000s ]
INFO: [ template_filter ] --END-- [ RunTime:0.000000s ]
NOTIC: [8] Undefined index: city_code D:\wamp\www\hizhu\Application\Runtime\Cache\Home\9a1dd69618296259366ab6f05476d5eb.php 第 83 行.
NOTIC: [8] Undefined index: city_code D:\wamp\www\hizhu\Application\Runtime\Cache\Home\9a1dd69618296259366ab6f05476d5eb.php 第 84 行.
NOTIC: [8] Undefined index: city_code D:\wamp\www\hizhu\Application\Runtime\Cache\Home\9a1dd69618296259366ab6f05476d5eb.php 第 85 行.
NOTIC: [8] Undefined index: city_code D:\wamp\www\hizhu\Application\Runtime\Cache\Home\9a1dd69618296259366ab6f05476d5eb.php 第 86 行.
NOTIC: [8] Undefined index: city_code D:\wamp\www\hizhu\Application\Runtime\Cache\Home\9a1dd69618296259366ab6f05476d5eb.php 第 87 行.
NOTIC: [8] Undefined index: city_code D:\wamp\www\hizhu\Application\Runtime\Cache\Home\9a1dd69618296259366ab6f05476d5eb.php 第 88 行.
INFO: Run Behavior\ParseTemplateBehavior [ RunTime:0.026001s ]
INFO: [ view_parse ] --END-- [ RunTime:0.027001s ]
INFO: [ view_filter ] --START--
INFO: Run Behavior\WriteHtmlCacheBehavior [ RunTime:0.000000s ]
INFO: [ view_filter ] --END-- [ RunTime:0.001000s ]
INFO: [ app_end ] --START--
INFO: Run Behavior\ShowPageTraceBehavior [ RunTime:0.000000s ]
INFO: [ app_end ] --END-- [ RunTime:0.002000s ]

[ 2017-06-26T14:01:31+08:00 ] ::1 /hizhu/HizhuParameter/portOrderList/no/4/leftno/211/p/3.html
INFO: [ app_init ] --START--
INFO: Run Behavior\BuildLiteBehavior [ RunTime:0.000000s ]
INFO: [ app_init ] --END-- [ RunTime:0.002000s ]
INFO: [ app_begin ] --START--
INFO: Run Behavior\ReadHtmlCacheBehavior [ RunTime:0.001000s ]
INFO: [ app_begin ] --END-- [ RunTime:0.001000s ]
SQL: SHOW COLUMNS FROM `admin_user` [ RunTime:0.069004s ]
SQL: SELECT * FROM `admin_user` WHERE `user_name` = 'admin' LIMIT 1   [ RunTime:0.063004s ]
SQL: SHOW COLUMNS FROM `ownerorder` [ RunTime:0.312018s ]
SQL: SELECT COUNT(*) AS tp_count FROM `ownerorder` WHERE `record_status` = 1 LIMIT 1   [ RunTime:0.068004s ]
SQL: SELECT `id`,`customer_id`,`create_time`,`city_code`,`price`,`pay_type`,`is_owner`,`create_man` FROM `ownerorder` WHERE `record_status` = 1 ORDER BY create_time desc LIMIT 20,10   [ RunTime:0.067004s ]
SQL: SHOW COLUMNS FROM `customer` [ RunTime:0.076005s ]
SQL: SELECT `mobile` FROM `customer` WHERE `id` = '7baa997d-c5e2-f23d-26f8-80460f035d89' LIMIT 1   [ RunTime:0.325018s ]
SQL: SELECT `mobile` FROM `customer` WHERE `id` = '5BAD648D-B485-A433-AD74-5458BAC5CCAC' LIMIT 1   [ RunTime:0.066003s ]
SQL: SELECT `mobile` FROM `customer` WHERE `id` = '5BAD648D-B485-A433-AD74-5458BAC5CCAC' LIMIT 1   [ RunTime:0.068004s ]
SQL: SELECT `mobile` FROM `customer` WHERE `id` = '5BAD648D-B485-A433-AD74-5458BAC5CCAC' LIMIT 1   [ RunTime:0.074005s ]
SQL: SELECT `mobile` FROM `customer` WHERE `id` = '5BAD648D-B485-A433-AD74-5458BAC5CCAC' LIMIT 1   [ RunTime:0.067003s ]
SQL: SELECT `mobile` FROM `customer` WHERE `id` = '7baa997d-c5e2-f23d-26f8-80460f035d89' LIMIT 1   [ RunTime:0.080005s ]
SQL: SELECT `mobile` FROM `customer` WHERE `id` = 'ECB3E296-6909-29BA-AAE5-AA0219A47D04' LIMIT 1   [ RunTime:0.074004s ]
SQL: SELECT `mobile` FROM `customer` WHERE `id` = 'ECB3E296-6909-29BA-AAE5-AA0219A47D04' LIMIT 1   [ RunTime:0.085005s ]
SQL: SELECT `mobile` FROM `customer` WHERE `id` = '8C4E3CBB-7773-B08B-7A86-3576269912A1' LIMIT 1   [ RunTime:0.072004s ]
SQL: SELECT `mobile` FROM `customer` WHERE `id` = 'DBD581D0-20E8-2C7D-F0E1-7970CD07E66F' LIMIT 1   [ RunTime:0.066004s ]
INFO: [ view_parse ] --START--
INFO: [ template_filter ] --START--
INFO: Run Behavior\ContentReplaceBehavior [ RunTime:0.000000s ]
INFO: [ template_filter ] --END-- [ RunTime:0.000000s ]
NOTIC: [8] Undefined index: city_code D:\wamp\www\hizhu\Application\Runtime\Cache\Home\9a1dd69618296259366ab6f05476d5eb.php 第 83 行.
NOTIC: [8] Undefined index: city_code D:\wamp\www\hizhu\Application\Runtime\Cache\Home\9a1dd69618296259366ab6f05476d5eb.php 第 84 行.
NOTIC: [8] Undefined index: city_code D:\wamp\www\hizhu\Application\Runtime\Cache\Home\9a1dd69618296259366ab6f05476d5eb.php 第 85 行.
NOTIC: [8] Undefined index: city_code D:\wamp\www\hizhu\Application\Runtime\Cache\Home\9a1dd69618296259366ab6f05476d5eb.php 第 86 行.
NOTIC: [8] Undefined index: city_code D:\wamp\www\hizhu\Application\Runtime\Cache\Home\9a1dd69618296259366ab6f05476d5eb.php 第 87 行.
NOTIC: [8] Undefined index: city_code D:\wamp\www\hizhu\Application\Runtime\Cache\Home\9a1dd69618296259366ab6f05476d5eb.php 第 88 行.
INFO: Run Behavior\ParseTemplateBehavior [ RunTime:0.028002s ]
INFO: [ view_parse ] --END-- [ RunTime:0.029002s ]
INFO: [ view_filter ] --START--
INFO: Run Behavior\WriteHtmlCacheBehavior [ RunTime:0.001000s ]
INFO: [ view_filter ] --END-- [ RunTime:0.001000s ]
INFO: [ app_end ] --START--
INFO: Run Behavior\ShowPageTraceBehavior [ RunTime:0.001000s ]
INFO: [ app_end ] --END-- [ RunTime:0.002000s ]

[ 2017-06-26T14:02:34+08:00 ] ::1 /hizhu/stores/storesList.html?no=162
INFO: [ app_init ] --START--
INFO: Run Behavior\BuildLiteBehavior [ RunTime:0.000000s ]
INFO: [ app_init ] --END-- [ RunTime:0.000000s ]
INFO: [ app_begin ] --START--
INFO: Run Behavior\ReadHtmlCacheBehavior [ RunTime:0.001000s ]
INFO: [ app_begin ] --END-- [ RunTime:0.001000s ]
SQL: SHOW COLUMNS FROM `admin_user` [ RunTime:0.012000s ]
SQL: SELECT * FROM `admin_user` WHERE `user_name` = 'admin' LIMIT 1   [ RunTime:0.010001s ]
SQL: SHOW COLUMNS FROM `adminmenulist` [ RunTime:0.010001s ]
SQL: SELECT * FROM `adminmenulist` WHERE `parent_id` = 163 AND `record_status` = 1 ORDER BY index_no asc  [ RunTime:0.015001s ]
SQL: SELECT * FROM `adminmenulist` WHERE `parent_id` = 167 AND `record_status` = 1 ORDER BY index_no asc  [ RunTime:0.009001s ]
SQL: SHOW COLUMNS FROM `stores` [ RunTime:0.013000s ]
SQL: SELECT COUNT(*) AS tp_count FROM `stores` WHERE `city_code` = '001009001' AND `record_status` = 1 AND `is_special` = 0 LIMIT 1   [ RunTime:0.033001s ]
SQL: SELECT `id`,`name`,`medal_type`,`create_time`,`update_time`,`credit_score`,`earnestmoney` FROM `stores` WHERE `city_code` = '001009001' AND `record_status` = 1 AND `is_special` = 0 ORDER BY create_time desc LIMIT 0,10   [ RunTime:0.014000s ]
SQL: SHOW COLUMNS FROM `storemembers` [ RunTime:0.013000s ]
SQL: SELECT `customer_id` FROM `storemembers` WHERE `store_id` = 'DE449CD5-5257-2269-2062-D9E10718A7C7' AND `title_id` = 300 AND `record_status` = 1 LIMIT 1   [ RunTime:0.032002s ]
SQL: SHOW COLUMNS FROM `customer` [ RunTime:0.246014s ]
SQL: SELECT `mobile`,`true_name` FROM `customer` WHERE `id` = '9fabde7d-03aa-c161-87c6-bdb74f1a9fd6' AND `record_status` = 1 LIMIT 1   [ RunTime:0.009000s ]
SQL: SHOW COLUMNS FROM `houseroom` [ RunTime:0.424024s ]
SQL: SELECT COUNT(*) AS tp_count FROM `houseroom` WHERE `store_id` = 'DE449CD5-5257-2269-2062-D9E10718A7C7' AND `record_status` = 1 LIMIT 1   [ RunTime:0.013000s ]
SQL: SELECT `customer_id` FROM `storemembers` WHERE `store_id` = '8BBA3CE6-A291-C8CB-7E02-75C9CA506A1F' AND `title_id` = 300 AND `record_status` = 1 LIMIT 1   [ RunTime:0.011001s ]
SQL: SELECT `mobile`,`true_name` FROM `customer` WHERE `id` = 'ce345dae-d56f-163f-5acf-945560ba3d92' AND `record_status` = 1 LIMIT 1   [ RunTime:0.012001s ]
SQL: SELECT COUNT(*) AS tp_count FROM `houseroom` WHERE `store_id` = '8BBA3CE6-A291-C8CB-7E02-75C9CA506A1F' AND `record_status` = 1 LIMIT 1   [ RunTime:0.020001s ]
SQL: SELECT `customer_id` FROM `storemembers` WHERE `store_id` = '44DD8B44-33C3-83C9-ED79-DF0EF2EB2538' AND `title_id` = 300 AND `record_status` = 1 LIMIT 1   [ RunTime:0.017001s ]
SQL: SELECT `mobile`,`true_name` FROM `customer` WHERE `id` = 'c75547c0-28a1-9702-ee4b-b89900ac4c53' AND `record_status` = 1 LIMIT 1   [ RunTime:0.011001s ]
SQL: SELECT COUNT(*) AS tp_count FROM `houseroom` WHERE `store_id` = '44DD8B44-33C3-83C9-ED79-DF0EF2EB2538' AND `record_status` = 1 LIMIT 1   [ RunTime:0.015001s ]
SQL: SELECT `customer_id` FROM `storemembers` WHERE `store_id` = '397A58FC-EB1B-2871-6658-BB67117EF27D' AND `title_id` = 300 AND `record_status` = 1 LIMIT 1   [ RunTime:0.014000s ]
SQL: SELECT `mobile`,`true_name` FROM `customer` WHERE `id` = '30f7667e-7eb0-942a-f817-2b5bc599c179' AND `record_status` = 1 LIMIT 1   [ RunTime:0.011000s ]
SQL: SELECT COUNT(*) AS tp_count FROM `houseroom` WHERE `store_id` = '397A58FC-EB1B-2871-6658-BB67117EF27D' AND `record_status` = 1 LIMIT 1   [ RunTime:0.014001s ]
SQL: SELECT `customer_id` FROM `storemembers` WHERE `store_id` = 'B0092307-557B-0C87-6DB2-2222A008D496' AND `title_id` = 300 AND `record_status` = 1 LIMIT 1   [ RunTime:0.010001s ]
SQL: SELECT `mobile`,`true_name` FROM `customer` WHERE `id` = 'bdb25db7-ae01-13ef-7892-800058715245' AND `record_status` = 1 LIMIT 1   [ RunTime:0.012000s ]
SQL: SELECT COUNT(*) AS tp_count FROM `houseroom` WHERE `store_id` = 'B0092307-557B-0C87-6DB2-2222A008D496' AND `record_status` = 1 LIMIT 1   [ RunTime:0.010000s ]
SQL: SELECT `customer_id` FROM `storemembers` WHERE `store_id` = 'FEFF79A5-43FA-6FB3-F5AC-C9AF28B3D630' AND `title_id` = 300 AND `record_status` = 1 LIMIT 1   [ RunTime:0.011001s ]
SQL: SELECT `mobile`,`true_name` FROM `customer` WHERE `id` = 'f557523b-83ec-2ae3-1db7-0e935641e5a0' AND `record_status` = 1 LIMIT 1   [ RunTime:0.012001s ]
SQL: SELECT COUNT(*) AS tp_count FROM `houseroom` WHERE `store_id` = 'FEFF79A5-43FA-6FB3-F5AC-C9AF28B3D630' AND `record_status` = 1 LIMIT 1   [ RunTime:0.013000s ]
SQL: SELECT `customer_id` FROM `storemembers` WHERE `store_id` = 'c2c3dd69-475b-34cb-7034-f33d4866f95a' AND `title_id` = 300 AND `record_status` = 1 LIMIT 1   [ RunTime:0.011001s ]
SQL: SELECT `mobile`,`true_name` FROM `customer` WHERE `id` = 'D86E4A8C-8DE6-4D54-0FB1-AFCD48B01F73' AND `record_status` = 1 LIMIT 1   [ RunTime:0.013001s ]
SQL: SELECT COUNT(*) AS tp_count FROM `houseroom` WHERE `store_id` = 'c2c3dd69-475b-34cb-7034-f33d4866f95a' AND `record_status` = 1 LIMIT 1   [ RunTime:0.013001s ]
SQL: SELECT `customer_id` FROM `storemembers` WHERE `store_id` = '0AA79366-263D-4B9C-FA74-27E026F39086' AND `title_id` = 300 AND `record_status` = 1 LIMIT 1   [ RunTime:0.017001s ]
SQL: SELECT `mobile`,`true_name` FROM `customer` WHERE `id` = '3793ae81-d456-fafc-ef59-67b146c7f05e' AND `record_status` = 1 LIMIT 1   [ RunTime:0.014001s ]
SQL: SELECT COUNT(*) AS tp_count FROM `houseroom` WHERE `store_id` = '0AA79366-263D-4B9C-FA74-27E026F39086' AND `record_status` = 1 LIMIT 1   [ RunTime:0.012000s ]
SQL: SELECT `customer_id` FROM `storemembers` WHERE `store_id` = '3B49E3C8-62CB-1C09-CD0D-39114AC67A9A' AND `title_id` = 300 AND `record_status` = 1 LIMIT 1   [ RunTime:0.015000s ]
SQL: SELECT `mobile`,`true_name` FROM `customer` WHERE `id` = 'ffd35ffc-d8f4-9c7b-6eab-34b3aa995ca7' AND `record_status` = 1 LIMIT 1   [ RunTime:0.011001s ]
SQL: SELECT COUNT(*) AS tp_count FROM `houseroom` WHERE `store_id` = '3B49E3C8-62CB-1C09-CD0D-39114AC67A9A' AND `record_status` = 1 LIMIT 1   [ RunTime:0.013001s ]
SQL: SELECT `customer_id` FROM `storemembers` WHERE `store_id` = '2FD9ADFC-6223-227B-3611-B0BF8C32CA5E' AND `title_id` = 300 AND `record_status` = 1 LIMIT 1   [ RunTime:0.011001s ]
SQL: SELECT `mobile`,`true_name` FROM `customer` WHERE `id` = 'd35551af-5de4-8ac5-7d0d-0c57ba4fa77f' AND `record_status` = 1 LIMIT 1   [ RunTime:0.012000s ]
SQL: SELECT COUNT(*) AS tp_count FROM `houseroom` WHERE `store_id` = '2FD9ADFC-6223-227B-3611-B0BF8C32CA5E' AND `record_status` = 1 LIMIT 1   [ RunTime:0.010001s ]
INFO: [ view_parse ] --START--
INFO: [ template_filter ] --START--
INFO: Run Behavior\ContentReplaceBehavior [ RunTime:0.000000s ]
INFO: [ template_filter ] --END-- [ RunTime:0.001000s ]
NOTIC: [8] Undefined index: type D:\wamp\www\hizhu\Application\Runtime\Cache\Home\9d94da0cf008813badfe0710e96249fc.php 第 81 行.
NOTIC: [8] Undefined index: type D:\wamp\www\hizhu\Application\Runtime\Cache\Home\9d94da0cf008813badfe0710e96249fc.php 第 82 行.
NOTIC: [8] Undefined index: type D:\wamp\www\hizhu\Application\Runtime\Cache\Home\9d94da0cf008813badfe0710e96249fc.php 第 83 行.
NOTIC: [8] Undefined index: type D:\wamp\www\hizhu\Application\Runtime\Cache\Home\9d94da0cf008813badfe0710e96249fc.php 第 84 行.
INFO: Run Behavior\ParseTemplateBehavior [ RunTime:0.035002s ]
INFO: [ view_parse ] --END-- [ RunTime:0.036002s ]
INFO: [ view_filter ] --START--
INFO: Run Behavior\WriteHtmlCacheBehavior [ RunTime:0.000000s ]
INFO: [ view_filter ] --END-- [ RunTime:0.000000s ]
INFO: [ app_end ] --START--
INFO: Run Behavior\ShowPageTraceBehavior [ RunTime:0.001000s ]
INFO: [ app_end ] --END-- [ RunTime:0.001000s ]

[ 2017-06-26T14:02:48+08:00 ] ::1 /hizhu/Customer/authenticationList.html?no=6
INFO: [ app_init ] --START--
INFO: Run Behavior\BuildLiteBehavior [ RunTime:0.000000s ]
INFO: [ app_init ] --END-- [ RunTime:0.001000s ]
INFO: [ app_begin ] --START--
INFO: Run Behavior\ReadHtmlCacheBehavior [ RunTime:0.001000s ]
INFO: [ app_begin ] --END-- [ RunTime:0.001000s ]
SQL: SHOW COLUMNS FROM `admin_user` [ RunTime:0.013001s ]
SQL: SELECT * FROM `admin_user` WHERE `user_name` = 'admin' LIMIT 1   [ RunTime:0.016001s ]
SQL: SHOW COLUMNS FROM `customer` [ RunTime:0.013001s ]
SQL: SELECT COUNT(*) AS tp_count FROM `customer` WHERE `is_auth` = 1 AND ( `auth_time` > 1427817600 AND `auth_time` < 1743523200  ) LIMIT 1   [ RunTime:0.013001s ]
NOTIC: [2] urlencode() expects parameter 1 to be string, array given D:\wamp\www\hizhu\Application\Home\Controller\CustomerController.class.php 第 44 行.
NOTIC: [2] urlencode() expects parameter 1 to be string, array given D:\wamp\www\hizhu\Application\Home\Controller\CustomerController.class.php 第 44 行.
SQL: SELECT * FROM `customer` WHERE `is_auth` = 1 AND ( `auth_time` > 1427817600 AND `auth_time` < 1743523200  ) ORDER BY auth_time desc LIMIT 0,15   [ RunTime:1.540088s ]
INFO: [ view_parse ] --START--
INFO: [ template_filter ] --START--
INFO: Run Behavior\ContentReplaceBehavior [ RunTime:0.000000s ]
INFO: [ template_filter ] --END-- [ RunTime:0.000000s ]
NOTIC: [8] Undefined index: startTime D:\wamp\www\hizhu\Application\Runtime\Cache\Home\ef908816fe1538536da457bb5abcc42d.php 第 72 行.
NOTIC: [8] Undefined index: endTime D:\wamp\www\hizhu\Application\Runtime\Cache\Home\ef908816fe1538536da457bb5abcc42d.php 第 72 行.
NOTIC: [8] Undefined index: mobile D:\wamp\www\hizhu\Application\Runtime\Cache\Home\ef908816fe1538536da457bb5abcc42d.php 第 74 行.
NOTIC: [8] Undefined index: name D:\wamp\www\hizhu\Application\Runtime\Cache\Home\ef908816fe1538536da457bb5abcc42d.php 第 78 行.
INFO: Run Behavior\ParseTemplateBehavior [ RunTime:0.042002s ]
INFO: [ view_parse ] --END-- [ RunTime:0.042002s ]
INFO: [ view_filter ] --START--
INFO: Run Behavior\WriteHtmlCacheBehavior [ RunTime:0.000000s ]
INFO: [ view_filter ] --END-- [ RunTime:0.000000s ]
INFO: [ app_end ] --START--
INFO: Run Behavior\ShowPageTraceBehavior [ RunTime:0.001001s ]
INFO: [ app_end ] --END-- [ RunTime:0.002001s ]

[ 2017-06-26T14:02:54+08:00 ] ::1 /hizhu/AgentsManage/agentsCompanyList.html?no=6&leftno=193
INFO: [ app_init ] --START--
INFO: Run Behavior\BuildLiteBehavior [ RunTime:0.000000s ]
INFO: [ app_init ] --END-- [ RunTime:0.001000s ]
INFO: [ app_begin ] --START--
INFO: Run Behavior\ReadHtmlCacheBehavior [ RunTime:0.001000s ]
INFO: [ app_begin ] --END-- [ RunTime:0.001000s ]
SQL: SHOW COLUMNS FROM `admin_user` [ RunTime:0.021001s ]
SQL: SELECT * FROM `admin_user` WHERE `user_name` = 'admin' LIMIT 1   [ RunTime:0.019001s ]
SQL: SHOW COLUMNS FROM `agentcompany` [ RunTime:0.016001s ]
SQL: SELECT COUNT(*) AS tp_count FROM `agentcompany` WHERE `city_code` = '001009001' AND `record_status` = 1 AND `pid` = '' AND `company_type` = 1 LIMIT 1   [ RunTime:0.013001s ]
SQL: SELECT `id`,`company_name`,`img_url`,`commission_fee`,`create_time`,`company_type` FROM `agentcompany` WHERE `city_code` = '001009001' AND `record_status` = 1 AND `pid` = '' AND `company_type` = 1 ORDER BY create_time desc LIMIT 0,10   [ RunTime:0.031002s ]
INFO: [ view_parse ] --START--
INFO: [ template_filter ] --START--
INFO: Run Behavior\ContentReplaceBehavior [ RunTime:0.000000s ]
INFO: [ template_filter ] --END-- [ RunTime:0.000000s ]
INFO: Run Behavior\ParseTemplateBehavior [ RunTime:0.032002s ]
INFO: [ view_parse ] --END-- [ RunTime:0.032002s ]
INFO: [ view_filter ] --START--
INFO: Run Behavior\WriteHtmlCacheBehavior [ RunTime:0.000000s ]
INFO: [ view_filter ] --END-- [ RunTime:0.000000s ]
INFO: [ app_end ] --START--
INFO: Run Behavior\ShowPageTraceBehavior [ RunTime:0.001000s ]
INFO: [ app_end ] --END-- [ RunTime:0.001000s ]

[ 2017-06-26T14:03:09+08:00 ] ::1 /hizhu/AgentsManage/companyStoreList/no/6/leftno/193/id/cb203541-e8cc-bdc8-9d6d-23daceba1fab/company_name/%E4%B8%80%E5%B8%86%E6%88%BF%E4%BA%A7/company_type/1.html
INFO: [ app_init ] --START--
INFO: Run Behavior\BuildLiteBehavior [ RunTime:0.000000s ]
INFO: [ app_init ] --END-- [ RunTime:0.002000s ]
INFO: [ app_begin ] --START--
INFO: Run Behavior\ReadHtmlCacheBehavior [ RunTime:0.001000s ]
INFO: [ app_begin ] --END-- [ RunTime:0.002000s ]
SQL: SHOW COLUMNS FROM `admin_user` [ RunTime:0.017001s ]
SQL: SELECT * FROM `admin_user` WHERE `user_name` = 'admin' LIMIT 1   [ RunTime:0.013001s ]
SQL: SHOW COLUMNS FROM `agentcompany` [ RunTime:0.019001s ]
SQL: SELECT `id`,`company_name`,`company_store`,`create_time` FROM `agentcompany` WHERE `pid` = 'cb203541-e8cc-bdc8-9d6d-23daceba1fab' AND `city_code` = '001009001' ORDER BY create_time desc  [ RunTime:0.018001s ]
INFO: [ view_parse ] --START--
INFO: [ template_filter ] --START--
INFO: Run Behavior\ContentReplaceBehavior [ RunTime:0.000000s ]
INFO: [ template_filter ] --END-- [ RunTime:0.000000s ]
INFO: Run Behavior\ParseTemplateBehavior [ RunTime:0.017000s ]
INFO: [ view_parse ] --END-- [ RunTime:0.017000s ]
INFO: [ view_filter ] --START--
INFO: Run Behavior\WriteHtmlCacheBehavior [ RunTime:0.000000s ]
INFO: [ view_filter ] --END-- [ RunTime:0.001001s ]
INFO: [ app_end ] --START--
INFO: Run Behavior\ShowPageTraceBehavior [ RunTime:0.001000s ]
INFO: [ app_end ] --END-- [ RunTime:0.001000s ]

[ 2017-06-26T14:05:34+08:00 ] ::1 /hizhu/AgentsManage/companyStoreList/no/6/leftno/193/id/cb203541-e8cc-bdc8-9d6d-23daceba1fab/company_name/%E4%B8%80%E5%B8%86%E6%88%BF%E4%BA%A7/company_type/1.html
INFO: [ app_init ] --START--
INFO: Run Behavior\BuildLiteBehavior [ RunTime:0.000000s ]
INFO: [ app_init ] --END-- [ RunTime:0.002000s ]
INFO: [ app_begin ] --START--
INFO: Run Behavior\ReadHtmlCacheBehavior [ RunTime:0.001000s ]
INFO: [ app_begin ] --END-- [ RunTime:0.001000s ]
SQL: SHOW COLUMNS FROM `admin_user` [ RunTime:0.019001s ]
SQL: SELECT * FROM `admin_user` WHERE `user_name` = 'admin' LIMIT 1   [ RunTime:0.014001s ]
SQL: SHOW COLUMNS FROM `agentcompany` [ RunTime:0.015001s ]
SQL: SELECT `id`,`company_name`,`company_store`,`create_time` FROM `agentcompany` WHERE `pid` = 'cb203541-e8cc-bdc8-9d6d-23daceba1fab' AND `city_code` = '001009001' ORDER BY create_time desc  [ RunTime:0.020001s ]
INFO: [ view_parse ] --START--
INFO: [ template_filter ] --START--
INFO: Run Behavior\ContentReplaceBehavior [ RunTime:0.000000s ]
INFO: [ template_filter ] --END-- [ RunTime:0.000000s ]
INFO: Run Behavior\ParseTemplateBehavior [ RunTime:0.021002s ]
INFO: [ view_parse ] --END-- [ RunTime:0.021002s ]
INFO: [ view_filter ] --START--
INFO: Run Behavior\WriteHtmlCacheBehavior [ RunTime:0.001000s ]
INFO: [ view_filter ] --END-- [ RunTime:0.001000s ]
INFO: [ app_end ] --START--
INFO: Run Behavior\ShowPageTraceBehavior [ RunTime:0.001000s ]
INFO: [ app_end ] --END-- [ RunTime:0.001000s ]

[ 2017-06-26T14:05:48+08:00 ] ::1 /hizhu/AgentsManage/companyStoreAddInfo.html
INFO: [ app_init ] --START--
INFO: Run Behavior\BuildLiteBehavior [ RunTime:0.000000s ]
INFO: [ app_init ] --END-- [ RunTime:0.001000s ]
INFO: [ app_begin ] --START--
INFO: Run Behavior\ReadHtmlCacheBehavior [ RunTime:0.001000s ]
INFO: [ app_begin ] --END-- [ RunTime:0.001000s ]
SQL: SHOW COLUMNS FROM `agentcompany` [ RunTime:0.011000s ]
SQL: INSERT INTO `agentcompany` (`pid`,`company_name`,`company_store`,`company_type`,`id`,`city_code`,`create_time`) VALUES ('cb203541-e8cc-bdc8-9d6d-23daceba1fab','一帆房产','市北高新点',1,'797f71bf-17f8-eaf7-ffd2-9f91055cc852','001009001',1498457148) [ RunTime:0.024001s ]
INFO: [ app_end ] --START--
INFO: Run Behavior\ShowPageTraceBehavior [ RunTime:0.000000s ]
INFO: [ app_end ] --END-- [ RunTime:0.002000s ]

[ 2017-06-26T14:05:50+08:00 ] ::1 /hizhu/AgentsManage/companyStoreList/no/6/leftno/193/id/cb203541-e8cc-bdc8-9d6d-23daceba1fab/company_name/%E4%B8%80%E5%B8%86%E6%88%BF%E4%BA%A7/company_type/1.html
INFO: [ app_init ] --START--
INFO: Run Behavior\BuildLiteBehavior [ RunTime:0.000000s ]
INFO: [ app_init ] --END-- [ RunTime:0.001000s ]
INFO: [ app_begin ] --START--
INFO: Run Behavior\ReadHtmlCacheBehavior [ RunTime:0.001000s ]
INFO: [ app_begin ] --END-- [ RunTime:0.001000s ]
SQL: SHOW COLUMNS FROM `admin_user` [ RunTime:0.017001s ]
SQL: SELECT * FROM `admin_user` WHERE `user_name` = 'admin' LIMIT 1   [ RunTime:0.017001s ]
SQL: SHOW COLUMNS FROM `agentcompany` [ RunTime:0.014000s ]
SQL: SELECT `id`,`company_name`,`company_store`,`create_time` FROM `agentcompany` WHERE `pid` = 'cb203541-e8cc-bdc8-9d6d-23daceba1fab' AND `city_code` = '001009001' ORDER BY create_time desc  [ RunTime:0.014000s ]
INFO: [ view_parse ] --START--
INFO: [ template_filter ] --START--
INFO: Run Behavior\ContentReplaceBehavior [ RunTime:0.000000s ]
INFO: [ template_filter ] --END-- [ RunTime:0.000000s ]
INFO: Run Behavior\ParseTemplateBehavior [ RunTime:0.027002s ]
INFO: [ view_parse ] --END-- [ RunTime:0.028002s ]
INFO: [ view_filter ] --START--
INFO: Run Behavior\WriteHtmlCacheBehavior [ RunTime:0.000000s ]
INFO: [ view_filter ] --END-- [ RunTime:0.000000s ]
INFO: [ app_end ] --START--
INFO: Run Behavior\ShowPageTraceBehavior [ RunTime:0.001000s ]
INFO: [ app_end ] --END-- [ RunTime:0.001000s ]

[ 2017-06-26T14:46:15+08:00 ] ::1 /hizhu/AgentsManage/companyStoreList/no/6/leftno/193/id/cb203541-e8cc-bdc8-9d6d-23daceba1fab/company_name/%E4%B8%80%E5%B8%86%E6%88%BF%E4%BA%A7/company_type/1.html
INFO: [ app_init ] --START--
INFO: Run Behavior\BuildLiteBehavior [ RunTime:0.000000s ]
INFO: [ app_init ] --END-- [ RunTime:0.000000s ]
INFO: [ app_begin ] --START--
INFO: Run Behavior\ReadHtmlCacheBehavior [ RunTime:0.000000s ]
INFO: [ app_begin ] --END-- [ RunTime:0.001000s ]
SQL: SHOW COLUMNS FROM `admin_user` [ RunTime:0.013001s ]
SQL: SELECT * FROM `admin_user` WHERE `user_name` = 'admin' LIMIT 1   [ RunTime:0.011001s ]
SQL: SHOW COLUMNS FROM `agentcompany` [ RunTime:0.014001s ]
SQL: SELECT `id`,`company_name`,`company_store`,`create_time` FROM `agentcompany` WHERE `pid` = 'cb203541-e8cc-bdc8-9d6d-23daceba1fab' AND `city_code` = '001009001' ORDER BY create_time desc  [ RunTime:0.011001s ]
INFO: [ view_parse ] --START--
INFO: [ template_filter ] --START--
INFO: Run Behavior\ContentReplaceBehavior [ RunTime:0.001000s ]
INFO: [ template_filter ] --END-- [ RunTime:0.001000s ]
INFO: Run Behavior\ParseTemplateBehavior [ RunTime:0.025001s ]
INFO: [ view_parse ] --END-- [ RunTime:0.025001s ]
INFO: [ view_filter ] --START--
INFO: Run Behavior\WriteHtmlCacheBehavior [ RunTime:0.001000s ]
INFO: [ view_filter ] --END-- [ RunTime:0.001000s ]
INFO: [ app_end ] --START--
INFO: Run Behavior\ShowPageTraceBehavior [ RunTime:0.001001s ]
INFO: [ app_end ] --END-- [ RunTime:0.002001s ]

[ 2017-06-26T14:46:35+08:00 ] ::1 /hizhu/AgentsManage/companyStoreEditInfo.html
INFO: [ app_init ] --START--
INFO: Run Behavior\BuildLiteBehavior [ RunTime:0.000000s ]
INFO: [ app_init ] --END-- [ RunTime:0.000000s ]
INFO: [ app_begin ] --START--
INFO: Run Behavior\ReadHtmlCacheBehavior [ RunTime:0.001000s ]
INFO: [ app_begin ] --END-- [ RunTime:0.001000s ]
SQL: SHOW COLUMNS FROM `agentcompany` [ RunTime:0.017001s ]
SQL: UPDATE `agentcompany` SET `company_store`='大宁国际店' WHERE `id` = '797f71bf-17f8-eaf7-ffd2-9f91055cc852' [ RunTime:0.240014s ]
INFO: [ app_end ] --START--
INFO: Run Behavior\ShowPageTraceBehavior [ RunTime:0.001000s ]
INFO: [ app_end ] --END-- [ RunTime:0.001000s ]

[ 2017-06-26T14:46:39+08:00 ] ::1 /hizhu/AgentsManage/companyStoreList/no/6/leftno/193/id/cb203541-e8cc-bdc8-9d6d-23daceba1fab/company_name/%E4%B8%80%E5%B8%86%E6%88%BF%E4%BA%A7/company_type/1.html
INFO: [ app_init ] --START--
INFO: Run Behavior\BuildLiteBehavior [ RunTime:0.001000s ]
INFO: [ app_init ] --END-- [ RunTime:0.001000s ]
INFO: [ app_begin ] --START--
INFO: Run Behavior\ReadHtmlCacheBehavior [ RunTime:0.000000s ]
INFO: [ app_begin ] --END-- [ RunTime:0.001000s ]
SQL: SHOW COLUMNS FROM `admin_user` [ RunTime:0.016001s ]
SQL: SELECT * FROM `admin_user` WHERE `user_name` = 'admin' LIMIT 1   [ RunTime:0.013001s ]
SQL: SHOW COLUMNS FROM `agentcompany` [ RunTime:0.019001s ]
SQL: SELECT `id`,`company_name`,`company_store`,`create_time` FROM `agentcompany` WHERE `pid` = 'cb203541-e8cc-bdc8-9d6d-23daceba1fab' AND `city_code` = '001009001' ORDER BY create_time desc  [ RunTime:0.018001s ]
INFO: [ view_parse ] --START--
INFO: [ template_filter ] --START--
INFO: Run Behavior\ContentReplaceBehavior [ RunTime:0.000000s ]
INFO: [ template_filter ] --END-- [ RunTime:0.001000s ]
INFO: Run Behavior\ParseTemplateBehavior [ RunTime:0.030002s ]
INFO: [ view_parse ] --END-- [ RunTime:0.030002s ]
INFO: [ view_filter ] --START--
INFO: Run Behavior\WriteHtmlCacheBehavior [ RunTime:0.000000s ]
INFO: [ view_filter ] --END-- [ RunTime:0.000000s ]
INFO: [ app_end ] --START--
INFO: Run Behavior\ShowPageTraceBehavior [ RunTime:0.001000s ]
INFO: [ app_end ] --END-- [ RunTime:0.001000s ]

[ 2017-06-26T15:24:09+08:00 ] ::1 /hizhu/AgentsManage/agentsCompanyList.html?no=6&leftno=193
INFO: [ app_init ] --START--
INFO: Run Behavior\BuildLiteBehavior [ RunTime:0.000000s ]
INFO: [ app_init ] --END-- [ RunTime:0.000000s ]
INFO: [ app_begin ] --START--
INFO: Run Behavior\ReadHtmlCacheBehavior [ RunTime:0.001000s ]
INFO: [ app_begin ] --END-- [ RunTime:0.001000s ]
SQL: SHOW COLUMNS FROM `admin_user` [ RunTime:0.015001s ]
SQL: SELECT * FROM `admin_user` WHERE `user_name` = 'admin' LIMIT 1   [ RunTime:0.017001s ]
SQL: SHOW COLUMNS FROM `adminmenulist` [ RunTime:0.018001s ]
SQL: SELECT * FROM `adminmenulist` WHERE `parent_id` = 0 AND `record_status` = 1 ORDER BY index_no asc  [ RunTime:0.235013s ]
SQL: SELECT * FROM `adminmenulist` WHERE `parent_id` = 6 AND `record_status` = 1 ORDER BY index_no asc  [ RunTime:0.017001s ]
SQL: SELECT * FROM `adminmenulist` WHERE `parent_id` = 31 AND `record_status` = 1 ORDER BY index_no asc  [ RunTime:0.442025s ]
SQL: SELECT * FROM `adminmenulist` WHERE `parent_id` = 32 AND `record_status` = 1 ORDER BY index_no asc  [ RunTime:0.012001s ]
SQL: SELECT * FROM `adminmenulist` WHERE `parent_id` = 191 AND `record_status` = 1 ORDER BY index_no asc  [ RunTime:0.013000s ]
SQL: SHOW COLUMNS FROM `adminmenulistlimit` [ RunTime:0.015001s ]
SQL: SELECT * FROM `adminmenulistlimit` WHERE `city_auth` = 1 AND `user_name` = 'admin'  [ RunTime:0.308018s ]
SQL: SHOW COLUMNS FROM `agentcompany` [ RunTime:0.281016s ]
SQL: SELECT COUNT(*) AS tp_count FROM `agentcompany` WHERE `city_code` = '001009001' AND `record_status` = 1 AND `pid` = '' AND `company_type` = 1 LIMIT 1   [ RunTime:0.057003s ]
SQL: SELECT `id`,`company_name`,`img_url`,`commission_fee`,`create_time`,`company_type` FROM `agentcompany` WHERE `city_code` = '001009001' AND `record_status` = 1 AND `pid` = '' AND `company_type` = 1 ORDER BY create_time desc LIMIT 0,10   [ RunTime:0.054003s ]
INFO: [ view_parse ] --START--
INFO: [ template_filter ] --START--
INFO: Run Behavior\ContentReplaceBehavior [ RunTime:0.000000s ]
INFO: [ template_filter ] --END-- [ RunTime:0.000000s ]
INFO: Run Behavior\ParseTemplateBehavior [ RunTime:0.031002s ]
INFO: [ view_parse ] --END-- [ RunTime:0.031002s ]
INFO: [ view_filter ] --START--
INFO: Run Behavior\WriteHtmlCacheBehavior [ RunTime:0.000000s ]
INFO: [ view_filter ] --END-- [ RunTime:0.000000s ]
INFO: [ app_end ] --START--
INFO: Run Behavior\ShowPageTraceBehavior [ RunTime:0.001000s ]
INFO: [ app_end ] --END-- [ RunTime:0.001000s ]

[ 2017-06-26T17:43:43+08:00 ] ::1 /hizhu/AgentsManage/middlemansManageList.html?no=6&leftno=206
INFO: [ app_init ] --START--
INFO: Run Behavior\BuildLiteBehavior [ RunTime:0.000000s ]
INFO: [ app_init ] --END-- [ RunTime:0.000000s ]
INFO: [ app_begin ] --START--
INFO: Run Behavior\ReadHtmlCacheBehavior [ RunTime:0.001000s ]
INFO: [ app_begin ] --END-- [ RunTime:0.003000s ]
SQL: SHOW COLUMNS FROM `admin_user` [ RunTime:0.023001s ]
SQL: SELECT * FROM `admin_user` WHERE `user_name` = 'admin' LIMIT 1   [ RunTime:0.016001s ]
SQL: SHOW COLUMNS FROM `customer` [ RunTime:0.014001s ]
SQL: SELECT COUNT(*) AS tp_count FROM customer a INNER JOIN gaodudata.customerinfo b ON a.id=b.customer_id  WHERE a.city_code = '001009001' AND a.record_status = 1 AND a.is_owner = 5 LIMIT 1   [ RunTime:0.010000s ]
SQL: SELECT a.true_name,a.mobile,a.is_commission,a.is_monthly,a.is_port,a.agent_company_name,a.company_store_name,b.status,b.create_time,b.update_man,b.principal_man,b.source,b.region_name,b.customer_id FROM customer a INNER JOIN gaodudata.customerinfo b ON a.id=b.customer_id  WHERE a.city_code = '001009001' AND a.record_status = 1 AND a.is_owner = 5 ORDER BY a.create_time desc LIMIT 0,10   [ RunTime:0.012000s ]
SQL: SHOW COLUMNS FROM `agentcompany` [ RunTime:0.022002s ]
SQL: SELECT `id`,`company_name` FROM `agentcompany` WHERE `city_code` = '001009001' AND `pid` = '' AND `company_type` = 1 AND `record_status` = 1 ORDER BY create_time desc  [ RunTime:0.016001s ]
INFO: [ view_parse ] --START--
INFO: [ template_filter ] --START--
INFO: Run Behavior\ContentReplaceBehavior [ RunTime:0.000000s ]
INFO: [ template_filter ] --END-- [ RunTime:0.000000s ]
INFO: Run Behavior\ParseTemplateBehavior [ RunTime:0.029001s ]
INFO: [ view_parse ] --END-- [ RunTime:0.029001s ]
INFO: [ view_filter ] --START--
INFO: Run Behavior\WriteHtmlCacheBehavior [ RunTime:0.000000s ]
INFO: [ view_filter ] --END-- [ RunTime:0.001000s ]
INFO: [ app_end ] --START--
INFO: Run Behavior\ShowPageTraceBehavior [ RunTime:0.001000s ]
INFO: [ app_end ] --END-- [ RunTime:0.001000s ]

