[ 2017-05-18T09:26:19+08:00 ] ::1 /hizhu/admin.php
INFO: [ app_init ] --START--
INFO: Run Behavior\BuildLiteBehavior [ RunTime:0.000000s ]
INFO: [ app_init ] --END-- [ RunTime:0.002001s ]
INFO: [ app_begin ] --START--
INFO: Run Behavior\ReadHtmlCacheBehavior [ RunTime:0.001000s ]
INFO: [ app_begin ] --END-- [ RunTime:0.001000s ]
INFO: [ view_parse ] --START--
INFO: [ template_filter ] --START--
INFO: Run Behavior\ContentReplaceBehavior [ RunTime:0.000000s ]
INFO: [ template_filter ] --END-- [ RunTime:0.000000s ]
INFO: Run Behavior\ParseTemplateBehavior [ RunTime:0.010001s ]
INFO: [ view_parse ] --END-- [ RunTime:0.010001s ]
INFO: [ view_filter ] --START--
INFO: Run Behavior\WriteHtmlCacheBehavior [ RunTime:0.001000s ]
INFO: [ view_filter ] --END-- [ RunTime:0.001000s ]
INFO: [ app_end ] --START--
INFO: Run Behavior\ShowPageTraceBehavior [ RunTime:0.001000s ]
INFO: [ app_end ] --END-- [ RunTime:0.001000s ]

[ 2017-05-18T09:26:19+08:00 ] ::1 /hizhu/admin.php/Index/verufy.html
INFO: [ app_init ] --START--
INFO: Run Behavior\BuildLiteBehavior [ RunTime:0.000000s ]
INFO: [ app_init ] --END-- [ RunTime:0.001000s ]
INFO: [ app_begin ] --START--
INFO: Run Behavior\ReadHtmlCacheBehavior [ RunTime:0.001000s ]
INFO: [ app_begin ] --END-- [ RunTime:0.002000s ]
INFO: [ app_end ] --START--
INFO: Run Behavior\ShowPageTraceBehavior [ RunTime:0.001000s ]
INFO: [ app_end ] --END-- [ RunTime:0.001000s ]

[ 2017-05-18T09:26:21+08:00 ] ::1 /hizhu/admin.php/Index/verufy?d=0.7652628998406938
INFO: [ app_init ] --START--
INFO: Run Behavior\BuildLiteBehavior [ RunTime:0.000000s ]
INFO: [ app_init ] --END-- [ RunTime:0.000000s ]
INFO: [ app_begin ] --START--
INFO: Run Behavior\ReadHtmlCacheBehavior [ RunTime:0.001000s ]
INFO: [ app_begin ] --END-- [ RunTime:0.001000s ]
INFO: [ app_end ] --START--
INFO: Run Behavior\ShowPageTraceBehavior [ RunTime:0.001000s ]
INFO: [ app_end ] --END-- [ RunTime:0.001000s ]

[ 2017-05-18T09:26:22+08:00 ] ::1 /hizhu/admin.php/Index/verufy?d=0.5325068341998815
INFO: [ app_init ] --START--
INFO: Run Behavior\BuildLiteBehavior [ RunTime:0.000000s ]
INFO: [ app_init ] --END-- [ RunTime:0.000000s ]
INFO: [ app_begin ] --START--
INFO: Run Behavior\ReadHtmlCacheBehavior [ RunTime:0.001000s ]
INFO: [ app_begin ] --END-- [ RunTime:0.001000s ]
INFO: [ app_end ] --START--
INFO: Run Behavior\ShowPageTraceBehavior [ RunTime:0.001000s ]
INFO: [ app_end ] --END-- [ RunTime:0.001000s ]

[ 2017-05-18T09:26:25+08:00 ] ::1 /hizhu/Index/login.html
INFO: [ app_init ] --START--
INFO: Run Behavior\BuildLiteBehavior [ RunTime:0.000000s ]
INFO: [ app_init ] --END-- [ RunTime:0.001000s ]
INFO: [ app_begin ] --START--
INFO: Run Behavior\ReadHtmlCacheBehavior [ RunTime:0.001000s ]
INFO: [ app_begin ] --END-- [ RunTime:0.001000s ]
INFO: [ view_parse ] --START--
INFO: [ template_filter ] --START--
INFO: Run Behavior\ContentReplaceBehavior [ RunTime:0.000000s ]
INFO: [ template_filter ] --END-- [ RunTime:0.000000s ]
INFO: Run Behavior\ParseTemplateBehavior [ RunTime:0.008000s ]
INFO: [ view_parse ] --END-- [ RunTime:0.008000s ]
INFO: [ view_filter ] --START--
INFO: Run Behavior\WriteHtmlCacheBehavior [ RunTime:0.001000s ]
INFO: [ view_filter ] --END-- [ RunTime:0.001000s ]

[ 2017-05-18T09:26:28+08:00 ] ::1 /hizhu/admin.php/Index/verufy.html
INFO: [ app_init ] --START--
INFO: Run Behavior\BuildLiteBehavior [ RunTime:0.000000s ]
INFO: [ app_init ] --END-- [ RunTime:0.001000s ]
INFO: [ app_begin ] --START--
INFO: Run Behavior\ReadHtmlCacheBehavior [ RunTime:0.001000s ]
INFO: [ app_begin ] --END-- [ RunTime:0.001000s ]
INFO: [ app_end ] --START--
INFO: Run Behavior\ShowPageTraceBehavior [ RunTime:0.001000s ]
INFO: [ app_end ] --END-- [ RunTime:0.001000s ]

[ 2017-05-18T09:26:35+08:00 ] ::1 /hizhu/Index/login.html
INFO: [ app_init ] --START--
INFO: Run Behavior\BuildLiteBehavior [ RunTime:0.000000s ]
INFO: [ app_init ] --END-- [ RunTime:0.000000s ]
INFO: [ app_begin ] --START--
INFO: Run Behavior\ReadHtmlCacheBehavior [ RunTime:0.000000s ]
INFO: [ app_begin ] --END-- [ RunTime:0.001000s ]
SQL: SHOW COLUMNS FROM `admin_user` [ RunTime:0.014000s ]
SQL: SELECT * FROM `admin_user` WHERE `user_name` = 'admin' LIMIT 1   [ RunTime:0.013000s ]
SQL: SELECT * FROM `admin_user` WHERE `user_name` = 'admin' AND `user_pwd` = '0c6b4038cefe52dbba27c6434dc1fecd'  [ RunTime:0.015001s ]
SQL: SELECT * FROM `admin_user` WHERE `user_name` = 'admin' LIMIT 1   [ RunTime:0.227013s ]
INFO: [ view_parse ] --START--
INFO: [ template_filter ] --START--
INFO: Run Behavior\ContentReplaceBehavior [ RunTime:0.001000s ]
INFO: [ template_filter ] --END-- [ RunTime:0.001000s ]
INFO: Run Behavior\ParseTemplateBehavior [ RunTime:0.009000s ]
INFO: [ view_parse ] --END-- [ RunTime:0.010001s ]
INFO: [ view_filter ] --START--
INFO: Run Behavior\WriteHtmlCacheBehavior [ RunTime:0.000000s ]
INFO: [ view_filter ] --END-- [ RunTime:0.001000s ]
INFO: [ app_end ] --START--
INFO: Run Behavior\ShowPageTraceBehavior [ RunTime:0.000000s ]
INFO: [ app_end ] --END-- [ RunTime:0.000000s ]

[ 2017-05-18T09:26:37+08:00 ] ::1 /hizhu/Welcome/welcome.html
INFO: [ app_init ] --START--
INFO: Run Behavior\BuildLiteBehavior [ RunTime:0.000000s ]
INFO: [ app_init ] --END-- [ RunTime:0.001000s ]
INFO: [ app_begin ] --START--
INFO: Run Behavior\ReadHtmlCacheBehavior [ RunTime:0.001000s ]
INFO: [ app_begin ] --END-- [ RunTime:0.001000s ]
SQL: SHOW COLUMNS FROM `admin_user` [ RunTime:0.074004s ]
SQL: SELECT * FROM `admin_user` WHERE `user_name` = 'admin' LIMIT 1   [ RunTime:0.020001s ]
SQL: SELECT * FROM `admin_user` WHERE `user_name` = 'admin' AND `record_status` = 1 LIMIT 1   [ RunTime:0.015001s ]
INFO: [ view_parse ] --START--
INFO: [ template_filter ] --START--
INFO: Run Behavior\ContentReplaceBehavior [ RunTime:0.001000s ]
INFO: [ template_filter ] --END-- [ RunTime:0.001000s ]
INFO: Run Behavior\ParseTemplateBehavior [ RunTime:0.015001s ]
INFO: [ view_parse ] --END-- [ RunTime:0.016001s ]
INFO: [ view_filter ] --START--
INFO: Run Behavior\WriteHtmlCacheBehavior [ RunTime:0.000000s ]
INFO: [ view_filter ] --END-- [ RunTime:0.000000s ]
INFO: [ app_end ] --START--
INFO: Run Behavior\ShowPageTraceBehavior [ RunTime:0.000000s ]
INFO: [ app_end ] --END-- [ RunTime:0.001000s ]

[ 2017-05-18T09:28:47+08:00 ] ::1 /hizhu/Customer/authenticationList.html?no=6
INFO: [ app_init ] --START--
INFO: Run Behavior\BuildLiteBehavior [ RunTime:0.000000s ]
INFO: [ app_init ] --END-- [ RunTime:0.001000s ]
INFO: [ app_begin ] --START--
INFO: Run Behavior\ReadHtmlCacheBehavior [ RunTime:0.001000s ]
INFO: [ app_begin ] --END-- [ RunTime:0.001000s ]
SQL: SHOW COLUMNS FROM `admin_user` [ RunTime:0.021001s ]
SQL: SELECT * FROM `admin_user` WHERE `user_name` = 'admin' LIMIT 1   [ RunTime:0.025001s ]
SQL: SHOW COLUMNS FROM `customer` [ RunTime:0.014001s ]
SQL: SELECT COUNT(*) AS tp_count FROM `customer` WHERE `is_auth` = 1 AND ( `auth_time` > 1427817600 AND `auth_time` < 1743523200  ) LIMIT 1   [ RunTime:0.013001s ]
NOTIC: [2] urlencode() expects parameter 1 to be string, array given D:\wamp\www\hizhu\Application\Home\Controller\CustomerController.class.php 第 44 行.
NOTIC: [2] urlencode() expects parameter 1 to be string, array given D:\wamp\www\hizhu\Application\Home\Controller\CustomerController.class.php 第 44 行.
SQL: SELECT * FROM `customer` WHERE `is_auth` = 1 AND ( `auth_time` > 1427817600 AND `auth_time` < 1743523200  ) ORDER BY auth_time desc LIMIT 0,15   [ RunTime:0.018001s ]
INFO: [ view_parse ] --START--
INFO: [ template_filter ] --START--
INFO: Run Behavior\ContentReplaceBehavior [ RunTime:0.000000s ]
INFO: [ template_filter ] --END-- [ RunTime:0.000000s ]
NOTIC: [8] Undefined index: startTime D:\wamp\www\hizhu\Application\Runtime\Cache\Home\ef908816fe1538536da457bb5abcc42d.php 第 72 行.
NOTIC: [8] Undefined index: endTime D:\wamp\www\hizhu\Application\Runtime\Cache\Home\ef908816fe1538536da457bb5abcc42d.php 第 72 行.
NOTIC: [8] Undefined index: mobile D:\wamp\www\hizhu\Application\Runtime\Cache\Home\ef908816fe1538536da457bb5abcc42d.php 第 74 行.
NOTIC: [8] Undefined index: name D:\wamp\www\hizhu\Application\Runtime\Cache\Home\ef908816fe1538536da457bb5abcc42d.php 第 78 行.
INFO: Run Behavior\ParseTemplateBehavior [ RunTime:0.025001s ]
INFO: [ view_parse ] --END-- [ RunTime:0.025001s ]
INFO: [ view_filter ] --START--
INFO: Run Behavior\WriteHtmlCacheBehavior [ RunTime:0.001000s ]
INFO: [ view_filter ] --END-- [ RunTime:0.001000s ]
INFO: [ app_end ] --START--
INFO: Run Behavior\ShowPageTraceBehavior [ RunTime:0.001000s ]
INFO: [ app_end ] --END-- [ RunTime:0.001000s ]

[ 2017-05-18T09:28:57+08:00 ] ::1 /hizhu/HouseResource/resourcelist.html?no=3
INFO: [ app_init ] --START--
INFO: Run Behavior\BuildLiteBehavior [ RunTime:0.000000s ]
INFO: [ app_init ] --END-- [ RunTime:0.000000s ]
INFO: [ app_begin ] --START--
INFO: Run Behavior\ReadHtmlCacheBehavior [ RunTime:0.000000s ]
INFO: [ app_begin ] --END-- [ RunTime:0.001000s ]
SQL: SHOW COLUMNS FROM `admin_user` [ RunTime:0.011001s ]
SQL: SELECT * FROM `admin_user` WHERE `user_name` = 'admin' LIMIT 1   [ RunTime:0.012000s ]
SQL: SHOW COLUMNS FROM `adminmenulist` [ RunTime:0.012000s ]
SQL: SELECT * FROM `adminmenulist` WHERE `parent_id` = 26 AND `record_status` = 1 ORDER BY index_no asc  [ RunTime:0.015000s ]
SQL: SELECT * FROM `adminmenulist` WHERE `parent_id` = 56 AND `record_status` = 1 ORDER BY index_no asc  [ RunTime:0.012000s ]
SQL: SELECT * FROM `adminmenulist` WHERE `parent_id` = 144 AND `record_status` = 1 ORDER BY index_no asc  [ RunTime:0.012001s ]
SQL: SELECT * FROM `adminmenulist` WHERE `parent_id` = 60 AND `record_status` = 1 ORDER BY index_no asc  [ RunTime:0.011001s ]
SQL: SELECT * FROM `adminmenulist` WHERE `parent_id` = 63 AND `record_status` = 1 ORDER BY index_no asc  [ RunTime:0.013000s ]
SQL: SELECT * FROM `adminmenulist` WHERE `parent_id` = 96 AND `record_status` = 1 ORDER BY index_no asc  [ RunTime:0.013001s ]
SQL: SELECT * FROM `adminmenulist` WHERE `parent_id` = 172 AND `record_status` = 1 ORDER BY index_no asc  [ RunTime:0.021002s ]
SQL: SELECT * FROM `adminmenulist` WHERE `parent_id` = 194 AND `record_status` = 1 ORDER BY index_no asc  [ RunTime:0.017001s ]
SQL: select type_no,info_type,name,index_no from houseinfotype where record_status=1 and city_code='001009001' order by info_type,index_no [ RunTime:0.021001s ]
SQL: select id,cname,parent_id from region where is_display=1 and parent_id=0 and city_code='001009001' [ RunTime:0.065004s ]
INFO: [ view_parse ] --START--
INFO: [ template_filter ] --START--
INFO: Run Behavior\ContentReplaceBehavior [ RunTime:0.000000s ]
INFO: [ template_filter ] --END-- [ RunTime:0.001000s ]
INFO: Run Behavior\ParseTemplateBehavior [ RunTime:0.034002s ]
INFO: [ view_parse ] --END-- [ RunTime:0.034002s ]
INFO: [ view_filter ] --START--
INFO: Run Behavior\WriteHtmlCacheBehavior [ RunTime:0.000000s ]
INFO: [ view_filter ] --END-- [ RunTime:0.001000s ]
INFO: [ app_end ] --START--
INFO: Run Behavior\ShowPageTraceBehavior [ RunTime:0.001000s ]
INFO: [ app_end ] --END-- [ RunTime:0.001000s ]

[ 2017-05-18T09:29:12+08:00 ] ::1 /hizhu/ContactOwner/contactOwnerList.html?no=3&leftno=28
INFO: [ app_init ] --START--
INFO: Run Behavior\BuildLiteBehavior [ RunTime:0.000000s ]
INFO: [ app_init ] --END-- [ RunTime:0.000000s ]
INFO: [ app_begin ] --START--
INFO: Run Behavior\ReadHtmlCacheBehavior [ RunTime:0.000000s ]
INFO: [ app_begin ] --END-- [ RunTime:0.000000s ]
SQL: SHOW COLUMNS FROM `admin_user` [ RunTime:0.012001s ]
SQL: SELECT * FROM `admin_user` WHERE `user_name` = 'admin' LIMIT 1   [ RunTime:0.017001s ]
SQL: select user_name,real_name from admin_user where  city_auth like '%1%' order by user_name [ RunTime:0.011001s ]
INFO: [ view_parse ] --START--
INFO: [ template_filter ] --START--
INFO: Run Behavior\ContentReplaceBehavior [ RunTime:0.000000s ]
INFO: [ template_filter ] --END-- [ RunTime:0.001000s ]
INFO: Run Behavior\ParseTemplateBehavior [ RunTime:0.035002s ]
INFO: [ view_parse ] --END-- [ RunTime:0.035002s ]
INFO: [ view_filter ] --START--
INFO: Run Behavior\WriteHtmlCacheBehavior [ RunTime:0.001000s ]
INFO: [ view_filter ] --END-- [ RunTime:0.001000s ]
INFO: [ app_end ] --START--
INFO: Run Behavior\ShowPageTraceBehavior [ RunTime:0.001000s ]
INFO: [ app_end ] --END-- [ RunTime:0.001000s ]

[ 2017-05-18T09:29:16+08:00 ] ::1 /hizhu/ContactOwner/nothearlist.html?no=3&leftno=97
INFO: [ app_init ] --START--
INFO: Run Behavior\BuildLiteBehavior [ RunTime:0.000000s ]
INFO: [ app_init ] --END-- [ RunTime:0.001000s ]
INFO: [ app_begin ] --START--
INFO: Run Behavior\ReadHtmlCacheBehavior [ RunTime:0.000000s ]
INFO: [ app_begin ] --END-- [ RunTime:0.002000s ]
SQL: SHOW COLUMNS FROM `admin_user` [ RunTime:0.015001s ]
SQL: SELECT * FROM `admin_user` WHERE `user_name` = 'admin' LIMIT 1   [ RunTime:0.012000s ]
SQL: SHOW COLUMNS FROM `houserentercall` [ RunTime:0.012000s ]
SQL: SELECT COUNT(*) AS tp_count FROM `houserentercall` WHERE `call_time` > 1494432000 AND `city_id` = '001009001' AND `is_read` <> 1 AND `status_code` = 0 AND `big_code` <> '4008108756' LIMIT 1   [ RunTime:0.024002s ]
SQL: SELECT * FROM `houserentercall` WHERE `call_time` > 1494432000 AND `city_id` = '001009001' AND `is_read` <> 1 AND `status_code` = 0 AND `big_code` <> '4008108756'  [ RunTime:0.018001s ]
SQL: SHOW COLUMNS FROM `calllog` [ RunTime:0.015000s ]
SQL: SELECT * FROM `calllog` WHERE `id` = '63201BA0-E542-A9EA-3CB3-A05E1E9788D1' LIMIT 1   [ RunTime:0.015000s ]
INFO: [ view_parse ] --START--
INFO: [ template_filter ] --START--
INFO: Run Behavior\ContentReplaceBehavior [ RunTime:0.000000s ]
INFO: [ template_filter ] --END-- [ RunTime:0.000000s ]
INFO: Run Behavior\ParseTemplateBehavior [ RunTime:0.039003s ]
INFO: [ view_parse ] --END-- [ RunTime:0.039003s ]
INFO: [ view_filter ] --START--
INFO: Run Behavior\WriteHtmlCacheBehavior [ RunTime:0.000000s ]
INFO: [ view_filter ] --END-- [ RunTime:0.001000s ]
INFO: [ app_end ] --START--
INFO: Run Behavior\ShowPageTraceBehavior [ RunTime:0.001000s ]
INFO: [ app_end ] --END-- [ RunTime:0.001000s ]

[ 2017-05-18T09:29:17+08:00 ] ::1 /hizhu/ContactOwner/jsonhouseroom.html?index=0
INFO: [ app_init ] --START--
INFO: Run Behavior\BuildLiteBehavior [ RunTime:0.000000s ]
INFO: [ app_init ] --END-- [ RunTime:0.001000s ]
INFO: [ app_begin ] --START--
INFO: Run Behavior\ReadHtmlCacheBehavior [ RunTime:0.001000s ]
INFO: [ app_begin ] --END-- [ RunTime:0.001000s ]
INFO: [ app_end ] --START--
INFO: Run Behavior\ShowPageTraceBehavior [ RunTime:0.000000s ]
INFO: [ app_end ] --END-- [ RunTime:0.000000s ]

[ 2017-05-18T09:29:17+08:00 ] ::1 /hizhu/ContactOwner/jsonhouseroom.html?room_id=SH201704070314901&index=1
INFO: [ app_init ] --START--
INFO: Run Behavior\BuildLiteBehavior [ RunTime:0.000000s ]
INFO: [ app_init ] --END-- [ RunTime:0.001000s ]
INFO: [ app_begin ] --START--
INFO: Run Behavior\ReadHtmlCacheBehavior [ RunTime:0.001001s ]
INFO: [ app_begin ] --END-- [ RunTime:0.002001s ]
SQL: SHOW COLUMNS FROM `houseroom` [ RunTime:0.018001s ]
SQL: SELECT `id`,`resource_id`,`room_no`,`room_money`,`info_resource`,`create_man`,`status`,`commission_money`,`commission_enddate`,`is_commission` FROM `houseroom` WHERE `room_no` = 'SH201704070314901' LIMIT 1   [ RunTime:0.042002s ]
INFO: [ app_end ] --START--
INFO: Run Behavior\ShowPageTraceBehavior [ RunTime:0.001000s ]
INFO: [ app_end ] --END-- [ RunTime:0.001000s ]

[ 2017-05-18T09:29:21+08:00 ] ::1 /hizhu/ContactOwner/contactOwnerList.html?no=3&leftno=28
INFO: [ app_init ] --START--
INFO: Run Behavior\BuildLiteBehavior [ RunTime:0.000000s ]
INFO: [ app_init ] --END-- [ RunTime:0.001000s ]
INFO: [ app_begin ] --START--
INFO: Run Behavior\ReadHtmlCacheBehavior [ RunTime:0.000000s ]
INFO: [ app_begin ] --END-- [ RunTime:0.001000s ]
SQL: SHOW COLUMNS FROM `admin_user` [ RunTime:0.017001s ]
SQL: SELECT * FROM `admin_user` WHERE `user_name` = 'admin' LIMIT 1   [ RunTime:0.011001s ]
INFO: [ view_parse ] --START--
INFO: [ template_filter ] --START--
INFO: Run Behavior\ContentReplaceBehavior [ RunTime:0.000000s ]
INFO: [ template_filter ] --END-- [ RunTime:0.000000s ]
INFO: Run Behavior\ParseTemplateBehavior [ RunTime:0.035002s ]
INFO: [ view_parse ] --END-- [ RunTime:0.035002s ]
INFO: [ view_filter ] --START--
INFO: Run Behavior\WriteHtmlCacheBehavior [ RunTime:0.000000s ]
INFO: [ view_filter ] --END-- [ RunTime:0.000000s ]
INFO: [ app_end ] --START--
INFO: Run Behavior\ShowPageTraceBehavior [ RunTime:0.000000s ]
INFO: [ app_end ] --END-- [ RunTime:0.001000s ]

[ 2017-05-18T09:29:29+08:00 ] ::1 /hizhu/ContactOwner/contactOwnerList.html?no=3&leftno=28&temp=q&pagecnt=&roomcnt=&ownercnt=&rentercnt=&startTime=&endTime=&loginphone=&room_no=&ownerphone=&makcall=&platform=&big_code=&status_code=&info_resource_type=&info_resource=&unknown=on&abandon=on&charge_man=&brand_type=&region=&scope=&is_commission=&principal_man=&moneyMin=&moneyMax=&room_type=&room_num=&is_monthly=&is_owner=5
INFO: [ app_init ] --START--
INFO: Run Behavior\BuildLiteBehavior [ RunTime:0.001000s ]
INFO: [ app_init ] --END-- [ RunTime:0.001000s ]
INFO: [ app_begin ] --START--
INFO: Run Behavior\ReadHtmlCacheBehavior [ RunTime:0.001000s ]
INFO: [ app_begin ] --END-- [ RunTime:0.001000s ]
SQL: SHOW COLUMNS FROM `admin_user` [ RunTime:0.035002s ]
SQL: SELECT * FROM `admin_user` WHERE `user_name` = 'admin' LIMIT 1   [ RunTime:0.032002s ]
SQL: select count(1) as cnt,count(distinct room_id) as room_cnt,count(distinct mobile) as renter_cnt,count(distinct owner_mobile) as owner_cnt from houserentercall  where  create_time>0 and big_code<>'4008108756' and is_marketing=0  and status_code>=0 and status_code<>11 and city_id='001009001' and is_owner=5 [ RunTime:0.014001s ]
ERR: 1054:Unknown column 'is_marketing' in 'where clause'
 [ SQL语句 ] : select count(1) as cnt,count(distinct room_id) as room_cnt,count(distinct mobile) as renter_cnt,count(distinct owner_mobile) as owner_cnt from houserentercall  where  create_time>0 and big_code<>'4008108756' and is_marketing=0  and status_code>=0 and status_code<>11 and city_id='001009001' and is_owner=5
INFO: [ view_parse ] --START--
INFO: [ template_filter ] --START--
INFO: Run Behavior\ContentReplaceBehavior [ RunTime:0.001000s ]
INFO: [ template_filter ] --END-- [ RunTime:0.001000s ]
INFO: Run Behavior\ParseTemplateBehavior [ RunTime:0.033002s ]
INFO: [ view_parse ] --END-- [ RunTime:0.033002s ]
INFO: [ view_filter ] --START--
INFO: Run Behavior\WriteHtmlCacheBehavior [ RunTime:0.000000s ]
INFO: [ view_filter ] --END-- [ RunTime:0.001000s ]
INFO: [ app_end ] --START--
INFO: Run Behavior\ShowPageTraceBehavior [ RunTime:0.001000s ]
INFO: [ app_end ] --END-- [ RunTime:0.001000s ]

[ 2017-05-18T10:10:36+08:00 ] ::1 /hizhu/Sysmenu/sysmenuList.html?no=1
INFO: [ app_init ] --START--
INFO: Run Behavior\BuildLiteBehavior [ RunTime:0.000000s ]
INFO: [ app_init ] --END-- [ RunTime:0.000000s ]
INFO: [ app_begin ] --START--
INFO: Run Behavior\ReadHtmlCacheBehavior [ RunTime:0.001000s ]
INFO: [ app_begin ] --END-- [ RunTime:0.001000s ]
SQL: SHOW COLUMNS FROM `admin_user` [ RunTime:0.014000s ]
SQL: SELECT * FROM `admin_user` WHERE `user_name` = 'admin' LIMIT 1   [ RunTime:0.018001s ]
SQL: SHOW COLUMNS FROM `adminmenulist` [ RunTime:0.014001s ]
SQL: SELECT * FROM `adminmenulist` WHERE `parent_id` = 9 AND `record_status` = 1 ORDER BY index_no asc  [ RunTime:0.015001s ]
SQL: SELECT * FROM `adminmenulist` WHERE `parent_id` = 78 AND `record_status` = 1 ORDER BY index_no asc  [ RunTime:0.014001s ]
SQL: SELECT * FROM `adminmenulist` WHERE `parent_id` = 21 AND `record_status` = 1 ORDER BY index_no asc  [ RunTime:0.012001s ]
SQL: SELECT * FROM `adminmenulist` WHERE `parent_id` = 125 AND `record_status` = 1 ORDER BY index_no asc  [ RunTime:0.011001s ]
SQL: SELECT * FROM `adminmenulist` WHERE `parent_id` = 138 AND `record_status` = 1 ORDER BY index_no asc  [ RunTime:0.016000s ]
NOTIC: [8] Undefined index: level_id D:\wamp\www\hizhu\Application\Home\Controller\SysmenuController.class.php 第 17 行.
SQL: SELECT * FROM `adminmenulist` WHERE `record_status` = 1 AND `parent_id` = 0 ORDER BY id asc  [ RunTime:0.012001s ]
INFO: [ view_parse ] --START--
INFO: [ template_filter ] --START--
INFO: Run Behavior\ContentReplaceBehavior [ RunTime:0.001000s ]
INFO: [ template_filter ] --END-- [ RunTime:0.001000s ]
INFO: Run Behavior\ParseTemplateBehavior [ RunTime:0.058003s ]
INFO: [ view_parse ] --END-- [ RunTime:0.058003s ]
INFO: [ view_filter ] --START--
INFO: Run Behavior\WriteHtmlCacheBehavior [ RunTime:0.000000s ]
INFO: [ view_filter ] --END-- [ RunTime:0.002000s ]
INFO: [ app_end ] --START--
INFO: Run Behavior\ShowPageTraceBehavior [ RunTime:0.001000s ]
INFO: [ app_end ] --END-- [ RunTime:0.002000s ]

[ 2017-05-18T10:10:40+08:00 ] ::1 /hizhu/HouseResource/resourcelist.html?no=3
INFO: [ app_init ] --START--
INFO: Run Behavior\BuildLiteBehavior [ RunTime:0.000000s ]
INFO: [ app_init ] --END-- [ RunTime:0.001000s ]
INFO: [ app_begin ] --START--
INFO: Run Behavior\ReadHtmlCacheBehavior [ RunTime:0.001000s ]
INFO: [ app_begin ] --END-- [ RunTime:0.001000s ]
SQL: SHOW COLUMNS FROM `admin_user` [ RunTime:0.012001s ]
SQL: SELECT * FROM `admin_user` WHERE `user_name` = 'admin' LIMIT 1   [ RunTime:0.012000s ]
INFO: [ view_parse ] --START--
INFO: [ template_filter ] --START--
INFO: Run Behavior\ContentReplaceBehavior [ RunTime:0.001000s ]
INFO: [ template_filter ] --END-- [ RunTime:0.001000s ]
INFO: Run Behavior\ParseTemplateBehavior [ RunTime:0.038002s ]
INFO: [ view_parse ] --END-- [ RunTime:0.038002s ]
INFO: [ view_filter ] --START--
INFO: Run Behavior\WriteHtmlCacheBehavior [ RunTime:0.000000s ]
INFO: [ view_filter ] --END-- [ RunTime:0.001000s ]
INFO: [ app_end ] --START--
INFO: Run Behavior\ShowPageTraceBehavior [ RunTime:0.001000s ]
INFO: [ app_end ] --END-- [ RunTime:0.001000s ]

[ 2017-05-18T10:10:47+08:00 ] ::1 /hizhu/Estate/EstateList.html?no=3&leftno=61
INFO: [ app_init ] --START--
INFO: Run Behavior\BuildLiteBehavior [ RunTime:0.000000s ]
INFO: [ app_init ] --END-- [ RunTime:0.001000s ]
INFO: [ app_begin ] --START--
INFO: Run Behavior\ReadHtmlCacheBehavior [ RunTime:0.000000s ]
INFO: [ app_begin ] --END-- [ RunTime:0.001000s ]
SQL: SHOW COLUMNS FROM `admin_user` [ RunTime:0.014001s ]
SQL: SELECT * FROM `admin_user` WHERE `user_name` = 'admin' LIMIT 1   [ RunTime:0.011000s ]
SQL: SHOW COLUMNS FROM `estate` [ RunTime:0.014001s ]
SQL: SELECT COUNT(*) AS tp_count FROM `estate` WHERE `city_code` = '001009001' LIMIT 1   [ RunTime:0.361021s ]
SQL: SELECT `estate_code`,`estate_name`,`estate_address`,`lpt_x`,`lpt_y`,`region_name`,`scope_name`,`business_type`,`house_type`,`create_time`,`create_man`,`id` FROM `estate` WHERE `city_code` = '001009001' ORDER BY create_time desc LIMIT 0,10   [ RunTime:0.277016s ]
INFO: [ view_parse ] --START--
INFO: [ template_filter ] --START--
INFO: Run Behavior\ContentReplaceBehavior [ RunTime:0.000000s ]
INFO: [ template_filter ] --END-- [ RunTime:0.001000s ]
INFO: Run Behavior\ParseTemplateBehavior [ RunTime:0.028001s ]
INFO: [ view_parse ] --END-- [ RunTime:0.029001s ]
INFO: [ view_filter ] --START--
INFO: Run Behavior\WriteHtmlCacheBehavior [ RunTime:0.000000s ]
INFO: [ view_filter ] --END-- [ RunTime:0.001000s ]
INFO: [ app_end ] --START--
INFO: Run Behavior\ShowPageTraceBehavior [ RunTime:0.001000s ]
INFO: [ app_end ] --END-- [ RunTime:0.001000s ]

[ 2017-05-18T10:20:36+08:00 ] ::1 /hizhu/Customer/authenticationList.html?no=6
INFO: [ app_init ] --START--
INFO: Run Behavior\BuildLiteBehavior [ RunTime:0.000000s ]
INFO: [ app_init ] --END-- [ RunTime:0.002000s ]
INFO: [ app_begin ] --START--
INFO: Run Behavior\ReadHtmlCacheBehavior [ RunTime:0.001000s ]
INFO: [ app_begin ] --END-- [ RunTime:0.001000s ]
SQL: SHOW COLUMNS FROM `admin_user` [ RunTime:0.019001s ]
SQL: SELECT * FROM `admin_user` WHERE `user_name` = 'admin' LIMIT 1   [ RunTime:0.016001s ]
SQL: SHOW COLUMNS FROM `adminmenulist` [ RunTime:0.019001s ]
SQL: SELECT * FROM `adminmenulist` WHERE `parent_id` = 0 AND `record_status` = 1 ORDER BY index_no asc  [ RunTime:0.016001s ]
SQL: SELECT * FROM `adminmenulist` WHERE `parent_id` = 6 AND `record_status` = 1 ORDER BY index_no asc  [ RunTime:0.012000s ]
SQL: SHOW COLUMNS FROM `customer` [ RunTime:0.025001s ]
SQL: SELECT COUNT(*) AS tp_count FROM `customer` WHERE `is_auth` = 1 AND ( `auth_time` > 1427817600 AND `auth_time` < 1743523200  ) LIMIT 1   [ RunTime:0.025001s ]
NOTIC: [2] urlencode() expects parameter 1 to be string, array given D:\wamp\www\hizhu\Application\Home\Controller\CustomerController.class.php 第 44 行.
NOTIC: [2] urlencode() expects parameter 1 to be string, array given D:\wamp\www\hizhu\Application\Home\Controller\CustomerController.class.php 第 44 行.
SQL: SELECT * FROM `customer` WHERE `is_auth` = 1 AND ( `auth_time` > 1427817600 AND `auth_time` < 1743523200  ) ORDER BY auth_time desc LIMIT 0,15   [ RunTime:0.021001s ]
INFO: [ view_parse ] --START--
INFO: [ template_filter ] --START--
INFO: Run Behavior\ContentReplaceBehavior [ RunTime:0.000000s ]
INFO: [ template_filter ] --END-- [ RunTime:0.000000s ]
NOTIC: [8] Undefined index: startTime D:\wamp\www\hizhu\Application\Runtime\Cache\Home\ef908816fe1538536da457bb5abcc42d.php 第 72 行.
NOTIC: [8] Undefined index: endTime D:\wamp\www\hizhu\Application\Runtime\Cache\Home\ef908816fe1538536da457bb5abcc42d.php 第 72 行.
NOTIC: [8] Undefined index: mobile D:\wamp\www\hizhu\Application\Runtime\Cache\Home\ef908816fe1538536da457bb5abcc42d.php 第 74 行.
NOTIC: [8] Undefined index: name D:\wamp\www\hizhu\Application\Runtime\Cache\Home\ef908816fe1538536da457bb5abcc42d.php 第 78 行.
INFO: Run Behavior\ParseTemplateBehavior [ RunTime:0.033001s ]
INFO: [ view_parse ] --END-- [ RunTime:0.034001s ]
INFO: [ view_filter ] --START--
INFO: Run Behavior\WriteHtmlCacheBehavior [ RunTime:0.001001s ]
INFO: [ view_filter ] --END-- [ RunTime:0.001001s ]
INFO: [ app_end ] --START--
INFO: Run Behavior\ShowPageTraceBehavior [ RunTime:0.001000s ]
INFO: [ app_end ] --END-- [ RunTime:0.001000s ]

[ 2017-05-18T10:21:01+08:00 ] ::1 /hizhu/Jobowner/jobownerlist.html?no=6&leftno=111
INFO: [ app_init ] --START--
INFO: Run Behavior\BuildLiteBehavior [ RunTime:0.000000s ]
INFO: [ app_init ] --END-- [ RunTime:0.000000s ]
INFO: [ app_begin ] --START--
INFO: Run Behavior\ReadHtmlCacheBehavior [ RunTime:0.000000s ]
INFO: [ app_begin ] --END-- [ RunTime:0.002000s ]
SQL: SHOW COLUMNS FROM `admin_user` [ RunTime:0.073004s ]
SQL: SELECT * FROM `admin_user` WHERE `user_name` = 'admin' LIMIT 1   [ RunTime:0.078005s ]
INFO: [ view_parse ] --START--
INFO: [ template_filter ] --START--
INFO: Run Behavior\ContentReplaceBehavior [ RunTime:0.000000s ]
INFO: [ template_filter ] --END-- [ RunTime:0.000000s ]
INFO: Run Behavior\ParseTemplateBehavior [ RunTime:0.043003s ]
INFO: [ view_parse ] --END-- [ RunTime:0.043003s ]
INFO: [ view_filter ] --START--
INFO: Run Behavior\WriteHtmlCacheBehavior [ RunTime:0.001000s ]
INFO: [ view_filter ] --END-- [ RunTime:0.001000s ]
INFO: [ app_end ] --START--
INFO: Run Behavior\ShowPageTraceBehavior [ RunTime:0.002000s ]
INFO: [ app_end ] --END-- [ RunTime:0.002000s ]

[ 2017-05-18T10:21:10+08:00 ] ::1 /hizhu/Jobowner/jobownerlist.html?handle=query&no=6&leftno=111&pagecount=0&name=&mobile=18151162206&source=&update_man=&principal_man=&startTime=&endTime=&signed=&marginMin=&marginMax=&is_commission=&is_black=&status=&isMonth=&monthStart=&monthEnd=&isFee=&region_id=
INFO: [ app_init ] --START--
INFO: Run Behavior\BuildLiteBehavior [ RunTime:0.000000s ]
INFO: [ app_init ] --END-- [ RunTime:0.001000s ]
INFO: [ app_begin ] --START--
INFO: Run Behavior\ReadHtmlCacheBehavior [ RunTime:0.001000s ]
INFO: [ app_begin ] --END-- [ RunTime:0.002000s ]
SQL: SHOW COLUMNS FROM `admin_user` [ RunTime:0.062003s ]
SQL: SELECT * FROM `admin_user` WHERE `user_name` = 'admin' LIMIT 1   [ RunTime:0.078005s ]
SQL: select a.true_name,a.mobile,b.status,b.create_time,b.principal_man,b.source,b.update_man,b.signed,b.margin,b.owner_remark,a.is_black,a.is_commission,a.is_monthly,b.region_name,b.customer_id from customer a right join customerinfo b on a.id=b.customer_id where a.record_status=1 and a.is_owner=4  and a.mobile='18151162206'  [ RunTime:0.087005s ]
INFO: [ view_parse ] --START--
INFO: [ template_filter ] --START--
INFO: Run Behavior\ContentReplaceBehavior [ RunTime:0.000000s ]
INFO: [ template_filter ] --END-- [ RunTime:0.001000s ]
INFO: Run Behavior\ParseTemplateBehavior [ RunTime:0.049002s ]
INFO: [ view_parse ] --END-- [ RunTime:0.049002s ]
INFO: [ view_filter ] --START--
INFO: Run Behavior\WriteHtmlCacheBehavior [ RunTime:0.000000s ]
INFO: [ view_filter ] --END-- [ RunTime:0.000000s ]
INFO: [ app_end ] --START--
INFO: Run Behavior\ShowPageTraceBehavior [ RunTime:0.001000s ]
INFO: [ app_end ] --END-- [ RunTime:0.001000s ]

[ 2017-05-18T10:21:23+08:00 ] ::1 /hizhu/Jobowner/jobownerlist.html?handle=query&no=6&leftno=111&pagecount=0&name=&mobile=18516051096&source=&update_man=&principal_man=&startTime=&endTime=&signed=&marginMin=&marginMax=&is_commission=&is_black=&status=&isMonth=&monthStart=&monthEnd=&isFee=&region_id=
INFO: [ app_init ] --START--
INFO: Run Behavior\BuildLiteBehavior [ RunTime:0.001000s ]
INFO: [ app_init ] --END-- [ RunTime:0.001000s ]
INFO: [ app_begin ] --START--
INFO: Run Behavior\ReadHtmlCacheBehavior [ RunTime:0.001000s ]
INFO: [ app_begin ] --END-- [ RunTime:0.001000s ]
SQL: SHOW COLUMNS FROM `admin_user` [ RunTime:0.014001s ]
SQL: SELECT * FROM `admin_user` WHERE `user_name` = 'admin' LIMIT 1   [ RunTime:0.014001s ]
SQL: select a.true_name,a.mobile,b.status,b.create_time,b.principal_man,b.source,b.update_man,b.signed,b.margin,b.owner_remark,a.is_black,a.is_commission,a.is_monthly,b.region_name,b.customer_id from customer a right join customerinfo b on a.id=b.customer_id where a.record_status=1 and a.is_owner=4  and a.mobile='18516051096'  [ RunTime:0.016000s ]
INFO: [ view_parse ] --START--
INFO: [ template_filter ] --START--
INFO: Run Behavior\ContentReplaceBehavior [ RunTime:0.001000s ]
INFO: [ template_filter ] --END-- [ RunTime:0.001000s ]
INFO: Run Behavior\ParseTemplateBehavior [ RunTime:0.041003s ]
INFO: [ view_parse ] --END-- [ RunTime:0.041003s ]
INFO: [ view_filter ] --START--
INFO: Run Behavior\WriteHtmlCacheBehavior [ RunTime:0.001000s ]
INFO: [ view_filter ] --END-- [ RunTime:0.001000s ]
INFO: [ app_end ] --START--
INFO: Run Behavior\ShowPageTraceBehavior [ RunTime:0.001000s ]
INFO: [ app_end ] --END-- [ RunTime:0.001000s ]

[ 2017-05-18T10:21:33+08:00 ] ::1 /hizhu/Jobowner/jobownerlist.html?handle=query&no=6&leftno=111&pagecount=0&name=&mobile=&source=&update_man=&principal_man=&startTime=&endTime=&signed=&marginMin=&marginMax=&is_commission=&is_black=&status=&isMonth=&monthStart=&monthEnd=&isFee=&region_id=
INFO: [ app_init ] --START--
INFO: Run Behavior\BuildLiteBehavior [ RunTime:0.000000s ]
INFO: [ app_init ] --END-- [ RunTime:0.001000s ]
INFO: [ app_begin ] --START--
INFO: Run Behavior\ReadHtmlCacheBehavior [ RunTime:0.000000s ]
INFO: [ app_begin ] --END-- [ RunTime:0.002000s ]
SQL: SHOW COLUMNS FROM `admin_user` [ RunTime:0.018001s ]
SQL: SELECT * FROM `admin_user` WHERE `user_name` = 'admin' LIMIT 1   [ RunTime:0.016001s ]
SQL: select count(1) as cnt from customer a right join customerinfo b on a.id=b.customer_id where a.record_status=1 and a.is_owner=4 and a.city_code='001009001'  [ RunTime:0.043003s ]
SQL: select a.true_name,a.mobile,b.status,b.create_time,b.principal_man,b.source,b.update_man,b.signed,b.margin,b.owner_remark,a.is_black,a.is_commission,a.is_monthly,b.region_name,b.customer_id from customer a right join customerinfo b on a.id=b.customer_id where a.record_status=1 and a.is_owner=4 and a.city_code='001009001'  order by b.create_time desc,b.id desc limit 0,8 [ RunTime:0.017001s ]
INFO: [ view_parse ] --START--
INFO: [ template_filter ] --START--
INFO: Run Behavior\ContentReplaceBehavior [ RunTime:0.000000s ]
INFO: [ template_filter ] --END-- [ RunTime:0.000000s ]
INFO: Run Behavior\ParseTemplateBehavior [ RunTime:0.035002s ]
INFO: [ view_parse ] --END-- [ RunTime:0.036002s ]
INFO: [ view_filter ] --START--
INFO: Run Behavior\WriteHtmlCacheBehavior [ RunTime:0.000000s ]
INFO: [ view_filter ] --END-- [ RunTime:0.000000s ]
INFO: [ app_end ] --START--
INFO: Run Behavior\ShowPageTraceBehavior [ RunTime:0.001000s ]
INFO: [ app_end ] --END-- [ RunTime:0.001000s ]

[ 2017-05-18T10:21:38+08:00 ] ::1 /hizhu/Jobowner/updatejobowner.html?no=6&leftno=111&cuid=BE1102E0-6B96-7B21-E8FE-78EEE0F32C89
INFO: [ app_init ] --START--
INFO: Run Behavior\BuildLiteBehavior [ RunTime:0.000000s ]
INFO: [ app_init ] --END-- [ RunTime:0.001000s ]
INFO: [ app_begin ] --START--
INFO: Run Behavior\ReadHtmlCacheBehavior [ RunTime:0.001000s ]
INFO: [ app_begin ] --END-- [ RunTime:0.001000s ]
SQL: SHOW COLUMNS FROM `admin_user` [ RunTime:0.014001s ]
SQL: SELECT * FROM `admin_user` WHERE `user_name` = 'admin' LIMIT 1   [ RunTime:0.012001s ]
SQL: SHOW COLUMNS FROM `customer` [ RunTime:0.018001s ]
SQL: SELECT * FROM `customer` WHERE `id` = 'BE1102E0-6B96-7B21-E8FE-78EEE0F32C89' LIMIT 1   [ RunTime:0.020002s ]
SQL: SHOW COLUMNS FROM `customerinfo` [ RunTime:0.017001s ]
SQL: SELECT * FROM `customerinfo` WHERE `customer_id` = 'BE1102E0-6B96-7B21-E8FE-78EEE0F32C89' LIMIT 1   [ RunTime:0.018001s ]
INFO: [ view_parse ] --START--
INFO: [ template_filter ] --START--
INFO: Run Behavior\ContentReplaceBehavior [ RunTime:0.000000s ]
INFO: [ template_filter ] --END-- [ RunTime:0.000000s ]
INFO: Run Behavior\ParseTemplateBehavior [ RunTime:0.021001s ]
INFO: [ view_parse ] --END-- [ RunTime:0.022001s ]
INFO: [ view_filter ] --START--
INFO: Run Behavior\WriteHtmlCacheBehavior [ RunTime:0.000000s ]
INFO: [ view_filter ] --END-- [ RunTime:0.000000s ]
INFO: [ app_end ] --START--
INFO: Run Behavior\ShowPageTraceBehavior [ RunTime:0.000000s ]
INFO: [ app_end ] --END-- [ RunTime:0.001000s ]

[ 2017-05-18T10:21:44+08:00 ] ::1 /hizhu/Commission/commissionMonthly.html?no=6&leftno=111&mobile=18110960571&customer_id=BE1102E0-6B96-7B21-E8FE-78EEE0F32C89
INFO: [ app_init ] --START--
INFO: Run Behavior\BuildLiteBehavior [ RunTime:0.001000s ]
INFO: [ app_init ] --END-- [ RunTime:0.001000s ]
INFO: [ app_begin ] --START--
INFO: Run Behavior\ReadHtmlCacheBehavior [ RunTime:0.000000s ]
INFO: [ app_begin ] --END-- [ RunTime:0.002000s ]
SQL: SHOW COLUMNS FROM `admin_user` [ RunTime:0.019001s ]
SQL: SELECT * FROM `admin_user` WHERE `user_name` = 'admin' LIMIT 1   [ RunTime:0.014001s ]
SQL: select monthly_days,monthly_money,monthly_start,monthly_end,monthly_bak,is_open,create_man,create_time,update_man,update_time,customer_id,id,is_delay,contract_type from commissionmonthly where customer_id='BE1102E0-6B96-7B21-E8FE-78EEE0F32C89' order by id asc limit 10 [ RunTime:0.311018s ]
INFO: [ view_parse ] --START--
INFO: [ template_filter ] --START--
INFO: Run Behavior\ContentReplaceBehavior [ RunTime:0.001000s ]
INFO: [ template_filter ] --END-- [ RunTime:0.001000s ]
INFO: Run Behavior\ParseTemplateBehavior [ RunTime:0.032002s ]
INFO: [ view_parse ] --END-- [ RunTime:0.032002s ]
INFO: [ view_filter ] --START--
INFO: Run Behavior\WriteHtmlCacheBehavior [ RunTime:0.001000s ]
INFO: [ view_filter ] --END-- [ RunTime:0.001000s ]
INFO: [ app_end ] --START--
INFO: Run Behavior\ShowPageTraceBehavior [ RunTime:0.001000s ]
INFO: [ app_end ] --END-- [ RunTime:0.001000s ]

[ 2017-05-18T10:23:29+08:00 ] ::1 /hizhu/HouseResource/resourcelist.html?no=3
INFO: [ app_init ] --START--
INFO: Run Behavior\BuildLiteBehavior [ RunTime:0.000000s ]
INFO: [ app_init ] --END-- [ RunTime:0.000000s ]
INFO: [ app_begin ] --START--
INFO: Run Behavior\ReadHtmlCacheBehavior [ RunTime:0.001000s ]
INFO: [ app_begin ] --END-- [ RunTime:0.001000s ]
SQL: SHOW COLUMNS FROM `admin_user` [ RunTime:0.012000s ]
SQL: SELECT * FROM `admin_user` WHERE `user_name` = 'admin' LIMIT 1   [ RunTime:0.017000s ]
SQL: SHOW COLUMNS FROM `adminmenulist` [ RunTime:0.032002s ]
SQL: SELECT * FROM `adminmenulist` WHERE `parent_id` = 3 AND `record_status` = 1 ORDER BY index_no asc  [ RunTime:0.029001s ]
INFO: [ view_parse ] --START--
INFO: [ template_filter ] --START--
INFO: Run Behavior\ContentReplaceBehavior [ RunTime:0.000000s ]
INFO: [ template_filter ] --END-- [ RunTime:0.000000s ]
INFO: Run Behavior\ParseTemplateBehavior [ RunTime:0.038003s ]
INFO: [ view_parse ] --END-- [ RunTime:0.039003s ]
INFO: [ view_filter ] --START--
INFO: Run Behavior\WriteHtmlCacheBehavior [ RunTime:0.001000s ]
INFO: [ view_filter ] --END-- [ RunTime:0.001000s ]
INFO: [ app_end ] --START--
INFO: Run Behavior\ShowPageTraceBehavior [ RunTime:0.001000s ]
INFO: [ app_end ] --END-- [ RunTime:0.001000s ]

[ 2017-05-18T10:23:39+08:00 ] ::1 /hizhu/Estate/EstateList.html?no=3&leftno=61
INFO: [ app_init ] --START--
INFO: Run Behavior\BuildLiteBehavior [ RunTime:0.000000s ]
INFO: [ app_init ] --END-- [ RunTime:0.000000s ]
INFO: [ app_begin ] --START--
INFO: Run Behavior\ReadHtmlCacheBehavior [ RunTime:0.001000s ]
INFO: [ app_begin ] --END-- [ RunTime:0.001000s ]
SQL: SHOW COLUMNS FROM `admin_user` [ RunTime:0.015000s ]
SQL: SELECT * FROM `admin_user` WHERE `user_name` = 'admin' LIMIT 1   [ RunTime:0.016001s ]
SQL: SHOW COLUMNS FROM `estate` [ RunTime:0.017001s ]
SQL: SELECT COUNT(*) AS tp_count FROM `estate` WHERE `city_code` = '001009001' LIMIT 1   [ RunTime:0.011000s ]
SQL: SELECT `estate_code`,`estate_name`,`estate_address`,`lpt_x`,`lpt_y`,`region_name`,`scope_name`,`business_type`,`house_type`,`create_time`,`create_man`,`id` FROM `estate` WHERE `city_code` = '001009001' ORDER BY create_time desc LIMIT 0,10   [ RunTime:0.014001s ]
INFO: [ view_parse ] --START--
INFO: [ template_filter ] --START--
INFO: Run Behavior\ContentReplaceBehavior [ RunTime:0.001000s ]
INFO: [ template_filter ] --END-- [ RunTime:0.001000s ]
INFO: Run Behavior\ParseTemplateBehavior [ RunTime:0.034002s ]
INFO: [ view_parse ] --END-- [ RunTime:0.034002s ]
INFO: [ view_filter ] --START--
INFO: Run Behavior\WriteHtmlCacheBehavior [ RunTime:0.000000s ]
INFO: [ view_filter ] --END-- [ RunTime:0.001000s ]
INFO: [ app_end ] --START--
INFO: Run Behavior\ShowPageTraceBehavior [ RunTime:0.001000s ]
INFO: [ app_end ] --END-- [ RunTime:0.001000s ]

[ 2017-05-18T13:32:29+08:00 ] ::1 /hizhu/stores/storesList.html?no=162
INFO: [ app_init ] --START--
INFO: Run Behavior\BuildLiteBehavior [ RunTime:0.000000s ]
INFO: [ app_init ] --END-- [ RunTime:0.001000s ]
INFO: [ app_begin ] --START--
INFO: Run Behavior\ReadHtmlCacheBehavior [ RunTime:0.000000s ]
INFO: [ app_begin ] --END-- [ RunTime:0.002000s ]
SQL: SHOW COLUMNS FROM `admin_user` [ RunTime:0.225013s ]
SQL: SELECT * FROM `admin_user` WHERE `user_name` = 'admin' LIMIT 1   [ RunTime:0.018001s ]
SQL: SHOW COLUMNS FROM `adminmenulist` [ RunTime:0.021001s ]
SQL: SELECT * FROM `adminmenulist` WHERE `parent_id` = 0 AND `record_status` = 1 ORDER BY index_no asc  [ RunTime:0.022001s ]
SQL: SELECT * FROM `adminmenulist` WHERE `parent_id` = 162 AND `record_status` = 1 ORDER BY index_no asc  [ RunTime:0.064003s ]
SQL: SELECT * FROM `adminmenulist` WHERE `parent_id` = 163 AND `record_status` = 1 ORDER BY index_no asc  [ RunTime:0.277016s ]
SQL: SELECT * FROM `adminmenulist` WHERE `parent_id` = 167 AND `record_status` = 1 ORDER BY index_no asc  [ RunTime:0.015001s ]
SQL: SHOW COLUMNS FROM `adminmenulistlimit` [ RunTime:0.020001s ]
SQL: SELECT * FROM `adminmenulistlimit` WHERE `city_auth` = 1 AND `user_name` = 'admin'  [ RunTime:0.564033s ]
SQL: SHOW COLUMNS FROM `stores` [ RunTime:0.012001s ]
SQL: SELECT COUNT(*) AS tp_count FROM `stores` WHERE `city_code` = '001009001' AND `record_status` = 1 AND `is_special` = 0 LIMIT 1   [ RunTime:0.022001s ]
SQL: SELECT `id`,`name`,`medal_type`,`create_time`,`update_time`,`credit_score`,`earnestmoney` FROM `stores` WHERE `city_code` = '001009001' AND `record_status` = 1 AND `is_special` = 0 ORDER BY create_time desc LIMIT 0,10   [ RunTime:0.011000s ]
SQL: SHOW COLUMNS FROM `storemembers` [ RunTime:0.017001s ]
SQL: SELECT `customer_id` FROM `storemembers` WHERE `store_id` = '0AA79366-263D-4B9C-FA74-27E026F39086' AND `title_id` = 300 AND `record_status` = 1 LIMIT 1   [ RunTime:0.034001s ]
SQL: SHOW COLUMNS FROM `customer` [ RunTime:0.017001s ]
SQL: SELECT `mobile`,`true_name` FROM `customer` WHERE `id` = '3793ae81-d456-fafc-ef59-67b146c7f05e' AND `record_status` = 1 LIMIT 1   [ RunTime:0.015001s ]
SQL: SHOW COLUMNS FROM `houseroom` [ RunTime:0.017001s ]
SQL: SELECT COUNT(*) AS tp_count FROM `houseroom` WHERE `store_id` = '0AA79366-263D-4B9C-FA74-27E026F39086' AND `record_status` = 1 LIMIT 1   [ RunTime:0.017001s ]
SQL: SELECT `customer_id` FROM `storemembers` WHERE `store_id` = '3B49E3C8-62CB-1C09-CD0D-39114AC67A9A' AND `title_id` = 300 AND `record_status` = 1 LIMIT 1   [ RunTime:0.012001s ]
SQL: SELECT `mobile`,`true_name` FROM `customer` WHERE `id` = 'ffd35ffc-d8f4-9c7b-6eab-34b3aa995ca7' AND `record_status` = 1 LIMIT 1   [ RunTime:0.014001s ]
SQL: SELECT COUNT(*) AS tp_count FROM `houseroom` WHERE `store_id` = '3B49E3C8-62CB-1C09-CD0D-39114AC67A9A' AND `record_status` = 1 LIMIT 1   [ RunTime:0.014001s ]
SQL: SELECT `customer_id` FROM `storemembers` WHERE `store_id` = '2FD9ADFC-6223-227B-3611-B0BF8C32CA5E' AND `title_id` = 300 AND `record_status` = 1 LIMIT 1   [ RunTime:0.014000s ]
SQL: SELECT `mobile`,`true_name` FROM `customer` WHERE `id` = 'd35551af-5de4-8ac5-7d0d-0c57ba4fa77f' AND `record_status` = 1 LIMIT 1   [ RunTime:0.021001s ]
SQL: SELECT COUNT(*) AS tp_count FROM `houseroom` WHERE `store_id` = '2FD9ADFC-6223-227B-3611-B0BF8C32CA5E' AND `record_status` = 1 LIMIT 1   [ RunTime:0.291016s ]
SQL: SELECT `customer_id` FROM `storemembers` WHERE `store_id` = 'AFC60A0D-4FE4-C7F2-B503-AF35729BD1ED' AND `title_id` = 300 AND `record_status` = 1 LIMIT 1   [ RunTime:0.020001s ]
SQL: SELECT `mobile`,`true_name` FROM `customer` WHERE `id` = 'f3917881-4b7d-3cfc-f0b8-68edee4440f3' AND `record_status` = 1 LIMIT 1   [ RunTime:0.035002s ]
SQL: SELECT COUNT(*) AS tp_count FROM `houseroom` WHERE `store_id` = 'AFC60A0D-4FE4-C7F2-B503-AF35729BD1ED' AND `record_status` = 1 LIMIT 1   [ RunTime:0.025001s ]
SQL: SELECT `customer_id` FROM `storemembers` WHERE `store_id` = '2AB0749C-F0A0-C372-6AA5-50D10EAED23F' AND `title_id` = 300 AND `record_status` = 1 LIMIT 1   [ RunTime:0.011001s ]
SQL: SELECT `mobile`,`true_name` FROM `customer` WHERE `id` = 'c9e5c792-ed5e-f185-0a05-88b494699bb5' AND `record_status` = 1 LIMIT 1   [ RunTime:0.016001s ]
SQL: SELECT COUNT(*) AS tp_count FROM `houseroom` WHERE `store_id` = '2AB0749C-F0A0-C372-6AA5-50D10EAED23F' AND `record_status` = 1 LIMIT 1   [ RunTime:0.017001s ]
SQL: SELECT `customer_id` FROM `storemembers` WHERE `store_id` = '47BC28FA-6BA9-A6F3-7878-E12EED865992' AND `title_id` = 300 AND `record_status` = 1 LIMIT 1   [ RunTime:0.013001s ]
SQL: SELECT `mobile`,`true_name` FROM `customer` WHERE `id` = '3f752cf4-e4f9-5291-af8e-57f786371a04' AND `record_status` = 1 LIMIT 1   [ RunTime:0.019001s ]
SQL: SELECT COUNT(*) AS tp_count FROM `houseroom` WHERE `store_id` = '47BC28FA-6BA9-A6F3-7878-E12EED865992' AND `record_status` = 1 LIMIT 1   [ RunTime:0.022001s ]
SQL: SELECT `customer_id` FROM `storemembers` WHERE `store_id` = '9138516D-10F4-4B3C-148E-E571FEF4DEA0' AND `title_id` = 300 AND `record_status` = 1 LIMIT 1   [ RunTime:0.019001s ]
SQL: SELECT `mobile`,`true_name` FROM `customer` WHERE `id` = '33ff11d8-ddd1-a330-72cf-b4c0c7c9556f' AND `record_status` = 1 LIMIT 1   [ RunTime:0.017001s ]
SQL: SELECT COUNT(*) AS tp_count FROM `houseroom` WHERE `store_id` = '9138516D-10F4-4B3C-148E-E571FEF4DEA0' AND `record_status` = 1 LIMIT 1   [ RunTime:0.020002s ]
SQL: SELECT `customer_id` FROM `storemembers` WHERE `store_id` = '4696ED0C-67E9-CA78-A2DE-5C5061E1BEEE' AND `title_id` = 300 AND `record_status` = 1 LIMIT 1   [ RunTime:0.017001s ]
SQL: SELECT `mobile`,`true_name` FROM `customer` WHERE `id` = '973dff77-7044-3a4b-ff14-78359405203a' AND `record_status` = 1 LIMIT 1   [ RunTime:0.018001s ]
SQL: SELECT COUNT(*) AS tp_count FROM `houseroom` WHERE `store_id` = '4696ED0C-67E9-CA78-A2DE-5C5061E1BEEE' AND `record_status` = 1 LIMIT 1   [ RunTime:0.019001s ]
SQL: SELECT `customer_id` FROM `storemembers` WHERE `store_id` = '7A7D9241-72F2-3E0A-CB4C-E0F43A81EB4E' AND `title_id` = 300 AND `record_status` = 1 LIMIT 1   [ RunTime:0.018001s ]
SQL: SELECT `mobile`,`true_name` FROM `customer` WHERE `id` = 'd272d125-c58c-81fe-8c48-6529351cd664' AND `record_status` = 1 LIMIT 1   [ RunTime:0.019001s ]
SQL: SELECT COUNT(*) AS tp_count FROM `houseroom` WHERE `store_id` = '7A7D9241-72F2-3E0A-CB4C-E0F43A81EB4E' AND `record_status` = 1 LIMIT 1   [ RunTime:0.016001s ]
SQL: SELECT `customer_id` FROM `storemembers` WHERE `store_id` = '10784976-CEC7-979A-9F15-48B6758A65C9' AND `title_id` = 300 AND `record_status` = 1 LIMIT 1   [ RunTime:0.012001s ]
SQL: SELECT `mobile`,`true_name` FROM `customer` WHERE `id` = '352917ba-3396-8b40-d3f8-6127c5d395b0' AND `record_status` = 1 LIMIT 1   [ RunTime:0.015001s ]
SQL: SELECT COUNT(*) AS tp_count FROM `houseroom` WHERE `store_id` = '10784976-CEC7-979A-9F15-48B6758A65C9' AND `record_status` = 1 LIMIT 1   [ RunTime:0.021001s ]
INFO: [ view_parse ] --START--
INFO: [ template_filter ] --START--
INFO: Run Behavior\ContentReplaceBehavior [ RunTime:0.000000s ]
INFO: [ template_filter ] --END-- [ RunTime:0.000000s ]
NOTIC: [8] Undefined index: type D:\wamp\www\hizhu\Application\Runtime\Cache\Home\9d94da0cf008813badfe0710e96249fc.php 第 81 行.
NOTIC: [8] Undefined index: type D:\wamp\www\hizhu\Application\Runtime\Cache\Home\9d94da0cf008813badfe0710e96249fc.php 第 82 行.
NOTIC: [8] Undefined index: type D:\wamp\www\hizhu\Application\Runtime\Cache\Home\9d94da0cf008813badfe0710e96249fc.php 第 83 行.
NOTIC: [8] Undefined index: type D:\wamp\www\hizhu\Application\Runtime\Cache\Home\9d94da0cf008813badfe0710e96249fc.php 第 84 行.
INFO: Run Behavior\ParseTemplateBehavior [ RunTime:0.044003s ]
INFO: [ view_parse ] --END-- [ RunTime:0.044003s ]
INFO: [ view_filter ] --START--
INFO: Run Behavior\WriteHtmlCacheBehavior [ RunTime:0.000000s ]
INFO: [ view_filter ] --END-- [ RunTime:0.001000s ]
INFO: [ app_end ] --START--
INFO: Run Behavior\ShowPageTraceBehavior [ RunTime:0.001000s ]
INFO: [ app_end ] --END-- [ RunTime:0.002000s ]

[ 2017-05-18T14:24:20+08:00 ] ::1 /hizhu/Stores/storePerson.html?no=162&leftno=165
INFO: [ app_init ] --START--
INFO: Run Behavior\BuildLiteBehavior [ RunTime:0.000000s ]
INFO: [ app_init ] --END-- [ RunTime:0.001000s ]
INFO: [ app_begin ] --START--
INFO: Run Behavior\ReadHtmlCacheBehavior [ RunTime:0.001000s ]
INFO: [ app_begin ] --END-- [ RunTime:0.002000s ]
SQL: SHOW COLUMNS FROM `admin_user` [ RunTime:0.015000s ]
SQL: SELECT * FROM `admin_user` WHERE `user_name` = 'admin' LIMIT 1   [ RunTime:0.014001s ]
INFO: [ view_parse ] --START--
INFO: [ template_filter ] --START--
INFO: Run Behavior\ContentReplaceBehavior [ RunTime:0.000000s ]
INFO: [ template_filter ] --END-- [ RunTime:0.001000s ]
NOTIC: [8] Undefined variable: pagecount D:\wamp\www\hizhu\Application\Runtime\Cache\Home\3fccf3c7269978462acac9f590a262a8.php 第 128 行.
NOTIC: [8] Undefined variable: show D:\wamp\www\hizhu\Application\Runtime\Cache\Home\3fccf3c7269978462acac9f590a262a8.php 第 130 行.
INFO: Run Behavior\ParseTemplateBehavior [ RunTime:0.031002s ]
INFO: [ view_parse ] --END-- [ RunTime:0.031002s ]
INFO: [ view_filter ] --START--
INFO: Run Behavior\WriteHtmlCacheBehavior [ RunTime:0.001000s ]
INFO: [ view_filter ] --END-- [ RunTime:0.001000s ]
INFO: [ app_end ] --START--
INFO: Run Behavior\ShowPageTraceBehavior [ RunTime:0.001000s ]
INFO: [ app_end ] --END-- [ RunTime:0.002000s ]

[ 2017-05-18T14:24:23+08:00 ] ::1 /hizhu/Stores/storesList.html?no=162&leftno=164
INFO: [ app_init ] --START--
INFO: Run Behavior\BuildLiteBehavior [ RunTime:0.000000s ]
INFO: [ app_init ] --END-- [ RunTime:0.001000s ]
INFO: [ app_begin ] --START--
INFO: Run Behavior\ReadHtmlCacheBehavior [ RunTime:0.001000s ]
INFO: [ app_begin ] --END-- [ RunTime:0.002000s ]
SQL: SHOW COLUMNS FROM `admin_user` [ RunTime:0.018001s ]
SQL: SELECT * FROM `admin_user` WHERE `user_name` = 'admin' LIMIT 1   [ RunTime:0.018001s ]
SQL: SHOW COLUMNS FROM `stores` [ RunTime:0.014000s ]
SQL: SELECT COUNT(*) AS tp_count FROM `stores` WHERE `city_code` = '001009001' AND `record_status` = 1 AND `is_special` = 0 LIMIT 1   [ RunTime:0.013001s ]
SQL: SELECT `id`,`name`,`medal_type`,`create_time`,`update_time`,`credit_score`,`earnestmoney` FROM `stores` WHERE `city_code` = '001009001' AND `record_status` = 1 AND `is_special` = 0 ORDER BY create_time desc LIMIT 0,10   [ RunTime:0.015001s ]
SQL: SHOW COLUMNS FROM `storemembers` [ RunTime:0.014001s ]
SQL: SELECT `customer_id` FROM `storemembers` WHERE `store_id` = '0AA79366-263D-4B9C-FA74-27E026F39086' AND `title_id` = 300 AND `record_status` = 1 LIMIT 1   [ RunTime:0.014001s ]
SQL: SHOW COLUMNS FROM `customer` [ RunTime:0.014001s ]
SQL: SELECT `mobile`,`true_name` FROM `customer` WHERE `id` = '3793ae81-d456-fafc-ef59-67b146c7f05e' AND `record_status` = 1 LIMIT 1   [ RunTime:0.014001s ]
SQL: SHOW COLUMNS FROM `houseroom` [ RunTime:0.018001s ]
SQL: SELECT COUNT(*) AS tp_count FROM `houseroom` WHERE `store_id` = '0AA79366-263D-4B9C-FA74-27E026F39086' AND `record_status` = 1 LIMIT 1   [ RunTime:0.023001s ]
SQL: SELECT `customer_id` FROM `storemembers` WHERE `store_id` = '3B49E3C8-62CB-1C09-CD0D-39114AC67A9A' AND `title_id` = 300 AND `record_status` = 1 LIMIT 1   [ RunTime:0.017000s ]
SQL: SELECT `mobile`,`true_name` FROM `customer` WHERE `id` = 'ffd35ffc-d8f4-9c7b-6eab-34b3aa995ca7' AND `record_status` = 1 LIMIT 1   [ RunTime:0.012000s ]
SQL: SELECT COUNT(*) AS tp_count FROM `houseroom` WHERE `store_id` = '3B49E3C8-62CB-1C09-CD0D-39114AC67A9A' AND `record_status` = 1 LIMIT 1   [ RunTime:0.017001s ]
SQL: SELECT `customer_id` FROM `storemembers` WHERE `store_id` = '2FD9ADFC-6223-227B-3611-B0BF8C32CA5E' AND `title_id` = 300 AND `record_status` = 1 LIMIT 1   [ RunTime:0.016001s ]
SQL: SELECT `mobile`,`true_name` FROM `customer` WHERE `id` = 'd35551af-5de4-8ac5-7d0d-0c57ba4fa77f' AND `record_status` = 1 LIMIT 1   [ RunTime:0.012001s ]
SQL: SELECT COUNT(*) AS tp_count FROM `houseroom` WHERE `store_id` = '2FD9ADFC-6223-227B-3611-B0BF8C32CA5E' AND `record_status` = 1 LIMIT 1   [ RunTime:0.014001s ]
SQL: SELECT `customer_id` FROM `storemembers` WHERE `store_id` = 'AFC60A0D-4FE4-C7F2-B503-AF35729BD1ED' AND `title_id` = 300 AND `record_status` = 1 LIMIT 1   [ RunTime:0.015001s ]
SQL: SELECT `mobile`,`true_name` FROM `customer` WHERE `id` = 'f3917881-4b7d-3cfc-f0b8-68edee4440f3' AND `record_status` = 1 LIMIT 1   [ RunTime:0.016001s ]
SQL: SELECT COUNT(*) AS tp_count FROM `houseroom` WHERE `store_id` = 'AFC60A0D-4FE4-C7F2-B503-AF35729BD1ED' AND `record_status` = 1 LIMIT 1   [ RunTime:0.014001s ]
SQL: SELECT `customer_id` FROM `storemembers` WHERE `store_id` = '2AB0749C-F0A0-C372-6AA5-50D10EAED23F' AND `title_id` = 300 AND `record_status` = 1 LIMIT 1   [ RunTime:0.016001s ]
SQL: SELECT `mobile`,`true_name` FROM `customer` WHERE `id` = 'c9e5c792-ed5e-f185-0a05-88b494699bb5' AND `record_status` = 1 LIMIT 1   [ RunTime:0.014001s ]
SQL: SELECT COUNT(*) AS tp_count FROM `houseroom` WHERE `store_id` = '2AB0749C-F0A0-C372-6AA5-50D10EAED23F' AND `record_status` = 1 LIMIT 1   [ RunTime:0.023001s ]
SQL: SELECT `customer_id` FROM `storemembers` WHERE `store_id` = '47BC28FA-6BA9-A6F3-7878-E12EED865992' AND `title_id` = 300 AND `record_status` = 1 LIMIT 1   [ RunTime:0.014001s ]
SQL: SELECT `mobile`,`true_name` FROM `customer` WHERE `id` = '3f752cf4-e4f9-5291-af8e-57f786371a04' AND `record_status` = 1 LIMIT 1   [ RunTime:0.014001s ]
SQL: SELECT COUNT(*) AS tp_count FROM `houseroom` WHERE `store_id` = '47BC28FA-6BA9-A6F3-7878-E12EED865992' AND `record_status` = 1 LIMIT 1   [ RunTime:0.015001s ]
SQL: SELECT `customer_id` FROM `storemembers` WHERE `store_id` = '9138516D-10F4-4B3C-148E-E571FEF4DEA0' AND `title_id` = 300 AND `record_status` = 1 LIMIT 1   [ RunTime:0.018001s ]
SQL: SELECT `mobile`,`true_name` FROM `customer` WHERE `id` = '33ff11d8-ddd1-a330-72cf-b4c0c7c9556f' AND `record_status` = 1 LIMIT 1   [ RunTime:0.041002s ]
SQL: SELECT COUNT(*) AS tp_count FROM `houseroom` WHERE `store_id` = '9138516D-10F4-4B3C-148E-E571FEF4DEA0' AND `record_status` = 1 LIMIT 1   [ RunTime:0.014001s ]
SQL: SELECT `customer_id` FROM `storemembers` WHERE `store_id` = '4696ED0C-67E9-CA78-A2DE-5C5061E1BEEE' AND `title_id` = 300 AND `record_status` = 1 LIMIT 1   [ RunTime:0.012001s ]
SQL: SELECT `mobile`,`true_name` FROM `customer` WHERE `id` = '973dff77-7044-3a4b-ff14-78359405203a' AND `record_status` = 1 LIMIT 1   [ RunTime:0.015001s ]
SQL: SELECT COUNT(*) AS tp_count FROM `houseroom` WHERE `store_id` = '4696ED0C-67E9-CA78-A2DE-5C5061E1BEEE' AND `record_status` = 1 LIMIT 1   [ RunTime:0.019001s ]
SQL: SELECT `customer_id` FROM `storemembers` WHERE `store_id` = '7A7D9241-72F2-3E0A-CB4C-E0F43A81EB4E' AND `title_id` = 300 AND `record_status` = 1 LIMIT 1   [ RunTime:0.013001s ]
SQL: SELECT `mobile`,`true_name` FROM `customer` WHERE `id` = 'd272d125-c58c-81fe-8c48-6529351cd664' AND `record_status` = 1 LIMIT 1   [ RunTime:0.017001s ]
SQL: SELECT COUNT(*) AS tp_count FROM `houseroom` WHERE `store_id` = '7A7D9241-72F2-3E0A-CB4C-E0F43A81EB4E' AND `record_status` = 1 LIMIT 1   [ RunTime:0.016001s ]
SQL: SELECT `customer_id` FROM `storemembers` WHERE `store_id` = '10784976-CEC7-979A-9F15-48B6758A65C9' AND `title_id` = 300 AND `record_status` = 1 LIMIT 1   [ RunTime:0.013000s ]
SQL: SELECT `mobile`,`true_name` FROM `customer` WHERE `id` = '352917ba-3396-8b40-d3f8-6127c5d395b0' AND `record_status` = 1 LIMIT 1   [ RunTime:0.013000s ]
SQL: SELECT COUNT(*) AS tp_count FROM `houseroom` WHERE `store_id` = '10784976-CEC7-979A-9F15-48B6758A65C9' AND `record_status` = 1 LIMIT 1   [ RunTime:0.019002s ]
INFO: [ view_parse ] --START--
INFO: [ template_filter ] --START--
INFO: Run Behavior\ContentReplaceBehavior [ RunTime:0.001000s ]
INFO: [ template_filter ] --END-- [ RunTime:0.001000s ]
NOTIC: [8] Undefined index: type D:\wamp\www\hizhu\Application\Runtime\Cache\Home\9d94da0cf008813badfe0710e96249fc.php 第 81 行.
NOTIC: [8] Undefined index: type D:\wamp\www\hizhu\Application\Runtime\Cache\Home\9d94da0cf008813badfe0710e96249fc.php 第 82 行.
NOTIC: [8] Undefined index: type D:\wamp\www\hizhu\Application\Runtime\Cache\Home\9d94da0cf008813badfe0710e96249fc.php 第 83 行.
NOTIC: [8] Undefined index: type D:\wamp\www\hizhu\Application\Runtime\Cache\Home\9d94da0cf008813badfe0710e96249fc.php 第 84 行.
INFO: Run Behavior\ParseTemplateBehavior [ RunTime:0.046002s ]
INFO: [ view_parse ] --END-- [ RunTime:0.046002s ]
INFO: [ view_filter ] --START--
INFO: Run Behavior\WriteHtmlCacheBehavior [ RunTime:0.001000s ]
INFO: [ view_filter ] --END-- [ RunTime:0.001000s ]
INFO: [ app_end ] --START--
INFO: Run Behavior\ShowPageTraceBehavior [ RunTime:0.001000s ]
INFO: [ app_end ] --END-- [ RunTime:0.002000s ]

[ 2017-05-18T16:11:50+08:00 ] ::1 /hizhu/HouseResource/resourcelist.html?no=3
INFO: [ app_init ] --START--
INFO: Run Behavior\BuildLiteBehavior [ RunTime:0.000000s ]
INFO: [ app_init ] --END-- [ RunTime:0.001000s ]
INFO: [ app_begin ] --START--
INFO: Run Behavior\ReadHtmlCacheBehavior [ RunTime:0.001000s ]
INFO: [ app_begin ] --END-- [ RunTime:0.002000s ]
INFO: [ view_parse ] --START--
INFO: [ template_filter ] --START--
INFO: Run Behavior\ContentReplaceBehavior [ RunTime:0.000000s ]
INFO: [ template_filter ] --END-- [ RunTime:0.001000s ]
INFO: Run Behavior\ParseTemplateBehavior [ RunTime:0.012001s ]
INFO: [ view_parse ] --END-- [ RunTime:0.012001s ]
INFO: [ view_filter ] --START--
INFO: Run Behavior\WriteHtmlCacheBehavior [ RunTime:0.001000s ]
INFO: [ view_filter ] --END-- [ RunTime:0.001000s ]

[ 2017-05-18T16:11:51+08:00 ] ::1 /hizhu/Index/index.html
INFO: [ app_init ] --START--
INFO: Run Behavior\BuildLiteBehavior [ RunTime:0.000000s ]
INFO: [ app_init ] --END-- [ RunTime:0.001000s ]
INFO: [ app_begin ] --START--
INFO: Run Behavior\ReadHtmlCacheBehavior [ RunTime:0.001000s ]
INFO: [ app_begin ] --END-- [ RunTime:0.001000s ]
INFO: [ view_parse ] --START--
INFO: [ template_filter ] --START--
INFO: Run Behavior\ContentReplaceBehavior [ RunTime:0.000000s ]
INFO: [ template_filter ] --END-- [ RunTime:0.001000s ]
INFO: Run Behavior\ParseTemplateBehavior [ RunTime:0.011000s ]
INFO: [ view_parse ] --END-- [ RunTime:0.012000s ]
INFO: [ view_filter ] --START--
INFO: Run Behavior\WriteHtmlCacheBehavior [ RunTime:0.001000s ]
INFO: [ view_filter ] --END-- [ RunTime:0.001000s ]
INFO: [ app_end ] --START--
INFO: Run Behavior\ShowPageTraceBehavior [ RunTime:0.001000s ]
INFO: [ app_end ] --END-- [ RunTime:0.001000s ]

[ 2017-05-18T16:11:51+08:00 ] ::1 /hizhu/admin.php/Index/verufy.html
INFO: [ app_init ] --START--
INFO: Run Behavior\BuildLiteBehavior [ RunTime:0.001000s ]
INFO: [ app_init ] --END-- [ RunTime:0.002000s ]
INFO: [ app_begin ] --START--
INFO: Run Behavior\ReadHtmlCacheBehavior [ RunTime:0.001000s ]
INFO: [ app_begin ] --END-- [ RunTime:0.001000s ]
INFO: [ app_end ] --START--
INFO: Run Behavior\ShowPageTraceBehavior [ RunTime:0.002000s ]
INFO: [ app_end ] --END-- [ RunTime:0.002000s ]

[ 2017-05-18T16:11:57+08:00 ] ::1 /hizhu/Index/login.html
INFO: [ app_init ] --START--
INFO: Run Behavior\BuildLiteBehavior [ RunTime:0.000000s ]
INFO: [ app_init ] --END-- [ RunTime:0.001001s ]
INFO: [ app_begin ] --START--
INFO: Run Behavior\ReadHtmlCacheBehavior [ RunTime:0.001000s ]
INFO: [ app_begin ] --END-- [ RunTime:0.001000s ]
SQL: SHOW COLUMNS FROM `admin_user` [ RunTime:0.020001s ]
SQL: SELECT * FROM `admin_user` WHERE `user_name` = 'admin' LIMIT 1   [ RunTime:0.021001s ]
SQL: SELECT * FROM `admin_user` WHERE `user_name` = 'admin' AND `user_pwd` = '0c6b4038cefe52dbba27c6434dc1fecd'  [ RunTime:0.017001s ]
SQL: SELECT * FROM `admin_user` WHERE `user_name` = 'admin' LIMIT 1   [ RunTime:0.022001s ]
INFO: [ view_parse ] --START--
INFO: [ template_filter ] --START--
INFO: Run Behavior\ContentReplaceBehavior [ RunTime:0.000000s ]
INFO: [ template_filter ] --END-- [ RunTime:0.001000s ]
INFO: Run Behavior\ParseTemplateBehavior [ RunTime:0.010001s ]
INFO: [ view_parse ] --END-- [ RunTime:0.011001s ]
INFO: [ view_filter ] --START--
INFO: Run Behavior\WriteHtmlCacheBehavior [ RunTime:0.001000s ]
INFO: [ view_filter ] --END-- [ RunTime:0.001000s ]
INFO: [ app_end ] --START--
INFO: Run Behavior\ShowPageTraceBehavior [ RunTime:0.001000s ]
INFO: [ app_end ] --END-- [ RunTime:0.001000s ]

[ 2017-05-18T16:12:02+08:00 ] ::1 /hizhu/Welcome/welcome.html
INFO: [ app_init ] --START--
INFO: Run Behavior\BuildLiteBehavior [ RunTime:0.000000s ]
INFO: [ app_init ] --END-- [ RunTime:0.001000s ]
INFO: [ app_begin ] --START--
INFO: Run Behavior\ReadHtmlCacheBehavior [ RunTime:0.000000s ]
INFO: [ app_begin ] --END-- [ RunTime:0.002000s ]
SQL: SHOW COLUMNS FROM `admin_user` [ RunTime:0.057003s ]
SQL: SELECT * FROM `admin_user` WHERE `user_name` = 'admin' LIMIT 1   [ RunTime:0.060004s ]
SQL: SELECT * FROM `admin_user` WHERE `user_name` = 'admin' AND `record_status` = 1 LIMIT 1   [ RunTime:0.076005s ]
INFO: [ view_parse ] --START--
INFO: [ template_filter ] --START--
INFO: Run Behavior\ContentReplaceBehavior [ RunTime:0.000000s ]
INFO: [ template_filter ] --END-- [ RunTime:0.001000s ]
INFO: Run Behavior\ParseTemplateBehavior [ RunTime:0.021001s ]
INFO: [ view_parse ] --END-- [ RunTime:0.022001s ]
INFO: [ view_filter ] --START--
INFO: Run Behavior\WriteHtmlCacheBehavior [ RunTime:0.001001s ]
INFO: [ view_filter ] --END-- [ RunTime:0.001001s ]
INFO: [ app_end ] --START--
INFO: Run Behavior\ShowPageTraceBehavior [ RunTime:0.001000s ]
INFO: [ app_end ] --END-- [ RunTime:0.001000s ]

[ 2017-05-18T16:14:53+08:00 ] ::1 /hizhu/HouseResource/resourcelist.html?no=3
INFO: [ app_init ] --START--
INFO: Run Behavior\BuildLiteBehavior [ RunTime:0.000000s ]
INFO: [ app_init ] --END-- [ RunTime:0.001001s ]
INFO: [ app_begin ] --START--
INFO: Run Behavior\ReadHtmlCacheBehavior [ RunTime:0.001000s ]
INFO: [ app_begin ] --END-- [ RunTime:0.001000s ]
SQL: SHOW COLUMNS FROM `admin_user` [ RunTime:0.036002s ]
SQL: SELECT * FROM `admin_user` WHERE `user_name` = 'admin' LIMIT 1   [ RunTime:0.047002s ]
SQL: SHOW COLUMNS FROM `adminmenulist` [ RunTime:0.012001s ]
SQL: SELECT * FROM `adminmenulist` WHERE `parent_id` = 26 AND `record_status` = 1 ORDER BY index_no asc  [ RunTime:0.013001s ]
SQL: SELECT * FROM `adminmenulist` WHERE `parent_id` = 56 AND `record_status` = 1 ORDER BY index_no asc  [ RunTime:0.020001s ]
SQL: SELECT * FROM `adminmenulist` WHERE `parent_id` = 144 AND `record_status` = 1 ORDER BY index_no asc  [ RunTime:0.015001s ]
SQL: SELECT * FROM `adminmenulist` WHERE `parent_id` = 60 AND `record_status` = 1 ORDER BY index_no asc  [ RunTime:0.012000s ]
SQL: SELECT * FROM `adminmenulist` WHERE `parent_id` = 63 AND `record_status` = 1 ORDER BY index_no asc  [ RunTime:0.013001s ]
SQL: SELECT * FROM `adminmenulist` WHERE `parent_id` = 96 AND `record_status` = 1 ORDER BY index_no asc  [ RunTime:0.027002s ]
SQL: SELECT * FROM `adminmenulist` WHERE `parent_id` = 172 AND `record_status` = 1 ORDER BY index_no asc  [ RunTime:0.017001s ]
SQL: SELECT * FROM `adminmenulist` WHERE `parent_id` = 194 AND `record_status` = 1 ORDER BY index_no asc  [ RunTime:0.016001s ]
SQL: SHOW COLUMNS FROM `adminmenulistlimit` [ RunTime:0.353020s ]
SQL: SELECT * FROM `adminmenulistlimit` WHERE `city_auth` = 1 AND `user_name` = 'admin'  [ RunTime:0.376022s ]
SQL: select type_no,info_type,name,index_no from houseinfotype where record_status=1 and city_code='001009001' order by info_type,index_no [ RunTime:0.029001s ]
SQL: select id,cname,parent_id from region where is_display=1 and parent_id=0 and city_code='001009001' [ RunTime:0.017001s ]
INFO: [ view_parse ] --START--
INFO: [ template_filter ] --START--
INFO: Run Behavior\ContentReplaceBehavior [ RunTime:0.000000s ]
INFO: [ template_filter ] --END-- [ RunTime:0.001000s ]
INFO: Run Behavior\ParseTemplateBehavior [ RunTime:0.035002s ]
INFO: [ view_parse ] --END-- [ RunTime:0.035002s ]
INFO: [ view_filter ] --START--
INFO: Run Behavior\WriteHtmlCacheBehavior [ RunTime:0.000000s ]
INFO: [ view_filter ] --END-- [ RunTime:0.001000s ]
INFO: [ app_end ] --START--
INFO: Run Behavior\ShowPageTraceBehavior [ RunTime:0.002000s ]
INFO: [ app_end ] --END-- [ RunTime:0.002000s ]

[ 2017-05-18T16:15:06+08:00 ] ::1 /hizhu/Estate/EstateList.html?no=3&leftno=61
INFO: [ app_init ] --START--
INFO: Run Behavior\BuildLiteBehavior [ RunTime:0.000000s ]
INFO: [ app_init ] --END-- [ RunTime:0.001000s ]
INFO: [ app_begin ] --START--
INFO: Run Behavior\ReadHtmlCacheBehavior [ RunTime:0.002001s ]
INFO: [ app_begin ] --END-- [ RunTime:0.002001s ]
SQL: SHOW COLUMNS FROM `admin_user` [ RunTime:0.057003s ]
SQL: SELECT * FROM `admin_user` WHERE `user_name` = 'admin' LIMIT 1   [ RunTime:0.054003s ]
SQL: select user_name,real_name from admin_user where  city_auth like '%1%' order by user_name [ RunTime:0.087005s ]
SQL: SHOW COLUMNS FROM `estate` [ RunTime:0.269015s ]
SQL: SELECT COUNT(*) AS tp_count FROM `estate` WHERE `city_code` = '001009001' LIMIT 1   [ RunTime:0.078005s ]
SQL: SELECT `estate_code`,`estate_name`,`estate_address`,`lpt_x`,`lpt_y`,`region_name`,`scope_name`,`business_type`,`house_type`,`create_time`,`create_man`,`id` FROM `estate` WHERE `city_code` = '001009001' ORDER BY create_time desc LIMIT 0,10   [ RunTime:0.229013s ]
INFO: [ view_parse ] --START--
INFO: [ template_filter ] --START--
INFO: Run Behavior\ContentReplaceBehavior [ RunTime:0.000000s ]
INFO: [ template_filter ] --END-- [ RunTime:0.001001s ]
INFO: Run Behavior\ParseTemplateBehavior [ RunTime:0.032002s ]
INFO: [ view_parse ] --END-- [ RunTime:0.032002s ]
INFO: [ view_filter ] --START--
INFO: Run Behavior\WriteHtmlCacheBehavior [ RunTime:0.001000s ]
INFO: [ view_filter ] --END-- [ RunTime:0.002000s ]
INFO: [ app_end ] --START--
INFO: Run Behavior\ShowPageTraceBehavior [ RunTime:0.001000s ]
INFO: [ app_end ] --END-- [ RunTime:0.002000s ]

[ 2017-05-18T16:51:14+08:00 ] ::1 /hizhu/Estate/EstateList.html?no=3&leftno=61
INFO: [ app_init ] --START--
INFO: Run Behavior\BuildLiteBehavior [ RunTime:0.000000s ]
INFO: [ app_init ] --END-- [ RunTime:0.001000s ]
INFO: [ app_begin ] --START--
INFO: Run Behavior\ReadHtmlCacheBehavior [ RunTime:0.001000s ]
INFO: [ app_begin ] --END-- [ RunTime:0.001000s ]
SQL: SHOW COLUMNS FROM `admin_user` [ RunTime:0.024002s ]
SQL: SELECT * FROM `admin_user` WHERE `user_name` = 'admin' LIMIT 1   [ RunTime:0.016001s ]
SQL: SHOW COLUMNS FROM `adminmenulist` [ RunTime:0.024001s ]
SQL: SELECT * FROM `adminmenulist` WHERE `parent_id` = 0 AND `record_status` = 1 ORDER BY index_no asc  [ RunTime:0.017001s ]
SQL: SELECT * FROM `adminmenulist` WHERE `parent_id` = 3 AND `record_status` = 1 ORDER BY index_no asc  [ RunTime:0.032002s ]
SQL: SHOW COLUMNS FROM `estate` [ RunTime:0.017001s ]
SQL: SELECT COUNT(*) AS tp_count FROM `estate` WHERE `city_code` = '001009001' LIMIT 1   [ RunTime:0.056003s ]
SQL: SELECT `estate_code`,`estate_name`,`estate_address`,`lpt_x`,`lpt_y`,`region_name`,`scope_name`,`business_type`,`house_type`,`create_time`,`create_man`,`id` FROM `estate` WHERE `city_code` = '001009001' ORDER BY create_time desc LIMIT 0,10   [ RunTime:0.111007s ]
INFO: [ view_parse ] --START--
INFO: [ template_filter ] --START--
INFO: Run Behavior\ContentReplaceBehavior [ RunTime:0.000000s ]
INFO: [ template_filter ] --END-- [ RunTime:0.001000s ]
INFO: Run Behavior\ParseTemplateBehavior [ RunTime:0.031002s ]
INFO: [ view_parse ] --END-- [ RunTime:0.031002s ]
INFO: [ view_filter ] --START--
INFO: Run Behavior\WriteHtmlCacheBehavior [ RunTime:0.001000s ]
INFO: [ view_filter ] --END-- [ RunTime:0.001000s ]
INFO: [ app_end ] --START--
INFO: Run Behavior\ShowPageTraceBehavior [ RunTime:0.001000s ]
INFO: [ app_end ] --END-- [ RunTime:0.001000s ]

[ 2017-05-18T16:51:58+08:00 ] ::1 /hizhu/Estate/EstateList.html?no=3&leftno=61
INFO: [ app_init ] --START--
INFO: Run Behavior\BuildLiteBehavior [ RunTime:0.000000s ]
INFO: [ app_init ] --END-- [ RunTime:0.001000s ]
INFO: [ app_begin ] --START--
INFO: Run Behavior\ReadHtmlCacheBehavior [ RunTime:0.000000s ]
INFO: [ app_begin ] --END-- [ RunTime:0.001000s ]
SQL: SHOW COLUMNS FROM `admin_user` [ RunTime:0.064004s ]
SQL: SELECT * FROM `admin_user` WHERE `user_name` = 'admin' LIMIT 1   [ RunTime:0.060004s ]
SQL: select user_name,real_name from admin_user where  city_auth like '%1%' order by user_name [ RunTime:0.016001s ]
SQL: SHOW COLUMNS FROM `estate` [ RunTime:1.237071s ]
SQL: SELECT COUNT(*) AS tp_count FROM `estate` WHERE `city_code` = '001009001' LIMIT 1   [ RunTime:0.048003s ]
SQL: SELECT `estate_code`,`estate_name`,`estate_address`,`lpt_x`,`lpt_y`,`region_name`,`scope_name`,`business_type`,`house_type`,`create_time`,`create_man`,`id` FROM `estate` WHERE `city_code` = '001009001' ORDER BY create_time desc LIMIT 0,10   [ RunTime:0.083005s ]
INFO: [ view_parse ] --START--
INFO: [ template_filter ] --START--
INFO: Run Behavior\ContentReplaceBehavior [ RunTime:0.000000s ]
INFO: [ template_filter ] --END-- [ RunTime:0.000000s ]
INFO: Run Behavior\ParseTemplateBehavior [ RunTime:0.034002s ]
INFO: [ view_parse ] --END-- [ RunTime:0.035002s ]
INFO: [ view_filter ] --START--
INFO: Run Behavior\WriteHtmlCacheBehavior [ RunTime:0.001000s ]
INFO: [ view_filter ] --END-- [ RunTime:0.001000s ]
INFO: [ app_end ] --START--
INFO: Run Behavior\ShowPageTraceBehavior [ RunTime:0.001000s ]
INFO: [ app_end ] --END-- [ RunTime:0.001000s ]

[ 2017-05-18T17:55:40+08:00 ] ::1 /hizhu/Estate/EstateList.html?no=3&leftno=61
INFO: [ app_init ] --START--
INFO: Run Behavior\BuildLiteBehavior [ RunTime:0.000000s ]
INFO: [ app_init ] --END-- [ RunTime:0.001000s ]
INFO: [ app_begin ] --START--
INFO: Run Behavior\ReadHtmlCacheBehavior [ RunTime:0.001000s ]
INFO: [ app_begin ] --END-- [ RunTime:0.001000s ]

[ 2017-05-18T17:56:53+08:00 ] ::1 /hizhu/Estate/EstateList.html?no=3&leftno=61
INFO: [ app_init ] --START--
INFO: Run Behavior\BuildLiteBehavior [ RunTime:0.000000s ]
INFO: [ app_init ] --END-- [ RunTime:0.001000s ]
INFO: [ app_begin ] --START--
INFO: Run Behavior\ReadHtmlCacheBehavior [ RunTime:0.002000s ]
INFO: [ app_begin ] --END-- [ RunTime:0.003000s ]
SQL: SHOW COLUMNS FROM `admin_user` [ RunTime:0.014001s ]
SQL: SELECT * FROM `admin_user` WHERE `user_name` = 'admin' LIMIT 1   [ RunTime:0.013000s ]
SQL: SHOW COLUMNS FROM `adminmenulist` [ RunTime:0.012001s ]
SQL: SELECT * FROM `adminmenulist` WHERE `parent_id` = 0 AND `record_status` = 1 ORDER BY index_no asc  [ RunTime:0.018001s ]
SQL: SELECT * FROM `adminmenulist` WHERE `parent_id` = 3 AND `record_status` = 1 ORDER BY index_no asc  [ RunTime:0.010001s ]
SQL: SELECT * FROM `adminmenulist` WHERE `parent_id` = 26 AND `record_status` = 1 ORDER BY index_no asc  [ RunTime:0.011001s ]
SQL: SELECT * FROM `adminmenulist` WHERE `parent_id` = 56 AND `record_status` = 1 ORDER BY index_no asc  [ RunTime:0.016001s ]
SQL: SELECT * FROM `adminmenulist` WHERE `parent_id` = 144 AND `record_status` = 1 ORDER BY index_no asc  [ RunTime:0.014000s ]
SQL: SELECT * FROM `adminmenulist` WHERE `parent_id` = 60 AND `record_status` = 1 ORDER BY index_no asc  [ RunTime:0.016001s ]
SQL: SELECT * FROM `adminmenulist` WHERE `parent_id` = 63 AND `record_status` = 1 ORDER BY index_no asc  [ RunTime:0.014001s ]
SQL: SELECT * FROM `adminmenulist` WHERE `parent_id` = 96 AND `record_status` = 1 ORDER BY index_no asc  [ RunTime:0.019001s ]
SQL: SELECT * FROM `adminmenulist` WHERE `parent_id` = 172 AND `record_status` = 1 ORDER BY index_no asc  [ RunTime:0.011000s ]
SQL: SELECT * FROM `adminmenulist` WHERE `parent_id` = 194 AND `record_status` = 1 ORDER BY index_no asc  [ RunTime:0.012001s ]
SQL: SHOW COLUMNS FROM `adminmenulistlimit` [ RunTime:0.011001s ]
SQL: SELECT * FROM `adminmenulistlimit` WHERE `city_auth` = 1 AND `user_name` = 'admin'  [ RunTime:0.026001s ]
SQL: SHOW COLUMNS FROM `estate` [ RunTime:0.015001s ]
SQL: SELECT COUNT(*) AS tp_count FROM `estate` WHERE `city_code` = '001009001' LIMIT 1   [ RunTime:0.048003s ]
SQL: SELECT `estate_code`,`estate_name`,`estate_address`,`lpt_x`,`lpt_y`,`region_name`,`scope_name`,`business_type`,`house_type`,`create_time`,`create_man`,`id` FROM `estate` WHERE `city_code` = '001009001' ORDER BY create_time desc LIMIT 0,10   [ RunTime:0.080004s ]
INFO: [ view_parse ] --START--
INFO: [ template_filter ] --START--
INFO: Run Behavior\ContentReplaceBehavior [ RunTime:0.000000s ]
INFO: [ template_filter ] --END-- [ RunTime:0.000000s ]
INFO: Run Behavior\ParseTemplateBehavior [ RunTime:0.031001s ]
INFO: [ view_parse ] --END-- [ RunTime:0.031001s ]
INFO: [ view_filter ] --START--
INFO: Run Behavior\WriteHtmlCacheBehavior [ RunTime:0.001000s ]
INFO: [ view_filter ] --END-- [ RunTime:0.001000s ]
INFO: [ app_end ] --START--
INFO: Run Behavior\ShowPageTraceBehavior [ RunTime:0.002001s ]
INFO: [ app_end ] --END-- [ RunTime:0.002001s ]

[ 2017-05-18T17:59:12+08:00 ] ::1 /hizhu/Estate/EstateList.html?no=3&leftno=61
INFO: [ app_init ] --START--
INFO: Run Behavior\BuildLiteBehavior [ RunTime:0.000000s ]
INFO: [ app_init ] --END-- [ RunTime:0.002000s ]
INFO: [ app_begin ] --START--
INFO: Run Behavior\ReadHtmlCacheBehavior [ RunTime:0.001000s ]
INFO: [ app_begin ] --END-- [ RunTime:0.001000s ]
SQL: SHOW COLUMNS FROM `admin_user` [ RunTime:0.011001s ]
SQL: SELECT * FROM `admin_user` WHERE `user_name` = 'admin' LIMIT 1   [ RunTime:0.011000s ]
NOTIC: [8] Undefined variable: brandtype D:\wamp\www\hizhu\Application\Home\Controller\EstateController.class.php 第 89 行.
INFO: [ app_end ] --START--
INFO: Run Behavior\ShowPageTraceBehavior [ RunTime:0.001001s ]
INFO: [ app_end ] --END-- [ RunTime:0.001001s ]

