[ 2017-05-15T10:41:46+08:00 ] ::1 /hizhu/admin.php
INFO: [ app_init ] --START--
INFO: Run Behavior\BuildLiteBehavior [ RunTime:0.000000s ]
INFO: [ app_init ] --END-- [ RunTime:0.003000s ]
INFO: [ app_begin ] --START--
INFO: Run Behavior\ReadHtmlCacheBehavior [ RunTime:0.001000s ]
INFO: [ app_begin ] --END-- [ RunTime:0.002000s ]
INFO: [ view_parse ] --START--
INFO: [ template_filter ] --START--
INFO: Run Behavior\ContentReplaceBehavior [ RunTime:0.000000s ]
INFO: [ template_filter ] --END-- [ RunTime:0.000000s ]
INFO: Run Behavior\ParseTemplateBehavior [ RunTime:0.012000s ]
INFO: [ view_parse ] --END-- [ RunTime:0.012000s ]
INFO: [ view_filter ] --START--
INFO: Run Behavior\WriteHtmlCacheBehavior [ RunTime:0.001000s ]
INFO: [ view_filter ] --END-- [ RunTime:0.002000s ]
INFO: [ app_end ] --START--
INFO: Run Behavior\ShowPageTraceBehavior [ RunTime:0.001000s ]
INFO: [ app_end ] --END-- [ RunTime:0.001000s ]

[ 2017-05-15T10:41:46+08:00 ] ::1 /hizhu/admin.php/Index/verufy.html
INFO: [ app_init ] --START--
INFO: Run Behavior\BuildLiteBehavior [ RunTime:0.000000s ]
INFO: [ app_init ] --END-- [ RunTime:0.001000s ]
INFO: [ app_begin ] --START--
INFO: Run Behavior\ReadHtmlCacheBehavior [ RunTime:0.001000s ]
INFO: [ app_begin ] --END-- [ RunTime:0.001000s ]
INFO: [ app_end ] --START--
INFO: Run Behavior\ShowPageTraceBehavior [ RunTime:0.000000s ]
INFO: [ app_end ] --END-- [ RunTime:0.001000s ]

[ 2017-05-15T10:41:52+08:00 ] ::1 /hizhu/Index/login.html
INFO: [ app_init ] --START--
INFO: Run Behavior\BuildLiteBehavior [ RunTime:0.000000s ]
INFO: [ app_init ] --END-- [ RunTime:0.001000s ]
INFO: [ app_begin ] --START--
INFO: Run Behavior\ReadHtmlCacheBehavior [ RunTime:0.000000s ]
INFO: [ app_begin ] --END-- [ RunTime:0.001000s ]
SQL: SHOW COLUMNS FROM `admin_user` [ RunTime:0.016001s ]
SQL: SELECT * FROM `admin_user` WHERE `user_name` = 'admin' LIMIT 1   [ RunTime:0.018001s ]
SQL: SELECT * FROM `admin_user` WHERE `user_name` = 'admin' AND `user_pwd` = '0c6b4038cefe52dbba27c6434dc1fecd'  [ RunTime:0.018001s ]
SQL: SELECT * FROM `admin_user` WHERE `user_name` = 'admin' LIMIT 1   [ RunTime:0.016001s ]
INFO: [ view_parse ] --START--
INFO: [ template_filter ] --START--
INFO: Run Behavior\ContentReplaceBehavior [ RunTime:0.000000s ]
INFO: [ template_filter ] --END-- [ RunTime:0.000000s ]
INFO: Run Behavior\ParseTemplateBehavior [ RunTime:0.009001s ]
INFO: [ view_parse ] --END-- [ RunTime:0.009001s ]
INFO: [ view_filter ] --START--
INFO: Run Behavior\WriteHtmlCacheBehavior [ RunTime:0.001000s ]
INFO: [ view_filter ] --END-- [ RunTime:0.001000s ]
INFO: [ app_end ] --START--
INFO: Run Behavior\ShowPageTraceBehavior [ RunTime:0.000000s ]
INFO: [ app_end ] --END-- [ RunTime:0.001000s ]

[ 2017-05-15T10:41:57+08:00 ] ::1 /hizhu/Welcome/welcome.html
INFO: [ app_init ] --START--
INFO: Run Behavior\BuildLiteBehavior [ RunTime:0.000000s ]
INFO: [ app_init ] --END-- [ RunTime:0.000000s ]
INFO: [ app_begin ] --START--
INFO: Run Behavior\ReadHtmlCacheBehavior [ RunTime:0.001000s ]
INFO: [ app_begin ] --END-- [ RunTime:0.001000s ]
SQL: SHOW COLUMNS FROM `admin_user` [ RunTime:0.017001s ]
SQL: SELECT * FROM `admin_user` WHERE `user_name` = 'admin' LIMIT 1   [ RunTime:0.016001s ]
SQL: SHOW COLUMNS FROM `adminmenulist` [ RunTime:0.021001s ]
SQL: SELECT * FROM `adminmenulist` WHERE `parent_id` = 0 AND `record_status` = 1 ORDER BY index_no asc  [ RunTime:0.021001s ]
SQL: SELECT * FROM `adminmenulist` WHERE `parent_id` = 0 AND `record_status` = 1 ORDER BY index_no asc  [ RunTime:0.054003s ]
SQL: SELECT * FROM `adminmenulist` WHERE `parent_id` = 1 AND `record_status` = 1 ORDER BY index_no asc  [ RunTime:0.017001s ]
SQL: SELECT * FROM `adminmenulist` WHERE `parent_id` = 3 AND `record_status` = 1 ORDER BY index_no asc  [ RunTime:0.017001s ]
SQL: SELECT * FROM `adminmenulist` WHERE `parent_id` = 4 AND `record_status` = 1 ORDER BY index_no asc  [ RunTime:0.302018s ]
SQL: SELECT * FROM `adminmenulist` WHERE `parent_id` = 6 AND `record_status` = 1 ORDER BY index_no asc  [ RunTime:0.017001s ]
SQL: SELECT * FROM `adminmenulist` WHERE `parent_id` = 7 AND `record_status` = 1 ORDER BY index_no asc  [ RunTime:0.018001s ]
SQL: SELECT * FROM `adminmenulist` WHERE `parent_id` = 47 AND `record_status` = 1 ORDER BY index_no asc  [ RunTime:0.019001s ]
SQL: SELECT * FROM `adminmenulist` WHERE `parent_id` = 77 AND `record_status` = 1 ORDER BY index_no asc  [ RunTime:0.017001s ]
SQL: SELECT * FROM `adminmenulist` WHERE `parent_id` = 87 AND `record_status` = 1 ORDER BY index_no asc  [ RunTime:0.015001s ]
SQL: SELECT * FROM `adminmenulist` WHERE `parent_id` = 107 AND `record_status` = 1 ORDER BY index_no asc  [ RunTime:0.017001s ]
SQL: SELECT * FROM `adminmenulist` WHERE `parent_id` = 141 AND `record_status` = 1 ORDER BY index_no asc  [ RunTime:0.020001s ]
SQL: SELECT * FROM `adminmenulist` WHERE `parent_id` = 162 AND `record_status` = 1 ORDER BY index_no asc  [ RunTime:0.018001s ]
SQL: SELECT * FROM `admin_user` WHERE `user_name` = 'admin' AND `record_status` = 1 LIMIT 1   [ RunTime:0.018001s ]
INFO: [ view_parse ] --START--
INFO: [ template_filter ] --START--
INFO: Run Behavior\ContentReplaceBehavior [ RunTime:0.000000s ]
INFO: [ template_filter ] --END-- [ RunTime:0.000000s ]
INFO: Run Behavior\ParseTemplateBehavior [ RunTime:0.018001s ]
INFO: [ view_parse ] --END-- [ RunTime:0.018001s ]
INFO: [ view_filter ] --START--
INFO: Run Behavior\WriteHtmlCacheBehavior [ RunTime:0.001000s ]
INFO: [ view_filter ] --END-- [ RunTime:0.001000s ]
INFO: [ app_end ] --START--
INFO: Run Behavior\ShowPageTraceBehavior [ RunTime:0.001000s ]
INFO: [ app_end ] --END-- [ RunTime:0.001000s ]

[ 2017-05-15T10:51:21+08:00 ] ::1 /hizhu/HouseResource/resourcelist.html?no=3
INFO: [ app_init ] --START--
INFO: Run Behavior\BuildLiteBehavior [ RunTime:0.000000s ]
INFO: [ app_init ] --END-- [ RunTime:0.001000s ]
INFO: [ app_begin ] --START--
INFO: Run Behavior\ReadHtmlCacheBehavior [ RunTime:0.000000s ]
INFO: [ app_begin ] --END-- [ RunTime:0.001000s ]
SQL: SHOW COLUMNS FROM `admin_user` [ RunTime:0.012000s ]
SQL: SELECT * FROM `admin_user` WHERE `user_name` = 'admin' LIMIT 1   [ RunTime:0.012001s ]
SQL: SHOW COLUMNS FROM `adminmenulist` [ RunTime:0.011001s ]
SQL: SELECT * FROM `adminmenulist` WHERE `parent_id` = 26 AND `record_status` = 1 ORDER BY index_no asc  [ RunTime:0.015001s ]
SQL: SELECT * FROM `adminmenulist` WHERE `parent_id` = 56 AND `record_status` = 1 ORDER BY index_no asc  [ RunTime:0.013000s ]
SQL: SELECT * FROM `adminmenulist` WHERE `parent_id` = 144 AND `record_status` = 1 ORDER BY index_no asc  [ RunTime:0.012000s ]
SQL: SELECT * FROM `adminmenulist` WHERE `parent_id` = 60 AND `record_status` = 1 ORDER BY index_no asc  [ RunTime:0.015001s ]
SQL: SELECT * FROM `adminmenulist` WHERE `parent_id` = 63 AND `record_status` = 1 ORDER BY index_no asc  [ RunTime:0.011001s ]
SQL: SELECT * FROM `adminmenulist` WHERE `parent_id` = 96 AND `record_status` = 1 ORDER BY index_no asc  [ RunTime:0.012001s ]
SQL: SELECT * FROM `adminmenulist` WHERE `parent_id` = 172 AND `record_status` = 1 ORDER BY index_no asc  [ RunTime:0.397023s ]
SQL: SELECT * FROM `adminmenulist` WHERE `parent_id` = 194 AND `record_status` = 1 ORDER BY index_no asc  [ RunTime:0.014001s ]
SQL: select type_no,info_type,name,index_no from houseinfotype where record_status=1 and city_code='001009001' order by info_type,index_no [ RunTime:0.358021s ]
SQL: select id,cname,parent_id from region where is_display=1 and parent_id=0 and city_code='001009001' [ RunTime:0.023001s ]
INFO: [ view_parse ] --START--
INFO: [ template_filter ] --START--
INFO: Run Behavior\ContentReplaceBehavior [ RunTime:0.001000s ]
INFO: [ template_filter ] --END-- [ RunTime:0.001000s ]
INFO: Run Behavior\ParseTemplateBehavior [ RunTime:0.030001s ]
INFO: [ view_parse ] --END-- [ RunTime:0.030001s ]
INFO: [ view_filter ] --START--
INFO: Run Behavior\WriteHtmlCacheBehavior [ RunTime:0.001000s ]
INFO: [ view_filter ] --END-- [ RunTime:0.001000s ]
INFO: [ app_end ] --START--
INFO: Run Behavior\ShowPageTraceBehavior [ RunTime:0.001000s ]
INFO: [ app_end ] --END-- [ RunTime:0.001000s ]

[ 2017-05-15T10:52:27+08:00 ] ::1 /hizhu/ContactOwner/nothearlist.html?no=3&leftno=97
INFO: [ app_init ] --START--
INFO: Run Behavior\BuildLiteBehavior [ RunTime:0.000000s ]
INFO: [ app_init ] --END-- [ RunTime:0.001000s ]
INFO: [ app_begin ] --START--
INFO: Run Behavior\ReadHtmlCacheBehavior [ RunTime:0.000000s ]
INFO: [ app_begin ] --END-- [ RunTime:0.000000s ]
SQL: SHOW COLUMNS FROM `admin_user` [ RunTime:0.023001s ]
SQL: SELECT * FROM `admin_user` WHERE `user_name` = 'admin' LIMIT 1   [ RunTime:0.017001s ]
SQL: SHOW COLUMNS FROM `houserentercall` [ RunTime:0.014001s ]
SQL: SELECT COUNT(*) AS tp_count FROM `houserentercall` WHERE `call_time` > 1494172800 AND `city_id` = '001009001' AND `is_read` <> 1 AND `status_code` = 0 AND `big_code` <> '4008108756' LIMIT 1   [ RunTime:0.027002s ]
SQL: SELECT * FROM `houserentercall` WHERE `call_time` > 1494172800 AND `city_id` = '001009001' AND `is_read` <> 1 AND `status_code` = 0 AND `big_code` <> '4008108756'  [ RunTime:0.076004s ]
SQL: SHOW COLUMNS FROM `calllog` [ RunTime:0.014001s ]
SQL: SELECT * FROM `calllog` WHERE `id` = '63201BA0-E542-A9EA-3CB3-A05E1E9788D1' LIMIT 1   [ RunTime:0.012001s ]
SQL: SHOW COLUMNS FROM `virtualcalllog` [ RunTime:0.013001s ]
SQL: SELECT * FROM `virtualcalllog` WHERE `id` = '60919E31-3083-F0E9-3B8F-7BAD15F5EBF9' LIMIT 1   [ RunTime:0.014000s ]
INFO: [ view_parse ] --START--
INFO: [ template_filter ] --START--
INFO: Run Behavior\ContentReplaceBehavior [ RunTime:0.000000s ]
INFO: [ template_filter ] --END-- [ RunTime:0.001000s ]
INFO: Run Behavior\ParseTemplateBehavior [ RunTime:0.042002s ]
INFO: [ view_parse ] --END-- [ RunTime:0.042002s ]
INFO: [ view_filter ] --START--
INFO: Run Behavior\WriteHtmlCacheBehavior [ RunTime:0.001000s ]
INFO: [ view_filter ] --END-- [ RunTime:0.001000s ]
INFO: [ app_end ] --START--
INFO: Run Behavior\ShowPageTraceBehavior [ RunTime:0.000000s ]
INFO: [ app_end ] --END-- [ RunTime:0.001000s ]

[ 2017-05-15T10:52:27+08:00 ] ::1 /hizhu/ContactOwner/jsonhouseroom.html?index=0
INFO: [ app_init ] --START--
INFO: Run Behavior\BuildLiteBehavior [ RunTime:0.000000s ]
INFO: [ app_init ] --END-- [ RunTime:0.001000s ]
INFO: [ app_begin ] --START--
INFO: Run Behavior\ReadHtmlCacheBehavior [ RunTime:0.001000s ]
INFO: [ app_begin ] --END-- [ RunTime:0.002000s ]
INFO: [ app_end ] --START--
INFO: Run Behavior\ShowPageTraceBehavior [ RunTime:0.000000s ]
INFO: [ app_end ] --END-- [ RunTime:0.001000s ]

[ 2017-05-15T10:52:27+08:00 ] ::1 /hizhu/ContactOwner/jsonhouseroom.html?room_id=SH201704070314901&index=1
INFO: [ app_init ] --START--
INFO: Run Behavior\BuildLiteBehavior [ RunTime:0.001000s ]
INFO: [ app_init ] --END-- [ RunTime:0.001000s ]
INFO: [ app_begin ] --START--
INFO: Run Behavior\ReadHtmlCacheBehavior [ RunTime:0.001000s ]
INFO: [ app_begin ] --END-- [ RunTime:0.001000s ]
SQL: SHOW COLUMNS FROM `houseroom` [ RunTime:0.035002s ]
SQL: SELECT `id`,`resource_id`,`room_no`,`room_money`,`info_resource`,`create_man`,`status`,`commission_money`,`commission_enddate`,`is_commission` FROM `houseroom` WHERE `room_no` = 'SH201704070314901' LIMIT 1   [ RunTime:0.040003s ]
INFO: [ app_end ] --START--
INFO: Run Behavior\ShowPageTraceBehavior [ RunTime:0.001000s ]
INFO: [ app_end ] --END-- [ RunTime:0.001000s ]

[ 2017-05-15T10:52:28+08:00 ] ::1 /hizhu/ContactOwner/jsonhouseroom.html?room_id=SH201705080336033&index=2
INFO: [ app_init ] --START--
INFO: Run Behavior\BuildLiteBehavior [ RunTime:0.000000s ]
INFO: [ app_init ] --END-- [ RunTime:0.001001s ]
INFO: [ app_begin ] --START--
INFO: Run Behavior\ReadHtmlCacheBehavior [ RunTime:0.001000s ]
INFO: [ app_begin ] --END-- [ RunTime:0.001000s ]
SQL: SHOW COLUMNS FROM `houseroom` [ RunTime:0.018001s ]
SQL: SELECT `id`,`resource_id`,`room_no`,`room_money`,`info_resource`,`create_man`,`status`,`commission_money`,`commission_enddate`,`is_commission` FROM `houseroom` WHERE `room_no` = 'SH201705080336033' LIMIT 1   [ RunTime:1.086062s ]
INFO: [ app_end ] --START--
INFO: Run Behavior\ShowPageTraceBehavior [ RunTime:0.001000s ]
INFO: [ app_end ] --END-- [ RunTime:0.001000s ]

