[ 2017-03-01T16:46:31+08:00 ] ::1 /hizhu/Jobowner/jobownerVerifyList/no/6/leftno/111.html
INFO: [ app_init ] --START--
INFO: Run Behavior\BuildLiteBehavior [ RunTime:0.000000s ]
INFO: [ app_init ] --END-- [ RunTime:0.001000s ]
INFO: [ app_begin ] --START--
INFO: Run Behavior\ReadHtmlCacheBehavior [ RunTime:0.001000s ]
INFO: [ app_begin ] --END-- [ RunTime:0.001000s ]
SQL: SHOW COLUMNS FROM `admin_user` [ RunTime:0.019001s ]
SQL: SELECT * FROM `admin_user` WHERE `user_name` = 'admin' LIMIT 1   [ RunTime:0.021002s ]
SQL: SHOW COLUMNS FROM `customerinfocheck` [ RunTime:0.011001s ]
NOTIC: [8] Undefined variable: where D:\wamp\www\hizhu\Application\Home\Model\customer.class.php 第 122 行.
SQL: SELECT COUNT(*) AS tp_count FROM `customerinfocheck` LIMIT 1   [ RunTime:0.008000s ]
NOTIC: [8] Undefined variable: fields D:\wamp\www\hizhu\Application\Home\Controller\JobownerController.class.php 第 1022 行.
SQL: SELECT * FROM `customerinfocheck` WHERE `city_code` = '001009001' ORDER BY create_time desc LIMIT 0,10   [ RunTime:0.013000s ]
INFO: [ view_parse ] --START--
INFO: [ template_filter ] --START--
INFO: Run Behavior\ContentReplaceBehavior [ RunTime:0.000000s ]
INFO: [ template_filter ] --END-- [ RunTime:0.000000s ]
NOTIC: [8] Undefined index: type D:\wamp\www\hizhu\Application\Runtime\Cache\Home\316a5786913f8387a37abfc83dbd5123.php 第 110 行.
NOTIC: [8] Undefined index: type D:\wamp\www\hizhu\Application\Runtime\Cache\Home\316a5786913f8387a37abfc83dbd5123.php 第 111 行.
NOTIC: [8] Undefined index: oper_man D:\wamp\www\hizhu\Application\Runtime\Cache\Home\316a5786913f8387a37abfc83dbd5123.php 第 117 行.
INFO: Run Behavior\ParseTemplateBehavior [ RunTime:0.026002s ]
INFO: [ view_parse ] --END-- [ RunTime:0.026002s ]
INFO: [ view_filter ] --START--
INFO: Run Behavior\WriteHtmlCacheBehavior [ RunTime:0.000000s ]
INFO: [ view_filter ] --END-- [ RunTime:0.000000s ]
INFO: [ app_end ] --START--
INFO: Run Behavior\ShowPageTraceBehavior [ RunTime:0.001000s ]
INFO: [ app_end ] --END-- [ RunTime:0.001000s ]

[ 2017-03-01T16:50:18+08:00 ] ::1 /hizhu/Jobowner/jobownerVerifyList/no/6/leftno/111.html
INFO: [ app_init ] --START--
INFO: Run Behavior\BuildLiteBehavior [ RunTime:0.000000s ]
INFO: [ app_init ] --END-- [ RunTime:0.001000s ]
INFO: [ app_begin ] --START--
INFO: Run Behavior\ReadHtmlCacheBehavior [ RunTime:0.001000s ]
INFO: [ app_begin ] --END-- [ RunTime:0.001000s ]
SQL: SHOW COLUMNS FROM `admin_user` [ RunTime:0.028002s ]
SQL: SELECT * FROM `admin_user` WHERE `user_name` = 'admin' LIMIT 1   [ RunTime:0.028001s ]
SQL: SHOW COLUMNS FROM `customerinfocheck` [ RunTime:0.033002s ]
SQL: SELECT COUNT(*) AS tp_count FROM `customerinfocheck` WHERE `city_code` = '001009001' LIMIT 1   [ RunTime:0.167009s ]
NOTIC: [8] Undefined variable: fields D:\wamp\www\hizhu\Application\Home\Controller\JobownerController.class.php 第 1022 行.
SQL: SELECT * FROM `customerinfocheck` WHERE `city_code` = '001009001' ORDER BY create_time desc LIMIT 0,10   [ RunTime:0.080005s ]
INFO: [ view_parse ] --START--
INFO: [ template_filter ] --START--
INFO: Run Behavior\ContentReplaceBehavior [ RunTime:0.000000s ]
INFO: [ template_filter ] --END-- [ RunTime:0.001000s ]
NOTIC: [8] Undefined index: type D:\wamp\www\hizhu\Application\Runtime\Cache\Home\316a5786913f8387a37abfc83dbd5123.php 第 110 行.
NOTIC: [8] Undefined index: type D:\wamp\www\hizhu\Application\Runtime\Cache\Home\316a5786913f8387a37abfc83dbd5123.php 第 111 行.
NOTIC: [8] Undefined index: oper_man D:\wamp\www\hizhu\Application\Runtime\Cache\Home\316a5786913f8387a37abfc83dbd5123.php 第 117 行.
INFO: Run Behavior\ParseTemplateBehavior [ RunTime:0.033002s ]
INFO: [ view_parse ] --END-- [ RunTime:0.033002s ]
INFO: [ view_filter ] --START--
INFO: Run Behavior\WriteHtmlCacheBehavior [ RunTime:0.001000s ]
INFO: [ view_filter ] --END-- [ RunTime:0.001000s ]
INFO: [ app_end ] --START--
INFO: Run Behavior\ShowPageTraceBehavior [ RunTime:0.001000s ]
INFO: [ app_end ] --END-- [ RunTime:0.002000s ]

[ 2017-03-01T16:53:54+08:00 ] ::1 /hizhu/Jobowner/jobownerVerifyList/no/6/leftno/111.html
INFO: [ app_init ] --START--
INFO: Run Behavior\BuildLiteBehavior [ RunTime:0.000000s ]
INFO: [ app_init ] --END-- [ RunTime:0.001001s ]
INFO: [ app_begin ] --START--
INFO: Run Behavior\ReadHtmlCacheBehavior [ RunTime:0.001000s ]
INFO: [ app_begin ] --END-- [ RunTime:0.001000s ]
SQL: SHOW COLUMNS FROM `admin_user` [ RunTime:0.268015s ]
SQL: SELECT * FROM `admin_user` WHERE `user_name` = 'admin' LIMIT 1   [ RunTime:0.074004s ]
SQL: SHOW COLUMNS FROM `customerinfocheck` [ RunTime:0.049003s ]
SQL: SELECT COUNT(*) AS tp_count FROM `customerinfocheck` WHERE `city_code` = '001009001' LIMIT 1   [ RunTime:0.058004s ]
NOTIC: [8] Undefined variable: fields D:\wamp\www\hizhu\Application\Home\Controller\JobownerController.class.php 第 1023 行.
SQL: SELECT * FROM `customerinfocheck` WHERE `city_code` = '001009001' ORDER BY create_time desc LIMIT 0,10   [ RunTime:0.057003s ]
INFO: [ view_parse ] --START--
INFO: [ template_filter ] --START--
INFO: Run Behavior\ContentReplaceBehavior [ RunTime:0.000000s ]
INFO: [ template_filter ] --END-- [ RunTime:0.001000s ]
NOTIC: [8] Undefined index: type D:\wamp\www\hizhu\Application\Runtime\Cache\Home\316a5786913f8387a37abfc83dbd5123.php 第 110 行.
NOTIC: [8] Undefined index: type D:\wamp\www\hizhu\Application\Runtime\Cache\Home\316a5786913f8387a37abfc83dbd5123.php 第 111 行.
NOTIC: [8] Undefined index: oper_man D:\wamp\www\hizhu\Application\Runtime\Cache\Home\316a5786913f8387a37abfc83dbd5123.php 第 117 行.
INFO: Run Behavior\ParseTemplateBehavior [ RunTime:0.025002s ]
INFO: [ view_parse ] --END-- [ RunTime:0.025002s ]
INFO: [ view_filter ] --START--
INFO: Run Behavior\WriteHtmlCacheBehavior [ RunTime:0.000000s ]
INFO: [ view_filter ] --END-- [ RunTime:0.001000s ]
INFO: [ app_end ] --START--
INFO: Run Behavior\ShowPageTraceBehavior [ RunTime:0.000000s ]
INFO: [ app_end ] --END-- [ RunTime:0.001000s ]

[ 2017-03-01T16:58:51+08:00 ] ::1 /hizhu/Jobowner/jobownerVerifyList/no/6/leftno/111.html
INFO: [ app_init ] --START--
INFO: Run Behavior\BuildLiteBehavior [ RunTime:0.000000s ]
INFO: [ app_init ] --END-- [ RunTime:0.001000s ]
INFO: [ app_begin ] --START--
INFO: Run Behavior\ReadHtmlCacheBehavior [ RunTime:0.001000s ]
INFO: [ app_begin ] --END-- [ RunTime:0.001000s ]
SQL: SHOW COLUMNS FROM `admin_user` [ RunTime:0.029002s ]
SQL: SELECT * FROM `admin_user` WHERE `user_name` = 'admin' LIMIT 1   [ RunTime:0.026001s ]
SQL: SHOW COLUMNS FROM `customerinfocheck` [ RunTime:0.049003s ]
SQL: SELECT COUNT(*) AS tp_count FROM `customerinfocheck` WHERE `city_code` = '001009001' LIMIT 1   [ RunTime:0.021001s ]
SQL: SELECT `customer_id`,`mobile`,`true_name`,`house_type`,`house_num`,`create_time`,`oper_man_name` FROM `customerinfocheck` WHERE `city_code` = '001009001' ORDER BY create_time desc LIMIT 0,10   [ RunTime:0.018001s ]
INFO: [ view_parse ] --START--
INFO: [ template_filter ] --START--
INFO: Run Behavior\ContentReplaceBehavior [ RunTime:0.000000s ]
INFO: [ template_filter ] --END-- [ RunTime:0.001000s ]
NOTIC: [8] Undefined index: id D:\wamp\www\hizhu\Application\Runtime\Cache\Home\316a5786913f8387a37abfc83dbd5123.php 第 106 行.
NOTIC: [8] Undefined index: type D:\wamp\www\hizhu\Application\Runtime\Cache\Home\316a5786913f8387a37abfc83dbd5123.php 第 110 行.
NOTIC: [8] Undefined index: type D:\wamp\www\hizhu\Application\Runtime\Cache\Home\316a5786913f8387a37abfc83dbd5123.php 第 111 行.
NOTIC: [8] Undefined index: oper_man D:\wamp\www\hizhu\Application\Runtime\Cache\Home\316a5786913f8387a37abfc83dbd5123.php 第 117 行.
INFO: Run Behavior\ParseTemplateBehavior [ RunTime:0.020001s ]
INFO: [ view_parse ] --END-- [ RunTime:0.020001s ]
INFO: [ view_filter ] --START--
INFO: Run Behavior\WriteHtmlCacheBehavior [ RunTime:0.001000s ]
INFO: [ view_filter ] --END-- [ RunTime:0.001000s ]
INFO: [ app_end ] --START--
INFO: Run Behavior\ShowPageTraceBehavior [ RunTime:0.001000s ]
INFO: [ app_end ] --END-- [ RunTime:0.001000s ]

[ 2017-03-01T16:59:23+08:00 ] ::1 /hizhu/Jobowner/jobownerVerifyList/no/6/leftno/111.html
INFO: [ app_init ] --START--
INFO: Run Behavior\BuildLiteBehavior [ RunTime:0.000000s ]
INFO: [ app_init ] --END-- [ RunTime:0.001000s ]
INFO: [ app_begin ] --START--
INFO: Run Behavior\ReadHtmlCacheBehavior [ RunTime:0.001000s ]
INFO: [ app_begin ] --END-- [ RunTime:0.001000s ]
SQL: SHOW COLUMNS FROM `admin_user` [ RunTime:0.057003s ]
SQL: SELECT * FROM `admin_user` WHERE `user_name` = 'admin' LIMIT 1   [ RunTime:0.041002s ]
SQL: SHOW COLUMNS FROM `customerinfocheck` [ RunTime:0.018001s ]
SQL: SELECT COUNT(*) AS tp_count FROM `customerinfocheck` WHERE `city_code` = '001009001' LIMIT 1   [ RunTime:0.021001s ]
SQL: SELECT `customer_id`,`mobile`,`true_name`,`house_type`,`house_num`,`create_time`,`oper_man_name` FROM `customerinfocheck` WHERE `city_code` = '001009001' ORDER BY create_time desc LIMIT 0,10   [ RunTime:0.027001s ]
INFO: [ view_parse ] --START--
INFO: [ template_filter ] --START--
INFO: Run Behavior\ContentReplaceBehavior [ RunTime:0.001000s ]
INFO: [ template_filter ] --END-- [ RunTime:0.001000s ]
NOTIC: [8] Undefined index: type D:\wamp\www\hizhu\Application\Runtime\Cache\Home\316a5786913f8387a37abfc83dbd5123.php 第 109 行.
NOTIC: [8] Undefined index: type D:\wamp\www\hizhu\Application\Runtime\Cache\Home\316a5786913f8387a37abfc83dbd5123.php 第 110 行.
NOTIC: [8] Undefined index: oper_man D:\wamp\www\hizhu\Application\Runtime\Cache\Home\316a5786913f8387a37abfc83dbd5123.php 第 116 行.
INFO: Run Behavior\ParseTemplateBehavior [ RunTime:0.020002s ]
INFO: [ view_parse ] --END-- [ RunTime:0.020002s ]
INFO: [ view_filter ] --START--
INFO: Run Behavior\WriteHtmlCacheBehavior [ RunTime:0.001000s ]
INFO: [ view_filter ] --END-- [ RunTime:0.001000s ]
INFO: [ app_end ] --START--
INFO: Run Behavior\ShowPageTraceBehavior [ RunTime:0.001000s ]
INFO: [ app_end ] --END-- [ RunTime:0.001000s ]

[ 2017-03-01T17:00:10+08:00 ] ::1 /hizhu/Jobowner/jobownerVerifyList/no/6/leftno/111.html
INFO: [ app_init ] --START--
INFO: Run Behavior\BuildLiteBehavior [ RunTime:0.000000s ]
INFO: [ app_init ] --END-- [ RunTime:0.001000s ]
INFO: [ app_begin ] --START--
INFO: Run Behavior\ReadHtmlCacheBehavior [ RunTime:0.000000s ]
INFO: [ app_begin ] --END-- [ RunTime:0.000000s ]
SQL: SHOW COLUMNS FROM `admin_user` [ RunTime:0.090005s ]
SQL: SELECT * FROM `admin_user` WHERE `user_name` = 'admin' LIMIT 1   [ RunTime:0.069004s ]
SQL: SHOW COLUMNS FROM `customerinfocheck` [ RunTime:0.056003s ]
SQL: SELECT COUNT(*) AS tp_count FROM `customerinfocheck` WHERE `city_code` = '001009001' LIMIT 1   [ RunTime:0.073004s ]
SQL: SELECT `customer_id`,`mobile`,`true_name`,`house_type`,`house_num`,`create_time`,`oper_man_name` FROM `customerinfocheck` WHERE `city_code` = '001009001' ORDER BY create_time desc LIMIT 0,10   [ RunTime:0.060003s ]
INFO: [ view_parse ] --START--
INFO: [ template_filter ] --START--
INFO: Run Behavior\ContentReplaceBehavior [ RunTime:0.000000s ]
INFO: [ template_filter ] --END-- [ RunTime:0.000000s ]
NOTIC: [8] Undefined index: type D:\wamp\www\hizhu\Application\Runtime\Cache\Home\316a5786913f8387a37abfc83dbd5123.php 第 109 行.
NOTIC: [8] Undefined index: type D:\wamp\www\hizhu\Application\Runtime\Cache\Home\316a5786913f8387a37abfc83dbd5123.php 第 110 行.
INFO: Run Behavior\ParseTemplateBehavior [ RunTime:0.026002s ]
INFO: [ view_parse ] --END-- [ RunTime:0.026002s ]
INFO: [ view_filter ] --START--
INFO: Run Behavior\WriteHtmlCacheBehavior [ RunTime:0.000000s ]
INFO: [ view_filter ] --END-- [ RunTime:0.000000s ]
INFO: [ app_end ] --START--
INFO: Run Behavior\ShowPageTraceBehavior [ RunTime:0.001000s ]
INFO: [ app_end ] --END-- [ RunTime:0.002000s ]

[ 2017-03-01T17:02:45+08:00 ] ::1 /hizhu/Jobowner/jobownerVerifyList/no/6/leftno/111.html
INFO: [ app_init ] --START--
INFO: Run Behavior\BuildLiteBehavior [ RunTime:0.000000s ]
INFO: [ app_init ] --END-- [ RunTime:0.001000s ]
INFO: [ app_begin ] --START--
INFO: Run Behavior\ReadHtmlCacheBehavior [ RunTime:0.001000s ]
INFO: [ app_begin ] --END-- [ RunTime:0.001000s ]
SQL: SHOW COLUMNS FROM `admin_user` [ RunTime:0.132007s ]
SQL: SELECT * FROM `admin_user` WHERE `user_name` = 'admin' LIMIT 1   [ RunTime:0.108007s ]
SQL: SHOW COLUMNS FROM `customerinfocheck` [ RunTime:0.096006s ]
SQL: SELECT COUNT(*) AS tp_count FROM `customerinfocheck` WHERE `city_code` = '001009001' LIMIT 1   [ RunTime:0.116006s ]
SQL: SELECT `customer_id`,`mobile`,`true_name`,`house_type`,`house_num`,`create_time`,`oper_man_name` FROM `customerinfocheck` WHERE `city_code` = '001009001' ORDER BY create_time desc LIMIT 0,10   [ RunTime:0.043003s ]
INFO: [ view_parse ] --START--
INFO: [ template_filter ] --START--
INFO: Run Behavior\ContentReplaceBehavior [ RunTime:0.000000s ]
INFO: [ template_filter ] --END-- [ RunTime:0.001000s ]
INFO: Run Behavior\ParseTemplateBehavior [ RunTime:0.028002s ]
INFO: [ view_parse ] --END-- [ RunTime:0.028002s ]
INFO: [ view_filter ] --START--
INFO: Run Behavior\WriteHtmlCacheBehavior [ RunTime:0.001000s ]
INFO: [ view_filter ] --END-- [ RunTime:0.001000s ]
INFO: [ app_end ] --START--
INFO: Run Behavior\ShowPageTraceBehavior [ RunTime:0.001000s ]
INFO: [ app_end ] --END-- [ RunTime:0.001000s ]

[ 2017-03-01T17:09:46+08:00 ] ::1 /hizhu/Jobowner/jobownerVerifyList/no/6/leftno/111.html
INFO: [ app_init ] --START--
INFO: Run Behavior\BuildLiteBehavior [ RunTime:0.000000s ]
INFO: [ app_init ] --END-- [ RunTime:0.001000s ]
INFO: [ app_begin ] --START--
INFO: Run Behavior\ReadHtmlCacheBehavior [ RunTime:0.001000s ]
INFO: [ app_begin ] --END-- [ RunTime:0.002000s ]
SQL: SHOW COLUMNS FROM `admin_user` [ RunTime:0.011000s ]
SQL: SELECT * FROM `admin_user` WHERE `user_name` = 'admin' LIMIT 1   [ RunTime:0.010000s ]
SQL: SHOW COLUMNS FROM `adminmenulist` [ RunTime:0.024001s ]
SQL: SELECT * FROM `adminmenulist` WHERE `parent_id` = 6 AND `record_status` = 1 ORDER BY index_no asc  [ RunTime:0.085005s ]
SQL: SELECT * FROM `adminmenulist` WHERE `parent_id` = 31 AND `record_status` = 1 ORDER BY index_no asc  [ RunTime:0.018001s ]
SQL: SELECT * FROM `adminmenulist` WHERE `parent_id` = 32 AND `record_status` = 1 ORDER BY index_no asc  [ RunTime:0.112007s ]
SQL: SHOW COLUMNS FROM `customerinfocheck` [ RunTime:0.012001s ]
SQL: SELECT COUNT(*) AS tp_count FROM `customerinfocheck` WHERE `city_code` = '001009001' LIMIT 1   [ RunTime:0.009001s ]
SQL: SELECT `customer_id`,`mobile`,`true_name`,`house_type`,`house_num`,`pay_type`,`create_time`,`oper_man_name`,`refuse_status` FROM `customerinfocheck` WHERE `city_code` = '001009001' ORDER BY create_time desc LIMIT 0,10   [ RunTime:0.012000s ]
INFO: [ view_parse ] --START--
INFO: [ template_filter ] --START--
INFO: Run Behavior\ContentReplaceBehavior [ RunTime:0.000000s ]
INFO: [ template_filter ] --END-- [ RunTime:0.000000s ]
NOTIC: [8] Undefined variable: pay_type D:\wamp\www\hizhu\Application\Runtime\Cache\Home\316a5786913f8387a37abfc83dbd5123.php 第 120 行.
INFO: Run Behavior\ParseTemplateBehavior [ RunTime:0.020002s ]
INFO: [ view_parse ] --END-- [ RunTime:0.020002s ]
INFO: [ view_filter ] --START--
INFO: Run Behavior\WriteHtmlCacheBehavior [ RunTime:0.001000s ]
INFO: [ view_filter ] --END-- [ RunTime:0.001000s ]
INFO: [ app_end ] --START--
INFO: Run Behavior\ShowPageTraceBehavior [ RunTime:0.001000s ]
INFO: [ app_end ] --END-- [ RunTime:0.001000s ]

[ 2017-03-01T17:13:05+08:00 ] ::1 /hizhu/Jobowner/jobownerVerifyList/no/6/leftno/111.html
INFO: [ app_init ] --START--
INFO: Run Behavior\BuildLiteBehavior [ RunTime:0.000000s ]
INFO: [ app_init ] --END-- [ RunTime:0.001000s ]
INFO: [ app_begin ] --START--
INFO: Run Behavior\ReadHtmlCacheBehavior [ RunTime:0.001000s ]
INFO: [ app_begin ] --END-- [ RunTime:0.001000s ]
SQL: SHOW COLUMNS FROM `admin_user` [ RunTime:0.022002s ]
SQL: SELECT * FROM `admin_user` WHERE `user_name` = 'admin' LIMIT 1   [ RunTime:0.022001s ]
SQL: SHOW COLUMNS FROM `customerinfocheck` [ RunTime:0.019002s ]
SQL: SELECT COUNT(*) AS tp_count FROM `customerinfocheck` WHERE `city_code` = '001009001' LIMIT 1   [ RunTime:0.015000s ]
SQL: SELECT `customer_id`,`mobile`,`true_name`,`house_type`,`house_num`,`pay_type`,`create_time`,`oper_man_name`,`refuse_status` FROM `customerinfocheck` WHERE `city_code` = '001009001' ORDER BY create_time desc LIMIT 0,10   [ RunTime:0.026001s ]
INFO: [ view_parse ] --START--
INFO: [ template_filter ] --START--
INFO: Run Behavior\ContentReplaceBehavior [ RunTime:0.000000s ]
INFO: [ template_filter ] --END-- [ RunTime:0.000000s ]

[ 2017-03-01T17:13:26+08:00 ] ::1 /hizhu/Jobowner/jobownerVerifyList/no/6/leftno/111.html
INFO: [ app_init ] --START--
INFO: Run Behavior\BuildLiteBehavior [ RunTime:0.000000s ]
INFO: [ app_init ] --END-- [ RunTime:0.000000s ]
INFO: [ app_begin ] --START--
INFO: Run Behavior\ReadHtmlCacheBehavior [ RunTime:0.001000s ]
INFO: [ app_begin ] --END-- [ RunTime:0.001000s ]
SQL: SHOW COLUMNS FROM `admin_user` [ RunTime:0.175010s ]
SQL: SELECT * FROM `admin_user` WHERE `user_name` = 'admin' LIMIT 1   [ RunTime:0.133008s ]
SQL: SHOW COLUMNS FROM `customerinfocheck` [ RunTime:0.011001s ]
SQL: SELECT COUNT(*) AS tp_count FROM `customerinfocheck` WHERE `city_code` = '001009001' LIMIT 1   [ RunTime:0.022001s ]
SQL: SELECT `customer_id`,`mobile`,`true_name`,`house_type`,`house_num`,`pay_type`,`create_time`,`oper_man_name`,`refuse_status` FROM `customerinfocheck` WHERE `city_code` = '001009001' ORDER BY create_time desc LIMIT 0,10   [ RunTime:0.013001s ]
INFO: [ view_parse ] --START--
INFO: [ template_filter ] --START--
INFO: Run Behavior\ContentReplaceBehavior [ RunTime:0.001001s ]
INFO: [ template_filter ] --END-- [ RunTime:0.001001s ]
INFO: Run Behavior\ParseTemplateBehavior [ RunTime:0.023001s ]
INFO: [ view_parse ] --END-- [ RunTime:0.024001s ]
INFO: [ view_filter ] --START--
INFO: Run Behavior\WriteHtmlCacheBehavior [ RunTime:0.001000s ]
INFO: [ view_filter ] --END-- [ RunTime:0.001000s ]
INFO: [ app_end ] --START--
INFO: Run Behavior\ShowPageTraceBehavior [ RunTime:0.001000s ]
INFO: [ app_end ] --END-- [ RunTime:0.001000s ]

[ 2017-03-01T17:17:14+08:00 ] ::1 /hizhu/Jobowner/jobownerVerifyList/no/6/leftno/111.html
INFO: [ app_init ] --START--
INFO: Run Behavior\BuildLiteBehavior [ RunTime:0.000000s ]
INFO: [ app_init ] --END-- [ RunTime:0.001000s ]
INFO: [ app_begin ] --START--
INFO: Run Behavior\ReadHtmlCacheBehavior [ RunTime:0.001000s ]
INFO: [ app_begin ] --END-- [ RunTime:0.001000s ]
SQL: SHOW COLUMNS FROM `admin_user` [ RunTime:0.049003s ]
SQL: SELECT * FROM `admin_user` WHERE `user_name` = 'admin' LIMIT 1   [ RunTime:0.054003s ]
SQL: SHOW COLUMNS FROM `customerinfocheck` [ RunTime:0.051003s ]
SQL: SELECT COUNT(*) AS tp_count FROM `customerinfocheck` WHERE `city_code` = '001009001' LIMIT 1   [ RunTime:0.039003s ]
SQL: SELECT `customer_id`,`mobile`,`true_name`,`house_type`,`house_num`,`pay_type`,`create_time`,`oper_man_name`,`refuse_status` FROM `customerinfocheck` WHERE `city_code` = '001009001' ORDER BY create_time desc LIMIT 0,10   [ RunTime:0.027001s ]
INFO: [ view_parse ] --START--
INFO: [ template_filter ] --START--
INFO: Run Behavior\ContentReplaceBehavior [ RunTime:0.000000s ]
INFO: [ template_filter ] --END-- [ RunTime:0.001000s ]

[ 2017-03-01T17:17:33+08:00 ] ::1 /hizhu/Jobowner/jobownerVerifyList/no/6/leftno/111.html
INFO: [ app_init ] --START--
INFO: Run Behavior\BuildLiteBehavior [ RunTime:0.000000s ]
INFO: [ app_init ] --END-- [ RunTime:0.000000s ]
INFO: [ app_begin ] --START--
INFO: Run Behavior\ReadHtmlCacheBehavior [ RunTime:0.001000s ]
INFO: [ app_begin ] --END-- [ RunTime:0.002001s ]
SQL: SHOW COLUMNS FROM `admin_user` [ RunTime:0.036002s ]
SQL: SELECT * FROM `admin_user` WHERE `user_name` = 'admin' LIMIT 1   [ RunTime:0.029002s ]
SQL: SHOW COLUMNS FROM `customerinfocheck` [ RunTime:0.017001s ]
SQL: SELECT COUNT(*) AS tp_count FROM `customerinfocheck` WHERE `city_code` = '001009001' LIMIT 1   [ RunTime:0.233014s ]
SQL: SELECT `customer_id`,`mobile`,`true_name`,`house_type`,`house_num`,`pay_type`,`create_time`,`oper_man_name`,`refuse_status` FROM `customerinfocheck` WHERE `city_code` = '001009001' ORDER BY create_time desc LIMIT 0,10   [ RunTime:0.009000s ]
INFO: [ view_parse ] --START--
INFO: [ template_filter ] --START--
INFO: Run Behavior\ContentReplaceBehavior [ RunTime:0.001000s ]
INFO: [ template_filter ] --END-- [ RunTime:0.001000s ]

[ 2017-03-01T17:18:09+08:00 ] ::1 /hizhu/Jobowner/jobownerVerifyList/no/6/leftno/111.html
INFO: [ app_init ] --START--
INFO: Run Behavior\BuildLiteBehavior [ RunTime:0.000000s ]
INFO: [ app_init ] --END-- [ RunTime:0.001000s ]
INFO: [ app_begin ] --START--
INFO: Run Behavior\ReadHtmlCacheBehavior [ RunTime:0.001000s ]
INFO: [ app_begin ] --END-- [ RunTime:0.001000s ]
SQL: SHOW COLUMNS FROM `admin_user` [ RunTime:0.010001s ]
SQL: SELECT * FROM `admin_user` WHERE `user_name` = 'admin' LIMIT 1   [ RunTime:0.011000s ]
SQL: SHOW COLUMNS FROM `customerinfocheck` [ RunTime:0.011000s ]
SQL: SELECT COUNT(*) AS tp_count FROM `customerinfocheck` WHERE `city_code` = '001009001' LIMIT 1   [ RunTime:0.011001s ]
SQL: SELECT `customer_id`,`mobile`,`true_name`,`house_type`,`house_num`,`pay_type`,`create_time`,`oper_man_name`,`refuse_status` FROM `customerinfocheck` WHERE `city_code` = '001009001' ORDER BY create_time desc LIMIT 0,10   [ RunTime:0.018001s ]
INFO: [ view_parse ] --START--
INFO: [ template_filter ] --START--
INFO: Run Behavior\ContentReplaceBehavior [ RunTime:0.000000s ]
INFO: [ template_filter ] --END-- [ RunTime:0.001000s ]

[ 2017-03-01T17:18:29+08:00 ] ::1 /hizhu/Jobowner/jobownerVerifyList/no/6/leftno/111.html
INFO: [ app_init ] --START--
INFO: Run Behavior\BuildLiteBehavior [ RunTime:0.000000s ]
INFO: [ app_init ] --END-- [ RunTime:0.001000s ]
INFO: [ app_begin ] --START--
INFO: Run Behavior\ReadHtmlCacheBehavior [ RunTime:0.001000s ]
INFO: [ app_begin ] --END-- [ RunTime:0.001000s ]
SQL: SHOW COLUMNS FROM `admin_user` [ RunTime:0.015001s ]
SQL: SELECT * FROM `admin_user` WHERE `user_name` = 'admin' LIMIT 1   [ RunTime:0.008001s ]
SQL: SHOW COLUMNS FROM `customerinfocheck` [ RunTime:0.011000s ]
SQL: SELECT COUNT(*) AS tp_count FROM `customerinfocheck` WHERE `city_code` = '001009001' LIMIT 1   [ RunTime:0.008000s ]
SQL: SELECT `customer_id`,`mobile`,`true_name`,`house_type`,`house_num`,`pay_type`,`create_time`,`oper_man_name`,`refuse_status` FROM `customerinfocheck` WHERE `city_code` = '001009001' ORDER BY create_time desc LIMIT 0,10   [ RunTime:0.010001s ]
INFO: [ view_parse ] --START--
INFO: [ template_filter ] --START--
INFO: Run Behavior\ContentReplaceBehavior [ RunTime:0.000000s ]
INFO: [ template_filter ] --END-- [ RunTime:0.001000s ]
INFO: Run Behavior\ParseTemplateBehavior [ RunTime:0.025001s ]
INFO: [ view_parse ] --END-- [ RunTime:0.025001s ]
INFO: [ view_filter ] --START--
INFO: Run Behavior\WriteHtmlCacheBehavior [ RunTime:0.001000s ]
INFO: [ view_filter ] --END-- [ RunTime:0.001000s ]
INFO: [ app_end ] --START--
INFO: Run Behavior\ShowPageTraceBehavior [ RunTime:0.001000s ]
INFO: [ app_end ] --END-- [ RunTime:0.001000s ]

[ 2017-03-01T17:20:17+08:00 ] ::1 /hizhu/Jobowner/jobownerVerifyList/no/6/leftno/111.html
INFO: [ app_init ] --START--
INFO: Run Behavior\BuildLiteBehavior [ RunTime:0.000000s ]
INFO: [ app_init ] --END-- [ RunTime:0.001000s ]
INFO: [ app_begin ] --START--
INFO: Run Behavior\ReadHtmlCacheBehavior [ RunTime:0.000000s ]
INFO: [ app_begin ] --END-- [ RunTime:0.001000s ]
SQL: SHOW COLUMNS FROM `admin_user` [ RunTime:0.014001s ]
SQL: SELECT * FROM `admin_user` WHERE `user_name` = 'admin' LIMIT 1   [ RunTime:0.009001s ]
SQL: SHOW COLUMNS FROM `customerinfocheck` [ RunTime:0.009001s ]
SQL: SELECT COUNT(*) AS tp_count FROM `customerinfocheck` WHERE `city_code` = '001009001' LIMIT 1   [ RunTime:0.009000s ]
SQL: SELECT `customer_id`,`mobile`,`true_name`,`house_type`,`house_num`,`pay_type`,`create_time`,`oper_man_name`,`refuse_status` FROM `customerinfocheck` WHERE `city_code` = '001009001' ORDER BY create_time desc LIMIT 0,10   [ RunTime:0.011001s ]
INFO: [ view_parse ] --START--
INFO: [ template_filter ] --START--
INFO: Run Behavior\ContentReplaceBehavior [ RunTime:0.000000s ]
INFO: [ template_filter ] --END-- [ RunTime:0.000000s ]
INFO: Run Behavior\ParseTemplateBehavior [ RunTime:0.021001s ]
INFO: [ view_parse ] --END-- [ RunTime:0.021001s ]
INFO: [ view_filter ] --START--
INFO: Run Behavior\WriteHtmlCacheBehavior [ RunTime:0.001000s ]
INFO: [ view_filter ] --END-- [ RunTime:0.001000s ]
INFO: [ app_end ] --START--
INFO: Run Behavior\ShowPageTraceBehavior [ RunTime:0.000000s ]
INFO: [ app_end ] --END-- [ RunTime:0.001000s ]

[ 2017-03-01T17:21:12+08:00 ] ::1 /hizhu/Jobowner/jobownerVerifyList/no/6/leftno/111.html
INFO: [ app_init ] --START--
INFO: Run Behavior\BuildLiteBehavior [ RunTime:0.000000s ]
INFO: [ app_init ] --END-- [ RunTime:0.001000s ]
INFO: [ app_begin ] --START--
INFO: Run Behavior\ReadHtmlCacheBehavior [ RunTime:0.001000s ]
INFO: [ app_begin ] --END-- [ RunTime:0.001000s ]
SQL: SHOW COLUMNS FROM `admin_user` [ RunTime:0.009000s ]
SQL: SELECT * FROM `admin_user` WHERE `user_name` = 'admin' LIMIT 1   [ RunTime:0.011001s ]
SQL: SHOW COLUMNS FROM `customerinfocheck` [ RunTime:0.010001s ]
SQL: SELECT COUNT(*) AS tp_count FROM `customerinfocheck` WHERE `city_code` = '001009001' LIMIT 1   [ RunTime:0.020001s ]
SQL: SELECT `customer_id`,`mobile`,`true_name`,`house_type`,`house_num`,`pay_type`,`create_time`,`oper_man_name`,`refuse_status` FROM `customerinfocheck` WHERE `city_code` = '001009001' ORDER BY create_time desc LIMIT 0,10   [ RunTime:0.018001s ]
INFO: [ view_parse ] --START--
INFO: [ template_filter ] --START--
INFO: Run Behavior\ContentReplaceBehavior [ RunTime:0.000000s ]
INFO: [ template_filter ] --END-- [ RunTime:0.000000s ]
INFO: Run Behavior\ParseTemplateBehavior [ RunTime:0.025001s ]
INFO: [ view_parse ] --END-- [ RunTime:0.025001s ]
INFO: [ view_filter ] --START--
INFO: Run Behavior\WriteHtmlCacheBehavior [ RunTime:0.001000s ]
INFO: [ view_filter ] --END-- [ RunTime:0.001000s ]
INFO: [ app_end ] --START--
INFO: Run Behavior\ShowPageTraceBehavior [ RunTime:0.001001s ]
INFO: [ app_end ] --END-- [ RunTime:0.001001s ]

[ 2017-03-01T17:28:35+08:00 ] ::1 /hizhu/Jobowner/jobownerVerifyList/no/6/leftno/111.html
INFO: [ app_init ] --START--
INFO: Run Behavior\BuildLiteBehavior [ RunTime:0.000000s ]
INFO: [ app_init ] --END-- [ RunTime:0.001000s ]
INFO: [ app_begin ] --START--
INFO: Run Behavior\ReadHtmlCacheBehavior [ RunTime:0.001000s ]
INFO: [ app_begin ] --END-- [ RunTime:0.002000s ]
SQL: SHOW COLUMNS FROM `admin_user` [ RunTime:0.010000s ]
SQL: SELECT * FROM `admin_user` WHERE `user_name` = 'admin' LIMIT 1   [ RunTime:0.009001s ]
SQL: SHOW COLUMNS FROM `adminmenulist` [ RunTime:0.009001s ]
SQL: SELECT * FROM `adminmenulist` WHERE `parent_id` = 0 AND `record_status` = 1 ORDER BY index_no asc  [ RunTime:0.009001s ]
SQL: SHOW COLUMNS FROM `customerinfocheck` [ RunTime:0.021001s ]
SQL: SELECT COUNT(*) AS tp_count FROM `customerinfocheck` WHERE `city_code` = '001009001' LIMIT 1   [ RunTime:0.010001s ]
SQL: SELECT `customer_id`,`mobile`,`true_name`,`house_type`,`house_num`,`pay_type`,`create_time`,`oper_man_name`,`refuse_status` FROM `customerinfocheck` WHERE `city_code` = '001009001' ORDER BY create_time desc LIMIT 0,10   [ RunTime:0.020001s ]
INFO: [ view_parse ] --START--
INFO: [ template_filter ] --START--
INFO: Run Behavior\ContentReplaceBehavior [ RunTime:0.000000s ]
INFO: [ template_filter ] --END-- [ RunTime:0.000000s ]
INFO: Run Behavior\ParseTemplateBehavior [ RunTime:0.020001s ]
INFO: [ view_parse ] --END-- [ RunTime:0.022001s ]
INFO: [ view_filter ] --START--
INFO: Run Behavior\WriteHtmlCacheBehavior [ RunTime:0.000000s ]
INFO: [ view_filter ] --END-- [ RunTime:0.000000s ]
INFO: [ app_end ] --START--
INFO: Run Behavior\ShowPageTraceBehavior [ RunTime:0.000000s ]
INFO: [ app_end ] --END-- [ RunTime:0.001000s ]

[ 2017-03-01T17:28:51+08:00 ] ::1 /hizhu/Jobowner/jobownerVerifyList/no/6/leftno/111.html
INFO: [ app_init ] --START--
INFO: Run Behavior\BuildLiteBehavior [ RunTime:0.000000s ]
INFO: [ app_init ] --END-- [ RunTime:0.000000s ]
INFO: [ app_begin ] --START--
INFO: Run Behavior\ReadHtmlCacheBehavior [ RunTime:0.000000s ]
INFO: [ app_begin ] --END-- [ RunTime:0.000000s ]
SQL: SHOW COLUMNS FROM `admin_user` [ RunTime:0.011000s ]
SQL: SELECT * FROM `admin_user` WHERE `user_name` = 'admin' LIMIT 1   [ RunTime:0.028002s ]
SQL: SHOW COLUMNS FROM `customerinfocheck` [ RunTime:0.009001s ]
SQL: SELECT COUNT(*) AS tp_count FROM `customerinfocheck` WHERE `city_code` = '001009001' LIMIT 1   [ RunTime:0.008000s ]
SQL: SELECT `customer_id`,`mobile`,`true_name`,`house_type`,`house_num`,`pay_type`,`create_time`,`oper_man_name`,`refuse_status` FROM `customerinfocheck` WHERE `city_code` = '001009001' ORDER BY create_time desc LIMIT 0,10   [ RunTime:0.011001s ]
INFO: [ view_parse ] --START--
INFO: [ template_filter ] --START--
INFO: Run Behavior\ContentReplaceBehavior [ RunTime:0.000000s ]
INFO: [ template_filter ] --END-- [ RunTime:0.000000s ]
INFO: Run Behavior\ParseTemplateBehavior [ RunTime:0.027001s ]
INFO: [ view_parse ] --END-- [ RunTime:0.027001s ]
INFO: [ view_filter ] --START--
INFO: Run Behavior\WriteHtmlCacheBehavior [ RunTime:0.000000s ]
INFO: [ view_filter ] --END-- [ RunTime:0.002001s ]
INFO: [ app_end ] --START--
INFO: Run Behavior\ShowPageTraceBehavior [ RunTime:0.001000s ]
INFO: [ app_end ] --END-- [ RunTime:0.001000s ]

[ 2017-03-01T17:28:54+08:00 ] ::1 /hizhu/Jobowner/jobownerVerifyList/no/6/leftno/111.html
INFO: [ app_init ] --START--
INFO: Run Behavior\BuildLiteBehavior [ RunTime:0.000000s ]
INFO: [ app_init ] --END-- [ RunTime:0.001000s ]
INFO: [ app_begin ] --START--
INFO: Run Behavior\ReadHtmlCacheBehavior [ RunTime:0.001000s ]
INFO: [ app_begin ] --END-- [ RunTime:0.001000s ]
SQL: SHOW COLUMNS FROM `admin_user` [ RunTime:0.059004s ]
SQL: SELECT * FROM `admin_user` WHERE `user_name` = 'admin' LIMIT 1   [ RunTime:0.012000s ]
SQL: SHOW COLUMNS FROM `customerinfocheck` [ RunTime:0.008000s ]
SQL: SELECT COUNT(*) AS tp_count FROM `customerinfocheck` WHERE `city_code` = '001009001' LIMIT 1   [ RunTime:0.009001s ]
SQL: SELECT `customer_id`,`mobile`,`true_name`,`house_type`,`house_num`,`pay_type`,`create_time`,`oper_man_name`,`refuse_status` FROM `customerinfocheck` WHERE `city_code` = '001009001' ORDER BY create_time desc LIMIT 0,10   [ RunTime:0.009001s ]
INFO: [ view_parse ] --START--
INFO: [ template_filter ] --START--
INFO: Run Behavior\ContentReplaceBehavior [ RunTime:0.001000s ]
INFO: [ template_filter ] --END-- [ RunTime:0.001000s ]
INFO: Run Behavior\ParseTemplateBehavior [ RunTime:0.029001s ]
INFO: [ view_parse ] --END-- [ RunTime:0.029001s ]
INFO: [ view_filter ] --START--
INFO: Run Behavior\WriteHtmlCacheBehavior [ RunTime:0.001000s ]
INFO: [ view_filter ] --END-- [ RunTime:0.001000s ]
INFO: [ app_end ] --START--
INFO: Run Behavior\ShowPageTraceBehavior [ RunTime:0.001000s ]
INFO: [ app_end ] --END-- [ RunTime:0.001000s ]

[ 2017-03-01T17:37:53+08:00 ] ::1 /hizhu/Jobowner/jobownerVerifyList/no/6/leftno/111.html
INFO: [ app_init ] --START--
INFO: Run Behavior\BuildLiteBehavior [ RunTime:0.000000s ]
INFO: [ app_init ] --END-- [ RunTime:0.000000s ]
INFO: [ app_begin ] --START--
INFO: Run Behavior\ReadHtmlCacheBehavior [ RunTime:0.001000s ]
INFO: [ app_begin ] --END-- [ RunTime:0.001000s ]
SQL: SHOW COLUMNS FROM `admin_user` [ RunTime:0.018001s ]
SQL: SELECT * FROM `admin_user` WHERE `user_name` = 'admin' LIMIT 1   [ RunTime:0.009000s ]
SQL: SHOW COLUMNS FROM `customerinfocheck` [ RunTime:0.010000s ]
SQL: SELECT COUNT(*) AS tp_count FROM `customerinfocheck` WHERE `city_code` = '001009001' LIMIT 1   [ RunTime:0.009001s ]
SQL: SELECT `customer_id`,`mobile`,`true_name`,`house_type`,`house_num`,`pay_type`,`create_time`,`oper_man_name`,`refuse_status` FROM `customerinfocheck` WHERE `city_code` = '001009001' ORDER BY create_time desc LIMIT 0,10   [ RunTime:0.010001s ]
INFO: [ view_parse ] --START--
INFO: [ template_filter ] --START--
INFO: Run Behavior\ContentReplaceBehavior [ RunTime:0.000000s ]
INFO: [ template_filter ] --END-- [ RunTime:0.000000s ]
NOTIC: [8] Use of undefined constant id - assumed 'id' D:\wamp\www\hizhu\Application\Runtime\Cache\Home\316a5786913f8387a37abfc83dbd5123.php 第 116 行.
NOTIC: [8] Undefined index: id D:\wamp\www\hizhu\Application\Runtime\Cache\Home\316a5786913f8387a37abfc83dbd5123.php 第 116 行.
NOTIC: [8] Use of undefined constant id - assumed 'id' D:\wamp\www\hizhu\Application\Runtime\Cache\Home\316a5786913f8387a37abfc83dbd5123.php 第 117 行.
NOTIC: [8] Undefined index: id D:\wamp\www\hizhu\Application\Runtime\Cache\Home\316a5786913f8387a37abfc83dbd5123.php 第 117 行.
INFO: Run Behavior\ParseTemplateBehavior [ RunTime:0.026001s ]
INFO: [ view_parse ] --END-- [ RunTime:0.027001s ]
INFO: [ view_filter ] --START--
INFO: Run Behavior\WriteHtmlCacheBehavior [ RunTime:0.000000s ]
INFO: [ view_filter ] --END-- [ RunTime:0.000000s ]
INFO: [ app_end ] --START--
INFO: Run Behavior\ShowPageTraceBehavior [ RunTime:0.000000s ]
INFO: [ app_end ] --END-- [ RunTime:0.000000s ]

[ 2017-03-01T17:39:38+08:00 ] ::1 /hizhu/Jobowner/jobownerVerifyList/no/6/leftno/111.html
INFO: [ app_init ] --START--
INFO: Run Behavior\BuildLiteBehavior [ RunTime:0.000000s ]
INFO: [ app_init ] --END-- [ RunTime:0.001000s ]
INFO: [ app_begin ] --START--
INFO: Run Behavior\ReadHtmlCacheBehavior [ RunTime:0.001000s ]
INFO: [ app_begin ] --END-- [ RunTime:0.001000s ]
SQL: SHOW COLUMNS FROM `admin_user` [ RunTime:0.016001s ]
SQL: SELECT * FROM `admin_user` WHERE `user_name` = 'admin' LIMIT 1   [ RunTime:0.016001s ]
SQL: SHOW COLUMNS FROM `customerinfocheck` [ RunTime:0.010000s ]
SQL: SELECT COUNT(*) AS tp_count FROM `customerinfocheck` WHERE `city_code` = '001009001' LIMIT 1   [ RunTime:0.063004s ]
SQL: SELECT `customer_id`,`mobile`,`true_name`,`house_type`,`house_num`,`pay_type`,`create_time`,`oper_man_name`,`refuse_status` FROM `customerinfocheck` WHERE `city_code` = '001009001' ORDER BY create_time desc LIMIT 0,10   [ RunTime:0.026002s ]
INFO: [ view_parse ] --START--
INFO: [ template_filter ] --START--
INFO: Run Behavior\ContentReplaceBehavior [ RunTime:0.000000s ]
INFO: [ template_filter ] --END-- [ RunTime:0.001000s ]
INFO: Run Behavior\ParseTemplateBehavior [ RunTime:0.024001s ]
INFO: [ view_parse ] --END-- [ RunTime:0.024001s ]
INFO: [ view_filter ] --START--
INFO: Run Behavior\WriteHtmlCacheBehavior [ RunTime:0.000000s ]
INFO: [ view_filter ] --END-- [ RunTime:0.001000s ]
INFO: [ app_end ] --START--
INFO: Run Behavior\ShowPageTraceBehavior [ RunTime:0.000000s ]
INFO: [ app_end ] --END-- [ RunTime:0.001000s ]

[ 2017-03-01T17:40:03+08:00 ] ::1 /hizhu/Jobowner/jobownerVerifyList/no/6/leftno/111.html
INFO: [ app_init ] --START--
INFO: Run Behavior\BuildLiteBehavior [ RunTime:0.000000s ]
INFO: [ app_init ] --END-- [ RunTime:0.001000s ]
INFO: [ app_begin ] --START--
INFO: Run Behavior\ReadHtmlCacheBehavior [ RunTime:0.001000s ]
INFO: [ app_begin ] --END-- [ RunTime:0.001000s ]
SQL: SHOW COLUMNS FROM `admin_user` [ RunTime:0.217012s ]
SQL: SELECT * FROM `admin_user` WHERE `user_name` = 'admin' LIMIT 1   [ RunTime:0.185011s ]
SQL: SHOW COLUMNS FROM `customerinfocheck` [ RunTime:0.014001s ]
SQL: SELECT COUNT(*) AS tp_count FROM `customerinfocheck` WHERE `city_code` = '001009001' LIMIT 1   [ RunTime:0.019001s ]
SQL: SELECT `customer_id`,`mobile`,`true_name`,`house_type`,`house_num`,`pay_type`,`create_time`,`oper_man_name`,`refuse_status` FROM `customerinfocheck` WHERE `city_code` = '001009001' ORDER BY create_time desc LIMIT 0,10   [ RunTime:0.014001s ]
INFO: [ view_parse ] --START--
INFO: [ template_filter ] --START--
INFO: Run Behavior\ContentReplaceBehavior [ RunTime:0.000000s ]
INFO: [ template_filter ] --END-- [ RunTime:0.000000s ]
NOTIC: [8] Use of undefined constant id - assumed 'id' D:\wamp\www\hizhu\Application\Runtime\Cache\Home\316a5786913f8387a37abfc83dbd5123.php 第 123 行.
NOTIC: [8] Undefined index: id D:\wamp\www\hizhu\Application\Runtime\Cache\Home\316a5786913f8387a37abfc83dbd5123.php 第 123 行.
INFO: Run Behavior\ParseTemplateBehavior [ RunTime:0.022001s ]
INFO: [ view_parse ] --END-- [ RunTime:0.022001s ]
INFO: [ view_filter ] --START--
INFO: Run Behavior\WriteHtmlCacheBehavior [ RunTime:0.000000s ]
INFO: [ view_filter ] --END-- [ RunTime:0.001000s ]
INFO: [ app_end ] --START--
INFO: Run Behavior\ShowPageTraceBehavior [ RunTime:0.000000s ]
INFO: [ app_end ] --END-- [ RunTime:0.000000s ]

[ 2017-03-01T17:43:57+08:00 ] ::1 /hizhu/Jobowner/jobownerVerifyList/no/6/leftno/111.html
INFO: [ app_init ] --START--
INFO: Run Behavior\BuildLiteBehavior [ RunTime:0.000000s ]
INFO: [ app_init ] --END-- [ RunTime:0.000000s ]
INFO: [ app_begin ] --START--
INFO: Run Behavior\ReadHtmlCacheBehavior [ RunTime:0.001000s ]
INFO: [ app_begin ] --END-- [ RunTime:0.001000s ]
SQL: SHOW COLUMNS FROM `admin_user` [ RunTime:0.075005s ]
SQL: SELECT * FROM `admin_user` WHERE `user_name` = 'admin' LIMIT 1   [ RunTime:0.073004s ]
SQL: SHOW COLUMNS FROM `customerinfocheck` [ RunTime:0.068004s ]
SQL: SELECT COUNT(*) AS tp_count FROM `customerinfocheck` WHERE `city_code` = '001009001' LIMIT 1   [ RunTime:0.037002s ]
SQL: SELECT `customer_id`,`mobile`,`true_name`,`house_type`,`house_num`,`pay_type`,`create_time`,`oper_man_name`,`refuse_status` FROM `customerinfocheck` WHERE `city_code` = '001009001' ORDER BY create_time desc LIMIT 0,10   [ RunTime:0.069004s ]
INFO: [ view_parse ] --START--
INFO: [ template_filter ] --START--
INFO: Run Behavior\ContentReplaceBehavior [ RunTime:0.000000s ]
INFO: [ template_filter ] --END-- [ RunTime:0.000000s ]
NOTIC: [8] Use of undefined constant id - assumed 'id' D:\wamp\www\hizhu\Application\Runtime\Cache\Home\316a5786913f8387a37abfc83dbd5123.php 第 116 行.
NOTIC: [8] Undefined index: id D:\wamp\www\hizhu\Application\Runtime\Cache\Home\316a5786913f8387a37abfc83dbd5123.php 第 116 行.
NOTIC: [8] Use of undefined constant id - assumed 'id' D:\wamp\www\hizhu\Application\Runtime\Cache\Home\316a5786913f8387a37abfc83dbd5123.php 第 117 行.
NOTIC: [8] Undefined index: id D:\wamp\www\hizhu\Application\Runtime\Cache\Home\316a5786913f8387a37abfc83dbd5123.php 第 117 行.
NOTIC: [8] Use of undefined constant id - assumed 'id' D:\wamp\www\hizhu\Application\Runtime\Cache\Home\316a5786913f8387a37abfc83dbd5123.php 第 123 行.
NOTIC: [8] Undefined index: id D:\wamp\www\hizhu\Application\Runtime\Cache\Home\316a5786913f8387a37abfc83dbd5123.php 第 123 行.
NOTIC: [8] Use of undefined constant id - assumed 'id' D:\wamp\www\hizhu\Application\Runtime\Cache\Home\316a5786913f8387a37abfc83dbd5123.php 第 116 行.
NOTIC: [8] Undefined index: id D:\wamp\www\hizhu\Application\Runtime\Cache\Home\316a5786913f8387a37abfc83dbd5123.php 第 116 行.
NOTIC: [8] Use of undefined constant id - assumed 'id' D:\wamp\www\hizhu\Application\Runtime\Cache\Home\316a5786913f8387a37abfc83dbd5123.php 第 117 行.
NOTIC: [8] Undefined index: id D:\wamp\www\hizhu\Application\Runtime\Cache\Home\316a5786913f8387a37abfc83dbd5123.php 第 117 行.
INFO: Run Behavior\ParseTemplateBehavior [ RunTime:0.027002s ]
INFO: [ view_parse ] --END-- [ RunTime:0.027002s ]
INFO: [ view_filter ] --START--
INFO: Run Behavior\WriteHtmlCacheBehavior [ RunTime:0.001000s ]
INFO: [ view_filter ] --END-- [ RunTime:0.001000s ]
INFO: [ app_end ] --START--
INFO: Run Behavior\ShowPageTraceBehavior [ RunTime:0.001000s ]
INFO: [ app_end ] --END-- [ RunTime:0.001000s ]

[ 2017-03-01T17:44:58+08:00 ] ::1 /hizhu/Jobowner/jobownerVerifyList.html?no=162&leftno=164&startTime=2017-03-01&endTime=2017-03-01&mobile=
INFO: [ app_init ] --START--
INFO: Run Behavior\BuildLiteBehavior [ RunTime:0.000000s ]
INFO: [ app_init ] --END-- [ RunTime:0.001000s ]
INFO: [ app_begin ] --START--
INFO: Run Behavior\ReadHtmlCacheBehavior [ RunTime:0.001000s ]
INFO: [ app_begin ] --END-- [ RunTime:0.001000s ]
SQL: SHOW COLUMNS FROM `admin_user` [ RunTime:0.010001s ]
SQL: SELECT * FROM `admin_user` WHERE `user_name` = 'admin' LIMIT 1   [ RunTime:0.010001s ]
SQL: SHOW COLUMNS FROM `customerinfocheck` [ RunTime:0.071004s ]
SQL: SELECT COUNT(*) AS tp_count FROM `customerinfocheck` WHERE `city_code` = '001009001' AND ( `create_time` > 1488297600 AND `create_time` < 1488384000  ) LIMIT 1   [ RunTime:0.074005s ]
SQL: SELECT `customer_id`,`mobile`,`true_name`,`house_type`,`house_num`,`pay_type`,`create_time`,`oper_man_name`,`refuse_status` FROM `customerinfocheck` WHERE `city_code` = '001009001' AND ( `create_time` > 1488297600 AND `create_time` < 1488384000  ) ORDER BY create_time desc LIMIT 0,10   [ RunTime:0.193011s ]
INFO: [ view_parse ] --START--
INFO: [ template_filter ] --START--
INFO: Run Behavior\ContentReplaceBehavior [ RunTime:0.001000s ]
INFO: [ template_filter ] --END-- [ RunTime:0.001000s ]
NOTIC: [8] Use of undefined constant id - assumed 'id' D:\wamp\www\hizhu\Application\Runtime\Cache\Home\316a5786913f8387a37abfc83dbd5123.php 第 116 行.
NOTIC: [8] Undefined index: id D:\wamp\www\hizhu\Application\Runtime\Cache\Home\316a5786913f8387a37abfc83dbd5123.php 第 116 行.
NOTIC: [8] Use of undefined constant id - assumed 'id' D:\wamp\www\hizhu\Application\Runtime\Cache\Home\316a5786913f8387a37abfc83dbd5123.php 第 117 行.
NOTIC: [8] Undefined index: id D:\wamp\www\hizhu\Application\Runtime\Cache\Home\316a5786913f8387a37abfc83dbd5123.php 第 117 行.
INFO: Run Behavior\ParseTemplateBehavior [ RunTime:0.031002s ]
INFO: [ view_parse ] --END-- [ RunTime:0.032002s ]
INFO: [ view_filter ] --START--
INFO: Run Behavior\WriteHtmlCacheBehavior [ RunTime:0.000000s ]
INFO: [ view_filter ] --END-- [ RunTime:0.000000s ]
INFO: [ app_end ] --START--
INFO: Run Behavior\ShowPageTraceBehavior [ RunTime:0.000000s ]
INFO: [ app_end ] --END-- [ RunTime:0.000000s ]

[ 2017-03-01T17:45:05+08:00 ] ::1 /hizhu/Jobowner/jobownerVerifyList.html?no=162&leftno=164&startTime=2017-02-01&endTime=2017-03-01&mobile=
INFO: [ app_init ] --START--
INFO: Run Behavior\BuildLiteBehavior [ RunTime:0.000000s ]
INFO: [ app_init ] --END-- [ RunTime:0.000000s ]
INFO: [ app_begin ] --START--
INFO: Run Behavior\ReadHtmlCacheBehavior [ RunTime:0.000000s ]
INFO: [ app_begin ] --END-- [ RunTime:0.000000s ]
SQL: SHOW COLUMNS FROM `admin_user` [ RunTime:0.011001s ]
SQL: SELECT * FROM `admin_user` WHERE `user_name` = 'admin' LIMIT 1   [ RunTime:0.010001s ]
SQL: SHOW COLUMNS FROM `customerinfocheck` [ RunTime:0.010000s ]
SQL: SELECT COUNT(*) AS tp_count FROM `customerinfocheck` WHERE `city_code` = '001009001' AND ( `create_time` > 1485878400 AND `create_time` < 1488384000  ) LIMIT 1   [ RunTime:0.013001s ]
SQL: SELECT `customer_id`,`mobile`,`true_name`,`house_type`,`house_num`,`pay_type`,`create_time`,`oper_man_name`,`refuse_status` FROM `customerinfocheck` WHERE `city_code` = '001009001' AND ( `create_time` > 1485878400 AND `create_time` < 1488384000  ) ORDER BY create_time desc LIMIT 0,10   [ RunTime:0.011001s ]
INFO: [ view_parse ] --START--
INFO: [ template_filter ] --START--
INFO: Run Behavior\ContentReplaceBehavior [ RunTime:0.000000s ]
INFO: [ template_filter ] --END-- [ RunTime:0.000000s ]
NOTIC: [8] Use of undefined constant id - assumed 'id' D:\wamp\www\hizhu\Application\Runtime\Cache\Home\316a5786913f8387a37abfc83dbd5123.php 第 116 行.
NOTIC: [8] Undefined index: id D:\wamp\www\hizhu\Application\Runtime\Cache\Home\316a5786913f8387a37abfc83dbd5123.php 第 116 行.
NOTIC: [8] Use of undefined constant id - assumed 'id' D:\wamp\www\hizhu\Application\Runtime\Cache\Home\316a5786913f8387a37abfc83dbd5123.php 第 117 行.
NOTIC: [8] Undefined index: id D:\wamp\www\hizhu\Application\Runtime\Cache\Home\316a5786913f8387a37abfc83dbd5123.php 第 117 行.
NOTIC: [8] Use of undefined constant id - assumed 'id' D:\wamp\www\hizhu\Application\Runtime\Cache\Home\316a5786913f8387a37abfc83dbd5123.php 第 123 行.
NOTIC: [8] Undefined index: id D:\wamp\www\hizhu\Application\Runtime\Cache\Home\316a5786913f8387a37abfc83dbd5123.php 第 123 行.
NOTIC: [8] Use of undefined constant id - assumed 'id' D:\wamp\www\hizhu\Application\Runtime\Cache\Home\316a5786913f8387a37abfc83dbd5123.php 第 116 行.
NOTIC: [8] Undefined index: id D:\wamp\www\hizhu\Application\Runtime\Cache\Home\316a5786913f8387a37abfc83dbd5123.php 第 116 行.
NOTIC: [8] Use of undefined constant id - assumed 'id' D:\wamp\www\hizhu\Application\Runtime\Cache\Home\316a5786913f8387a37abfc83dbd5123.php 第 117 行.
NOTIC: [8] Undefined index: id D:\wamp\www\hizhu\Application\Runtime\Cache\Home\316a5786913f8387a37abfc83dbd5123.php 第 117 行.
INFO: Run Behavior\ParseTemplateBehavior [ RunTime:0.028002s ]
INFO: [ view_parse ] --END-- [ RunTime:0.028002s ]
INFO: [ view_filter ] --START--
INFO: Run Behavior\WriteHtmlCacheBehavior [ RunTime:0.000000s ]
INFO: [ view_filter ] --END-- [ RunTime:0.001000s ]
INFO: [ app_end ] --START--
INFO: Run Behavior\ShowPageTraceBehavior [ RunTime:0.001000s ]
INFO: [ app_end ] --END-- [ RunTime:0.001000s ]

[ 2017-03-01T17:45:16+08:00 ] ::1 /hizhu/Jobowner/jobownerVerifyList.html?no=162&leftno=164&startTime=2017-02-01&endTime=2017-03-01&mobile=13764919761
INFO: [ app_init ] --START--
INFO: Run Behavior\BuildLiteBehavior [ RunTime:0.000000s ]
INFO: [ app_init ] --END-- [ RunTime:0.001000s ]
INFO: [ app_begin ] --START--
INFO: Run Behavior\ReadHtmlCacheBehavior [ RunTime:0.000000s ]
INFO: [ app_begin ] --END-- [ RunTime:0.000000s ]
SQL: SHOW COLUMNS FROM `admin_user` [ RunTime:0.018001s ]
SQL: SELECT * FROM `admin_user` WHERE `user_name` = 'admin' LIMIT 1   [ RunTime:0.008001s ]
SQL: SHOW COLUMNS FROM `customerinfocheck` [ RunTime:0.014001s ]
SQL: SELECT COUNT(*) AS tp_count FROM `customerinfocheck` WHERE `city_code` = '001009001' AND ( `create_time` > 1485878400 AND `create_time` < 1488384000  ) AND `mobile` = '13764919761' LIMIT 1   [ RunTime:0.009000s ]
SQL: SELECT `customer_id`,`mobile`,`true_name`,`house_type`,`house_num`,`pay_type`,`create_time`,`oper_man_name`,`refuse_status` FROM `customerinfocheck` WHERE `city_code` = '001009001' AND ( `create_time` > 1485878400 AND `create_time` < 1488384000  ) AND `mobile` = '13764919761' ORDER BY create_time desc LIMIT 0,10   [ RunTime:0.010000s ]
INFO: [ view_parse ] --START--
INFO: [ template_filter ] --START--
INFO: Run Behavior\ContentReplaceBehavior [ RunTime:0.001000s ]
INFO: [ template_filter ] --END-- [ RunTime:0.001000s ]
NOTIC: [8] Use of undefined constant id - assumed 'id' D:\wamp\www\hizhu\Application\Runtime\Cache\Home\316a5786913f8387a37abfc83dbd5123.php 第 116 行.
NOTIC: [8] Undefined index: id D:\wamp\www\hizhu\Application\Runtime\Cache\Home\316a5786913f8387a37abfc83dbd5123.php 第 116 行.
NOTIC: [8] Use of undefined constant id - assumed 'id' D:\wamp\www\hizhu\Application\Runtime\Cache\Home\316a5786913f8387a37abfc83dbd5123.php 第 117 行.
NOTIC: [8] Undefined index: id D:\wamp\www\hizhu\Application\Runtime\Cache\Home\316a5786913f8387a37abfc83dbd5123.php 第 117 行.
INFO: Run Behavior\ParseTemplateBehavior [ RunTime:0.025002s ]
INFO: [ view_parse ] --END-- [ RunTime:0.025002s ]
INFO: [ view_filter ] --START--
INFO: Run Behavior\WriteHtmlCacheBehavior [ RunTime:0.001000s ]
INFO: [ view_filter ] --END-- [ RunTime:0.001000s ]
INFO: [ app_end ] --START--
INFO: Run Behavior\ShowPageTraceBehavior [ RunTime:0.001000s ]
INFO: [ app_end ] --END-- [ RunTime:0.001000s ]

[ 2017-03-01T17:59:24+08:00 ] ::1 /hizhu/Jobowner/jobownerVerifyList.html?no=162&leftno=164&startTime=2017-02-01&endTime=2017-03-01&mobile=13764919761
INFO: [ app_init ] --START--
INFO: Run Behavior\BuildLiteBehavior [ RunTime:0.000000s ]
INFO: [ app_init ] --END-- [ RunTime:0.000000s ]
INFO: [ app_begin ] --START--
INFO: Run Behavior\ReadHtmlCacheBehavior [ RunTime:0.001000s ]
INFO: [ app_begin ] --END-- [ RunTime:0.001000s ]
SQL: SHOW COLUMNS FROM `admin_user` [ RunTime:0.018001s ]
SQL: SELECT * FROM `admin_user` WHERE `user_name` = 'admin' LIMIT 1   [ RunTime:0.009001s ]
SQL: SHOW COLUMNS FROM `customerinfocheck` [ RunTime:0.010000s ]
SQL: SELECT COUNT(*) AS tp_count FROM `customerinfocheck` WHERE `city_code` = '001009001' AND ( `create_time` > 1485878400 AND `create_time` < 1488384000  ) AND `mobile` = '13764919761' LIMIT 1   [ RunTime:0.009000s ]
SQL: SELECT `id`,`customer_id`,`mobile`,`true_name`,`house_type`,`house_num`,`pay_type`,`create_time`,`oper_man_name`,`refuse_status` FROM `customerinfocheck` WHERE `city_code` = '001009001' AND ( `create_time` > 1485878400 AND `create_time` < 1488384000  ) AND `mobile` = '13764919761' ORDER BY create_time desc LIMIT 0,10   [ RunTime:0.023002s ]
INFO: [ view_parse ] --START--
INFO: [ template_filter ] --START--
INFO: Run Behavior\ContentReplaceBehavior [ RunTime:0.000000s ]
INFO: [ template_filter ] --END-- [ RunTime:0.001000s ]
NOTIC: [8] Use of undefined constant id - assumed 'id' D:\wamp\www\hizhu\Application\Runtime\Cache\Home\316a5786913f8387a37abfc83dbd5123.php 第 117 行.
NOTIC: [8] Use of undefined constant id - assumed 'id' D:\wamp\www\hizhu\Application\Runtime\Cache\Home\316a5786913f8387a37abfc83dbd5123.php 第 118 行.
INFO: Run Behavior\ParseTemplateBehavior [ RunTime:0.025001s ]
INFO: [ view_parse ] --END-- [ RunTime:0.025001s ]
INFO: [ view_filter ] --START--
INFO: Run Behavior\WriteHtmlCacheBehavior [ RunTime:0.001000s ]
INFO: [ view_filter ] --END-- [ RunTime:0.001000s ]
INFO: [ app_end ] --START--
INFO: Run Behavior\ShowPageTraceBehavior [ RunTime:0.001000s ]
INFO: [ app_end ] --END-- [ RunTime:0.001000s ]

[ 2017-03-01T17:59:53+08:00 ] ::1 /hizhu/Jobowner/jobownerVerifyList.html?no=162&leftno=164&startTime=2017-03-01&endTime=2017-03-03&mobile=13764919761
INFO: [ app_init ] --START--
INFO: Run Behavior\BuildLiteBehavior [ RunTime:0.000000s ]
INFO: [ app_init ] --END-- [ RunTime:0.001000s ]
INFO: [ app_begin ] --START--
INFO: Run Behavior\ReadHtmlCacheBehavior [ RunTime:0.001000s ]
INFO: [ app_begin ] --END-- [ RunTime:0.001000s ]
SQL: SHOW COLUMNS FROM `admin_user` [ RunTime:0.090006s ]
SQL: SELECT * FROM `admin_user` WHERE `user_name` = 'admin' LIMIT 1   [ RunTime:0.060003s ]
SQL: SHOW COLUMNS FROM `customerinfocheck` [ RunTime:0.392023s ]
SQL: SELECT COUNT(*) AS tp_count FROM `customerinfocheck` WHERE `city_code` = '001009001' AND ( `create_time` > 1488297600 AND `create_time` < 1488556800  ) AND `mobile` = '13764919761' LIMIT 1   [ RunTime:0.173010s ]
SQL: SELECT `id`,`customer_id`,`mobile`,`true_name`,`house_type`,`house_num`,`pay_type`,`create_time`,`oper_man_name`,`refuse_status` FROM `customerinfocheck` WHERE `city_code` = '001009001' AND ( `create_time` > 1488297600 AND `create_time` < 1488556800  ) AND `mobile` = '13764919761' ORDER BY create_time desc LIMIT 0,10   [ RunTime:0.105006s ]
INFO: [ view_parse ] --START--
INFO: [ template_filter ] --START--
INFO: Run Behavior\ContentReplaceBehavior [ RunTime:0.000000s ]
INFO: [ template_filter ] --END-- [ RunTime:0.000000s ]
NOTIC: [8] Use of undefined constant id - assumed 'id' D:\wamp\www\hizhu\Application\Runtime\Cache\Home\316a5786913f8387a37abfc83dbd5123.php 第 117 行.
NOTIC: [8] Use of undefined constant id - assumed 'id' D:\wamp\www\hizhu\Application\Runtime\Cache\Home\316a5786913f8387a37abfc83dbd5123.php 第 118 行.
INFO: Run Behavior\ParseTemplateBehavior [ RunTime:0.023001s ]
INFO: [ view_parse ] --END-- [ RunTime:0.023001s ]
INFO: [ view_filter ] --START--
INFO: Run Behavior\WriteHtmlCacheBehavior [ RunTime:0.000000s ]
INFO: [ view_filter ] --END-- [ RunTime:0.001000s ]
INFO: [ app_end ] --START--
INFO: Run Behavior\ShowPageTraceBehavior [ RunTime:0.001000s ]
INFO: [ app_end ] --END-- [ RunTime:0.001000s ]

[ 2017-03-01T18:00:03+08:00 ] ::1 /hizhu/Customer/authenticationList.html?no=6&leftno=33
INFO: [ app_init ] --START--
INFO: Run Behavior\BuildLiteBehavior [ RunTime:0.000000s ]
INFO: [ app_init ] --END-- [ RunTime:0.001000s ]
INFO: [ app_begin ] --START--
INFO: Run Behavior\ReadHtmlCacheBehavior [ RunTime:0.000000s ]
INFO: [ app_begin ] --END-- [ RunTime:0.000000s ]
SQL: SHOW COLUMNS FROM `admin_user` [ RunTime:0.068004s ]
SQL: SELECT * FROM `admin_user` WHERE `user_name` = 'admin' LIMIT 1   [ RunTime:0.046003s ]
SQL: SHOW COLUMNS FROM `customer` [ RunTime:0.068004s ]
SQL: SELECT COUNT(*) AS tp_count FROM `customer` WHERE `is_auth` = 1 AND ( `auth_time` > 1427817600 AND `auth_time` < 1743523200  ) LIMIT 1   [ RunTime:0.051003s ]
NOTIC: [2] urlencode() expects parameter 1 to be string, array given D:\wamp\www\hizhu\Application\Home\Controller\CustomerController.class.php 第 44 行.
NOTIC: [2] urlencode() expects parameter 1 to be string, array given D:\wamp\www\hizhu\Application\Home\Controller\CustomerController.class.php 第 44 行.
SQL: SELECT * FROM `customer` WHERE `is_auth` = 1 AND ( `auth_time` > 1427817600 AND `auth_time` < 1743523200  ) ORDER BY auth_time desc LIMIT 0,15   [ RunTime:0.170010s ]
INFO: [ view_parse ] --START--
INFO: [ template_filter ] --START--
INFO: Run Behavior\ContentReplaceBehavior [ RunTime:0.000000s ]
INFO: [ template_filter ] --END-- [ RunTime:0.000000s ]
NOTIC: [8] Undefined index: startTime D:\wamp\www\hizhu\Application\Runtime\Cache\Home\ef908816fe1538536da457bb5abcc42d.php 第 72 行.
NOTIC: [8] Undefined index: endTime D:\wamp\www\hizhu\Application\Runtime\Cache\Home\ef908816fe1538536da457bb5abcc42d.php 第 72 行.
NOTIC: [8] Undefined index: mobile D:\wamp\www\hizhu\Application\Runtime\Cache\Home\ef908816fe1538536da457bb5abcc42d.php 第 74 行.
NOTIC: [8] Undefined index: name D:\wamp\www\hizhu\Application\Runtime\Cache\Home\ef908816fe1538536da457bb5abcc42d.php 第 78 行.
INFO: Run Behavior\ParseTemplateBehavior [ RunTime:0.026002s ]
INFO: [ view_parse ] --END-- [ RunTime:0.026002s ]
INFO: [ view_filter ] --START--
INFO: Run Behavior\WriteHtmlCacheBehavior [ RunTime:0.000000s ]
INFO: [ view_filter ] --END-- [ RunTime:0.001000s ]
INFO: [ app_end ] --START--
INFO: Run Behavior\ShowPageTraceBehavior [ RunTime:0.001000s ]
INFO: [ app_end ] --END-- [ RunTime:0.001000s ]

[ 2017-03-01T18:00:16+08:00 ] ::1 /hizhu/Jobowner/jobownerlist.html?no=6&leftno=111
INFO: [ app_init ] --START--
INFO: Run Behavior\BuildLiteBehavior [ RunTime:0.000000s ]
INFO: [ app_init ] --END-- [ RunTime:0.000000s ]
INFO: [ app_begin ] --START--
INFO: Run Behavior\ReadHtmlCacheBehavior [ RunTime:0.000000s ]
INFO: [ app_begin ] --END-- [ RunTime:0.001001s ]
SQL: SHOW COLUMNS FROM `admin_user` [ RunTime:0.022001s ]
SQL: SELECT * FROM `admin_user` WHERE `user_name` = 'admin' LIMIT 1   [ RunTime:0.017001s ]
INFO: [ view_parse ] --START--
INFO: [ template_filter ] --START--
INFO: Run Behavior\ContentReplaceBehavior [ RunTime:0.000000s ]
INFO: [ template_filter ] --END-- [ RunTime:0.000000s ]
INFO: Run Behavior\ParseTemplateBehavior [ RunTime:0.034002s ]
INFO: [ view_parse ] --END-- [ RunTime:0.034002s ]
INFO: [ view_filter ] --START--
INFO: Run Behavior\WriteHtmlCacheBehavior [ RunTime:0.001000s ]
INFO: [ view_filter ] --END-- [ RunTime:0.001000s ]
INFO: [ app_end ] --START--
INFO: Run Behavior\ShowPageTraceBehavior [ RunTime:0.001001s ]
INFO: [ app_end ] --END-- [ RunTime:0.001001s ]

[ 2017-03-01T18:00:25+08:00 ] ::1 /hizhu/Jobowner/jobownerVerifyList/no/6/leftno/111.html
INFO: [ app_init ] --START--
INFO: Run Behavior\BuildLiteBehavior [ RunTime:0.000000s ]
INFO: [ app_init ] --END-- [ RunTime:0.000000s ]
INFO: [ app_begin ] --START--
INFO: Run Behavior\ReadHtmlCacheBehavior [ RunTime:0.000000s ]
INFO: [ app_begin ] --END-- [ RunTime:0.000000s ]
SQL: SHOW COLUMNS FROM `admin_user` [ RunTime:0.056003s ]
SQL: SELECT * FROM `admin_user` WHERE `user_name` = 'admin' LIMIT 1   [ RunTime:0.044003s ]
SQL: SHOW COLUMNS FROM `customerinfocheck` [ RunTime:0.121007s ]
SQL: SELECT COUNT(*) AS tp_count FROM `customerinfocheck` WHERE `city_code` = '001009001' LIMIT 1   [ RunTime:0.119006s ]
SQL: SELECT `id`,`customer_id`,`mobile`,`true_name`,`house_type`,`house_num`,`pay_type`,`create_time`,`oper_man_name`,`refuse_status` FROM `customerinfocheck` WHERE `city_code` = '001009001' ORDER BY create_time desc LIMIT 0,10   [ RunTime:0.689039s ]
INFO: [ view_parse ] --START--
INFO: [ template_filter ] --START--
INFO: Run Behavior\ContentReplaceBehavior [ RunTime:0.000000s ]
INFO: [ template_filter ] --END-- [ RunTime:0.001000s ]
NOTIC: [8] Use of undefined constant id - assumed 'id' D:\wamp\www\hizhu\Application\Runtime\Cache\Home\316a5786913f8387a37abfc83dbd5123.php 第 117 行.
NOTIC: [8] Use of undefined constant id - assumed 'id' D:\wamp\www\hizhu\Application\Runtime\Cache\Home\316a5786913f8387a37abfc83dbd5123.php 第 118 行.
NOTIC: [8] Use of undefined constant id - assumed 'id' D:\wamp\www\hizhu\Application\Runtime\Cache\Home\316a5786913f8387a37abfc83dbd5123.php 第 124 行.
NOTIC: [8] Use of undefined constant id - assumed 'id' D:\wamp\www\hizhu\Application\Runtime\Cache\Home\316a5786913f8387a37abfc83dbd5123.php 第 117 行.
NOTIC: [8] Use of undefined constant id - assumed 'id' D:\wamp\www\hizhu\Application\Runtime\Cache\Home\316a5786913f8387a37abfc83dbd5123.php 第 118 行.
INFO: Run Behavior\ParseTemplateBehavior [ RunTime:0.023001s ]
INFO: [ view_parse ] --END-- [ RunTime:0.023001s ]
INFO: [ view_filter ] --START--
INFO: Run Behavior\WriteHtmlCacheBehavior [ RunTime:0.000000s ]
INFO: [ view_filter ] --END-- [ RunTime:0.000000s ]
INFO: [ app_end ] --START--
INFO: Run Behavior\ShowPageTraceBehavior [ RunTime:0.000000s ]
INFO: [ app_end ] --END-- [ RunTime:0.000000s ]

[ 2017-03-01T18:01:10+08:00 ] ::1 /hizhu/Jobowner/jobownerVerifyList/no/6/leftno/111.html
INFO: [ app_init ] --START--
INFO: Run Behavior\BuildLiteBehavior [ RunTime:0.000000s ]
INFO: [ app_init ] --END-- [ RunTime:0.000000s ]
INFO: [ app_begin ] --START--
INFO: Run Behavior\ReadHtmlCacheBehavior [ RunTime:0.000000s ]
INFO: [ app_begin ] --END-- [ RunTime:0.001000s ]
SQL: SHOW COLUMNS FROM `admin_user` [ RunTime:0.041002s ]
SQL: SELECT * FROM `admin_user` WHERE `user_name` = 'admin' LIMIT 1   [ RunTime:0.011001s ]
SQL: SHOW COLUMNS FROM `customerinfocheck` [ RunTime:0.056003s ]
SQL: SELECT COUNT(*) AS tp_count FROM `customerinfocheck` WHERE `city_code` = '001009001' LIMIT 1   [ RunTime:0.080004s ]
SQL: SELECT `id`,`customer_id`,`mobile`,`true_name`,`house_type`,`house_num`,`pay_type`,`create_time`,`oper_man_name`,`refuse_status` FROM `customerinfocheck` WHERE `city_code` = '001009001' ORDER BY create_time desc LIMIT 0,10   [ RunTime:0.102006s ]
INFO: [ view_parse ] --START--
INFO: [ template_filter ] --START--
INFO: Run Behavior\ContentReplaceBehavior [ RunTime:0.000000s ]
INFO: [ template_filter ] --END-- [ RunTime:0.000000s ]
NOTIC: [8] Use of undefined constant id - assumed 'id' D:\wamp\www\hizhu\Application\Runtime\Cache\Home\316a5786913f8387a37abfc83dbd5123.php 第 117 行.
NOTIC: [8] Use of undefined constant id - assumed 'id' D:\wamp\www\hizhu\Application\Runtime\Cache\Home\316a5786913f8387a37abfc83dbd5123.php 第 118 行.
NOTIC: [8] Use of undefined constant id - assumed 'id' D:\wamp\www\hizhu\Application\Runtime\Cache\Home\316a5786913f8387a37abfc83dbd5123.php 第 124 行.
NOTIC: [8] Use of undefined constant id - assumed 'id' D:\wamp\www\hizhu\Application\Runtime\Cache\Home\316a5786913f8387a37abfc83dbd5123.php 第 117 行.
NOTIC: [8] Use of undefined constant id - assumed 'id' D:\wamp\www\hizhu\Application\Runtime\Cache\Home\316a5786913f8387a37abfc83dbd5123.php 第 118 行.
INFO: Run Behavior\ParseTemplateBehavior [ RunTime:0.026002s ]
INFO: [ view_parse ] --END-- [ RunTime:0.026002s ]
INFO: [ view_filter ] --START--
INFO: Run Behavior\WriteHtmlCacheBehavior [ RunTime:0.001000s ]
INFO: [ view_filter ] --END-- [ RunTime:0.001000s ]
INFO: [ app_end ] --START--
INFO: Run Behavior\ShowPageTraceBehavior [ RunTime:0.000000s ]
INFO: [ app_end ] --END-- [ RunTime:0.002000s ]

[ 2017-03-01T18:01:41+08:00 ] ::1 /hizhu/Jobowner/jobownerVerifyList/no/6/leftno/111.html
INFO: [ app_init ] --START--
INFO: Run Behavior\BuildLiteBehavior [ RunTime:0.000000s ]
INFO: [ app_init ] --END-- [ RunTime:0.001000s ]
INFO: [ app_begin ] --START--
INFO: Run Behavior\ReadHtmlCacheBehavior [ RunTime:0.001000s ]
INFO: [ app_begin ] --END-- [ RunTime:0.001000s ]
SQL: SHOW COLUMNS FROM `admin_user` [ RunTime:0.131008s ]
SQL: SELECT * FROM `admin_user` WHERE `user_name` = 'admin' LIMIT 1   [ RunTime:0.195011s ]
SQL: SHOW COLUMNS FROM `customerinfocheck` [ RunTime:0.025001s ]
SQL: SELECT COUNT(*) AS tp_count FROM `customerinfocheck` WHERE `city_code` = '001009001' LIMIT 1   [ RunTime:0.016001s ]
SQL: SELECT `id`,`customer_id`,`mobile`,`true_name`,`house_type`,`house_num`,`pay_type`,`create_time`,`oper_man_name`,`refuse_status` FROM `customerinfocheck` WHERE `city_code` = '001009001' ORDER BY create_time desc LIMIT 0,10   [ RunTime:0.020001s ]
INFO: [ view_parse ] --START--
INFO: [ template_filter ] --START--
INFO: Run Behavior\ContentReplaceBehavior [ RunTime:0.000000s ]
INFO: [ template_filter ] --END-- [ RunTime:0.000000s ]
NOTIC: [8] Use of undefined constant id - assumed 'id' D:\wamp\www\hizhu\Application\Runtime\Cache\Home\316a5786913f8387a37abfc83dbd5123.php 第 117 行.
NOTIC: [8] Use of undefined constant id - assumed 'id' D:\wamp\www\hizhu\Application\Runtime\Cache\Home\316a5786913f8387a37abfc83dbd5123.php 第 118 行.
NOTIC: [8] Use of undefined constant id - assumed 'id' D:\wamp\www\hizhu\Application\Runtime\Cache\Home\316a5786913f8387a37abfc83dbd5123.php 第 124 行.
NOTIC: [8] Use of undefined constant id - assumed 'id' D:\wamp\www\hizhu\Application\Runtime\Cache\Home\316a5786913f8387a37abfc83dbd5123.php 第 117 行.
NOTIC: [8] Use of undefined constant id - assumed 'id' D:\wamp\www\hizhu\Application\Runtime\Cache\Home\316a5786913f8387a37abfc83dbd5123.php 第 118 行.
INFO: Run Behavior\ParseTemplateBehavior [ RunTime:0.024002s ]
INFO: [ view_parse ] --END-- [ RunTime:0.024002s ]
INFO: [ view_filter ] --START--
INFO: Run Behavior\WriteHtmlCacheBehavior [ RunTime:0.001000s ]
INFO: [ view_filter ] --END-- [ RunTime:0.001000s ]
INFO: [ app_end ] --START--
INFO: Run Behavior\ShowPageTraceBehavior [ RunTime:0.001000s ]
INFO: [ app_end ] --END-- [ RunTime:0.001000s ]

