[ 2017-03-21T23:46:07+08:00 ] ::1 /hizhu/admin.php
INFO: [ app_init ] --START--
INFO: Run Behavior\BuildLiteBehavior [ RunTime:0.000000s ]
INFO: [ app_init ] --END-- [ RunTime:0.000000s ]
INFO: [ app_begin ] --START--
INFO: Run Behavior\ReadHtmlCacheBehavior [ RunTime:0.001000s ]
INFO: [ app_begin ] --END-- [ RunTime:0.001000s ]
INFO: [ view_parse ] --START--
INFO: [ template_filter ] --START--
INFO: Run Behavior\ContentReplaceBehavior [ RunTime:0.000000s ]
INFO: [ template_filter ] --END-- [ RunTime:0.001000s ]
INFO: Run Behavior\ParseTemplateBehavior [ RunTime:0.009001s ]
INFO: [ view_parse ] --END-- [ RunTime:0.009001s ]
INFO: [ view_filter ] --START--
INFO: Run Behavior\WriteHtmlCacheBehavior [ RunTime:0.000000s ]
INFO: [ view_filter ] --END-- [ RunTime:0.001000s ]
INFO: [ app_end ] --START--
INFO: Run Behavior\ShowPageTraceBehavior [ RunTime:0.001000s ]
INFO: [ app_end ] --END-- [ RunTime:0.001000s ]

[ 2017-03-21T23:46:07+08:00 ] ::1 /hizhu/admin.php/Index/verufy.html
INFO: [ app_init ] --START--
INFO: Run Behavior\BuildLiteBehavior [ RunTime:0.000000s ]
INFO: [ app_init ] --END-- [ RunTime:0.000000s ]
INFO: [ app_begin ] --START--
INFO: Run Behavior\ReadHtmlCacheBehavior [ RunTime:0.001000s ]
INFO: [ app_begin ] --END-- [ RunTime:0.001000s ]
INFO: [ app_end ] --START--
INFO: Run Behavior\ShowPageTraceBehavior [ RunTime:0.000000s ]
INFO: [ app_end ] --END-- [ RunTime:0.002000s ]

[ 2017-03-21T23:46:15+08:00 ] ::1 /hizhu/Index/login.html
INFO: [ app_init ] --START--
INFO: Run Behavior\BuildLiteBehavior [ RunTime:0.000000s ]
INFO: [ app_init ] --END-- [ RunTime:0.000000s ]
INFO: [ app_begin ] --START--
INFO: Run Behavior\ReadHtmlCacheBehavior [ RunTime:0.001000s ]
INFO: [ app_begin ] --END-- [ RunTime:0.001000s ]
SQL: SHOW COLUMNS FROM `admin_user` [ RunTime:0.009001s ]
SQL: SELECT * FROM `admin_user` WHERE `user_name` = 'admin' LIMIT 1   [ RunTime:0.009000s ]
SQL: SELECT * FROM `admin_user` WHERE `user_name` = 'admin' AND `user_pwd` = '0c6b4038cefe52dbba27c6434dc1fecd'  [ RunTime:0.008001s ]
SQL: SELECT * FROM `admin_user` WHERE `user_name` = 'admin' LIMIT 1   [ RunTime:0.008000s ]
INFO: [ view_parse ] --START--
INFO: [ template_filter ] --START--
INFO: Run Behavior\ContentReplaceBehavior [ RunTime:0.000000s ]
INFO: [ template_filter ] --END-- [ RunTime:0.000000s ]
INFO: Run Behavior\ParseTemplateBehavior [ RunTime:0.008000s ]
INFO: [ view_parse ] --END-- [ RunTime:0.008000s ]
INFO: [ view_filter ] --START--
INFO: Run Behavior\WriteHtmlCacheBehavior [ RunTime:0.000000s ]
INFO: [ view_filter ] --END-- [ RunTime:0.000000s ]
INFO: [ app_end ] --START--
INFO: Run Behavior\ShowPageTraceBehavior [ RunTime:0.001000s ]
INFO: [ app_end ] --END-- [ RunTime:0.001000s ]

[ 2017-03-21T23:46:17+08:00 ] ::1 /hizhu/Welcome/welcome.html
INFO: [ app_init ] --START--
INFO: Run Behavior\BuildLiteBehavior [ RunTime:0.000000s ]
INFO: [ app_init ] --END-- [ RunTime:0.001000s ]
INFO: [ app_begin ] --START--
INFO: Run Behavior\ReadHtmlCacheBehavior [ RunTime:0.000000s ]
INFO: [ app_begin ] --END-- [ RunTime:0.001000s ]
SQL: SHOW COLUMNS FROM `admin_user` [ RunTime:0.008001s ]
SQL: SELECT * FROM `admin_user` WHERE `user_name` = 'admin' LIMIT 1   [ RunTime:0.008000s ]
SQL: SHOW COLUMNS FROM `adminmenulist` [ RunTime:0.009000s ]
SQL: SELECT * FROM `adminmenulist` WHERE `parent_id` = 0 AND `record_status` = 1 ORDER BY index_no asc  [ RunTime:0.007000s ]
SQL: SELECT * FROM `adminmenulist` WHERE `parent_id` = 0 AND `record_status` = 1 ORDER BY index_no asc  [ RunTime:0.008000s ]
SQL: SELECT * FROM `adminmenulist` WHERE `parent_id` = 1 AND `record_status` = 1 ORDER BY index_no asc  [ RunTime:0.009001s ]
SQL: SELECT * FROM `adminmenulist` WHERE `parent_id` = 3 AND `record_status` = 1 ORDER BY index_no asc  [ RunTime:0.008000s ]
SQL: SELECT * FROM `adminmenulist` WHERE `parent_id` = 4 AND `record_status` = 1 ORDER BY index_no asc  [ RunTime:0.007000s ]
SQL: SELECT * FROM `adminmenulist` WHERE `parent_id` = 6 AND `record_status` = 1 ORDER BY index_no asc  [ RunTime:0.009000s ]
SQL: SELECT * FROM `adminmenulist` WHERE `parent_id` = 7 AND `record_status` = 1 ORDER BY index_no asc  [ RunTime:0.010000s ]
SQL: SELECT * FROM `adminmenulist` WHERE `parent_id` = 47 AND `record_status` = 1 ORDER BY index_no asc  [ RunTime:0.008000s ]
SQL: SELECT * FROM `adminmenulist` WHERE `parent_id` = 77 AND `record_status` = 1 ORDER BY index_no asc  [ RunTime:0.007000s ]
SQL: SELECT * FROM `adminmenulist` WHERE `parent_id` = 87 AND `record_status` = 1 ORDER BY index_no asc  [ RunTime:0.007000s ]
SQL: SELECT * FROM `adminmenulist` WHERE `parent_id` = 107 AND `record_status` = 1 ORDER BY index_no asc  [ RunTime:0.007001s ]
SQL: SELECT * FROM `adminmenulist` WHERE `parent_id` = 141 AND `record_status` = 1 ORDER BY index_no asc  [ RunTime:0.009001s ]
SQL: SELECT * FROM `adminmenulist` WHERE `parent_id` = 162 AND `record_status` = 1 ORDER BY index_no asc  [ RunTime:0.007001s ]
SQL: SELECT * FROM `admin_user` WHERE `user_name` = 'admin' AND `record_status` = 1 LIMIT 1   [ RunTime:0.007000s ]
INFO: [ view_parse ] --START--
INFO: [ template_filter ] --START--
INFO: Run Behavior\ContentReplaceBehavior [ RunTime:0.000000s ]
INFO: [ template_filter ] --END-- [ RunTime:0.000000s ]
INFO: Run Behavior\ParseTemplateBehavior [ RunTime:0.015000s ]
INFO: [ view_parse ] --END-- [ RunTime:0.015000s ]
INFO: [ view_filter ] --START--
INFO: Run Behavior\WriteHtmlCacheBehavior [ RunTime:0.000000s ]
INFO: [ view_filter ] --END-- [ RunTime:0.000000s ]
INFO: [ app_end ] --START--
INFO: Run Behavior\ShowPageTraceBehavior [ RunTime:0.000000s ]
INFO: [ app_end ] --END-- [ RunTime:0.000000s ]

[ 2017-03-21T23:46:20+08:00 ] ::1 /hizhu/stores/storesList.html?no=162
INFO: [ app_init ] --START--
INFO: Run Behavior\BuildLiteBehavior [ RunTime:0.000000s ]
INFO: [ app_init ] --END-- [ RunTime:0.000000s ]
INFO: [ app_begin ] --START--
INFO: Run Behavior\ReadHtmlCacheBehavior [ RunTime:0.001000s ]
INFO: [ app_begin ] --END-- [ RunTime:0.001000s ]
SQL: SHOW COLUMNS FROM `admin_user` [ RunTime:0.009001s ]
SQL: SELECT * FROM `admin_user` WHERE `user_name` = 'admin' LIMIT 1   [ RunTime:0.008000s ]
SQL: SHOW COLUMNS FROM `adminmenulist` [ RunTime:0.009000s ]
SQL: SELECT * FROM `adminmenulist` WHERE `parent_id` = 163 AND `record_status` = 1 ORDER BY index_no asc  [ RunTime:0.008001s ]
SQL: SELECT * FROM `adminmenulist` WHERE `parent_id` = 167 AND `record_status` = 1 ORDER BY index_no asc  [ RunTime:0.009001s ]
SQL: SHOW COLUMNS FROM `adminmenulistlimit` [ RunTime:0.009001s ]
SQL: SELECT * FROM `adminmenulistlimit` WHERE `city_auth` = 1 AND `user_name` = 'admin'  [ RunTime:0.018001s ]
SQL: SHOW COLUMNS FROM `stores` [ RunTime:0.009000s ]
SQL: SELECT COUNT(*) AS tp_count FROM `stores` WHERE `city_code` = '001009001' AND `record_status` = 1 AND `is_special` = 0 LIMIT 1   [ RunTime:0.009001s ]
SQL: SELECT `id`,`name`,`medal_type`,`create_time`,`update_time`,`credit_score`,`earnestmoney` FROM `stores` WHERE `city_code` = '001009001' AND `record_status` = 1 AND `is_special` = 0 ORDER BY create_time desc LIMIT 0,10   [ RunTime:0.010000s ]
SQL: SHOW COLUMNS FROM `storemembers` [ RunTime:0.008001s ]
SQL: SELECT `customer_id` FROM `storemembers` WHERE `store_id` = '273FD21C-E683-01DD-EBB8-38A3E75338B9' AND `title_id` = 300 AND `record_status` = 1 LIMIT 1   [ RunTime:0.010001s ]
SQL: SHOW COLUMNS FROM `customer` [ RunTime:0.010000s ]
SQL: SELECT `mobile`,`true_name` FROM `customer` WHERE `id` = '4A267A63-A0C0-2EE7-25AF-21687B8FB200' AND `record_status` = 1 LIMIT 1   [ RunTime:0.007001s ]
SQL: SHOW COLUMNS FROM `houseroom` [ RunTime:0.011000s ]
SQL: SELECT COUNT(*) AS tp_count FROM `houseroom` WHERE `store_id` = '273FD21C-E683-01DD-EBB8-38A3E75338B9' AND `record_status` = 1 LIMIT 1   [ RunTime:0.007000s ]
SQL: SELECT `customer_id` FROM `storemembers` WHERE `store_id` = 'E5A28460-2DAA-82A7-30F1-66E56913062D' AND `title_id` = 300 AND `record_status` = 1 LIMIT 1   [ RunTime:0.008000s ]
SQL: SELECT `mobile`,`true_name` FROM `customer` WHERE `id` = '7e89fb95-af29-ad97-3419-5ae98ad37139' AND `record_status` = 1 LIMIT 1   [ RunTime:0.008000s ]
SQL: SELECT COUNT(*) AS tp_count FROM `houseroom` WHERE `store_id` = 'E5A28460-2DAA-82A7-30F1-66E56913062D' AND `record_status` = 1 LIMIT 1   [ RunTime:0.008000s ]
SQL: SELECT `customer_id` FROM `storemembers` WHERE `store_id` = '4C2A9628-B41D-C5C3-E398-345490180E41' AND `title_id` = 300 AND `record_status` = 1 LIMIT 1   [ RunTime:0.008000s ]
SQL: SELECT `mobile`,`true_name` FROM `customer` WHERE `id` = '1635fb0b-d47e-5e73-59b0-6ddb14cea371' AND `record_status` = 1 LIMIT 1   [ RunTime:0.008001s ]
SQL: SELECT COUNT(*) AS tp_count FROM `houseroom` WHERE `store_id` = '4C2A9628-B41D-C5C3-E398-345490180E41' AND `record_status` = 1 LIMIT 1   [ RunTime:0.007000s ]
SQL: SELECT `customer_id` FROM `storemembers` WHERE `store_id` = '0D43FDD4-688A-B7A8-1E93-AFDF153ECE7A' AND `title_id` = 300 AND `record_status` = 1 LIMIT 1   [ RunTime:0.007000s ]
SQL: SELECT `mobile`,`true_name` FROM `customer` WHERE `id` = 'f1dba4aa-a9af-08ce-e4eb-6722575e25e7' AND `record_status` = 1 LIMIT 1   [ RunTime:0.007000s ]
SQL: SELECT COUNT(*) AS tp_count FROM `houseroom` WHERE `store_id` = '0D43FDD4-688A-B7A8-1E93-AFDF153ECE7A' AND `record_status` = 1 LIMIT 1   [ RunTime:0.008000s ]
SQL: SELECT `customer_id` FROM `storemembers` WHERE `store_id` = '8DE455F5-36BF-0882-D786-787DAEB3B07D' AND `title_id` = 300 AND `record_status` = 1 LIMIT 1   [ RunTime:0.008000s ]
SQL: SELECT `mobile`,`true_name` FROM `customer` WHERE `id` = '50d99167-2a96-9767-5dbd-526300acb06b' AND `record_status` = 1 LIMIT 1   [ RunTime:0.009001s ]
SQL: SELECT COUNT(*) AS tp_count FROM `houseroom` WHERE `store_id` = '8DE455F5-36BF-0882-D786-787DAEB3B07D' AND `record_status` = 1 LIMIT 1   [ RunTime:0.019001s ]
SQL: SELECT `customer_id` FROM `storemembers` WHERE `store_id` = '193D90FA-B464-5913-3447-16401BF20789' AND `title_id` = 300 AND `record_status` = 1 LIMIT 1   [ RunTime:0.008000s ]
SQL: SELECT `mobile`,`true_name` FROM `customer` WHERE `id` = 'ef1b4e1a-1b98-1215-8061-9cff7bc80bc3' AND `record_status` = 1 LIMIT 1   [ RunTime:0.008001s ]
SQL: SELECT COUNT(*) AS tp_count FROM `houseroom` WHERE `store_id` = '193D90FA-B464-5913-3447-16401BF20789' AND `record_status` = 1 LIMIT 1   [ RunTime:0.009000s ]
SQL: SELECT `customer_id` FROM `storemembers` WHERE `store_id` = '0F44E028-1294-A93F-1759-1698FDDA5EF0' AND `title_id` = 300 AND `record_status` = 1 LIMIT 1   [ RunTime:0.008001s ]
SQL: SELECT `mobile`,`true_name` FROM `customer` WHERE `id` = '5dec2ffc-f007-6482-1373-003d8f8fbb74' AND `record_status` = 1 LIMIT 1   [ RunTime:0.008000s ]
SQL: SELECT COUNT(*) AS tp_count FROM `houseroom` WHERE `store_id` = '0F44E028-1294-A93F-1759-1698FDDA5EF0' AND `record_status` = 1 LIMIT 1   [ RunTime:0.009001s ]
SQL: SELECT `customer_id` FROM `storemembers` WHERE `store_id` = '95F07C99-32AB-7AA6-EB9B-6DABBC7E89FB' AND `title_id` = 300 AND `record_status` = 1 LIMIT 1   [ RunTime:0.009000s ]
SQL: SELECT `mobile`,`true_name` FROM `customer` WHERE `id` = '13ffcead-6e59-a364-8b97-85026b31c314' AND `record_status` = 1 LIMIT 1   [ RunTime:0.009000s ]
SQL: SELECT COUNT(*) AS tp_count FROM `houseroom` WHERE `store_id` = '95F07C99-32AB-7AA6-EB9B-6DABBC7E89FB' AND `record_status` = 1 LIMIT 1   [ RunTime:0.008001s ]
SQL: SELECT `customer_id` FROM `storemembers` WHERE `store_id` = '22D1C774-C164-FA14-B417-21370E11E773' AND `title_id` = 300 AND `record_status` = 1 LIMIT 1   [ RunTime:0.010000s ]
SQL: SELECT `mobile`,`true_name` FROM `customer` WHERE `id` = '33d3969c-944e-0940-847e-290e4a77a106' AND `record_status` = 1 LIMIT 1   [ RunTime:0.007001s ]
SQL: SELECT COUNT(*) AS tp_count FROM `houseroom` WHERE `store_id` = '22D1C774-C164-FA14-B417-21370E11E773' AND `record_status` = 1 LIMIT 1   [ RunTime:0.008000s ]
SQL: SELECT `customer_id` FROM `storemembers` WHERE `store_id` = '728C2320-B856-3C80-B6A0-BEA0DBD7B77F' AND `title_id` = 300 AND `record_status` = 1 LIMIT 1   [ RunTime:0.008001s ]
SQL: SELECT `mobile`,`true_name` FROM `customer` WHERE `id` = 'ef08e2ae-7000-84ee-84d0-b832baade910' AND `record_status` = 1 LIMIT 1   [ RunTime:0.008000s ]
SQL: SELECT COUNT(*) AS tp_count FROM `houseroom` WHERE `store_id` = '728C2320-B856-3C80-B6A0-BEA0DBD7B77F' AND `record_status` = 1 LIMIT 1   [ RunTime:0.008001s ]
INFO: [ view_parse ] --START--
INFO: [ template_filter ] --START--
INFO: Run Behavior\ContentReplaceBehavior [ RunTime:0.000000s ]
INFO: [ template_filter ] --END-- [ RunTime:0.000000s ]
NOTIC: [8] Undefined index: type D:\wamp\www\hizhu\Application\Runtime\Cache\Home\9d94da0cf008813badfe0710e96249fc.php 第 81 行.
NOTIC: [8] Undefined index: type D:\wamp\www\hizhu\Application\Runtime\Cache\Home\9d94da0cf008813badfe0710e96249fc.php 第 82 行.
NOTIC: [8] Undefined index: type D:\wamp\www\hizhu\Application\Runtime\Cache\Home\9d94da0cf008813badfe0710e96249fc.php 第 83 行.
NOTIC: [8] Undefined index: type D:\wamp\www\hizhu\Application\Runtime\Cache\Home\9d94da0cf008813badfe0710e96249fc.php 第 84 行.
INFO: Run Behavior\ParseTemplateBehavior [ RunTime:0.028001s ]
INFO: [ view_parse ] --END-- [ RunTime:0.028001s ]
INFO: [ view_filter ] --START--
INFO: Run Behavior\WriteHtmlCacheBehavior [ RunTime:0.001000s ]
INFO: [ view_filter ] --END-- [ RunTime:0.001000s ]
INFO: [ app_end ] --START--
INFO: Run Behavior\ShowPageTraceBehavior [ RunTime:0.001001s ]
INFO: [ app_end ] --END-- [ RunTime:0.001001s ]

[ 2017-03-21T23:46:23+08:00 ] ::1 /hizhu/stores/storeMyHouses.html?no=162&leftno=175
INFO: [ app_init ] --START--
INFO: Run Behavior\BuildLiteBehavior [ RunTime:0.000000s ]
INFO: [ app_init ] --END-- [ RunTime:0.001000s ]
INFO: [ app_begin ] --START--
INFO: Run Behavior\ReadHtmlCacheBehavior [ RunTime:0.001000s ]
INFO: [ app_begin ] --END-- [ RunTime:0.001000s ]
SQL: SHOW COLUMNS FROM `admin_user` [ RunTime:0.008000s ]
SQL: SELECT * FROM `admin_user` WHERE `user_name` = 'admin' LIMIT 1   [ RunTime:0.008001s ]
SQL: SHOW COLUMNS FROM `stores` [ RunTime:0.009000s ]
SQL: SELECT COUNT(*) AS tp_count FROM `stores` WHERE `record_status` = 1 AND `is_special` = 1 LIMIT 1   [ RunTime:0.010001s ]
SQL: SELECT `id`,`name`,`create_time` FROM `stores` WHERE `record_status` = 1 AND `is_special` = 1 ORDER BY create_time desc LIMIT 0,10   [ RunTime:0.008000s ]
SQL: SHOW COLUMNS FROM `storemembers` [ RunTime:0.007001s ]
SQL: SELECT `customer_id` FROM `storemembers` WHERE `store_id` = 'B4139BD6-85C7-7119-AFF5-338FF172EF69' AND `title_id` = 300 AND `record_status` = 1 LIMIT 1   [ RunTime:0.008000s ]
SQL: SHOW COLUMNS FROM `customer` [ RunTime:0.009000s ]
SQL: SELECT `mobile`,`true_name` FROM `customer` WHERE `id` = '8D78EAD8-9E30-93D9-0350-19CDF389A379' AND `record_status` = 1 LIMIT 1   [ RunTime:0.008001s ]
SQL: SHOW COLUMNS FROM `houseroom` [ RunTime:0.010000s ]
SQL: SELECT COUNT(*) AS tp_count FROM `houseroom` WHERE `store_id` = 'B4139BD6-85C7-7119-AFF5-338FF172EF69' AND `record_status` = 1 LIMIT 1   [ RunTime:0.007001s ]
SQL: SELECT `customer_id` FROM `storemembers` WHERE `store_id` = '7A83916E-DAE7-43A6-27A5-DABFF897A449' AND `title_id` = 300 AND `record_status` = 1 LIMIT 1   [ RunTime:0.014001s ]
SQL: SELECT `mobile`,`true_name` FROM `customer` WHERE `id` = '58D90345-313F-096C-F456-5395B72C5B40' AND `record_status` = 1 LIMIT 1   [ RunTime:0.009000s ]
SQL: SELECT COUNT(*) AS tp_count FROM `houseroom` WHERE `store_id` = '7A83916E-DAE7-43A6-27A5-DABFF897A449' AND `record_status` = 1 LIMIT 1   [ RunTime:0.008001s ]
SQL: SELECT `customer_id` FROM `storemembers` WHERE `store_id` = '924DEDFE-2214-1A80-33A4-71B00542A6A6' AND `title_id` = 300 AND `record_status` = 1 LIMIT 1   [ RunTime:0.007000s ]
SQL: SELECT `mobile`,`true_name` FROM `customer` WHERE `id` = '102DEE91-1386-4128-1978-08A31C7B7C8E' AND `record_status` = 1 LIMIT 1   [ RunTime:0.008001s ]
SQL: SELECT COUNT(*) AS tp_count FROM `houseroom` WHERE `store_id` = '924DEDFE-2214-1A80-33A4-71B00542A6A6' AND `record_status` = 1 LIMIT 1   [ RunTime:0.008000s ]
SQL: SELECT `customer_id` FROM `storemembers` WHERE `store_id` = 'AF083FA9-6636-3E2C-05DA-6D82670E3410' AND `title_id` = 300 AND `record_status` = 1 LIMIT 1   [ RunTime:0.007000s ]
SQL: SELECT `mobile`,`true_name` FROM `customer` WHERE `id` = '93AFEBAC-7241-ED09-19FF-5307CE7D4321' AND `record_status` = 1 LIMIT 1   [ RunTime:0.007000s ]
SQL: SELECT COUNT(*) AS tp_count FROM `houseroom` WHERE `store_id` = 'AF083FA9-6636-3E2C-05DA-6D82670E3410' AND `record_status` = 1 LIMIT 1   [ RunTime:0.007001s ]
SQL: SELECT `customer_id` FROM `storemembers` WHERE `store_id` = '1B431C5F-95CE-05BA-EC60-6DEE17D622F7' AND `title_id` = 300 AND `record_status` = 1 LIMIT 1   [ RunTime:0.007000s ]
SQL: SELECT `mobile`,`true_name` FROM `customer` WHERE `id` = '8C5904FA-D032-3712-0E94-568AA2950B85' AND `record_status` = 1 LIMIT 1   [ RunTime:0.008001s ]
SQL: SELECT COUNT(*) AS tp_count FROM `houseroom` WHERE `store_id` = '1B431C5F-95CE-05BA-EC60-6DEE17D622F7' AND `record_status` = 1 LIMIT 1   [ RunTime:0.007000s ]
SQL: SELECT `customer_id` FROM `storemembers` WHERE `store_id` = 'BF1B7843-8594-2022-EFF4-FFF193554219' AND `title_id` = 300 AND `record_status` = 1 LIMIT 1   [ RunTime:0.008001s ]
SQL: SELECT `mobile`,`true_name` FROM `customer` WHERE `id` = 'DC4FF902-3B1E-1B99-C770-8DE5FF8E42F2' AND `record_status` = 1 LIMIT 1   [ RunTime:0.007000s ]
SQL: SELECT COUNT(*) AS tp_count FROM `houseroom` WHERE `store_id` = 'BF1B7843-8594-2022-EFF4-FFF193554219' AND `record_status` = 1 LIMIT 1   [ RunTime:0.009001s ]
SQL: SELECT `customer_id` FROM `storemembers` WHERE `store_id` = '0F9A4B57-B385-F0AA-909C-673D2C7CA2B2' AND `title_id` = 300 AND `record_status` = 1 LIMIT 1   [ RunTime:0.008000s ]
SQL: SELECT `mobile`,`true_name` FROM `customer` WHERE `id` = 'CD891D72-F85C-ECF8-40C8-8A29C08877E3' AND `record_status` = 1 LIMIT 1   [ RunTime:0.007001s ]
SQL: SELECT COUNT(*) AS tp_count FROM `houseroom` WHERE `store_id` = '0F9A4B57-B385-F0AA-909C-673D2C7CA2B2' AND `record_status` = 1 LIMIT 1   [ RunTime:0.008000s ]
SQL: SELECT `customer_id` FROM `storemembers` WHERE `store_id` = 'F8912854-28CD-B225-8757-6F2FB2242464' AND `title_id` = 300 AND `record_status` = 1 LIMIT 1   [ RunTime:0.009001s ]
SQL: SELECT `mobile`,`true_name` FROM `customer` WHERE `id` = 'E0F2B74C-3E0A-7216-45F8-63FDCD2F3649' AND `record_status` = 1 LIMIT 1   [ RunTime:0.007000s ]
SQL: SELECT COUNT(*) AS tp_count FROM `houseroom` WHERE `store_id` = 'F8912854-28CD-B225-8757-6F2FB2242464' AND `record_status` = 1 LIMIT 1   [ RunTime:0.008001s ]
SQL: SELECT `customer_id` FROM `storemembers` WHERE `store_id` = '045C79FF-2D15-D38F-B3A5-07E6CB39C6E2' AND `title_id` = 300 AND `record_status` = 1 LIMIT 1   [ RunTime:0.009000s ]
SQL: SELECT `mobile`,`true_name` FROM `customer` WHERE `id` = '76E5592E-15D5-B2C7-472D-C817E3417A71' AND `record_status` = 1 LIMIT 1   [ RunTime:0.007001s ]
SQL: SELECT COUNT(*) AS tp_count FROM `houseroom` WHERE `store_id` = '045C79FF-2D15-D38F-B3A5-07E6CB39C6E2' AND `record_status` = 1 LIMIT 1   [ RunTime:0.008000s ]
SQL: SELECT `customer_id` FROM `storemembers` WHERE `store_id` = 'A12597EC-2BCC-2D29-66D1-F5CD379C602A' AND `title_id` = 300 AND `record_status` = 1 LIMIT 1   [ RunTime:0.007001s ]
SQL: SELECT `mobile`,`true_name` FROM `customer` WHERE `id` = '34020BD3-FE49-94DD-A4E9-3BC6EF4883CF' AND `record_status` = 1 LIMIT 1   [ RunTime:0.007000s ]
SQL: SELECT COUNT(*) AS tp_count FROM `houseroom` WHERE `store_id` = 'A12597EC-2BCC-2D29-66D1-F5CD379C602A' AND `record_status` = 1 LIMIT 1   [ RunTime:0.008001s ]
INFO: [ view_parse ] --START--
INFO: [ template_filter ] --START--
INFO: Run Behavior\ContentReplaceBehavior [ RunTime:0.000000s ]
INFO: [ template_filter ] --END-- [ RunTime:0.001000s ]
INFO: Run Behavior\ParseTemplateBehavior [ RunTime:0.025001s ]
INFO: [ view_parse ] --END-- [ RunTime:0.026001s ]
INFO: [ view_filter ] --START--
INFO: Run Behavior\WriteHtmlCacheBehavior [ RunTime:0.001000s ]
INFO: [ view_filter ] --END-- [ RunTime:0.001000s ]
INFO: [ app_end ] --START--
INFO: Run Behavior\ShowPageTraceBehavior [ RunTime:0.001001s ]
INFO: [ app_end ] --END-- [ RunTime:0.001001s ]

[ 2017-03-21T23:47:06+08:00 ] ::1 /hizhu/Stores/storesList.html?no=162&leftno=164
INFO: [ app_init ] --START--
INFO: Run Behavior\BuildLiteBehavior [ RunTime:0.000000s ]
INFO: [ app_init ] --END-- [ RunTime:0.001000s ]
INFO: [ app_begin ] --START--
INFO: Run Behavior\ReadHtmlCacheBehavior [ RunTime:0.000000s ]
INFO: [ app_begin ] --END-- [ RunTime:0.000000s ]
SQL: SHOW COLUMNS FROM `admin_user` [ RunTime:0.010001s ]
SQL: SELECT * FROM `admin_user` WHERE `user_name` = 'admin' LIMIT 1   [ RunTime:0.009000s ]
SQL: SHOW COLUMNS FROM `stores` [ RunTime:0.008001s ]
SQL: SELECT COUNT(*) AS tp_count FROM `stores` WHERE `city_code` = '001009001' AND `record_status` = 1 AND `is_special` = 0 LIMIT 1   [ RunTime:0.007000s ]
SQL: SELECT `id`,`name`,`medal_type`,`create_time`,`update_time`,`credit_score`,`earnestmoney` FROM `stores` WHERE `city_code` = '001009001' AND `record_status` = 1 AND `is_special` = 0 ORDER BY create_time desc LIMIT 0,10   [ RunTime:0.008001s ]
SQL: SHOW COLUMNS FROM `storemembers` [ RunTime:0.008000s ]
SQL: SELECT `customer_id` FROM `storemembers` WHERE `store_id` = '273FD21C-E683-01DD-EBB8-38A3E75338B9' AND `title_id` = 300 AND `record_status` = 1 LIMIT 1   [ RunTime:0.008001s ]
SQL: SHOW COLUMNS FROM `customer` [ RunTime:0.010001s ]
SQL: SELECT `mobile`,`true_name` FROM `customer` WHERE `id` = '4A267A63-A0C0-2EE7-25AF-21687B8FB200' AND `record_status` = 1 LIMIT 1   [ RunTime:0.007000s ]
SQL: SHOW COLUMNS FROM `houseroom` [ RunTime:0.009001s ]
SQL: SELECT COUNT(*) AS tp_count FROM `houseroom` WHERE `store_id` = '273FD21C-E683-01DD-EBB8-38A3E75338B9' AND `record_status` = 1 LIMIT 1   [ RunTime:0.008000s ]
SQL: SELECT `customer_id` FROM `storemembers` WHERE `store_id` = 'E5A28460-2DAA-82A7-30F1-66E56913062D' AND `title_id` = 300 AND `record_status` = 1 LIMIT 1   [ RunTime:0.007001s ]
SQL: SELECT `mobile`,`true_name` FROM `customer` WHERE `id` = '7e89fb95-af29-ad97-3419-5ae98ad37139' AND `record_status` = 1 LIMIT 1   [ RunTime:0.008000s ]
SQL: SELECT COUNT(*) AS tp_count FROM `houseroom` WHERE `store_id` = 'E5A28460-2DAA-82A7-30F1-66E56913062D' AND `record_status` = 1 LIMIT 1   [ RunTime:0.007001s ]
SQL: SELECT `customer_id` FROM `storemembers` WHERE `store_id` = '4C2A9628-B41D-C5C3-E398-345490180E41' AND `title_id` = 300 AND `record_status` = 1 LIMIT 1   [ RunTime:0.008000s ]
SQL: SELECT `mobile`,`true_name` FROM `customer` WHERE `id` = '1635fb0b-d47e-5e73-59b0-6ddb14cea371' AND `record_status` = 1 LIMIT 1   [ RunTime:0.007001s ]
SQL: SELECT COUNT(*) AS tp_count FROM `houseroom` WHERE `store_id` = '4C2A9628-B41D-C5C3-E398-345490180E41' AND `record_status` = 1 LIMIT 1   [ RunTime:0.008000s ]
SQL: SELECT `customer_id` FROM `storemembers` WHERE `store_id` = '0D43FDD4-688A-B7A8-1E93-AFDF153ECE7A' AND `title_id` = 300 AND `record_status` = 1 LIMIT 1   [ RunTime:0.007001s ]
SQL: SELECT `mobile`,`true_name` FROM `customer` WHERE `id` = 'f1dba4aa-a9af-08ce-e4eb-6722575e25e7' AND `record_status` = 1 LIMIT 1   [ RunTime:0.008000s ]
SQL: SELECT COUNT(*) AS tp_count FROM `houseroom` WHERE `store_id` = '0D43FDD4-688A-B7A8-1E93-AFDF153ECE7A' AND `record_status` = 1 LIMIT 1   [ RunTime:0.007001s ]
SQL: SELECT `customer_id` FROM `storemembers` WHERE `store_id` = '8DE455F5-36BF-0882-D786-787DAEB3B07D' AND `title_id` = 300 AND `record_status` = 1 LIMIT 1   [ RunTime:0.008000s ]
SQL: SELECT `mobile`,`true_name` FROM `customer` WHERE `id` = '50d99167-2a96-9767-5dbd-526300acb06b' AND `record_status` = 1 LIMIT 1   [ RunTime:0.009001s ]
SQL: SELECT COUNT(*) AS tp_count FROM `houseroom` WHERE `store_id` = '8DE455F5-36BF-0882-D786-787DAEB3B07D' AND `record_status` = 1 LIMIT 1   [ RunTime:0.008000s ]
SQL: SELECT `customer_id` FROM `storemembers` WHERE `store_id` = '193D90FA-B464-5913-3447-16401BF20789' AND `title_id` = 300 AND `record_status` = 1 LIMIT 1   [ RunTime:0.008001s ]
SQL: SELECT `mobile`,`true_name` FROM `customer` WHERE `id` = 'ef1b4e1a-1b98-1215-8061-9cff7bc80bc3' AND `record_status` = 1 LIMIT 1   [ RunTime:0.007000s ]
SQL: SELECT COUNT(*) AS tp_count FROM `houseroom` WHERE `store_id` = '193D90FA-B464-5913-3447-16401BF20789' AND `record_status` = 1 LIMIT 1   [ RunTime:0.008001s ]
SQL: SELECT `customer_id` FROM `storemembers` WHERE `store_id` = '0F44E028-1294-A93F-1759-1698FDDA5EF0' AND `title_id` = 300 AND `record_status` = 1 LIMIT 1   [ RunTime:0.008000s ]
SQL: SELECT `mobile`,`true_name` FROM `customer` WHERE `id` = '5dec2ffc-f007-6482-1373-003d8f8fbb74' AND `record_status` = 1 LIMIT 1   [ RunTime:0.007001s ]
SQL: SELECT COUNT(*) AS tp_count FROM `houseroom` WHERE `store_id` = '0F44E028-1294-A93F-1759-1698FDDA5EF0' AND `record_status` = 1 LIMIT 1   [ RunTime:0.007000s ]
SQL: SELECT `customer_id` FROM `storemembers` WHERE `store_id` = '95F07C99-32AB-7AA6-EB9B-6DABBC7E89FB' AND `title_id` = 300 AND `record_status` = 1 LIMIT 1   [ RunTime:0.008001s ]
SQL: SELECT `mobile`,`true_name` FROM `customer` WHERE `id` = '13ffcead-6e59-a364-8b97-85026b31c314' AND `record_status` = 1 LIMIT 1   [ RunTime:0.009000s ]
SQL: SELECT COUNT(*) AS tp_count FROM `houseroom` WHERE `store_id` = '95F07C99-32AB-7AA6-EB9B-6DABBC7E89FB' AND `record_status` = 1 LIMIT 1   [ RunTime:0.007001s ]
SQL: SELECT `customer_id` FROM `storemembers` WHERE `store_id` = '22D1C774-C164-FA14-B417-21370E11E773' AND `title_id` = 300 AND `record_status` = 1 LIMIT 1   [ RunTime:0.020001s ]
SQL: SELECT `mobile`,`true_name` FROM `customer` WHERE `id` = '33d3969c-944e-0940-847e-290e4a77a106' AND `record_status` = 1 LIMIT 1   [ RunTime:0.008000s ]
SQL: SELECT COUNT(*) AS tp_count FROM `houseroom` WHERE `store_id` = '22D1C774-C164-FA14-B417-21370E11E773' AND `record_status` = 1 LIMIT 1   [ RunTime:0.009001s ]
SQL: SELECT `customer_id` FROM `storemembers` WHERE `store_id` = '728C2320-B856-3C80-B6A0-BEA0DBD7B77F' AND `title_id` = 300 AND `record_status` = 1 LIMIT 1   [ RunTime:0.007000s ]
SQL: SELECT `mobile`,`true_name` FROM `customer` WHERE `id` = 'ef08e2ae-7000-84ee-84d0-b832baade910' AND `record_status` = 1 LIMIT 1   [ RunTime:0.008001s ]
SQL: SELECT COUNT(*) AS tp_count FROM `houseroom` WHERE `store_id` = '728C2320-B856-3C80-B6A0-BEA0DBD7B77F' AND `record_status` = 1 LIMIT 1   [ RunTime:0.007000s ]
INFO: [ view_parse ] --START--
INFO: [ template_filter ] --START--
INFO: Run Behavior\ContentReplaceBehavior [ RunTime:0.000000s ]
INFO: [ template_filter ] --END-- [ RunTime:0.000000s ]
NOTIC: [8] Undefined index: type D:\wamp\www\hizhu\Application\Runtime\Cache\Home\9d94da0cf008813badfe0710e96249fc.php 第 81 行.
NOTIC: [8] Undefined index: type D:\wamp\www\hizhu\Application\Runtime\Cache\Home\9d94da0cf008813badfe0710e96249fc.php 第 82 行.
NOTIC: [8] Undefined index: type D:\wamp\www\hizhu\Application\Runtime\Cache\Home\9d94da0cf008813badfe0710e96249fc.php 第 83 行.
NOTIC: [8] Undefined index: type D:\wamp\www\hizhu\Application\Runtime\Cache\Home\9d94da0cf008813badfe0710e96249fc.php 第 84 行.
INFO: Run Behavior\ParseTemplateBehavior [ RunTime:0.027002s ]
INFO: [ view_parse ] --END-- [ RunTime:0.028002s ]
INFO: [ view_filter ] --START--
INFO: Run Behavior\WriteHtmlCacheBehavior [ RunTime:0.000000s ]
INFO: [ view_filter ] --END-- [ RunTime:0.000000s ]
INFO: [ app_end ] --START--
INFO: Run Behavior\ShowPageTraceBehavior [ RunTime:0.001000s ]
INFO: [ app_end ] --END-- [ RunTime:0.001000s ]

[ 2017-03-21T23:47:11+08:00 ] ::1 /hizhu/Stores/storePerson.html?no=162&leftno=165
INFO: [ app_init ] --START--
INFO: Run Behavior\BuildLiteBehavior [ RunTime:0.000000s ]
INFO: [ app_init ] --END-- [ RunTime:0.001001s ]
INFO: [ app_begin ] --START--
INFO: Run Behavior\ReadHtmlCacheBehavior [ RunTime:0.001000s ]
INFO: [ app_begin ] --END-- [ RunTime:0.001000s ]
SQL: SHOW COLUMNS FROM `admin_user` [ RunTime:0.008000s ]
SQL: SELECT * FROM `admin_user` WHERE `user_name` = 'admin' LIMIT 1   [ RunTime:0.008001s ]
INFO: [ view_parse ] --START--
INFO: [ template_filter ] --START--
INFO: Run Behavior\ContentReplaceBehavior [ RunTime:0.000000s ]
INFO: [ template_filter ] --END-- [ RunTime:0.001000s ]
NOTIC: [8] Undefined variable: pagecount D:\wamp\www\hizhu\Application\Runtime\Cache\Home\3fccf3c7269978462acac9f590a262a8.php 第 128 行.
NOTIC: [8] Undefined variable: show D:\wamp\www\hizhu\Application\Runtime\Cache\Home\3fccf3c7269978462acac9f590a262a8.php 第 130 行.
INFO: Run Behavior\ParseTemplateBehavior [ RunTime:0.024002s ]
INFO: [ view_parse ] --END-- [ RunTime:0.025002s ]
INFO: [ view_filter ] --START--
INFO: Run Behavior\WriteHtmlCacheBehavior [ RunTime:0.000000s ]
INFO: [ view_filter ] --END-- [ RunTime:0.000000s ]
INFO: [ app_end ] --START--
INFO: Run Behavior\ShowPageTraceBehavior [ RunTime:0.000000s ]
INFO: [ app_end ] --END-- [ RunTime:0.001000s ]

[ 2017-03-21T23:47:13+08:00 ] ::1 /hizhu/Stores/houseShowList.html?no=162&leftno=166
INFO: [ app_init ] --START--
INFO: Run Behavior\BuildLiteBehavior [ RunTime:0.000000s ]
INFO: [ app_init ] --END-- [ RunTime:0.001000s ]
INFO: [ app_begin ] --START--
INFO: Run Behavior\ReadHtmlCacheBehavior [ RunTime:0.001000s ]
INFO: [ app_begin ] --END-- [ RunTime:0.001000s ]
SQL: SHOW COLUMNS FROM `admin_user` [ RunTime:0.008001s ]
SQL: SELECT * FROM `admin_user` WHERE `user_name` = 'admin' LIMIT 1   [ RunTime:0.014000s ]
SQL: SHOW COLUMNS FROM `housefeedback` [ RunTime:0.009001s ]
SQL: SELECT COUNT(*) AS tp_count FROM `housefeedback` WHERE `city_code` = '001009001' LIMIT 1   [ RunTime:0.009000s ]
SQL: SELECT `id`,`store_id`,`store_name`,`owner_id`,`is_deal`,`room_no`,`customer_id`,`create_time`,`record_status`,`is_true_deal`,`is_true_show` FROM `housefeedback` WHERE `city_code` = '001009001' ORDER BY create_time desc LIMIT 0,10   [ RunTime:0.007001s ]
SQL: SHOW COLUMNS FROM `customer` [ RunTime:0.010000s ]
SQL: SELECT `mobile`,`true_name` FROM `customer` WHERE `id` = '2d0df4c3-9adf-1c65-b5b7-7a52a55d2247' AND `record_status` = 1 LIMIT 1   [ RunTime:0.009000s ]
SQL: SHOW COLUMNS FROM `houseroom` [ RunTime:0.011001s ]
SQL: SELECT `room_money` FROM `houseroom` WHERE `room_no` = 'SH201611220379614' LIMIT 1   [ RunTime:0.010000s ]
SQL: SELECT `mobile`,`true_name` FROM `customer` WHERE `id` = '' AND `record_status` = 1 LIMIT 1   [ RunTime:0.007001s ]
SQL: SELECT `mobile`,`true_name` FROM `customer` WHERE `id` = 'a5686a81-6a80-b832-2af5-f45ac06c2750' AND `record_status` = 1 LIMIT 1   [ RunTime:0.008000s ]
SQL: SELECT `room_money` FROM `houseroom` WHERE `room_no` = 'SH201701210380222' LIMIT 1   [ RunTime:0.011001s ]
SQL: SELECT `mobile`,`true_name` FROM `customer` WHERE `id` = '' AND `record_status` = 1 LIMIT 1   [ RunTime:0.007000s ]
SQL: SELECT `mobile`,`true_name` FROM `customer` WHERE `id` = 'a5686a81-6a80-b832-2af5-f45ac06c2750' AND `record_status` = 1 LIMIT 1   [ RunTime:0.007001s ]
SQL: SELECT `room_money` FROM `houseroom` WHERE `room_no` = 'SH201701210380222' LIMIT 1   [ RunTime:0.007000s ]
SQL: SELECT `mobile`,`true_name` FROM `customer` WHERE `id` = '' AND `record_status` = 1 LIMIT 1   [ RunTime:0.007001s ]
INFO: [ view_parse ] --START--
INFO: [ template_filter ] --START--
INFO: Run Behavior\ContentReplaceBehavior [ RunTime:0.001000s ]
INFO: [ template_filter ] --END-- [ RunTime:0.001000s ]
NOTIC: [8] Undefined index: record_status D:\wamp\www\hizhu\Application\Runtime\Cache\Home\c96bb93f12fb8f4bc07b82ac777deef2.php 第 86 行.
NOTIC: [8] Undefined index: record_status D:\wamp\www\hizhu\Application\Runtime\Cache\Home\c96bb93f12fb8f4bc07b82ac777deef2.php 第 87 行.
NOTIC: [8] Undefined index: record_status D:\wamp\www\hizhu\Application\Runtime\Cache\Home\c96bb93f12fb8f4bc07b82ac777deef2.php 第 88 行.
NOTIC: [8] Undefined index: deal D:\wamp\www\hizhu\Application\Runtime\Cache\Home\c96bb93f12fb8f4bc07b82ac777deef2.php 第 94 行.
NOTIC: [8] Undefined index: deal D:\wamp\www\hizhu\Application\Runtime\Cache\Home\c96bb93f12fb8f4bc07b82ac777deef2.php 第 95 行.
NOTIC: [8] Undefined index: deal D:\wamp\www\hizhu\Application\Runtime\Cache\Home\c96bb93f12fb8f4bc07b82ac777deef2.php 第 96 行.
NOTIC: [8] Use of undefined constant id - assumed 'id' D:\wamp\www\hizhu\Application\Runtime\Cache\Home\c96bb93f12fb8f4bc07b82ac777deef2.php 第 146 行.
NOTIC: [8] Use of undefined constant id - assumed 'id' D:\wamp\www\hizhu\Application\Runtime\Cache\Home\c96bb93f12fb8f4bc07b82ac777deef2.php 第 147 行.
NOTIC: [8] Use of undefined constant id - assumed 'id' D:\wamp\www\hizhu\Application\Runtime\Cache\Home\c96bb93f12fb8f4bc07b82ac777deef2.php 第 146 行.
NOTIC: [8] Use of undefined constant id - assumed 'id' D:\wamp\www\hizhu\Application\Runtime\Cache\Home\c96bb93f12fb8f4bc07b82ac777deef2.php 第 147 行.
INFO: Run Behavior\ParseTemplateBehavior [ RunTime:0.031002s ]
INFO: [ view_parse ] --END-- [ RunTime:0.031002s ]
INFO: [ view_filter ] --START--
INFO: Run Behavior\WriteHtmlCacheBehavior [ RunTime:0.001000s ]
INFO: [ view_filter ] --END-- [ RunTime:0.001000s ]
INFO: [ app_end ] --START--
INFO: Run Behavior\ShowPageTraceBehavior [ RunTime:0.001000s ]
INFO: [ app_end ] --END-- [ RunTime:0.001000s ]

[ 2017-03-21T23:47:15+08:00 ] ::1 /hizhu/stores/storeMyHouses.html?no=162&leftno=175
INFO: [ app_init ] --START--
INFO: Run Behavior\BuildLiteBehavior [ RunTime:0.000000s ]
INFO: [ app_init ] --END-- [ RunTime:0.001000s ]
INFO: [ app_begin ] --START--
INFO: Run Behavior\ReadHtmlCacheBehavior [ RunTime:0.000000s ]
INFO: [ app_begin ] --END-- [ RunTime:0.001000s ]
SQL: SHOW COLUMNS FROM `admin_user` [ RunTime:0.009000s ]
SQL: SELECT * FROM `admin_user` WHERE `user_name` = 'admin' LIMIT 1   [ RunTime:0.008001s ]
SQL: SHOW COLUMNS FROM `stores` [ RunTime:0.008000s ]
SQL: SELECT COUNT(*) AS tp_count FROM `stores` WHERE `record_status` = 1 AND `is_special` = 1 LIMIT 1   [ RunTime:0.008001s ]
SQL: SELECT `id`,`name`,`create_time` FROM `stores` WHERE `record_status` = 1 AND `is_special` = 1 ORDER BY create_time desc LIMIT 0,10   [ RunTime:0.008000s ]
SQL: SHOW COLUMNS FROM `storemembers` [ RunTime:0.009001s ]
SQL: SELECT `customer_id` FROM `storemembers` WHERE `store_id` = 'B4139BD6-85C7-7119-AFF5-338FF172EF69' AND `title_id` = 300 AND `record_status` = 1 LIMIT 1   [ RunTime:0.007000s ]
SQL: SHOW COLUMNS FROM `customer` [ RunTime:0.009000s ]
SQL: SELECT `mobile`,`true_name` FROM `customer` WHERE `id` = '8D78EAD8-9E30-93D9-0350-19CDF389A379' AND `record_status` = 1 LIMIT 1   [ RunTime:0.007001s ]
SQL: SHOW COLUMNS FROM `houseroom` [ RunTime:0.009000s ]
SQL: SELECT COUNT(*) AS tp_count FROM `houseroom` WHERE `store_id` = 'B4139BD6-85C7-7119-AFF5-338FF172EF69' AND `record_status` = 1 LIMIT 1   [ RunTime:0.008001s ]
SQL: SELECT `customer_id` FROM `storemembers` WHERE `store_id` = '7A83916E-DAE7-43A6-27A5-DABFF897A449' AND `title_id` = 300 AND `record_status` = 1 LIMIT 1   [ RunTime:0.008000s ]
SQL: SELECT `mobile`,`true_name` FROM `customer` WHERE `id` = '58D90345-313F-096C-F456-5395B72C5B40' AND `record_status` = 1 LIMIT 1   [ RunTime:0.007001s ]
SQL: SELECT COUNT(*) AS tp_count FROM `houseroom` WHERE `store_id` = '7A83916E-DAE7-43A6-27A5-DABFF897A449' AND `record_status` = 1 LIMIT 1   [ RunTime:0.009000s ]
SQL: SELECT `customer_id` FROM `storemembers` WHERE `store_id` = '924DEDFE-2214-1A80-33A4-71B00542A6A6' AND `title_id` = 300 AND `record_status` = 1 LIMIT 1   [ RunTime:0.008001s ]
SQL: SELECT `mobile`,`true_name` FROM `customer` WHERE `id` = '102DEE91-1386-4128-1978-08A31C7B7C8E' AND `record_status` = 1 LIMIT 1   [ RunTime:0.007000s ]
SQL: SELECT COUNT(*) AS tp_count FROM `houseroom` WHERE `store_id` = '924DEDFE-2214-1A80-33A4-71B00542A6A6' AND `record_status` = 1 LIMIT 1   [ RunTime:0.009001s ]
SQL: SELECT `customer_id` FROM `storemembers` WHERE `store_id` = 'AF083FA9-6636-3E2C-05DA-6D82670E3410' AND `title_id` = 300 AND `record_status` = 1 LIMIT 1   [ RunTime:0.008000s ]
SQL: SELECT `mobile`,`true_name` FROM `customer` WHERE `id` = '93AFEBAC-7241-ED09-19FF-5307CE7D4321' AND `record_status` = 1 LIMIT 1   [ RunTime:0.007001s ]
SQL: SELECT COUNT(*) AS tp_count FROM `houseroom` WHERE `store_id` = 'AF083FA9-6636-3E2C-05DA-6D82670E3410' AND `record_status` = 1 LIMIT 1   [ RunTime:0.008000s ]
SQL: SELECT `customer_id` FROM `storemembers` WHERE `store_id` = '1B431C5F-95CE-05BA-EC60-6DEE17D622F7' AND `title_id` = 300 AND `record_status` = 1 LIMIT 1   [ RunTime:0.007001s ]
SQL: SELECT `mobile`,`true_name` FROM `customer` WHERE `id` = '8C5904FA-D032-3712-0E94-568AA2950B85' AND `record_status` = 1 LIMIT 1   [ RunTime:0.008000s ]
SQL: SELECT COUNT(*) AS tp_count FROM `houseroom` WHERE `store_id` = '1B431C5F-95CE-05BA-EC60-6DEE17D622F7' AND `record_status` = 1 LIMIT 1   [ RunTime:0.007001s ]
SQL: SELECT `customer_id` FROM `storemembers` WHERE `store_id` = 'BF1B7843-8594-2022-EFF4-FFF193554219' AND `title_id` = 300 AND `record_status` = 1 LIMIT 1   [ RunTime:0.008000s ]
SQL: SELECT `mobile`,`true_name` FROM `customer` WHERE `id` = 'DC4FF902-3B1E-1B99-C770-8DE5FF8E42F2' AND `record_status` = 1 LIMIT 1   [ RunTime:0.007001s ]
SQL: SELECT COUNT(*) AS tp_count FROM `houseroom` WHERE `store_id` = 'BF1B7843-8594-2022-EFF4-FFF193554219' AND `record_status` = 1 LIMIT 1   [ RunTime:0.007000s ]
SQL: SELECT `customer_id` FROM `storemembers` WHERE `store_id` = '0F9A4B57-B385-F0AA-909C-673D2C7CA2B2' AND `title_id` = 300 AND `record_status` = 1 LIMIT 1   [ RunTime:0.008001s ]
SQL: SELECT `mobile`,`true_name` FROM `customer` WHERE `id` = 'CD891D72-F85C-ECF8-40C8-8A29C08877E3' AND `record_status` = 1 LIMIT 1   [ RunTime:0.007000s ]
SQL: SELECT COUNT(*) AS tp_count FROM `houseroom` WHERE `store_id` = '0F9A4B57-B385-F0AA-909C-673D2C7CA2B2' AND `record_status` = 1 LIMIT 1   [ RunTime:0.008001s ]
SQL: SELECT `customer_id` FROM `storemembers` WHERE `store_id` = 'F8912854-28CD-B225-8757-6F2FB2242464' AND `title_id` = 300 AND `record_status` = 1 LIMIT 1   [ RunTime:0.007000s ]
SQL: SELECT `mobile`,`true_name` FROM `customer` WHERE `id` = 'E0F2B74C-3E0A-7216-45F8-63FDCD2F3649' AND `record_status` = 1 LIMIT 1   [ RunTime:0.008001s ]
SQL: SELECT COUNT(*) AS tp_count FROM `houseroom` WHERE `store_id` = 'F8912854-28CD-B225-8757-6F2FB2242464' AND `record_status` = 1 LIMIT 1   [ RunTime:0.007000s ]
SQL: SELECT `customer_id` FROM `storemembers` WHERE `store_id` = '045C79FF-2D15-D38F-B3A5-07E6CB39C6E2' AND `title_id` = 300 AND `record_status` = 1 LIMIT 1   [ RunTime:0.007001s ]
SQL: SELECT `mobile`,`true_name` FROM `customer` WHERE `id` = '76E5592E-15D5-B2C7-472D-C817E3417A71' AND `record_status` = 1 LIMIT 1   [ RunTime:0.007000s ]
SQL: SELECT COUNT(*) AS tp_count FROM `houseroom` WHERE `store_id` = '045C79FF-2D15-D38F-B3A5-07E6CB39C6E2' AND `record_status` = 1 LIMIT 1   [ RunTime:0.008001s ]
SQL: SELECT `customer_id` FROM `storemembers` WHERE `store_id` = 'A12597EC-2BCC-2D29-66D1-F5CD379C602A' AND `title_id` = 300 AND `record_status` = 1 LIMIT 1   [ RunTime:0.014000s ]
SQL: SELECT `mobile`,`true_name` FROM `customer` WHERE `id` = '34020BD3-FE49-94DD-A4E9-3BC6EF4883CF' AND `record_status` = 1 LIMIT 1   [ RunTime:0.007000s ]
SQL: SELECT COUNT(*) AS tp_count FROM `houseroom` WHERE `store_id` = 'A12597EC-2BCC-2D29-66D1-F5CD379C602A' AND `record_status` = 1 LIMIT 1   [ RunTime:0.008000s ]
INFO: [ view_parse ] --START--
INFO: [ template_filter ] --START--
INFO: Run Behavior\ContentReplaceBehavior [ RunTime:0.000000s ]
INFO: [ template_filter ] --END-- [ RunTime:0.001000s ]
INFO: Run Behavior\ParseTemplateBehavior [ RunTime:0.022001s ]
INFO: [ view_parse ] --END-- [ RunTime:0.023002s ]
INFO: [ view_filter ] --START--
INFO: Run Behavior\WriteHtmlCacheBehavior [ RunTime:0.001000s ]
INFO: [ view_filter ] --END-- [ RunTime:0.001000s ]
INFO: [ app_end ] --START--
INFO: Run Behavior\ShowPageTraceBehavior [ RunTime:0.001000s ]
INFO: [ app_end ] --END-- [ RunTime:0.001000s ]

[ 2017-03-21T23:47:17+08:00 ] ::1 /hizhu/Stores/storesList.html?no=162&leftno=164
INFO: [ app_init ] --START--
INFO: Run Behavior\BuildLiteBehavior [ RunTime:0.000000s ]
INFO: [ app_init ] --END-- [ RunTime:0.001000s ]
INFO: [ app_begin ] --START--
INFO: Run Behavior\ReadHtmlCacheBehavior [ RunTime:0.001000s ]
INFO: [ app_begin ] --END-- [ RunTime:0.001000s ]
SQL: SHOW COLUMNS FROM `admin_user` [ RunTime:0.008001s ]
SQL: SELECT * FROM `admin_user` WHERE `user_name` = 'admin' LIMIT 1   [ RunTime:0.008000s ]
SQL: SHOW COLUMNS FROM `stores` [ RunTime:0.009000s ]
SQL: SELECT COUNT(*) AS tp_count FROM `stores` WHERE `city_code` = '001009001' AND `record_status` = 1 AND `is_special` = 0 LIMIT 1   [ RunTime:0.008000s ]
SQL: SELECT `id`,`name`,`medal_type`,`create_time`,`update_time`,`credit_score`,`earnestmoney` FROM `stores` WHERE `city_code` = '001009001' AND `record_status` = 1 AND `is_special` = 0 ORDER BY create_time desc LIMIT 0,10   [ RunTime:0.009001s ]
SQL: SHOW COLUMNS FROM `storemembers` [ RunTime:0.008000s ]
SQL: SELECT `customer_id` FROM `storemembers` WHERE `store_id` = '273FD21C-E683-01DD-EBB8-38A3E75338B9' AND `title_id` = 300 AND `record_status` = 1 LIMIT 1   [ RunTime:0.008001s ]
SQL: SHOW COLUMNS FROM `customer` [ RunTime:0.009000s ]
SQL: SELECT `mobile`,`true_name` FROM `customer` WHERE `id` = '4A267A63-A0C0-2EE7-25AF-21687B8FB200' AND `record_status` = 1 LIMIT 1   [ RunTime:0.007001s ]
SQL: SHOW COLUMNS FROM `houseroom` [ RunTime:0.009000s ]
SQL: SELECT COUNT(*) AS tp_count FROM `houseroom` WHERE `store_id` = '273FD21C-E683-01DD-EBB8-38A3E75338B9' AND `record_status` = 1 LIMIT 1   [ RunTime:0.006000s ]
SQL: SELECT `customer_id` FROM `storemembers` WHERE `store_id` = 'E5A28460-2DAA-82A7-30F1-66E56913062D' AND `title_id` = 300 AND `record_status` = 1 LIMIT 1   [ RunTime:0.008000s ]
SQL: SELECT `mobile`,`true_name` FROM `customer` WHERE `id` = '7e89fb95-af29-ad97-3419-5ae98ad37139' AND `record_status` = 1 LIMIT 1   [ RunTime:0.007001s ]
SQL: SELECT COUNT(*) AS tp_count FROM `houseroom` WHERE `store_id` = 'E5A28460-2DAA-82A7-30F1-66E56913062D' AND `record_status` = 1 LIMIT 1   [ RunTime:0.007000s ]
SQL: SELECT `customer_id` FROM `storemembers` WHERE `store_id` = '4C2A9628-B41D-C5C3-E398-345490180E41' AND `title_id` = 300 AND `record_status` = 1 LIMIT 1   [ RunTime:0.008001s ]
SQL: SELECT `mobile`,`true_name` FROM `customer` WHERE `id` = '1635fb0b-d47e-5e73-59b0-6ddb14cea371' AND `record_status` = 1 LIMIT 1   [ RunTime:0.008000s ]
SQL: SELECT COUNT(*) AS tp_count FROM `houseroom` WHERE `store_id` = '4C2A9628-B41D-C5C3-E398-345490180E41' AND `record_status` = 1 LIMIT 1   [ RunTime:0.007001s ]
SQL: SELECT `customer_id` FROM `storemembers` WHERE `store_id` = '0D43FDD4-688A-B7A8-1E93-AFDF153ECE7A' AND `title_id` = 300 AND `record_status` = 1 LIMIT 1   [ RunTime:0.008000s ]
SQL: SELECT `mobile`,`true_name` FROM `customer` WHERE `id` = 'f1dba4aa-a9af-08ce-e4eb-6722575e25e7' AND `record_status` = 1 LIMIT 1   [ RunTime:0.007001s ]
SQL: SELECT COUNT(*) AS tp_count FROM `houseroom` WHERE `store_id` = '0D43FDD4-688A-B7A8-1E93-AFDF153ECE7A' AND `record_status` = 1 LIMIT 1   [ RunTime:0.007000s ]
SQL: SELECT `customer_id` FROM `storemembers` WHERE `store_id` = '8DE455F5-36BF-0882-D786-787DAEB3B07D' AND `title_id` = 300 AND `record_status` = 1 LIMIT 1   [ RunTime:0.007001s ]
SQL: SELECT `mobile`,`true_name` FROM `customer` WHERE `id` = '50d99167-2a96-9767-5dbd-526300acb06b' AND `record_status` = 1 LIMIT 1   [ RunTime:0.011000s ]
SQL: SELECT COUNT(*) AS tp_count FROM `houseroom` WHERE `store_id` = '8DE455F5-36BF-0882-D786-787DAEB3B07D' AND `record_status` = 1 LIMIT 1   [ RunTime:0.007000s ]
SQL: SELECT `customer_id` FROM `storemembers` WHERE `store_id` = '193D90FA-B464-5913-3447-16401BF20789' AND `title_id` = 300 AND `record_status` = 1 LIMIT 1   [ RunTime:0.007000s ]
SQL: SELECT `mobile`,`true_name` FROM `customer` WHERE `id` = 'ef1b4e1a-1b98-1215-8061-9cff7bc80bc3' AND `record_status` = 1 LIMIT 1   [ RunTime:0.009001s ]
SQL: SELECT COUNT(*) AS tp_count FROM `houseroom` WHERE `store_id` = '193D90FA-B464-5913-3447-16401BF20789' AND `record_status` = 1 LIMIT 1   [ RunTime:0.008000s ]
SQL: SELECT `customer_id` FROM `storemembers` WHERE `store_id` = '0F44E028-1294-A93F-1759-1698FDDA5EF0' AND `title_id` = 300 AND `record_status` = 1 LIMIT 1   [ RunTime:0.007000s ]
SQL: SELECT `mobile`,`true_name` FROM `customer` WHERE `id` = '5dec2ffc-f007-6482-1373-003d8f8fbb74' AND `record_status` = 1 LIMIT 1   [ RunTime:0.008000s ]
SQL: SELECT COUNT(*) AS tp_count FROM `houseroom` WHERE `store_id` = '0F44E028-1294-A93F-1759-1698FDDA5EF0' AND `record_status` = 1 LIMIT 1   [ RunTime:0.007001s ]
SQL: SELECT `customer_id` FROM `storemembers` WHERE `store_id` = '95F07C99-32AB-7AA6-EB9B-6DABBC7E89FB' AND `title_id` = 300 AND `record_status` = 1 LIMIT 1   [ RunTime:0.008000s ]
SQL: SELECT `mobile`,`true_name` FROM `customer` WHERE `id` = '13ffcead-6e59-a364-8b97-85026b31c314' AND `record_status` = 1 LIMIT 1   [ RunTime:0.007001s ]
SQL: SELECT COUNT(*) AS tp_count FROM `houseroom` WHERE `store_id` = '95F07C99-32AB-7AA6-EB9B-6DABBC7E89FB' AND `record_status` = 1 LIMIT 1   [ RunTime:0.007000s ]
SQL: SELECT `customer_id` FROM `storemembers` WHERE `store_id` = '22D1C774-C164-FA14-B417-21370E11E773' AND `title_id` = 300 AND `record_status` = 1 LIMIT 1   [ RunTime:0.008001s ]
SQL: SELECT `mobile`,`true_name` FROM `customer` WHERE `id` = '33d3969c-944e-0940-847e-290e4a77a106' AND `record_status` = 1 LIMIT 1   [ RunTime:0.008000s ]
SQL: SELECT COUNT(*) AS tp_count FROM `houseroom` WHERE `store_id` = '22D1C774-C164-FA14-B417-21370E11E773' AND `record_status` = 1 LIMIT 1   [ RunTime:0.008001s ]
SQL: SELECT `customer_id` FROM `storemembers` WHERE `store_id` = '728C2320-B856-3C80-B6A0-BEA0DBD7B77F' AND `title_id` = 300 AND `record_status` = 1 LIMIT 1   [ RunTime:0.007000s ]
SQL: SELECT `mobile`,`true_name` FROM `customer` WHERE `id` = 'ef08e2ae-7000-84ee-84d0-b832baade910' AND `record_status` = 1 LIMIT 1   [ RunTime:0.008001s ]
SQL: SELECT COUNT(*) AS tp_count FROM `houseroom` WHERE `store_id` = '728C2320-B856-3C80-B6A0-BEA0DBD7B77F' AND `record_status` = 1 LIMIT 1   [ RunTime:0.007000s ]
INFO: [ view_parse ] --START--
INFO: [ template_filter ] --START--
INFO: Run Behavior\ContentReplaceBehavior [ RunTime:0.000000s ]
INFO: [ template_filter ] --END-- [ RunTime:0.001000s ]
NOTIC: [8] Undefined index: type D:\wamp\www\hizhu\Application\Runtime\Cache\Home\9d94da0cf008813badfe0710e96249fc.php 第 81 行.
NOTIC: [8] Undefined index: type D:\wamp\www\hizhu\Application\Runtime\Cache\Home\9d94da0cf008813badfe0710e96249fc.php 第 82 行.
NOTIC: [8] Undefined index: type D:\wamp\www\hizhu\Application\Runtime\Cache\Home\9d94da0cf008813badfe0710e96249fc.php 第 83 行.
NOTIC: [8] Undefined index: type D:\wamp\www\hizhu\Application\Runtime\Cache\Home\9d94da0cf008813badfe0710e96249fc.php 第 84 行.
INFO: Run Behavior\ParseTemplateBehavior [ RunTime:0.027002s ]
INFO: [ view_parse ] --END-- [ RunTime:0.027002s ]
INFO: [ view_filter ] --START--
INFO: Run Behavior\WriteHtmlCacheBehavior [ RunTime:0.001000s ]
INFO: [ view_filter ] --END-- [ RunTime:0.001000s ]
INFO: [ app_end ] --START--
INFO: Run Behavior\ShowPageTraceBehavior [ RunTime:0.001000s ]
INFO: [ app_end ] --END-- [ RunTime:0.001000s ]

[ 2017-03-21T23:47:20+08:00 ] ::1 /hizhu/stores/storeDetail/no/162/leftno/164/id/273FD21C-E683-01DD-EBB8-38A3E75338B9.html
INFO: [ app_init ] --START--
INFO: Run Behavior\BuildLiteBehavior [ RunTime:0.000000s ]
INFO: [ app_init ] --END-- [ RunTime:0.000000s ]
INFO: [ app_begin ] --START--
INFO: Run Behavior\ReadHtmlCacheBehavior [ RunTime:0.001000s ]
INFO: [ app_begin ] --END-- [ RunTime:0.001000s ]
SQL: SHOW COLUMNS FROM `admin_user` [ RunTime:0.011001s ]
SQL: SELECT * FROM `admin_user` WHERE `user_name` = 'admin' LIMIT 1   [ RunTime:0.008000s ]
SQL: SHOW COLUMNS FROM `stores` [ RunTime:0.008001s ]
SQL: SELECT `id`,`name`,`medal_type`,`create_time`,`credit_score`,`earnestmoney` FROM `stores` WHERE `id` = '273FD21C-E683-01DD-EBB8-38A3E75338B9' LIMIT 1   [ RunTime:0.008000s ]
SQL: SHOW COLUMNS FROM `storemembers` [ RunTime:0.008001s ]
SQL: SELECT `customer_id`,`title_id` FROM `storemembers` WHERE `store_id` = '273FD21C-E683-01DD-EBB8-38A3E75338B9' AND `record_status` = 1  [ RunTime:0.009000s ]
SQL: SHOW COLUMNS FROM `customer` [ RunTime:0.011000s ]
SQL: SELECT `mobile`,`true_name` FROM `customer` WHERE `id` = '92b784a1-f998-2ef8-d8a1-6901de43b65a' AND `record_status` = 1 LIMIT 1   [ RunTime:0.008001s ]
SQL: SELECT `mobile`,`true_name` FROM `customer` WHERE `id` = '7E89FB95-AF29-AD97-3419-5AE98AD37139' AND `record_status` = 1 LIMIT 1   [ RunTime:0.008000s ]
SQL: SELECT `mobile`,`true_name` FROM `customer` WHERE `id` = '4A267A63-A0C0-2EE7-25AF-21687B8FB200' AND `record_status` = 1 LIMIT 1   [ RunTime:0.007001s ]
SQL: SHOW COLUMNS FROM `houseroom` [ RunTime:0.010000s ]
SQL: SELECT COUNT(*) AS tp_count FROM `houseroom` WHERE `store_id` = '273FD21C-E683-01DD-EBB8-38A3E75338B9' AND `record_status` = 1 LIMIT 1   [ RunTime:0.008000s ]
SQL: SELECT `room_no`,`room_money`,`status`,`create_time`,`id`,customer_id as mobile FROM `houseroom` WHERE `store_id` = '273FD21C-E683-01DD-EBB8-38A3E75338B9' AND `record_status` = 1 ORDER BY create_time desc LIMIT 0,10   [ RunTime:0.009001s ]
SQL: SELECT `mobile` FROM `customer` WHERE `id` = '7e89fb95-af29-ad97-3419-5ae98ad37139' AND `record_status` = 1 LIMIT 1   [ RunTime:0.008000s ]
SQL: SELECT `mobile` FROM `customer` WHERE `id` = '7e89fb95-af29-ad97-3419-5ae98ad37139' AND `record_status` = 1 LIMIT 1   [ RunTime:0.008001s ]
SQL: SELECT `mobile` FROM `customer` WHERE `id` = '7e89fb95-af29-ad97-3419-5ae98ad37139' AND `record_status` = 1 LIMIT 1   [ RunTime:0.008000s ]
SQL: SELECT `mobile` FROM `customer` WHERE `id` = '7e89fb95-af29-ad97-3419-5ae98ad37139' AND `record_status` = 1 LIMIT 1   [ RunTime:0.007001s ]
SQL: SELECT `mobile` FROM `customer` WHERE `id` = '7e89fb95-af29-ad97-3419-5ae98ad37139' AND `record_status` = 1 LIMIT 1   [ RunTime:0.008000s ]
SQL: SELECT `mobile` FROM `customer` WHERE `id` = '7e89fb95-af29-ad97-3419-5ae98ad37139' AND `record_status` = 1 LIMIT 1   [ RunTime:0.007001s ]
INFO: [ view_parse ] --START--
INFO: [ template_filter ] --START--
INFO: Run Behavior\ContentReplaceBehavior [ RunTime:0.000000s ]
INFO: [ template_filter ] --END-- [ RunTime:0.001000s ]
NOTIC: [8] Use of undefined constant id - assumed 'id' D:\wamp\www\hizhu\Application\Runtime\Cache\Home\aaa9c5374d418312d46035356b94f682.php 第 172 行.
NOTIC: [8] Use of undefined constant id - assumed 'id' D:\wamp\www\hizhu\Application\Runtime\Cache\Home\aaa9c5374d418312d46035356b94f682.php 第 172 行.
NOTIC: [8] Use of undefined constant id - assumed 'id' D:\wamp\www\hizhu\Application\Runtime\Cache\Home\aaa9c5374d418312d46035356b94f682.php 第 172 行.
NOTIC: [8] Use of undefined constant id - assumed 'id' D:\wamp\www\hizhu\Application\Runtime\Cache\Home\aaa9c5374d418312d46035356b94f682.php 第 172 行.
NOTIC: [8] Use of undefined constant id - assumed 'id' D:\wamp\www\hizhu\Application\Runtime\Cache\Home\aaa9c5374d418312d46035356b94f682.php 第 172 行.
NOTIC: [8] Use of undefined constant id - assumed 'id' D:\wamp\www\hizhu\Application\Runtime\Cache\Home\aaa9c5374d418312d46035356b94f682.php 第 172 行.
INFO: Run Behavior\ParseTemplateBehavior [ RunTime:0.038002s ]
INFO: [ view_parse ] --END-- [ RunTime:0.039002s ]
INFO: [ view_filter ] --START--
INFO: Run Behavior\WriteHtmlCacheBehavior [ RunTime:0.000000s ]
INFO: [ view_filter ] --END-- [ RunTime:0.000000s ]
INFO: [ app_end ] --START--
INFO: Run Behavior\ShowPageTraceBehavior [ RunTime:0.001000s ]
INFO: [ app_end ] --END-- [ RunTime:0.001000s ]

[ 2017-03-21T23:47:27+08:00 ] ::1 /hizhu/Stores/storesList.html?no=162&leftno=164&startTime=&endTime=&name=&type=&downScore=&upScore=&storeId=
INFO: [ app_init ] --START--
INFO: Run Behavior\BuildLiteBehavior [ RunTime:0.000000s ]
INFO: [ app_init ] --END-- [ RunTime:0.001000s ]
INFO: [ app_begin ] --START--
INFO: Run Behavior\ReadHtmlCacheBehavior [ RunTime:0.000000s ]
INFO: [ app_begin ] --END-- [ RunTime:0.002000s ]
SQL: SHOW COLUMNS FROM `admin_user` [ RunTime:0.009000s ]
SQL: SELECT * FROM `admin_user` WHERE `user_name` = 'admin' LIMIT 1   [ RunTime:0.008001s ]
SQL: SHOW COLUMNS FROM `stores` [ RunTime:0.009000s ]
SQL: SELECT COUNT(*) AS tp_count FROM `stores` WHERE `city_code` = '001009001' AND `record_status` = 1 AND `is_special` = 0 LIMIT 1   [ RunTime:0.007001s ]
SQL: SELECT `id`,`name`,`medal_type`,`create_time`,`update_time`,`credit_score`,`earnestmoney` FROM `stores` WHERE `city_code` = '001009001' AND `record_status` = 1 AND `is_special` = 0 ORDER BY create_time desc LIMIT 0,10   [ RunTime:0.009000s ]
SQL: SHOW COLUMNS FROM `storemembers` [ RunTime:0.008001s ]
SQL: SELECT `customer_id` FROM `storemembers` WHERE `store_id` = '273FD21C-E683-01DD-EBB8-38A3E75338B9' AND `title_id` = 300 AND `record_status` = 1 LIMIT 1   [ RunTime:0.007000s ]
SQL: SHOW COLUMNS FROM `customer` [ RunTime:0.010000s ]
SQL: SELECT `mobile`,`true_name` FROM `customer` WHERE `id` = '4A267A63-A0C0-2EE7-25AF-21687B8FB200' AND `record_status` = 1 LIMIT 1   [ RunTime:0.007001s ]
SQL: SHOW COLUMNS FROM `houseroom` [ RunTime:0.009000s ]
SQL: SELECT COUNT(*) AS tp_count FROM `houseroom` WHERE `store_id` = '273FD21C-E683-01DD-EBB8-38A3E75338B9' AND `record_status` = 1 LIMIT 1   [ RunTime:0.008001s ]
SQL: SELECT `customer_id` FROM `storemembers` WHERE `store_id` = 'E5A28460-2DAA-82A7-30F1-66E56913062D' AND `title_id` = 300 AND `record_status` = 1 LIMIT 1   [ RunTime:0.008000s ]
SQL: SELECT `mobile`,`true_name` FROM `customer` WHERE `id` = '7e89fb95-af29-ad97-3419-5ae98ad37139' AND `record_status` = 1 LIMIT 1   [ RunTime:0.007001s ]
SQL: SELECT COUNT(*) AS tp_count FROM `houseroom` WHERE `store_id` = 'E5A28460-2DAA-82A7-30F1-66E56913062D' AND `record_status` = 1 LIMIT 1   [ RunTime:0.008000s ]
SQL: SELECT `customer_id` FROM `storemembers` WHERE `store_id` = '4C2A9628-B41D-C5C3-E398-345490180E41' AND `title_id` = 300 AND `record_status` = 1 LIMIT 1   [ RunTime:0.007001s ]
SQL: SELECT `mobile`,`true_name` FROM `customer` WHERE `id` = '1635fb0b-d47e-5e73-59b0-6ddb14cea371' AND `record_status` = 1 LIMIT 1   [ RunTime:0.007000s ]
SQL: SELECT COUNT(*) AS tp_count FROM `houseroom` WHERE `store_id` = '4C2A9628-B41D-C5C3-E398-345490180E41' AND `record_status` = 1 LIMIT 1   [ RunTime:0.008001s ]
SQL: SELECT `customer_id` FROM `storemembers` WHERE `store_id` = '0D43FDD4-688A-B7A8-1E93-AFDF153ECE7A' AND `title_id` = 300 AND `record_status` = 1 LIMIT 1   [ RunTime:0.009000s ]
SQL: SELECT `mobile`,`true_name` FROM `customer` WHERE `id` = 'f1dba4aa-a9af-08ce-e4eb-6722575e25e7' AND `record_status` = 1 LIMIT 1   [ RunTime:0.007001s ]
SQL: SELECT COUNT(*) AS tp_count FROM `houseroom` WHERE `store_id` = '0D43FDD4-688A-B7A8-1E93-AFDF153ECE7A' AND `record_status` = 1 LIMIT 1   [ RunTime:0.014001s ]
SQL: SELECT `customer_id` FROM `storemembers` WHERE `store_id` = '8DE455F5-36BF-0882-D786-787DAEB3B07D' AND `title_id` = 300 AND `record_status` = 1 LIMIT 1   [ RunTime:0.018001s ]
SQL: SELECT `mobile`,`true_name` FROM `customer` WHERE `id` = '50d99167-2a96-9767-5dbd-526300acb06b' AND `record_status` = 1 LIMIT 1   [ RunTime:0.009000s ]
SQL: SELECT COUNT(*) AS tp_count FROM `houseroom` WHERE `store_id` = '8DE455F5-36BF-0882-D786-787DAEB3B07D' AND `record_status` = 1 LIMIT 1   [ RunTime:0.008001s ]
SQL: SELECT `customer_id` FROM `storemembers` WHERE `store_id` = '193D90FA-B464-5913-3447-16401BF20789' AND `title_id` = 300 AND `record_status` = 1 LIMIT 1   [ RunTime:0.007000s ]
SQL: SELECT `mobile`,`true_name` FROM `customer` WHERE `id` = 'ef1b4e1a-1b98-1215-8061-9cff7bc80bc3' AND `record_status` = 1 LIMIT 1   [ RunTime:0.008001s ]
SQL: SELECT COUNT(*) AS tp_count FROM `houseroom` WHERE `store_id` = '193D90FA-B464-5913-3447-16401BF20789' AND `record_status` = 1 LIMIT 1   [ RunTime:0.008000s ]
SQL: SELECT `customer_id` FROM `storemembers` WHERE `store_id` = '0F44E028-1294-A93F-1759-1698FDDA5EF0' AND `title_id` = 300 AND `record_status` = 1 LIMIT 1   [ RunTime:0.009001s ]
SQL: SELECT `mobile`,`true_name` FROM `customer` WHERE `id` = '5dec2ffc-f007-6482-1373-003d8f8fbb74' AND `record_status` = 1 LIMIT 1   [ RunTime:0.010000s ]
SQL: SELECT COUNT(*) AS tp_count FROM `houseroom` WHERE `store_id` = '0F44E028-1294-A93F-1759-1698FDDA5EF0' AND `record_status` = 1 LIMIT 1   [ RunTime:0.009001s ]
SQL: SELECT `customer_id` FROM `storemembers` WHERE `store_id` = '95F07C99-32AB-7AA6-EB9B-6DABBC7E89FB' AND `title_id` = 300 AND `record_status` = 1 LIMIT 1   [ RunTime:0.007000s ]
SQL: SELECT `mobile`,`true_name` FROM `customer` WHERE `id` = '13ffcead-6e59-a364-8b97-85026b31c314' AND `record_status` = 1 LIMIT 1   [ RunTime:0.007001s ]
SQL: SELECT COUNT(*) AS tp_count FROM `houseroom` WHERE `store_id` = '95F07C99-32AB-7AA6-EB9B-6DABBC7E89FB' AND `record_status` = 1 LIMIT 1   [ RunTime:0.007000s ]
SQL: SELECT `customer_id` FROM `storemembers` WHERE `store_id` = '22D1C774-C164-FA14-B417-21370E11E773' AND `title_id` = 300 AND `record_status` = 1 LIMIT 1   [ RunTime:0.008001s ]
SQL: SELECT `mobile`,`true_name` FROM `customer` WHERE `id` = '33d3969c-944e-0940-847e-290e4a77a106' AND `record_status` = 1 LIMIT 1   [ RunTime:0.009000s ]
SQL: SELECT COUNT(*) AS tp_count FROM `houseroom` WHERE `store_id` = '22D1C774-C164-FA14-B417-21370E11E773' AND `record_status` = 1 LIMIT 1   [ RunTime:0.007001s ]
SQL: SELECT `customer_id` FROM `storemembers` WHERE `store_id` = '728C2320-B856-3C80-B6A0-BEA0DBD7B77F' AND `title_id` = 300 AND `record_status` = 1 LIMIT 1   [ RunTime:0.008000s ]
SQL: SELECT `mobile`,`true_name` FROM `customer` WHERE `id` = 'ef08e2ae-7000-84ee-84d0-b832baade910' AND `record_status` = 1 LIMIT 1   [ RunTime:0.007001s ]
SQL: SELECT COUNT(*) AS tp_count FROM `houseroom` WHERE `store_id` = '728C2320-B856-3C80-B6A0-BEA0DBD7B77F' AND `record_status` = 1 LIMIT 1   [ RunTime:0.007000s ]
INFO: [ view_parse ] --START--
INFO: [ template_filter ] --START--
INFO: Run Behavior\ContentReplaceBehavior [ RunTime:0.001000s ]
INFO: [ template_filter ] --END-- [ RunTime:0.001000s ]
INFO: Run Behavior\ParseTemplateBehavior [ RunTime:0.031002s ]
INFO: [ view_parse ] --END-- [ RunTime:0.031002s ]
INFO: [ view_filter ] --START--
INFO: Run Behavior\WriteHtmlCacheBehavior [ RunTime:0.001000s ]
INFO: [ view_filter ] --END-- [ RunTime:0.001000s ]
INFO: [ app_end ] --START--
INFO: Run Behavior\ShowPageTraceBehavior [ RunTime:0.001000s ]
INFO: [ app_end ] --END-- [ RunTime:0.002000s ]

