[ 2017-04-17T10:45:17+08:00 ] ::1 /hizhu/admin.php
INFO: [ app_init ] --START--
INFO: Run Behavior\BuildLiteBehavior [ RunTime:0.000000s ]
INFO: [ app_init ] --END-- [ RunTime:0.003000s ]
INFO: [ app_begin ] --START--
INFO: Run Behavior\ReadHtmlCacheBehavior [ RunTime:0.001001s ]
INFO: [ app_begin ] --END-- [ RunTime:0.001001s ]
INFO: [ view_parse ] --START--
INFO: [ template_filter ] --START--
INFO: Run Behavior\ContentReplaceBehavior [ RunTime:0.000000s ]
INFO: [ template_filter ] --END-- [ RunTime:0.001000s ]
INFO: Run Behavior\ParseTemplateBehavior [ RunTime:0.012000s ]
INFO: [ view_parse ] --END-- [ RunTime:0.012000s ]
INFO: [ view_filter ] --START--
INFO: Run Behavior\WriteHtmlCacheBehavior [ RunTime:0.001001s ]
INFO: [ view_filter ] --END-- [ RunTime:0.001001s ]
INFO: [ app_end ] --START--
INFO: Run Behavior\ShowPageTraceBehavior [ RunTime:0.001000s ]
INFO: [ app_end ] --END-- [ RunTime:0.002000s ]

[ 2017-04-17T10:45:17+08:00 ] ::1 /hizhu/admin.php/Index/verufy.html
INFO: [ app_init ] --START--
INFO: Run Behavior\BuildLiteBehavior [ RunTime:0.000000s ]
INFO: [ app_init ] --END-- [ RunTime:0.001000s ]
INFO: [ app_begin ] --START--
INFO: Run Behavior\ReadHtmlCacheBehavior [ RunTime:0.000000s ]
INFO: [ app_begin ] --END-- [ RunTime:0.000000s ]
INFO: [ app_end ] --START--
INFO: Run Behavior\ShowPageTraceBehavior [ RunTime:0.001000s ]
INFO: [ app_end ] --END-- [ RunTime:0.001000s ]

[ 2017-04-17T10:45:23+08:00 ] ::1 /hizhu/Index/login.html
INFO: [ app_init ] --START--
INFO: Run Behavior\BuildLiteBehavior [ RunTime:0.000000s ]
INFO: [ app_init ] --END-- [ RunTime:0.001000s ]
INFO: [ app_begin ] --START--
INFO: Run Behavior\ReadHtmlCacheBehavior [ RunTime:0.001000s ]
INFO: [ app_begin ] --END-- [ RunTime:0.001000s ]
SQL: SHOW COLUMNS FROM `admin_user` [ RunTime:0.011001s ]
SQL: SELECT * FROM `admin_user` WHERE `user_name` = 'admin' LIMIT 1   [ RunTime:0.010000s ]
SQL: SELECT * FROM `admin_user` WHERE `user_name` = 'admin' AND `user_pwd` = '0c6b4038cefe52dbba27c6434dc1fecd'  [ RunTime:0.010001s ]
SQL: SELECT * FROM `admin_user` WHERE `user_name` = 'admin' LIMIT 1   [ RunTime:0.011001s ]
INFO: [ view_parse ] --START--
INFO: [ template_filter ] --START--
INFO: Run Behavior\ContentReplaceBehavior [ RunTime:0.000000s ]
INFO: [ template_filter ] --END-- [ RunTime:0.001000s ]
INFO: Run Behavior\ParseTemplateBehavior [ RunTime:0.007001s ]
INFO: [ view_parse ] --END-- [ RunTime:0.007001s ]
INFO: [ view_filter ] --START--
INFO: Run Behavior\WriteHtmlCacheBehavior [ RunTime:0.000000s ]
INFO: [ view_filter ] --END-- [ RunTime:0.000000s ]
INFO: [ app_end ] --START--
INFO: Run Behavior\ShowPageTraceBehavior [ RunTime:0.000000s ]
INFO: [ app_end ] --END-- [ RunTime:0.000000s ]

[ 2017-04-17T10:45:25+08:00 ] ::1 /hizhu/Welcome/welcome.html
INFO: [ app_init ] --START--
INFO: Run Behavior\BuildLiteBehavior [ RunTime:0.000000s ]
INFO: [ app_init ] --END-- [ RunTime:0.001000s ]
INFO: [ app_begin ] --START--
INFO: Run Behavior\ReadHtmlCacheBehavior [ RunTime:0.000000s ]
INFO: [ app_begin ] --END-- [ RunTime:0.000000s ]
SQL: SHOW COLUMNS FROM `admin_user` [ RunTime:0.010000s ]
SQL: SELECT * FROM `admin_user` WHERE `user_name` = 'admin' LIMIT 1   [ RunTime:0.011000s ]
SQL: SHOW COLUMNS FROM `adminmenulist` [ RunTime:0.013001s ]
SQL: SELECT * FROM `adminmenulist` WHERE `parent_id` = 0 AND `record_status` = 1 ORDER BY index_no asc  [ RunTime:0.010000s ]
SQL: SELECT * FROM `adminmenulist` WHERE `parent_id` = 1 AND `record_status` = 1 ORDER BY index_no asc  [ RunTime:0.013000s ]
SQL: SELECT * FROM `adminmenulist` WHERE `parent_id` = 4 AND `record_status` = 1 ORDER BY index_no asc  [ RunTime:0.012001s ]
SQL: SELECT * FROM `adminmenulist` WHERE `parent_id` = 7 AND `record_status` = 1 ORDER BY index_no asc  [ RunTime:0.010000s ]
SQL: SELECT * FROM `adminmenulist` WHERE `parent_id` = 47 AND `record_status` = 1 ORDER BY index_no asc  [ RunTime:0.016001s ]
SQL: SELECT * FROM `adminmenulist` WHERE `parent_id` = 77 AND `record_status` = 1 ORDER BY index_no asc  [ RunTime:0.007000s ]
SQL: SELECT * FROM `adminmenulist` WHERE `parent_id` = 87 AND `record_status` = 1 ORDER BY index_no asc  [ RunTime:0.017001s ]
SQL: SELECT * FROM `adminmenulist` WHERE `parent_id` = 107 AND `record_status` = 1 ORDER BY index_no asc  [ RunTime:0.010001s ]
SQL: SELECT * FROM `adminmenulist` WHERE `parent_id` = 141 AND `record_status` = 1 ORDER BY index_no asc  [ RunTime:0.010000s ]
SQL: SELECT * FROM `adminmenulist` WHERE `parent_id` = 162 AND `record_status` = 1 ORDER BY index_no asc  [ RunTime:0.011001s ]
SQL: SELECT * FROM `admin_user` WHERE `user_name` = 'admin' AND `record_status` = 1 LIMIT 1   [ RunTime:0.010001s ]
INFO: [ view_parse ] --START--
INFO: [ template_filter ] --START--
INFO: Run Behavior\ContentReplaceBehavior [ RunTime:0.000000s ]
INFO: [ template_filter ] --END-- [ RunTime:0.000000s ]
INFO: Run Behavior\ParseTemplateBehavior [ RunTime:0.029002s ]
INFO: [ view_parse ] --END-- [ RunTime:0.029002s ]
INFO: [ view_filter ] --START--
INFO: Run Behavior\WriteHtmlCacheBehavior [ RunTime:0.001000s ]
INFO: [ view_filter ] --END-- [ RunTime:0.001000s ]
INFO: [ app_end ] --START--
INFO: Run Behavior\ShowPageTraceBehavior [ RunTime:0.000000s ]
INFO: [ app_end ] --END-- [ RunTime:0.001000s ]

[ 2017-04-17T10:45:38+08:00 ] ::1 /hizhu/stores/storesList.html?no=162
INFO: [ app_init ] --START--
INFO: Run Behavior\BuildLiteBehavior [ RunTime:0.000000s ]
INFO: [ app_init ] --END-- [ RunTime:0.000000s ]
INFO: [ app_begin ] --START--
INFO: Run Behavior\ReadHtmlCacheBehavior [ RunTime:0.000000s ]
INFO: [ app_begin ] --END-- [ RunTime:0.000000s ]
SQL: SHOW COLUMNS FROM `admin_user` [ RunTime:0.013001s ]
SQL: SELECT * FROM `admin_user` WHERE `user_name` = 'admin' LIMIT 1   [ RunTime:0.010001s ]
SQL: SHOW COLUMNS FROM `adminmenulist` [ RunTime:0.010001s ]
SQL: SELECT * FROM `adminmenulist` WHERE `parent_id` = 163 AND `record_status` = 1 ORDER BY index_no asc  [ RunTime:0.237013s ]
SQL: SELECT * FROM `adminmenulist` WHERE `parent_id` = 167 AND `record_status` = 1 ORDER BY index_no asc  [ RunTime:0.008001s ]
SQL: SHOW COLUMNS FROM `stores` [ RunTime:0.011001s ]
SQL: SELECT COUNT(*) AS tp_count FROM `stores` WHERE `city_code` = '001009001' AND `record_status` = 1 AND `is_special` = 0 LIMIT 1   [ RunTime:0.012001s ]
SQL: SELECT `id`,`name`,`medal_type`,`create_time`,`update_time`,`credit_score`,`earnestmoney` FROM `stores` WHERE `city_code` = '001009001' AND `record_status` = 1 AND `is_special` = 0 ORDER BY create_time desc LIMIT 0,10   [ RunTime:0.013001s ]
SQL: SHOW COLUMNS FROM `storemembers` [ RunTime:0.012001s ]
SQL: SELECT `customer_id` FROM `storemembers` WHERE `store_id` = '7144F2FE-8364-B795-4BB4-856D32A78EE1' AND `title_id` = 300 AND `record_status` = 1 LIMIT 1   [ RunTime:0.010001s ]
SQL: SHOW COLUMNS FROM `customer` [ RunTime:0.247014s ]
SQL: SELECT `mobile`,`true_name` FROM `customer` WHERE `id` = '7e89fb95-af29-ad97-3419-5ae98ad37139' AND `record_status` = 1 LIMIT 1   [ RunTime:0.011000s ]
SQL: SHOW COLUMNS FROM `houseroom` [ RunTime:0.010001s ]
SQL: SELECT COUNT(*) AS tp_count FROM `houseroom` WHERE `store_id` = '7144F2FE-8364-B795-4BB4-856D32A78EE1' AND `record_status` = 1 LIMIT 1   [ RunTime:0.009001s ]
SQL: SELECT `customer_id` FROM `storemembers` WHERE `store_id` = 'B4F0C6A0-0FA7-8408-7D21-C63EAC0F0133' AND `title_id` = 300 AND `record_status` = 1 LIMIT 1   [ RunTime:0.011000s ]
SQL: SELECT `mobile`,`true_name` FROM `customer` WHERE `id` = '218fc3eb-bd7a-f27b-ab1e-e04c18552af8' AND `record_status` = 1 LIMIT 1   [ RunTime:0.011001s ]
SQL: SELECT COUNT(*) AS tp_count FROM `houseroom` WHERE `store_id` = 'B4F0C6A0-0FA7-8408-7D21-C63EAC0F0133' AND `record_status` = 1 LIMIT 1   [ RunTime:0.009000s ]
SQL: SELECT `customer_id` FROM `storemembers` WHERE `store_id` = '3554301d-976d-1e34-c972-c31981b6f9c7' AND `title_id` = 300 AND `record_status` = 1 LIMIT 1   [ RunTime:0.010000s ]
SQL: SELECT `mobile`,`true_name` FROM `customer` WHERE `id` = 'D86E4A8C-8DE6-4D54-0FB1-AFCD48B01F73' AND `record_status` = 1 LIMIT 1   [ RunTime:0.011001s ]
SQL: SELECT COUNT(*) AS tp_count FROM `houseroom` WHERE `store_id` = '3554301d-976d-1e34-c972-c31981b6f9c7' AND `record_status` = 1 LIMIT 1   [ RunTime:0.009000s ]
SQL: SELECT `customer_id` FROM `storemembers` WHERE `store_id` = '7F2179C8-C6AA-FB55-3C6F-3FB080E8F12C' AND `title_id` = 300 AND `record_status` = 1 LIMIT 1   [ RunTime:0.010001s ]
SQL: SELECT `mobile`,`true_name` FROM `customer` WHERE `id` = '4a267a63-a0c0-2ee7-25af-21687b8fb200' AND `record_status` = 1 LIMIT 1   [ RunTime:0.011001s ]
SQL: SELECT COUNT(*) AS tp_count FROM `houseroom` WHERE `store_id` = '7F2179C8-C6AA-FB55-3C6F-3FB080E8F12C' AND `record_status` = 1 LIMIT 1   [ RunTime:0.009000s ]
SQL: SELECT `customer_id` FROM `storemembers` WHERE `store_id` = 'FD735524-C64C-8554-0D69-B3B91BC06C1D' AND `title_id` = 300 AND `record_status` = 1 LIMIT 1   [ RunTime:0.014001s ]
SQL: SELECT `mobile`,`true_name` FROM `customer` WHERE `id` = '92b784a1-f998-2ef8-d8a1-6901de43b65a' AND `record_status` = 1 LIMIT 1   [ RunTime:0.010001s ]
SQL: SELECT COUNT(*) AS tp_count FROM `houseroom` WHERE `store_id` = 'FD735524-C64C-8554-0D69-B3B91BC06C1D' AND `record_status` = 1 LIMIT 1   [ RunTime:0.024001s ]
SQL: SELECT `customer_id` FROM `storemembers` WHERE `store_id` = '6FECB8FD-A091-FDF7-EF5E-8910CE910B9C' AND `title_id` = 300 AND `record_status` = 1 LIMIT 1   [ RunTime:0.012001s ]
SQL: SELECT `mobile`,`true_name` FROM `customer` WHERE `id` = 'a914960f-cd65-e0e4-9306-1428a05a909f' AND `record_status` = 1 LIMIT 1   [ RunTime:0.011001s ]
SQL: SELECT COUNT(*) AS tp_count FROM `houseroom` WHERE `store_id` = '6FECB8FD-A091-FDF7-EF5E-8910CE910B9C' AND `record_status` = 1 LIMIT 1   [ RunTime:0.009000s ]
SQL: SELECT `customer_id` FROM `storemembers` WHERE `store_id` = '5A6861C0-EF99-FD11-D53E-333F77369490' AND `title_id` = 300 AND `record_status` = 1 LIMIT 1   [ RunTime:0.013001s ]
SQL: SELECT `mobile`,`true_name` FROM `customer` WHERE `id` = 'c0a5964f-cfa2-5d54-a82a-fd90cfff36fa' AND `record_status` = 1 LIMIT 1   [ RunTime:0.013001s ]
SQL: SELECT COUNT(*) AS tp_count FROM `houseroom` WHERE `store_id` = '5A6861C0-EF99-FD11-D53E-333F77369490' AND `record_status` = 1 LIMIT 1   [ RunTime:0.009000s ]
SQL: SELECT `customer_id` FROM `storemembers` WHERE `store_id` = '4BBD30FD-EAB6-0B00-9F6C-D9F0E1D3E04B' AND `title_id` = 300 AND `record_status` = 1 LIMIT 1   [ RunTime:0.024002s ]
SQL: SELECT `mobile`,`true_name` FROM `customer` WHERE `id` = '48492a3a-3e07-5f9d-5c61-12e86cd8be53' AND `record_status` = 1 LIMIT 1   [ RunTime:0.024001s ]
SQL: SELECT COUNT(*) AS tp_count FROM `houseroom` WHERE `store_id` = '4BBD30FD-EAB6-0B00-9F6C-D9F0E1D3E04B' AND `record_status` = 1 LIMIT 1   [ RunTime:0.010001s ]
SQL: SELECT `customer_id` FROM `storemembers` WHERE `store_id` = '411E5D09-0E61-2FBA-FBA3-830DFA61A133' AND `title_id` = 300 AND `record_status` = 1 LIMIT 1   [ RunTime:0.012001s ]
SQL: SELECT `mobile`,`true_name` FROM `customer` WHERE `id` = '4a919ef2-ff6a-3b97-ef84-192be29019ca' AND `record_status` = 1 LIMIT 1   [ RunTime:0.010000s ]
SQL: SELECT COUNT(*) AS tp_count FROM `houseroom` WHERE `store_id` = '411E5D09-0E61-2FBA-FBA3-830DFA61A133' AND `record_status` = 1 LIMIT 1   [ RunTime:0.010001s ]
SQL: SELECT `customer_id` FROM `storemembers` WHERE `store_id` = '2D8EEA69-7E09-C1F2-141F-956714E45BC0' AND `title_id` = 300 AND `record_status` = 1 LIMIT 1   [ RunTime:0.011000s ]
SQL: SELECT `mobile`,`true_name` FROM `customer` WHERE `id` = 'faa7219b-284c-9910-6aed-75faf8449975' AND `record_status` = 1 LIMIT 1   [ RunTime:0.010000s ]
SQL: SELECT COUNT(*) AS tp_count FROM `houseroom` WHERE `store_id` = '2D8EEA69-7E09-C1F2-141F-956714E45BC0' AND `record_status` = 1 LIMIT 1   [ RunTime:0.010001s ]
INFO: [ view_parse ] --START--
INFO: [ template_filter ] --START--
INFO: Run Behavior\ContentReplaceBehavior [ RunTime:0.000000s ]
INFO: [ template_filter ] --END-- [ RunTime:0.000000s ]
NOTIC: [8] Undefined index: type D:\wamp\www\hizhu\Application\Runtime\Cache\Home\9d94da0cf008813badfe0710e96249fc.php 第 81 行.
NOTIC: [8] Undefined index: type D:\wamp\www\hizhu\Application\Runtime\Cache\Home\9d94da0cf008813badfe0710e96249fc.php 第 82 行.
NOTIC: [8] Undefined index: type D:\wamp\www\hizhu\Application\Runtime\Cache\Home\9d94da0cf008813badfe0710e96249fc.php 第 83 行.
NOTIC: [8] Undefined index: type D:\wamp\www\hizhu\Application\Runtime\Cache\Home\9d94da0cf008813badfe0710e96249fc.php 第 84 行.
INFO: Run Behavior\ParseTemplateBehavior [ RunTime:0.026002s ]
INFO: [ view_parse ] --END-- [ RunTime:0.026002s ]
INFO: [ view_filter ] --START--
INFO: Run Behavior\WriteHtmlCacheBehavior [ RunTime:0.000000s ]
INFO: [ view_filter ] --END-- [ RunTime:0.000000s ]
INFO: [ app_end ] --START--
INFO: Run Behavior\ShowPageTraceBehavior [ RunTime:0.000000s ]
INFO: [ app_end ] --END-- [ RunTime:0.001000s ]

[ 2017-04-17T10:46:19+08:00 ] ::1 /hizhu/Customer/authenticationList.html?no=6
INFO: [ app_init ] --START--
INFO: Run Behavior\BuildLiteBehavior [ RunTime:0.000000s ]
INFO: [ app_init ] --END-- [ RunTime:0.001000s ]
INFO: [ app_begin ] --START--
INFO: Run Behavior\ReadHtmlCacheBehavior [ RunTime:0.001000s ]
INFO: [ app_begin ] --END-- [ RunTime:0.001000s ]
SQL: SHOW COLUMNS FROM `admin_user` [ RunTime:0.010001s ]
SQL: SELECT * FROM `admin_user` WHERE `user_name` = 'admin' LIMIT 1   [ RunTime:0.011001s ]
SQL: SHOW COLUMNS FROM `adminmenulistlimit` [ RunTime:0.012000s ]
SQL: SELECT * FROM `adminmenulistlimit` WHERE `city_auth` = 1 AND `user_name` = 'admin'  [ RunTime:0.841048s ]
SQL: SHOW COLUMNS FROM `customer` [ RunTime:0.240013s ]
SQL: SELECT COUNT(*) AS tp_count FROM `customer` WHERE `is_auth` = 1 AND ( `auth_time` > 1427817600 AND `auth_time` < 1743523200  ) LIMIT 1   [ RunTime:0.014000s ]
NOTIC: [2] urlencode() expects parameter 1 to be string, array given D:\wamp\www\hizhu\Application\Home\Controller\CustomerController.class.php 第 44 行.
NOTIC: [2] urlencode() expects parameter 1 to be string, array given D:\wamp\www\hizhu\Application\Home\Controller\CustomerController.class.php 第 44 行.
SQL: SELECT * FROM `customer` WHERE `is_auth` = 1 AND ( `auth_time` > 1427817600 AND `auth_time` < 1743523200  ) ORDER BY auth_time desc LIMIT 0,15   [ RunTime:0.285017s ]
INFO: [ view_parse ] --START--
INFO: [ template_filter ] --START--
INFO: Run Behavior\ContentReplaceBehavior [ RunTime:0.000000s ]
INFO: [ template_filter ] --END-- [ RunTime:0.000000s ]
NOTIC: [8] Undefined index: startTime D:\wamp\www\hizhu\Application\Runtime\Cache\Home\ef908816fe1538536da457bb5abcc42d.php 第 72 行.
NOTIC: [8] Undefined index: endTime D:\wamp\www\hizhu\Application\Runtime\Cache\Home\ef908816fe1538536da457bb5abcc42d.php 第 72 行.
NOTIC: [8] Undefined index: mobile D:\wamp\www\hizhu\Application\Runtime\Cache\Home\ef908816fe1538536da457bb5abcc42d.php 第 74 行.
NOTIC: [8] Undefined index: name D:\wamp\www\hizhu\Application\Runtime\Cache\Home\ef908816fe1538536da457bb5abcc42d.php 第 78 行.
INFO: Run Behavior\ParseTemplateBehavior [ RunTime:0.038002s ]
INFO: [ view_parse ] --END-- [ RunTime:0.038002s ]
INFO: [ view_filter ] --START--
INFO: Run Behavior\WriteHtmlCacheBehavior [ RunTime:0.000000s ]
INFO: [ view_filter ] --END-- [ RunTime:0.000000s ]
INFO: [ app_end ] --START--
INFO: Run Behavior\ShowPageTraceBehavior [ RunTime:0.000000s ]
INFO: [ app_end ] --END-- [ RunTime:0.001000s ]

[ 2017-04-17T10:46:45+08:00 ] ::1 /hizhu/Jobowner/middlemanVerifyList.html?no=6&leftno=189
INFO: [ app_init ] --START--
INFO: Run Behavior\BuildLiteBehavior [ RunTime:0.000000s ]
INFO: [ app_init ] --END-- [ RunTime:0.001000s ]
INFO: [ app_begin ] --START--
INFO: Run Behavior\ReadHtmlCacheBehavior [ RunTime:0.001000s ]
INFO: [ app_begin ] --END-- [ RunTime:0.001000s ]
SQL: SHOW COLUMNS FROM `admin_user` [ RunTime:0.010000s ]
SQL: SELECT * FROM `admin_user` WHERE `user_name` = 'admin' LIMIT 1   [ RunTime:0.217013s ]
SQL: SHOW COLUMNS FROM `customerinfocheck` [ RunTime:0.013001s ]
SQL: SELECT COUNT(*) AS tp_count FROM `customerinfocheck` WHERE `city_code` = '001009001' AND `is_owner` = 5 LIMIT 1   [ RunTime:0.011000s ]
SQL: SELECT `id`,`customer_id`,`mobile`,`true_name`,`create_time`,`oper_man_name`,`refuse_status` FROM `customerinfocheck` WHERE `city_code` = '001009001' AND `is_owner` = 5 ORDER BY create_time desc LIMIT 0,10   [ RunTime:0.012000s ]
SQL: SHOW COLUMNS FROM `customer` [ RunTime:0.016001s ]
SQL: SELECT `agent_company_name`,`agent_commission_per` FROM `customer` WHERE `id` = '317DBC06-2705-37E2-4192-87B0ABF27993' LIMIT 1   [ RunTime:0.011001s ]
ERR: 1054:Unknown column 'agent_commission_per' in 'field list'
 [ SQL语句 ] : SELECT `agent_company_name`,`agent_commission_per` FROM `customer` WHERE `id` = '317DBC06-2705-37E2-4192-87B0ABF27993' LIMIT 1  
NOTIC: [8] Undefined variable: result D:\wamp\www\hizhu\Application\Home\Controller\JobownerController.class.php 第 1359 行.
INFO: [ view_parse ] --START--
INFO: [ template_filter ] --START--
INFO: Run Behavior\ContentReplaceBehavior [ RunTime:0.000000s ]
INFO: [ template_filter ] --END-- [ RunTime:0.000000s ]
NOTIC: [8] Use of undefined constant id - assumed 'id' D:\wamp\www\hizhu\Application\Runtime\Cache\Home\1f25f870d2b58eb4c75a5754443e692e.php 第 110 行.
NOTIC: [8] Use of undefined constant customer_id - assumed 'customer_id' D:\wamp\www\hizhu\Application\Runtime\Cache\Home\1f25f870d2b58eb4c75a5754443e692e.php 第 110 行.
NOTIC: [8] Use of undefined constant mobile - assumed 'mobile' D:\wamp\www\hizhu\Application\Runtime\Cache\Home\1f25f870d2b58eb4c75a5754443e692e.php 第 110 行.
INFO: Run Behavior\ParseTemplateBehavior [ RunTime:0.021001s ]
INFO: [ view_parse ] --END-- [ RunTime:0.021001s ]
INFO: [ view_filter ] --START--
INFO: Run Behavior\WriteHtmlCacheBehavior [ RunTime:0.000000s ]
INFO: [ view_filter ] --END-- [ RunTime:0.001000s ]
INFO: [ app_end ] --START--
INFO: Run Behavior\ShowPageTraceBehavior [ RunTime:0.000000s ]
INFO: [ app_end ] --END-- [ RunTime:0.001000s ]

[ 2017-04-17T11:03:53+08:00 ] ::1 /hizhu/Orders/auditHouseOrders.html?no=4
INFO: [ app_init ] --START--
INFO: Run Behavior\BuildLiteBehavior [ RunTime:0.000000s ]
INFO: [ app_init ] --END-- [ RunTime:0.000000s ]
INFO: [ app_begin ] --START--
INFO: Run Behavior\ReadHtmlCacheBehavior [ RunTime:0.000000s ]
INFO: [ app_begin ] --END-- [ RunTime:0.000000s ]
SQL: SHOW COLUMNS FROM `admin_user` [ RunTime:0.215012s ]
SQL: SELECT * FROM `admin_user` WHERE `user_name` = 'admin' LIMIT 1   [ RunTime:0.015000s ]
SQL: SHOW COLUMNS FROM `adminmenulist` [ RunTime:0.009000s ]
SQL: SELECT * FROM `adminmenulist` WHERE `parent_id` = 29 AND `record_status` = 1 ORDER BY index_no asc  [ RunTime:0.014001s ]
SQL: SELECT * FROM `adminmenulist` WHERE `parent_id` = 39 AND `record_status` = 1 ORDER BY index_no asc  [ RunTime:0.013001s ]
SQL: SELECT * FROM `adminmenulist` WHERE `parent_id` = 68 AND `record_status` = 1 ORDER BY index_no asc  [ RunTime:0.010001s ]
SQL: SELECT * FROM `adminmenulist` WHERE `parent_id` = 72 AND `record_status` = 1 ORDER BY index_no asc  [ RunTime:0.011001s ]
SQL: SHOW COLUMNS FROM `adminmenulistlimit` [ RunTime:0.015001s ]
SQL: SELECT * FROM `adminmenulistlimit` WHERE `city_auth` = 1 AND `user_name` = 'admin'  [ RunTime:57.788305s ]
NOTIC: [8] Undefined index: startTime D:\wamp\www\hizhu\Application\Home\Controller\OrdersController.class.php 第 26 行.
NOTIC: [8] Undefined index: endTime D:\wamp\www\hizhu\Application\Home\Controller\OrdersController.class.php 第 27 行.
NOTIC: [8] Undefined index: orderStatus D:\wamp\www\hizhu\Application\Home\Controller\OrdersController.class.php 第 28 行.
NOTIC: [8] Undefined index: mobile D:\wamp\www\hizhu\Application\Home\Controller\OrdersController.class.php 第 29 行.
NOTIC: [8] Undefined index: orderid D:\wamp\www\hizhu\Application\Home\Controller\OrdersController.class.php 第 30 行.
NOTIC: [8] Undefined index: landmobile D:\wamp\www\hizhu\Application\Home\Controller\OrdersController.class.php 第 31 行.
NOTIC: [8] Undefined index: landlord D:\wamp\www\hizhu\Application\Home\Controller\OrdersController.class.php 第 32 行.
NOTIC: [8] Undefined index: tenant D:\wamp\www\hizhu\Application\Home\Controller\OrdersController.class.php 第 33 行.
NOTIC: [8] Undefined index: source D:\wamp\www\hizhu\Application\Home\Controller\OrdersController.class.php 第 34 行.
SQL: SHOW COLUMNS FROM `orders` [ RunTime:46.721673s ]
SQL: SELECT COUNT(*) AS tp_count FROM `orders` WHERE orders.record_status = 1 LIMIT 1   [ RunTime:0.014001s ]
NOTIC: [2] urlencode() expects parameter 1 to be string, array given D:\wamp\www\hizhu\Application\Home\Controller\OrdersController.class.php 第 73 行.
SQL: SELECT orders.id,orders.renter_name,orders.renter_phone,orders.price_cnt,orders.order_status,orders.order_pirce_cnt,orders.create_time FROM `orders` WHERE orders.record_status = 1 ORDER BY orders.create_time desc LIMIT 0,15   [ RunTime:0.015001s ]
SQL: SELECT sum(orders.price_cnt) as sumprice_cunt,sum(orders.order_pirce_cnt) as sumorder_pirce_cnt FROM `orders` WHERE orders.record_status = 1 ORDER BY orders.create_time desc LIMIT 1   [ RunTime:0.012000s ]
SQL: SHOW COLUMNS FROM `customercoupon` [ RunTime:0.216013s ]
SQL: SELECT SUM(coupon_money) FROM `customercoupon` WHERE `coupon_type` = 2 AND `flag` = 1 LIMIT 1   [ RunTime:0.019001s ]
INFO: [ view_parse ] --START--
INFO: [ template_filter ] --START--
INFO: Run Behavior\ContentReplaceBehavior [ RunTime:0.000000s ]
INFO: [ template_filter ] --END-- [ RunTime:0.000000s ]
NOTIC: [8] Undefined index: startTime D:\wamp\www\hizhu\Application\Runtime\Cache\Home\8a436c5d778533395daa1212453563e4.php 第 72 行.
NOTIC: [8] Undefined index: endTime D:\wamp\www\hizhu\Application\Runtime\Cache\Home\8a436c5d778533395daa1212453563e4.php 第 72 行.
NOTIC: [8] Undefined index: mobile D:\wamp\www\hizhu\Application\Runtime\Cache\Home\8a436c5d778533395daa1212453563e4.php 第 74 行.
NOTIC: [8] Undefined index: landmobile D:\wamp\www\hizhu\Application\Runtime\Cache\Home\8a436c5d778533395daa1212453563e4.php 第 76 行.
NOTIC: [8] Undefined index: orderStatus D:\wamp\www\hizhu\Application\Runtime\Cache\Home\8a436c5d778533395daa1212453563e4.php 第 81 行.
NOTIC: [8] Undefined index: orderStatus D:\wamp\www\hizhu\Application\Runtime\Cache\Home\8a436c5d778533395daa1212453563e4.php 第 82 行.
NOTIC: [8] Undefined index: orderStatus D:\wamp\www\hizhu\Application\Runtime\Cache\Home\8a436c5d778533395daa1212453563e4.php 第 83 行.
NOTIC: [8] Undefined index: orderStatus D:\wamp\www\hizhu\Application\Runtime\Cache\Home\8a436c5d778533395daa1212453563e4.php 第 84 行.
NOTIC: [8] Undefined index: orderStatus D:\wamp\www\hizhu\Application\Runtime\Cache\Home\8a436c5d778533395daa1212453563e4.php 第 85 行.
NOTIC: [8] Undefined index: orderStatus D:\wamp\www\hizhu\Application\Runtime\Cache\Home\8a436c5d778533395daa1212453563e4.php 第 86 行.
NOTIC: [8] Undefined index: orderStatus D:\wamp\www\hizhu\Application\Runtime\Cache\Home\8a436c5d778533395daa1212453563e4.php 第 87 行.
NOTIC: [8] Undefined index: orderStatus D:\wamp\www\hizhu\Application\Runtime\Cache\Home\8a436c5d778533395daa1212453563e4.php 第 88 行.
NOTIC: [8] Undefined index: orderStatus D:\wamp\www\hizhu\Application\Runtime\Cache\Home\8a436c5d778533395daa1212453563e4.php 第 89 行.
NOTIC: [8] Undefined index: orderStatus D:\wamp\www\hizhu\Application\Runtime\Cache\Home\8a436c5d778533395daa1212453563e4.php 第 90 行.
NOTIC: [8] Undefined index: tenant D:\wamp\www\hizhu\Application\Runtime\Cache\Home\8a436c5d778533395daa1212453563e4.php 第 94 行.
NOTIC: [8] Undefined index: orderid D:\wamp\www\hizhu\Application\Runtime\Cache\Home\8a436c5d778533395daa1212453563e4.php 第 96 行.
NOTIC: [8] Undefined index: source D:\wamp\www\hizhu\Application\Runtime\Cache\Home\8a436c5d778533395daa1212453563e4.php 第 102 行.
NOTIC: [8] Undefined index: source D:\wamp\www\hizhu\Application\Runtime\Cache\Home\8a436c5d778533395daa1212453563e4.php 第 103 行.
NOTIC: [8] Undefined index: source D:\wamp\www\hizhu\Application\Runtime\Cache\Home\8a436c5d778533395daa1212453563e4.php 第 104 行.
NOTIC: [8] Undefined index: source D:\wamp\www\hizhu\Application\Runtime\Cache\Home\8a436c5d778533395daa1212453563e4.php 第 105 行.
INFO: Run Behavior\ParseTemplateBehavior [ RunTime:0.031002s ]
INFO: [ view_parse ] --END-- [ RunTime:0.032002s ]
INFO: [ view_filter ] --START--
INFO: Run Behavior\WriteHtmlCacheBehavior [ RunTime:0.000000s ]
INFO: [ view_filter ] --END-- [ RunTime:0.000000s ]
INFO: [ app_end ] --START--
INFO: Run Behavior\ShowPageTraceBehavior [ RunTime:0.000000s ]
INFO: [ app_end ] --END-- [ RunTime:0.001000s ]

[ 2017-04-17T11:04:00+08:00 ] ::1 /hizhu/Finance/financeList.html?no=7
INFO: [ app_init ] --START--
INFO: Run Behavior\BuildLiteBehavior [ RunTime:0.000000s ]
INFO: [ app_init ] --END-- [ RunTime:0.000000s ]
INFO: [ app_begin ] --START--
INFO: Run Behavior\ReadHtmlCacheBehavior [ RunTime:0.001000s ]
INFO: [ app_begin ] --END-- [ RunTime:0.001000s ]
SQL: SHOW COLUMNS FROM `admin_user` [ RunTime:0.016001s ]
SQL: SELECT * FROM `admin_user` WHERE `user_name` = 'admin' LIMIT 1   [ RunTime:0.011001s ]
SQL: SHOW COLUMNS FROM `adminmenulist` [ RunTime:0.011000s ]
SQL: SELECT * FROM `adminmenulist` WHERE `parent_id` = 35 AND `record_status` = 1 ORDER BY index_no asc  [ RunTime:0.011000s ]
SQL: SELECT * FROM `adminmenulist` WHERE `parent_id` = 92 AND `record_status` = 1 ORDER BY index_no asc  [ RunTime:0.011001s ]
SQL: SELECT * FROM `adminmenulist` WHERE `parent_id` = 112 AND `record_status` = 1 ORDER BY index_no asc  [ RunTime:0.012000s ]
SQL: SELECT * FROM `adminmenulist` WHERE `parent_id` = 127 AND `record_status` = 1 ORDER BY index_no asc  [ RunTime:0.040002s ]
SQL: SELECT * FROM `adminmenulist` WHERE `parent_id` = 184 AND `record_status` = 1 ORDER BY index_no asc  [ RunTime:0.035002s ]
NOTIC: [8] Undefined index: startTime D:\wamp\www\hizhu\Application\Home\Controller\FinanceController.class.php 第 17 行.
NOTIC: [8] Undefined index: endTime D:\wamp\www\hizhu\Application\Home\Controller\FinanceController.class.php 第 18 行.
NOTIC: [8] Undefined index: mobile D:\wamp\www\hizhu\Application\Home\Controller\FinanceController.class.php 第 19 行.
NOTIC: [8] Undefined index: duestart D:\wamp\www\hizhu\Application\Home\Controller\FinanceController.class.php 第 20 行.
NOTIC: [8] Undefined index: dueend D:\wamp\www\hizhu\Application\Home\Controller\FinanceController.class.php 第 21 行.
NOTIC: [8] Undefined index: pay_platform D:\wamp\www\hizhu\Application\Home\Controller\FinanceController.class.php 第 22 行.
NOTIC: [8] Undefined index: orderid D:\wamp\www\hizhu\Application\Home\Controller\FinanceController.class.php 第 23 行.
NOTIC: [8] Undefined index: ownername D:\wamp\www\hizhu\Application\Home\Controller\FinanceController.class.php 第 25 行.
SQL: SHOW COLUMNS FROM `orders` [ RunTime:0.011001s ]
SQL: SELECT COUNT(*) AS tp_count FROM `orders` WHERE orders.record_status = 1 AND ( orders.order_status=4 ) LIMIT 1   [ RunTime:0.011000s ]
NOTIC: [2] urlencode() expects parameter 1 to be string, array given D:\wamp\www\hizhu\Application\Home\Controller\FinanceController.class.php 第 56 行.
SQL: SELECT orders.id,orders.renter_name,orders.renter_phone,orders.price_cnt,orders.order_status,orders.order_pirce_cnt,orderstatus.oper_id FROM `orders` INNER JOIN orderstatus on orders.id=orderstatus.order_id INNER JOIN view_order_owner ON orders.id = view_order_owner.id  WHERE orders.record_status = 1 AND ( orderstatus.order_status=4 and orders.order_status=4 ) ORDER BY orderstatus.create_time desc LIMIT 0,15   [ RunTime:0.060003s ]
SQL: SHOW COLUMNS FROM `customertrading` [ RunTime:0.011001s ]
SQL: SELECT * FROM `customertrading` WHERE `order_id` = '201612220127715' AND `is_access` = 1 LIMIT 1   [ RunTime:0.012001s ]
SQL: SHOW COLUMNS FROM `customercoupon` [ RunTime:0.011001s ]
SQL: SELECT * FROM `customercoupon` WHERE `order_id` = '201612220127715' AND `record_status` = 1 AND `coupon_type` = 2  [ RunTime:0.016001s ]
SQL: SELECT * FROM `customertrading` WHERE `order_id` = '201612220149852' AND `is_access` = 1 LIMIT 1   [ RunTime:0.010001s ]
SQL: SELECT * FROM `customercoupon` WHERE `order_id` = '201612220149852' AND `record_status` = 1 AND `coupon_type` = 2  [ RunTime:0.012001s ]
SQL: SELECT * FROM `customertrading` WHERE `order_id` = '201612220145829' AND `is_access` = 1 LIMIT 1   [ RunTime:0.012000s ]
SQL: SELECT * FROM `customercoupon` WHERE `order_id` = '201612220145829' AND `record_status` = 1 AND `coupon_type` = 2  [ RunTime:0.010001s ]
SQL: SELECT * FROM `customertrading` WHERE `order_id` = '201612220193852' AND `is_access` = 1 LIMIT 1   [ RunTime:0.011001s ]
SQL: SELECT * FROM `customercoupon` WHERE `order_id` = '201612220193852' AND `record_status` = 1 AND `coupon_type` = 2  [ RunTime:0.258014s ]
SQL: SELECT * FROM `customertrading` WHERE `order_id` = '201612220126180' AND `is_access` = 1 LIMIT 1   [ RunTime:0.033002s ]
SQL: SELECT * FROM `customercoupon` WHERE `order_id` = '201612220126180' AND `record_status` = 1 AND `coupon_type` = 2  [ RunTime:0.012001s ]
SQL: SELECT * FROM `customertrading` WHERE `order_id` = '201603300161383' AND `is_access` = 1 LIMIT 1   [ RunTime:0.009001s ]
SQL: SELECT * FROM `customercoupon` WHERE `order_id` = '201603300161383' AND `record_status` = 1 AND `coupon_type` = 2  [ RunTime:0.011001s ]
SQL: SELECT * FROM `customertrading` WHERE `order_id` = '201612210141239' AND `is_access` = 1 LIMIT 1   [ RunTime:0.009001s ]
SQL: SELECT * FROM `customercoupon` WHERE `order_id` = '201612210141239' AND `record_status` = 1 AND `coupon_type` = 2  [ RunTime:0.658038s ]
SQL: SELECT * FROM `customertrading` WHERE `order_id` = '201612210173495' AND `is_access` = 1 LIMIT 1   [ RunTime:0.009001s ]
SQL: SELECT * FROM `customercoupon` WHERE `order_id` = '201612210173495' AND `record_status` = 1 AND `coupon_type` = 2  [ RunTime:0.028001s ]
SQL: SELECT * FROM `customertrading` WHERE `order_id` = '201610300159879' AND `is_access` = 1 LIMIT 1   [ RunTime:0.015001s ]
SQL: SELECT * FROM `customercoupon` WHERE `order_id` = '201610300159879' AND `record_status` = 1 AND `coupon_type` = 2  [ RunTime:0.010001s ]
SQL: SELECT * FROM `customertrading` WHERE `order_id` = '201610300112912' AND `is_access` = 1 LIMIT 1   [ RunTime:0.010001s ]
SQL: SELECT * FROM `customercoupon` WHERE `order_id` = '201610300112912' AND `record_status` = 1 AND `coupon_type` = 2  [ RunTime:0.012001s ]
SQL: SELECT * FROM `customertrading` WHERE `order_id` = '201606300132094' AND `is_access` = 1 LIMIT 1   [ RunTime:0.011000s ]
SQL: SELECT * FROM `customercoupon` WHERE `order_id` = '201606300132094' AND `record_status` = 1 AND `coupon_type` = 2  [ RunTime:0.012001s ]
SQL: SELECT * FROM `customertrading` WHERE `order_id` = '201606240119960' AND `is_access` = 1 LIMIT 1   [ RunTime:0.009000s ]
SQL: SELECT * FROM `customercoupon` WHERE `order_id` = '201606240119960' AND `record_status` = 1 AND `coupon_type` = 2  [ RunTime:0.011001s ]
SQL: SELECT * FROM `customertrading` WHERE `order_id` = '201601120180144' AND `is_access` = 1 LIMIT 1   [ RunTime:0.010000s ]
SQL: SELECT * FROM `customercoupon` WHERE `order_id` = '201601120180144' AND `record_status` = 1 AND `coupon_type` = 2  [ RunTime:0.039002s ]
SQL: SELECT * FROM `customertrading` WHERE `order_id` = '201601120118152' AND `is_access` = 1 LIMIT 1   [ RunTime:0.023001s ]
SQL: SELECT * FROM `customercoupon` WHERE `order_id` = '201601120118152' AND `record_status` = 1 AND `coupon_type` = 2  [ RunTime:0.010000s ]
SQL: SELECT * FROM `customertrading` WHERE `order_id` = '201601120153599' AND `is_access` = 1 LIMIT 1   [ RunTime:0.243014s ]
SQL: SELECT * FROM `customercoupon` WHERE `order_id` = '201601120153599' AND `record_status` = 1 AND `coupon_type` = 2  [ RunTime:0.010000s ]
INFO: [ view_parse ] --START--
INFO: [ template_filter ] --START--
INFO: Run Behavior\ContentReplaceBehavior [ RunTime:0.000000s ]
INFO: [ template_filter ] --END-- [ RunTime:0.001000s ]
NOTIC: [8] Undefined index: startTime D:\wamp\www\hizhu\Application\Runtime\Cache\Home\a4997a9d945f16d255bdcc887ec11842.php 第 71 行.
NOTIC: [8] Undefined index: endTime D:\wamp\www\hizhu\Application\Runtime\Cache\Home\a4997a9d945f16d255bdcc887ec11842.php 第 71 行.
NOTIC: [8] Undefined index: ownername D:\wamp\www\hizhu\Application\Runtime\Cache\Home\a4997a9d945f16d255bdcc887ec11842.php 第 73 行.
NOTIC: [8] Undefined index: mobile D:\wamp\www\hizhu\Application\Runtime\Cache\Home\a4997a9d945f16d255bdcc887ec11842.php 第 76 行.
NOTIC: [8] Undefined index: orderid D:\wamp\www\hizhu\Application\Runtime\Cache\Home\a4997a9d945f16d255bdcc887ec11842.php 第 89 行.
INFO: Run Behavior\ParseTemplateBehavior [ RunTime:0.025002s ]
INFO: [ view_parse ] --END-- [ RunTime:0.025002s ]
INFO: [ view_filter ] --START--
INFO: Run Behavior\WriteHtmlCacheBehavior [ RunTime:0.001000s ]
INFO: [ view_filter ] --END-- [ RunTime:0.001000s ]
INFO: [ app_end ] --START--
INFO: Run Behavior\ShowPageTraceBehavior [ RunTime:0.000000s ]
INFO: [ app_end ] --END-- [ RunTime:0.002000s ]

[ 2017-04-17T11:04:05+08:00 ] ::1 /hizhu/Customer/authenticationList.html?no=6
INFO: [ app_init ] --START--
INFO: Run Behavior\BuildLiteBehavior [ RunTime:0.000000s ]
INFO: [ app_init ] --END-- [ RunTime:0.001000s ]
INFO: [ app_begin ] --START--
INFO: Run Behavior\ReadHtmlCacheBehavior [ RunTime:0.001000s ]
INFO: [ app_begin ] --END-- [ RunTime:0.001000s ]
SQL: SHOW COLUMNS FROM `admin_user` [ RunTime:0.011001s ]
SQL: SELECT * FROM `admin_user` WHERE `user_name` = 'admin' LIMIT 1   [ RunTime:0.010001s ]

[ 2017-04-17T11:04:06+08:00 ] ::1 /hizhu/CustomerTracking/trackinglist.html?no=6&leftno=105
INFO: [ app_init ] --START--
INFO: Run Behavior\BuildLiteBehavior [ RunTime:0.000000s ]
INFO: [ app_init ] --END-- [ RunTime:0.000000s ]
INFO: [ app_begin ] --START--
INFO: Run Behavior\ReadHtmlCacheBehavior [ RunTime:0.000000s ]
INFO: [ app_begin ] --END-- [ RunTime:0.001000s ]
SQL: SHOW COLUMNS FROM `admin_user` [ RunTime:0.050003s ]
SQL: SELECT * FROM `admin_user` WHERE `user_name` = 'admin' LIMIT 1   [ RunTime:0.060004s ]

[ 2017-04-17T11:04:09+08:00 ] ::1 /hizhu/CustomerTracking/trackinglist.html?no=6&leftno=105
INFO: [ app_init ] --START--
INFO: Run Behavior\BuildLiteBehavior [ RunTime:0.000000s ]
INFO: [ app_init ] --END-- [ RunTime:0.001000s ]
INFO: [ app_begin ] --START--
INFO: Run Behavior\ReadHtmlCacheBehavior [ RunTime:0.001000s ]
INFO: [ app_begin ] --END-- [ RunTime:0.001000s ]
SQL: SHOW COLUMNS FROM `admin_user` [ RunTime:0.070004s ]
SQL: SELECT * FROM `admin_user` WHERE `user_name` = 'admin' LIMIT 1   [ RunTime:0.336020s ]
INFO: [ view_parse ] --START--
INFO: [ template_filter ] --START--
INFO: Run Behavior\ContentReplaceBehavior [ RunTime:0.000000s ]
INFO: [ template_filter ] --END-- [ RunTime:0.001000s ]
NOTIC: [8] Undefined index: applyback_status D:\wamp\www\hizhu\Application\Runtime\Cache\Home\fd08fba9813da2a033e632109e9a44df.php 第 213 行.
NOTIC: [8] Undefined index: applyback_status D:\wamp\www\hizhu\Application\Runtime\Cache\Home\fd08fba9813da2a033e632109e9a44df.php 第 214 行.
NOTIC: [8] Undefined index: applyback_status D:\wamp\www\hizhu\Application\Runtime\Cache\Home\fd08fba9813da2a033e632109e9a44df.php 第 215 行.
INFO: Run Behavior\ParseTemplateBehavior [ RunTime:0.061004s ]
INFO: [ view_parse ] --END-- [ RunTime:0.061004s ]
INFO: [ view_filter ] --START--
INFO: Run Behavior\WriteHtmlCacheBehavior [ RunTime:0.001000s ]
INFO: [ view_filter ] --END-- [ RunTime:0.001000s ]
INFO: [ app_end ] --START--
INFO: Run Behavior\ShowPageTraceBehavior [ RunTime:0.001000s ]
INFO: [ app_end ] --END-- [ RunTime:0.001000s ]

[ 2017-04-17T11:04:14+08:00 ] ::1 /hizhu/CustomerTracking/trackinglist.html?no=6&leftno=105
INFO: [ app_init ] --START--
INFO: Run Behavior\BuildLiteBehavior [ RunTime:0.000000s ]
INFO: [ app_init ] --END-- [ RunTime:0.000000s ]
INFO: [ app_begin ] --START--
INFO: Run Behavior\ReadHtmlCacheBehavior [ RunTime:0.001000s ]
INFO: [ app_begin ] --END-- [ RunTime:0.001000s ]
SQL: SHOW COLUMNS FROM `admin_user` [ RunTime:0.022002s ]
SQL: SELECT * FROM `admin_user` WHERE `user_name` = 'admin' LIMIT 1   [ RunTime:0.013001s ]
INFO: [ view_parse ] --START--
INFO: [ template_filter ] --START--
INFO: Run Behavior\ContentReplaceBehavior [ RunTime:0.000000s ]
INFO: [ template_filter ] --END-- [ RunTime:0.000000s ]
NOTIC: [8] Undefined index: applyback_status D:\wamp\www\hizhu\Application\Runtime\Cache\Home\fd08fba9813da2a033e632109e9a44df.php 第 213 行.
NOTIC: [8] Undefined index: applyback_status D:\wamp\www\hizhu\Application\Runtime\Cache\Home\fd08fba9813da2a033e632109e9a44df.php 第 214 行.
NOTIC: [8] Undefined index: applyback_status D:\wamp\www\hizhu\Application\Runtime\Cache\Home\fd08fba9813da2a033e632109e9a44df.php 第 215 行.
INFO: Run Behavior\ParseTemplateBehavior [ RunTime:0.057003s ]
INFO: [ view_parse ] --END-- [ RunTime:0.057003s ]
INFO: [ view_filter ] --START--
INFO: Run Behavior\WriteHtmlCacheBehavior [ RunTime:0.001000s ]
INFO: [ view_filter ] --END-- [ RunTime:0.001000s ]
INFO: [ app_end ] --START--
INFO: Run Behavior\ShowPageTraceBehavior [ RunTime:0.000000s ]
INFO: [ app_end ] --END-- [ RunTime:0.001000s ]

[ 2017-04-17T17:04:02+08:00 ] ::1 /hizhu/admin.php
INFO: [ app_init ] --START--
INFO: Run Behavior\BuildLiteBehavior [ RunTime:0.000000s ]
INFO: [ app_init ] --END-- [ RunTime:0.001000s ]
INFO: [ app_begin ] --START--
INFO: Run Behavior\ReadHtmlCacheBehavior [ RunTime:0.001001s ]
INFO: [ app_begin ] --END-- [ RunTime:0.002001s ]
INFO: [ view_parse ] --START--
INFO: [ template_filter ] --START--
INFO: Run Behavior\ContentReplaceBehavior [ RunTime:0.000000s ]
INFO: [ template_filter ] --END-- [ RunTime:0.001000s ]
INFO: Run Behavior\ParseTemplateBehavior [ RunTime:0.007000s ]
INFO: [ view_parse ] --END-- [ RunTime:0.008000s ]
INFO: [ view_filter ] --START--
INFO: Run Behavior\WriteHtmlCacheBehavior [ RunTime:0.000000s ]
INFO: [ view_filter ] --END-- [ RunTime:0.000000s ]
INFO: [ app_end ] --START--
INFO: Run Behavior\ShowPageTraceBehavior [ RunTime:0.000000s ]
INFO: [ app_end ] --END-- [ RunTime:0.001000s ]

[ 2017-04-17T17:04:02+08:00 ] ::1 /hizhu/admin.php/Index/verufy.html
INFO: [ app_init ] --START--
INFO: Run Behavior\BuildLiteBehavior [ RunTime:0.000000s ]
INFO: [ app_init ] --END-- [ RunTime:0.001000s ]
INFO: [ app_begin ] --START--
INFO: Run Behavior\ReadHtmlCacheBehavior [ RunTime:0.001000s ]
INFO: [ app_begin ] --END-- [ RunTime:0.001000s ]
INFO: [ app_end ] --START--
INFO: Run Behavior\ShowPageTraceBehavior [ RunTime:0.001000s ]
INFO: [ app_end ] --END-- [ RunTime:0.001000s ]

[ 2017-04-17T17:04:04+08:00 ] ::1 /hizhu/admin.php/Index/verufy?d=0.3512739275788137
INFO: [ app_init ] --START--
INFO: Run Behavior\BuildLiteBehavior [ RunTime:0.000000s ]
INFO: [ app_init ] --END-- [ RunTime:0.000000s ]
INFO: [ app_begin ] --START--
INFO: Run Behavior\ReadHtmlCacheBehavior [ RunTime:0.000000s ]
INFO: [ app_begin ] --END-- [ RunTime:0.000000s ]
INFO: [ app_end ] --START--
INFO: Run Behavior\ShowPageTraceBehavior [ RunTime:0.001000s ]
INFO: [ app_end ] --END-- [ RunTime:0.001000s ]

[ 2017-04-17T17:04:09+08:00 ] ::1 /hizhu/Index/login.html
INFO: [ app_init ] --START--
INFO: Run Behavior\BuildLiteBehavior [ RunTime:0.000000s ]
INFO: [ app_init ] --END-- [ RunTime:0.001000s ]
INFO: [ app_begin ] --START--
INFO: Run Behavior\ReadHtmlCacheBehavior [ RunTime:0.001000s ]
INFO: [ app_begin ] --END-- [ RunTime:0.001000s ]
SQL: SHOW COLUMNS FROM `admin_user` [ RunTime:0.218012s ]
SQL: SELECT * FROM `admin_user` WHERE `user_name` = 'admin' LIMIT 1   [ RunTime:0.016001s ]
SQL: SELECT * FROM `admin_user` WHERE `user_name` = 'admin' AND `user_pwd` = '0c6b4038cefe52dbba27c6434dc1fecd'  [ RunTime:0.222012s ]
SQL: SELECT * FROM `admin_user` WHERE `user_name` = 'admin' LIMIT 1   [ RunTime:0.009001s ]
INFO: [ view_parse ] --START--
INFO: [ template_filter ] --START--
INFO: Run Behavior\ContentReplaceBehavior [ RunTime:0.000000s ]
INFO: [ template_filter ] --END-- [ RunTime:0.000000s ]
INFO: Run Behavior\ParseTemplateBehavior [ RunTime:0.007000s ]
INFO: [ view_parse ] --END-- [ RunTime:0.007000s ]
INFO: [ view_filter ] --START--
INFO: Run Behavior\WriteHtmlCacheBehavior [ RunTime:0.000000s ]
INFO: [ view_filter ] --END-- [ RunTime:0.000000s ]
INFO: [ app_end ] --START--
INFO: Run Behavior\ShowPageTraceBehavior [ RunTime:0.000000s ]
INFO: [ app_end ] --END-- [ RunTime:0.001000s ]

[ 2017-04-17T17:04:14+08:00 ] ::1 /hizhu/Welcome/welcome.html
INFO: [ app_init ] --START--
INFO: Run Behavior\BuildLiteBehavior [ RunTime:0.000000s ]
INFO: [ app_init ] --END-- [ RunTime:0.000000s ]
INFO: [ app_begin ] --START--
INFO: Run Behavior\ReadHtmlCacheBehavior [ RunTime:0.000000s ]
INFO: [ app_begin ] --END-- [ RunTime:0.001000s ]
SQL: SHOW COLUMNS FROM `admin_user` [ RunTime:0.010000s ]
SQL: SELECT * FROM `admin_user` WHERE `user_name` = 'admin' LIMIT 1   [ RunTime:0.010000s ]
SQL: SHOW COLUMNS FROM `adminmenulist` [ RunTime:0.013000s ]
SQL: SELECT * FROM `adminmenulist` WHERE `parent_id` = 0 AND `record_status` = 1 ORDER BY index_no asc  [ RunTime:0.218013s ]
SQL: SELECT * FROM `admin_user` WHERE `user_name` = 'admin' AND `record_status` = 1 LIMIT 1   [ RunTime:0.010001s ]
INFO: [ view_parse ] --START--
INFO: [ template_filter ] --START--
INFO: Run Behavior\ContentReplaceBehavior [ RunTime:0.000000s ]
INFO: [ template_filter ] --END-- [ RunTime:0.001000s ]
INFO: Run Behavior\ParseTemplateBehavior [ RunTime:0.013001s ]
INFO: [ view_parse ] --END-- [ RunTime:0.013001s ]
INFO: [ view_filter ] --START--
INFO: Run Behavior\WriteHtmlCacheBehavior [ RunTime:0.000000s ]
INFO: [ view_filter ] --END-- [ RunTime:0.001000s ]
INFO: [ app_end ] --START--
INFO: Run Behavior\ShowPageTraceBehavior [ RunTime:0.001000s ]
INFO: [ app_end ] --END-- [ RunTime:0.001000s ]

[ 2017-04-17T17:04:31+08:00 ] ::1 /hizhu/stores/storesList.html?no=162
INFO: [ app_init ] --START--
INFO: Run Behavior\BuildLiteBehavior [ RunTime:0.000000s ]
INFO: [ app_init ] --END-- [ RunTime:0.000000s ]
INFO: [ app_begin ] --START--
INFO: Run Behavior\ReadHtmlCacheBehavior [ RunTime:0.000000s ]
INFO: [ app_begin ] --END-- [ RunTime:0.001000s ]
SQL: SHOW COLUMNS FROM `admin_user` [ RunTime:0.226013s ]
SQL: SELECT * FROM `admin_user` WHERE `user_name` = 'admin' LIMIT 1   [ RunTime:0.015001s ]
SQL: SHOW COLUMNS FROM `adminmenulist` [ RunTime:0.257015s ]
SQL: SELECT * FROM `adminmenulist` WHERE `parent_id` = 163 AND `record_status` = 1 ORDER BY index_no asc  [ RunTime:0.016001s ]
SQL: SELECT * FROM `adminmenulist` WHERE `parent_id` = 167 AND `record_status` = 1 ORDER BY index_no asc  [ RunTime:0.014001s ]
SQL: SHOW COLUMNS FROM `adminmenulistlimit` [ RunTime:0.013001s ]
SQL: SELECT * FROM `adminmenulistlimit` WHERE `city_auth` = 1 AND `user_name` = 'admin'  [ RunTime:3.679210s ]
SQL: SHOW COLUMNS FROM `stores` [ RunTime:0.012001s ]
SQL: SELECT COUNT(*) AS tp_count FROM `stores` WHERE `city_code` = '001009001' AND `record_status` = 1 AND `is_special` = 0 LIMIT 1   [ RunTime:0.018001s ]
SQL: SELECT `id`,`name`,`medal_type`,`create_time`,`update_time`,`credit_score`,`earnestmoney` FROM `stores` WHERE `city_code` = '001009001' AND `record_status` = 1 AND `is_special` = 0 ORDER BY create_time desc LIMIT 0,10   [ RunTime:0.646037s ]
SQL: SHOW COLUMNS FROM `storemembers` [ RunTime:0.226013s ]
SQL: SELECT `customer_id` FROM `storemembers` WHERE `store_id` = '7144F2FE-8364-B795-4BB4-856D32A78EE1' AND `title_id` = 300 AND `record_status` = 1 LIMIT 1   [ RunTime:0.020002s ]
SQL: SHOW COLUMNS FROM `customer` [ RunTime:0.014001s ]
SQL: SELECT `mobile`,`true_name` FROM `customer` WHERE `id` = '7e89fb95-af29-ad97-3419-5ae98ad37139' AND `record_status` = 1 LIMIT 1   [ RunTime:0.011000s ]
SQL: SHOW COLUMNS FROM `houseroom` [ RunTime:0.013001s ]
SQL: SELECT COUNT(*) AS tp_count FROM `houseroom` WHERE `store_id` = '7144F2FE-8364-B795-4BB4-856D32A78EE1' AND `record_status` = 1 LIMIT 1   [ RunTime:0.010001s ]
SQL: SELECT `customer_id` FROM `storemembers` WHERE `store_id` = 'B4F0C6A0-0FA7-8408-7D21-C63EAC0F0133' AND `title_id` = 300 AND `record_status` = 1 LIMIT 1   [ RunTime:0.011000s ]
SQL: SELECT `mobile`,`true_name` FROM `customer` WHERE `id` = '218fc3eb-bd7a-f27b-ab1e-e04c18552af8' AND `record_status` = 1 LIMIT 1   [ RunTime:0.009000s ]
SQL: SELECT COUNT(*) AS tp_count FROM `houseroom` WHERE `store_id` = 'B4F0C6A0-0FA7-8408-7D21-C63EAC0F0133' AND `record_status` = 1 LIMIT 1   [ RunTime:0.009001s ]
SQL: SELECT `customer_id` FROM `storemembers` WHERE `store_id` = '3554301d-976d-1e34-c972-c31981b6f9c7' AND `title_id` = 300 AND `record_status` = 1 LIMIT 1   [ RunTime:0.011000s ]
SQL: SELECT `mobile`,`true_name` FROM `customer` WHERE `id` = 'D86E4A8C-8DE6-4D54-0FB1-AFCD48B01F73' AND `record_status` = 1 LIMIT 1   [ RunTime:0.014001s ]
SQL: SELECT COUNT(*) AS tp_count FROM `houseroom` WHERE `store_id` = '3554301d-976d-1e34-c972-c31981b6f9c7' AND `record_status` = 1 LIMIT 1   [ RunTime:0.010001s ]
SQL: SELECT `customer_id` FROM `storemembers` WHERE `store_id` = '7F2179C8-C6AA-FB55-3C6F-3FB080E8F12C' AND `title_id` = 300 AND `record_status` = 1 LIMIT 1   [ RunTime:0.013001s ]
SQL: SELECT `mobile`,`true_name` FROM `customer` WHERE `id` = '4a267a63-a0c0-2ee7-25af-21687b8fb200' AND `record_status` = 1 LIMIT 1   [ RunTime:0.014001s ]
SQL: SELECT COUNT(*) AS tp_count FROM `houseroom` WHERE `store_id` = '7F2179C8-C6AA-FB55-3C6F-3FB080E8F12C' AND `record_status` = 1 LIMIT 1   [ RunTime:0.017001s ]
SQL: SELECT `customer_id` FROM `storemembers` WHERE `store_id` = 'FD735524-C64C-8554-0D69-B3B91BC06C1D' AND `title_id` = 300 AND `record_status` = 1 LIMIT 1   [ RunTime:0.011000s ]
SQL: SELECT `mobile`,`true_name` FROM `customer` WHERE `id` = '92b784a1-f998-2ef8-d8a1-6901de43b65a' AND `record_status` = 1 LIMIT 1   [ RunTime:0.010001s ]
SQL: SELECT COUNT(*) AS tp_count FROM `houseroom` WHERE `store_id` = 'FD735524-C64C-8554-0D69-B3B91BC06C1D' AND `record_status` = 1 LIMIT 1   [ RunTime:0.011001s ]
SQL: SELECT `customer_id` FROM `storemembers` WHERE `store_id` = '6FECB8FD-A091-FDF7-EF5E-8910CE910B9C' AND `title_id` = 300 AND `record_status` = 1 LIMIT 1   [ RunTime:0.012000s ]
SQL: SELECT `mobile`,`true_name` FROM `customer` WHERE `id` = 'a914960f-cd65-e0e4-9306-1428a05a909f' AND `record_status` = 1 LIMIT 1   [ RunTime:0.009001s ]
SQL: SELECT COUNT(*) AS tp_count FROM `houseroom` WHERE `store_id` = '6FECB8FD-A091-FDF7-EF5E-8910CE910B9C' AND `record_status` = 1 LIMIT 1   [ RunTime:0.011001s ]
SQL: SELECT `customer_id` FROM `storemembers` WHERE `store_id` = '5A6861C0-EF99-FD11-D53E-333F77369490' AND `title_id` = 300 AND `record_status` = 1 LIMIT 1   [ RunTime:0.012000s ]
SQL: SELECT `mobile`,`true_name` FROM `customer` WHERE `id` = 'c0a5964f-cfa2-5d54-a82a-fd90cfff36fa' AND `record_status` = 1 LIMIT 1   [ RunTime:0.011001s ]
SQL: SELECT COUNT(*) AS tp_count FROM `houseroom` WHERE `store_id` = '5A6861C0-EF99-FD11-D53E-333F77369490' AND `record_status` = 1 LIMIT 1   [ RunTime:0.010001s ]
SQL: SELECT `customer_id` FROM `storemembers` WHERE `store_id` = '4BBD30FD-EAB6-0B00-9F6C-D9F0E1D3E04B' AND `title_id` = 300 AND `record_status` = 1 LIMIT 1   [ RunTime:0.013000s ]
SQL: SELECT `mobile`,`true_name` FROM `customer` WHERE `id` = '48492a3a-3e07-5f9d-5c61-12e86cd8be53' AND `record_status` = 1 LIMIT 1   [ RunTime:0.010001s ]
SQL: SELECT COUNT(*) AS tp_count FROM `houseroom` WHERE `store_id` = '4BBD30FD-EAB6-0B00-9F6C-D9F0E1D3E04B' AND `record_status` = 1 LIMIT 1   [ RunTime:0.017001s ]
SQL: SELECT `customer_id` FROM `storemembers` WHERE `store_id` = '411E5D09-0E61-2FBA-FBA3-830DFA61A133' AND `title_id` = 300 AND `record_status` = 1 LIMIT 1   [ RunTime:0.013001s ]
SQL: SELECT `mobile`,`true_name` FROM `customer` WHERE `id` = '4a919ef2-ff6a-3b97-ef84-192be29019ca' AND `record_status` = 1 LIMIT 1   [ RunTime:0.012001s ]
SQL: SELECT COUNT(*) AS tp_count FROM `houseroom` WHERE `store_id` = '411E5D09-0E61-2FBA-FBA3-830DFA61A133' AND `record_status` = 1 LIMIT 1   [ RunTime:0.011000s ]
SQL: SELECT `customer_id` FROM `storemembers` WHERE `store_id` = '2D8EEA69-7E09-C1F2-141F-956714E45BC0' AND `title_id` = 300 AND `record_status` = 1 LIMIT 1   [ RunTime:0.015001s ]
SQL: SELECT `mobile`,`true_name` FROM `customer` WHERE `id` = 'faa7219b-284c-9910-6aed-75faf8449975' AND `record_status` = 1 LIMIT 1   [ RunTime:0.012001s ]
SQL: SELECT COUNT(*) AS tp_count FROM `houseroom` WHERE `store_id` = '2D8EEA69-7E09-C1F2-141F-956714E45BC0' AND `record_status` = 1 LIMIT 1   [ RunTime:0.011001s ]
INFO: [ view_parse ] --START--
INFO: [ template_filter ] --START--
INFO: Run Behavior\ContentReplaceBehavior [ RunTime:0.000000s ]
INFO: [ template_filter ] --END-- [ RunTime:0.000000s ]
NOTIC: [8] Undefined index: type D:\wamp\www\hizhu\Application\Runtime\Cache\Home\9d94da0cf008813badfe0710e96249fc.php 第 81 行.
NOTIC: [8] Undefined index: type D:\wamp\www\hizhu\Application\Runtime\Cache\Home\9d94da0cf008813badfe0710e96249fc.php 第 82 行.
NOTIC: [8] Undefined index: type D:\wamp\www\hizhu\Application\Runtime\Cache\Home\9d94da0cf008813badfe0710e96249fc.php 第 83 行.
NOTIC: [8] Undefined index: type D:\wamp\www\hizhu\Application\Runtime\Cache\Home\9d94da0cf008813badfe0710e96249fc.php 第 84 行.
INFO: Run Behavior\ParseTemplateBehavior [ RunTime:0.025001s ]
INFO: [ view_parse ] --END-- [ RunTime:0.025001s ]
INFO: [ view_filter ] --START--
INFO: Run Behavior\WriteHtmlCacheBehavior [ RunTime:0.001000s ]
INFO: [ view_filter ] --END-- [ RunTime:0.001000s ]
INFO: [ app_end ] --START--
INFO: Run Behavior\ShowPageTraceBehavior [ RunTime:0.001000s ]
INFO: [ app_end ] --END-- [ RunTime:0.001000s ]

[ 2017-04-17T17:04:58+08:00 ] ::1 /hizhu/Stores/houseShowList.html?no=162&leftno=166
INFO: [ app_init ] --START--
INFO: Run Behavior\BuildLiteBehavior [ RunTime:0.000000s ]
INFO: [ app_init ] --END-- [ RunTime:0.000000s ]
INFO: [ app_begin ] --START--
INFO: Run Behavior\ReadHtmlCacheBehavior [ RunTime:0.001000s ]
INFO: [ app_begin ] --END-- [ RunTime:0.001000s ]
SQL: SHOW COLUMNS FROM `admin_user` [ RunTime:0.012001s ]
SQL: SELECT * FROM `admin_user` WHERE `user_name` = 'admin' LIMIT 1   [ RunTime:0.012001s ]
SQL: SHOW COLUMNS FROM `adminmenulistlimit` [ RunTime:0.011000s ]
SQL: SELECT * FROM `adminmenulistlimit` WHERE `city_auth` = 1 AND `user_name` = 'admin'  [ RunTime:3.558203s ]
SQL: SHOW COLUMNS FROM `housefeedback` [ RunTime:0.014001s ]
SQL: SELECT COUNT(*) AS tp_count FROM `housefeedback` WHERE `city_code` = '001009001' LIMIT 1   [ RunTime:0.014001s ]
SQL: SELECT `id`,`store_id`,`store_name`,`owner_id`,`is_deal`,`room_no`,`customer_id`,`create_time`,`record_status`,`is_true_deal`,`is_true_show` FROM `housefeedback` WHERE `city_code` = '001009001' ORDER BY create_time desc LIMIT 0,10   [ RunTime:0.015000s ]
SQL: SHOW COLUMNS FROM `customer` [ RunTime:0.015001s ]
SQL: SELECT `mobile`,`true_name` FROM `customer` WHERE `id` = '2d0df4c3-9adf-1c65-b5b7-7a52a55d2247' AND `record_status` = 1 LIMIT 1   [ RunTime:0.012001s ]
SQL: SHOW COLUMNS FROM `houseroom` [ RunTime:0.727042s ]
SQL: SELECT `room_money` FROM `houseroom` WHERE `room_no` = 'SH201611220379614' LIMIT 1   [ RunTime:0.031002s ]
SQL: SELECT `mobile`,`true_name` FROM `customer` WHERE `id` = '' AND `record_status` = 1 LIMIT 1   [ RunTime:0.227013s ]
SQL: SELECT `mobile`,`true_name` FROM `customer` WHERE `id` = 'a5686a81-6a80-b832-2af5-f45ac06c2750' AND `record_status` = 1 LIMIT 1   [ RunTime:0.015001s ]
SQL: SELECT `room_money` FROM `houseroom` WHERE `room_no` = 'SH201701210380222' LIMIT 1   [ RunTime:0.028001s ]
SQL: SELECT `mobile`,`true_name` FROM `customer` WHERE `id` = '' AND `record_status` = 1 LIMIT 1   [ RunTime:0.012001s ]
SQL: SELECT `mobile`,`true_name` FROM `customer` WHERE `id` = 'a5686a81-6a80-b832-2af5-f45ac06c2750' AND `record_status` = 1 LIMIT 1   [ RunTime:0.012001s ]
SQL: SELECT `room_money` FROM `houseroom` WHERE `room_no` = 'SH201701210380222' LIMIT 1   [ RunTime:0.011000s ]
SQL: SELECT `mobile`,`true_name` FROM `customer` WHERE `id` = '' AND `record_status` = 1 LIMIT 1   [ RunTime:0.011001s ]
INFO: [ view_parse ] --START--
INFO: [ template_filter ] --START--
INFO: Run Behavior\ContentReplaceBehavior [ RunTime:0.001000s ]
INFO: [ template_filter ] --END-- [ RunTime:0.001000s ]
NOTIC: [8] Undefined index: record_status D:\wamp\www\hizhu\Application\Runtime\Cache\Home\c96bb93f12fb8f4bc07b82ac777deef2.php 第 86 行.
NOTIC: [8] Undefined index: record_status D:\wamp\www\hizhu\Application\Runtime\Cache\Home\c96bb93f12fb8f4bc07b82ac777deef2.php 第 87 行.
NOTIC: [8] Undefined index: record_status D:\wamp\www\hizhu\Application\Runtime\Cache\Home\c96bb93f12fb8f4bc07b82ac777deef2.php 第 88 行.
NOTIC: [8] Undefined index: deal D:\wamp\www\hizhu\Application\Runtime\Cache\Home\c96bb93f12fb8f4bc07b82ac777deef2.php 第 94 行.
NOTIC: [8] Undefined index: deal D:\wamp\www\hizhu\Application\Runtime\Cache\Home\c96bb93f12fb8f4bc07b82ac777deef2.php 第 95 行.
NOTIC: [8] Undefined index: deal D:\wamp\www\hizhu\Application\Runtime\Cache\Home\c96bb93f12fb8f4bc07b82ac777deef2.php 第 96 行.
NOTIC: [8] Use of undefined constant id - assumed 'id' D:\wamp\www\hizhu\Application\Runtime\Cache\Home\c96bb93f12fb8f4bc07b82ac777deef2.php 第 158 行.
NOTIC: [8] Use of undefined constant id - assumed 'id' D:\wamp\www\hizhu\Application\Runtime\Cache\Home\c96bb93f12fb8f4bc07b82ac777deef2.php 第 146 行.
NOTIC: [8] Use of undefined constant id - assumed 'id' D:\wamp\www\hizhu\Application\Runtime\Cache\Home\c96bb93f12fb8f4bc07b82ac777deef2.php 第 147 行.
NOTIC: [8] Use of undefined constant id - assumed 'id' D:\wamp\www\hizhu\Application\Runtime\Cache\Home\c96bb93f12fb8f4bc07b82ac777deef2.php 第 154 行.
NOTIC: [8] Use of undefined constant id - assumed 'id' D:\wamp\www\hizhu\Application\Runtime\Cache\Home\c96bb93f12fb8f4bc07b82ac777deef2.php 第 155 行.
NOTIC: [8] Use of undefined constant id - assumed 'id' D:\wamp\www\hizhu\Application\Runtime\Cache\Home\c96bb93f12fb8f4bc07b82ac777deef2.php 第 146 行.
NOTIC: [8] Use of undefined constant id - assumed 'id' D:\wamp\www\hizhu\Application\Runtime\Cache\Home\c96bb93f12fb8f4bc07b82ac777deef2.php 第 147 行.
NOTIC: [8] Use of undefined constant id - assumed 'id' D:\wamp\www\hizhu\Application\Runtime\Cache\Home\c96bb93f12fb8f4bc07b82ac777deef2.php 第 154 行.
NOTIC: [8] Use of undefined constant id - assumed 'id' D:\wamp\www\hizhu\Application\Runtime\Cache\Home\c96bb93f12fb8f4bc07b82ac777deef2.php 第 155 行.
INFO: Run Behavior\ParseTemplateBehavior [ RunTime:0.025002s ]
INFO: [ view_parse ] --END-- [ RunTime:0.025002s ]
INFO: [ view_filter ] --START--
INFO: Run Behavior\WriteHtmlCacheBehavior [ RunTime:0.000000s ]
INFO: [ view_filter ] --END-- [ RunTime:0.000000s ]
INFO: [ app_end ] --START--
INFO: Run Behavior\ShowPageTraceBehavior [ RunTime:0.000000s ]
INFO: [ app_end ] --END-- [ RunTime:0.000000s ]

