[ 2017-05-31T11:31:37+08:00 ] ::1 /hizhu/admin.php
INFO: [ app_init ] --START--
INFO: Run Behavior\BuildLiteBehavior [ RunTime:0.000000s ]
INFO: [ app_init ] --END-- [ RunTime:0.003001s ]
INFO: [ app_begin ] --START--
INFO: Run Behavior\ReadHtmlCacheBehavior [ RunTime:0.001000s ]
INFO: [ app_begin ] --END-- [ RunTime:0.001000s ]
INFO: [ view_parse ] --START--
INFO: [ template_filter ] --START--
INFO: Run Behavior\ContentReplaceBehavior [ RunTime:0.000000s ]
INFO: [ template_filter ] --END-- [ RunTime:0.000000s ]
INFO: Run Behavior\ParseTemplateBehavior [ RunTime:0.012001s ]
INFO: [ view_parse ] --END-- [ RunTime:0.012001s ]
INFO: [ view_filter ] --START--
INFO: Run Behavior\WriteHtmlCacheBehavior [ RunTime:0.001000s ]
INFO: [ view_filter ] --END-- [ RunTime:0.001000s ]
INFO: [ app_end ] --START--
INFO: Run Behavior\ShowPageTraceBehavior [ RunTime:0.001000s ]
INFO: [ app_end ] --END-- [ RunTime:0.001000s ]

[ 2017-05-31T11:31:37+08:00 ] ::1 /hizhu/admin.php/Index/verufy.html
INFO: [ app_init ] --START--
INFO: Run Behavior\BuildLiteBehavior [ RunTime:0.000000s ]
INFO: [ app_init ] --END-- [ RunTime:0.001000s ]
INFO: [ app_begin ] --START--
INFO: Run Behavior\ReadHtmlCacheBehavior [ RunTime:0.001000s ]
INFO: [ app_begin ] --END-- [ RunTime:0.001000s ]
INFO: [ app_end ] --START--
INFO: Run Behavior\ShowPageTraceBehavior [ RunTime:0.001000s ]
INFO: [ app_end ] --END-- [ RunTime:0.002000s ]

[ 2017-05-31T11:31:42+08:00 ] ::1 /hizhu/Index/login.html
INFO: [ app_init ] --START--
INFO: Run Behavior\BuildLiteBehavior [ RunTime:0.000000s ]
INFO: [ app_init ] --END-- [ RunTime:0.001000s ]
INFO: [ app_begin ] --START--
INFO: Run Behavior\ReadHtmlCacheBehavior [ RunTime:0.001000s ]
INFO: [ app_begin ] --END-- [ RunTime:0.001000s ]
SQL: SHOW COLUMNS FROM `admin_user` [ RunTime:0.022001s ]
SQL: SELECT * FROM `admin_user` WHERE `user_name` = 'admin' LIMIT 1   [ RunTime:0.019001s ]
SQL: SELECT * FROM `admin_user` WHERE `user_name` = 'admin' AND `user_pwd` = '0c6b4038cefe52dbba27c6434dc1fecd'  [ RunTime:0.013001s ]
SQL: SELECT * FROM `admin_user` WHERE `user_name` = 'admin' LIMIT 1   [ RunTime:0.010001s ]
INFO: [ view_parse ] --START--
INFO: [ template_filter ] --START--
INFO: Run Behavior\ContentReplaceBehavior [ RunTime:0.000000s ]
INFO: [ template_filter ] --END-- [ RunTime:0.000000s ]
INFO: Run Behavior\ParseTemplateBehavior [ RunTime:0.008001s ]
INFO: [ view_parse ] --END-- [ RunTime:0.008001s ]
INFO: [ view_filter ] --START--
INFO: Run Behavior\WriteHtmlCacheBehavior [ RunTime:0.001000s ]
INFO: [ view_filter ] --END-- [ RunTime:0.001000s ]
INFO: [ app_end ] --START--
INFO: Run Behavior\ShowPageTraceBehavior [ RunTime:0.001000s ]
INFO: [ app_end ] --END-- [ RunTime:0.001000s ]

[ 2017-05-31T11:31:45+08:00 ] ::1 /hizhu/Welcome/welcome.html
INFO: [ app_init ] --START--
INFO: Run Behavior\BuildLiteBehavior [ RunTime:0.000000s ]
INFO: [ app_init ] --END-- [ RunTime:0.000000s ]
INFO: [ app_begin ] --START--
INFO: Run Behavior\ReadHtmlCacheBehavior [ RunTime:0.001000s ]
INFO: [ app_begin ] --END-- [ RunTime:0.001000s ]
SQL: SHOW COLUMNS FROM `admin_user` [ RunTime:0.036002s ]
SQL: SELECT * FROM `admin_user` WHERE `user_name` = 'admin' LIMIT 1   [ RunTime:0.042003s ]
SQL: SHOW COLUMNS FROM `adminmenulist` [ RunTime:0.042003s ]
SQL: SELECT * FROM `adminmenulist` WHERE `parent_id` = 0 AND `record_status` = 1 ORDER BY index_no asc  [ RunTime:0.045002s ]
SQL: SELECT * FROM `adminmenulist` WHERE `parent_id` = 0 AND `record_status` = 1 ORDER BY index_no asc  [ RunTime:0.031001s ]
SQL: SELECT * FROM `adminmenulist` WHERE `parent_id` = 1 AND `record_status` = 1 ORDER BY index_no asc  [ RunTime:0.024001s ]
SQL: SELECT * FROM `adminmenulist` WHERE `parent_id` = 3 AND `record_status` = 1 ORDER BY index_no asc  [ RunTime:0.015001s ]
SQL: SELECT * FROM `adminmenulist` WHERE `parent_id` = 4 AND `record_status` = 1 ORDER BY index_no asc  [ RunTime:0.013001s ]
SQL: SELECT * FROM `adminmenulist` WHERE `parent_id` = 6 AND `record_status` = 1 ORDER BY index_no asc  [ RunTime:0.037002s ]
SQL: SELECT * FROM `adminmenulist` WHERE `parent_id` = 7 AND `record_status` = 1 ORDER BY index_no asc  [ RunTime:0.016000s ]
SQL: SELECT * FROM `adminmenulist` WHERE `parent_id` = 47 AND `record_status` = 1 ORDER BY index_no asc  [ RunTime:0.013001s ]
SQL: SELECT * FROM `adminmenulist` WHERE `parent_id` = 77 AND `record_status` = 1 ORDER BY index_no asc  [ RunTime:0.021001s ]
SQL: SELECT * FROM `adminmenulist` WHERE `parent_id` = 87 AND `record_status` = 1 ORDER BY index_no asc  [ RunTime:0.019001s ]
SQL: SELECT * FROM `adminmenulist` WHERE `parent_id` = 107 AND `record_status` = 1 ORDER BY index_no asc  [ RunTime:0.012001s ]
SQL: SELECT * FROM `adminmenulist` WHERE `parent_id` = 141 AND `record_status` = 1 ORDER BY index_no asc  [ RunTime:0.014001s ]
SQL: SELECT * FROM `adminmenulist` WHERE `parent_id` = 162 AND `record_status` = 1 ORDER BY index_no asc  [ RunTime:0.013001s ]
SQL: SELECT * FROM `admin_user` WHERE `user_name` = 'admin' AND `record_status` = 1 LIMIT 1   [ RunTime:0.017001s ]
INFO: [ view_parse ] --START--
INFO: [ template_filter ] --START--
INFO: Run Behavior\ContentReplaceBehavior [ RunTime:0.000000s ]
INFO: [ template_filter ] --END-- [ RunTime:0.001000s ]
INFO: Run Behavior\ParseTemplateBehavior [ RunTime:0.030001s ]
INFO: [ view_parse ] --END-- [ RunTime:0.030001s ]
INFO: [ view_filter ] --START--
INFO: Run Behavior\WriteHtmlCacheBehavior [ RunTime:0.000000s ]
INFO: [ view_filter ] --END-- [ RunTime:0.000000s ]
INFO: [ app_end ] --START--
INFO: Run Behavior\ShowPageTraceBehavior [ RunTime:0.001000s ]
INFO: [ app_end ] --END-- [ RunTime:0.001000s ]

[ 2017-05-31T13:07:39+08:00 ] ::1 /hizhu/HouseResource/resourcelist.html?no=3
INFO: [ app_init ] --START--
INFO: Run Behavior\BuildLiteBehavior [ RunTime:0.000000s ]
INFO: [ app_init ] --END-- [ RunTime:0.001000s ]
INFO: [ app_begin ] --START--
INFO: Run Behavior\ReadHtmlCacheBehavior [ RunTime:0.001000s ]
INFO: [ app_begin ] --END-- [ RunTime:0.001000s ]
SQL: SHOW COLUMNS FROM `admin_user` [ RunTime:0.013000s ]
SQL: SELECT * FROM `admin_user` WHERE `user_name` = 'admin' LIMIT 1   [ RunTime:0.014001s ]
SQL: SHOW COLUMNS FROM `adminmenulist` [ RunTime:0.019001s ]
SQL: SELECT * FROM `adminmenulist` WHERE `parent_id` = 0 AND `record_status` = 1 ORDER BY index_no asc  [ RunTime:0.014001s ]
SQL: SELECT * FROM `adminmenulist` WHERE `parent_id` = 3 AND `record_status` = 1 ORDER BY index_no asc  [ RunTime:0.013001s ]
SQL: SELECT * FROM `adminmenulist` WHERE `parent_id` = 26 AND `record_status` = 1 ORDER BY index_no asc  [ RunTime:0.012001s ]
SQL: SELECT * FROM `adminmenulist` WHERE `parent_id` = 56 AND `record_status` = 1 ORDER BY index_no asc  [ RunTime:0.012001s ]
SQL: SELECT * FROM `adminmenulist` WHERE `parent_id` = 144 AND `record_status` = 1 ORDER BY index_no asc  [ RunTime:0.011000s ]
SQL: SELECT * FROM `adminmenulist` WHERE `parent_id` = 60 AND `record_status` = 1 ORDER BY index_no asc  [ RunTime:0.010000s ]
SQL: SELECT * FROM `adminmenulist` WHERE `parent_id` = 63 AND `record_status` = 1 ORDER BY index_no asc  [ RunTime:0.011001s ]
SQL: SELECT * FROM `adminmenulist` WHERE `parent_id` = 96 AND `record_status` = 1 ORDER BY index_no asc  [ RunTime:0.010000s ]
SQL: SELECT * FROM `adminmenulist` WHERE `parent_id` = 172 AND `record_status` = 1 ORDER BY index_no asc  [ RunTime:0.010000s ]
SQL: SELECT * FROM `adminmenulist` WHERE `parent_id` = 194 AND `record_status` = 1 ORDER BY index_no asc  [ RunTime:0.010000s ]
SQL: SHOW COLUMNS FROM `adminmenulistlimit` [ RunTime:0.017001s ]
SQL: SELECT * FROM `adminmenulistlimit` WHERE `city_auth` = 1 AND `user_name` = 'admin'  [ RunTime:0.044003s ]
SQL: select type_no,info_type,name,index_no from houseinfotype where record_status=1 and city_code='001009001' order by info_type,index_no [ RunTime:0.013001s ]
SQL: select id,cname,parent_id from region where is_display=1 and parent_id=0 and city_code='001009001' [ RunTime:0.017001s ]
INFO: [ view_parse ] --START--
INFO: [ template_filter ] --START--
INFO: Run Behavior\ContentReplaceBehavior [ RunTime:0.000000s ]
INFO: [ template_filter ] --END-- [ RunTime:0.001000s ]
INFO: Run Behavior\ParseTemplateBehavior [ RunTime:0.041002s ]
INFO: [ view_parse ] --END-- [ RunTime:0.041002s ]
INFO: [ view_filter ] --START--
INFO: Run Behavior\WriteHtmlCacheBehavior [ RunTime:0.001000s ]
INFO: [ view_filter ] --END-- [ RunTime:0.001000s ]
INFO: [ app_end ] --START--
INFO: Run Behavior\ShowPageTraceBehavior [ RunTime:0.001000s ]
INFO: [ app_end ] --END-- [ RunTime:0.001000s ]

[ 2017-05-31T13:10:57+08:00 ] ::1 /hizhu/HouseRoom/searchroom.html?no=3&leftno=44
INFO: [ app_init ] --START--
INFO: Run Behavior\BuildLiteBehavior [ RunTime:0.000000s ]
INFO: [ app_init ] --END-- [ RunTime:0.001000s ]
INFO: [ app_begin ] --START--
INFO: Run Behavior\ReadHtmlCacheBehavior [ RunTime:0.001000s ]
INFO: [ app_begin ] --END-- [ RunTime:0.001000s ]
SQL: SHOW COLUMNS FROM `admin_user` [ RunTime:0.020001s ]
SQL: SELECT * FROM `admin_user` WHERE `user_name` = 'admin' LIMIT 1   [ RunTime:0.012001s ]
SQL: select user_name,real_name from admin_user where  city_auth like '%1%' order by user_name [ RunTime:0.018001s ]
INFO: [ view_parse ] --START--
INFO: [ template_filter ] --START--
INFO: Run Behavior\ContentReplaceBehavior [ RunTime:0.000000s ]
INFO: [ template_filter ] --END-- [ RunTime:0.000000s ]
INFO: Run Behavior\ParseTemplateBehavior [ RunTime:0.046002s ]
INFO: [ view_parse ] --END-- [ RunTime:0.046002s ]
INFO: [ view_filter ] --START--
INFO: Run Behavior\WriteHtmlCacheBehavior [ RunTime:0.000000s ]
INFO: [ view_filter ] --END-- [ RunTime:0.001000s ]
INFO: [ app_end ] --START--
INFO: Run Behavior\ShowPageTraceBehavior [ RunTime:0.001000s ]
INFO: [ app_end ] --END-- [ RunTime:0.001000s ]

[ 2017-05-31T13:11:03+08:00 ] ::1 /hizhu/HouseRoom/downloadExcel?no=3&leftno=44
INFO: [ app_init ] --START--
INFO: Run Behavior\BuildLiteBehavior [ RunTime:0.000000s ]
INFO: [ app_init ] --END-- [ RunTime:0.000000s ]
INFO: [ app_begin ] --START--
INFO: Run Behavior\ReadHtmlCacheBehavior [ RunTime:0.000000s ]
INFO: [ app_begin ] --END-- [ RunTime:0.001000s ]
INFO: [ view_parse ] --START--
INFO: [ template_filter ] --START--
INFO: Run Behavior\ContentReplaceBehavior [ RunTime:0.000000s ]
INFO: [ template_filter ] --END-- [ RunTime:0.000000s ]
INFO: Run Behavior\ParseTemplateBehavior [ RunTime:0.008001s ]
INFO: [ view_parse ] --END-- [ RunTime:0.009001s ]
INFO: [ view_filter ] --START--
INFO: Run Behavior\WriteHtmlCacheBehavior [ RunTime:0.000000s ]
INFO: [ view_filter ] --END-- [ RunTime:0.000000s ]

[ 2017-05-31T13:11:07+08:00 ] ::1 /hizhu/HouseRoom/searchroom/no/3/leftno/41.html
INFO: [ app_init ] --START--
INFO: Run Behavior\BuildLiteBehavior [ RunTime:0.000000s ]
INFO: [ app_init ] --END-- [ RunTime:0.000000s ]
INFO: [ app_begin ] --START--
INFO: Run Behavior\ReadHtmlCacheBehavior [ RunTime:0.001000s ]
INFO: [ app_begin ] --END-- [ RunTime:0.001000s ]
SQL: SHOW COLUMNS FROM `admin_user` [ RunTime:0.023001s ]
SQL: SELECT * FROM `admin_user` WHERE `user_name` = 'admin' LIMIT 1   [ RunTime:0.022002s ]
INFO: [ view_parse ] --START--
INFO: [ template_filter ] --START--
INFO: Run Behavior\ContentReplaceBehavior [ RunTime:0.001000s ]
INFO: [ template_filter ] --END-- [ RunTime:0.001000s ]
INFO: Run Behavior\ParseTemplateBehavior [ RunTime:0.048003s ]
INFO: [ view_parse ] --END-- [ RunTime:0.048003s ]
INFO: [ view_filter ] --START--
INFO: Run Behavior\WriteHtmlCacheBehavior [ RunTime:0.001000s ]
INFO: [ view_filter ] --END-- [ RunTime:0.001000s ]
INFO: [ app_end ] --START--
INFO: Run Behavior\ShowPageTraceBehavior [ RunTime:0.000000s ]
INFO: [ app_end ] --END-- [ RunTime:0.001000s ]

[ 2017-05-31T13:11:20+08:00 ] ::1 /hizhu/HouseRoom/searchroom?no=3&leftno=44&p=&searchtype=summary&roomStatus=&region=&scope=&create_man=&delState=1&estateName=&principal_man=&startTime_create=&endTime_create=&moneyMin=&moneyMax=&update_man=&startTime=&endTime=&rent_type=&clientPhone=&info_resource_type=&info_resource=&room_num=&is_owner=&roomNo=&houseareaMin=&houseareaMax=&brand_type=&third_no=&roomareaMin=&roomareaMax=&isFee=&business_type=&isGroup=&isMonth=1&isVedio=&isRental=&is_commission=
INFO: [ app_init ] --START--
INFO: Run Behavior\BuildLiteBehavior [ RunTime:0.001000s ]
INFO: [ app_init ] --END-- [ RunTime:0.001000s ]
INFO: [ app_begin ] --START--
INFO: Run Behavior\ReadHtmlCacheBehavior [ RunTime:0.001000s ]
INFO: [ app_begin ] --END-- [ RunTime:0.001000s ]
SQL: SHOW COLUMNS FROM `admin_user` [ RunTime:0.012001s ]
SQL: SELECT * FROM `admin_user` WHERE `user_name` = 'admin' LIMIT 1   [ RunTime:0.011000s ]
SQL: select count(*) as totalCount,sum(r.total_count) as roomTotalCount,sum(r.up_count) as roomUpCount,count(distinct h.client_phone) as ownerCount from houseresource h inner join houseroom r on h.id=r.resource_id where h.city_code='001009001'  and r.record_status=1 and r.is_monthly=1  [ RunTime:0.179010s ]
INFO: [ view_parse ] --START--
INFO: [ template_filter ] --START--
INFO: Run Behavior\ContentReplaceBehavior [ RunTime:0.001000s ]
INFO: [ template_filter ] --END-- [ RunTime:0.001000s ]
INFO: Run Behavior\ParseTemplateBehavior [ RunTime:0.045002s ]
INFO: [ view_parse ] --END-- [ RunTime:0.046002s ]
INFO: [ view_filter ] --START--
INFO: Run Behavior\WriteHtmlCacheBehavior [ RunTime:0.001000s ]
INFO: [ view_filter ] --END-- [ RunTime:0.001000s ]
INFO: [ app_end ] --START--
INFO: Run Behavior\ShowPageTraceBehavior [ RunTime:0.001000s ]
INFO: [ app_end ] --END-- [ RunTime:0.001000s ]

[ 2017-05-31T13:11:24+08:00 ] ::1 /hizhu/HouseRoom/searchroom?no=3&leftno=44&p=&searchtype=select&roomStatus=&region=&scope=&create_man=&delState=1&estateName=&principal_man=&startTime_create=&endTime_create=&moneyMin=&moneyMax=&update_man=&startTime=&endTime=&rent_type=&clientPhone=&info_resource_type=&info_resource=&room_num=&is_owner=&roomNo=&houseareaMin=&houseareaMax=&brand_type=&third_no=&roomareaMin=&roomareaMax=&isFee=&business_type=&isGroup=&isMonth=1&isVedio=&isRental=&is_commission=
INFO: [ app_init ] --START--
INFO: Run Behavior\BuildLiteBehavior [ RunTime:0.000000s ]
INFO: [ app_init ] --END-- [ RunTime:0.000000s ]
INFO: [ app_begin ] --START--
INFO: Run Behavior\ReadHtmlCacheBehavior [ RunTime:0.000000s ]
INFO: [ app_begin ] --END-- [ RunTime:0.001000s ]
SQL: SHOW COLUMNS FROM `admin_user` [ RunTime:0.013000s ]
SQL: SELECT * FROM `admin_user` WHERE `user_name` = 'admin' LIMIT 1   [ RunTime:0.013001s ]
SQL: select count(*) as totalCount,sum(r.total_count) as roomTotalCount,sum(r.up_count) as roomUpCount,count(distinct h.client_phone) as ownerCount from houseresource h inner join houseroom r on h.id=r.resource_id where h.city_code='001009001'  and r.record_status=1 and r.is_monthly=1  [ RunTime:0.011001s ]
SQL: select r.id,r.room_no,h.client_name,h.client_phone,h.house_no,h.estate_name,h.region_name,h.scope_name,h.unit_no,h.room_no as shi_no,r.room_name,r.room_area,r.room_money,r.update_time,r.update_man,r.create_man,r.principal_man,r.create_time,
      h.business_type ,h.info_resource,r.status,r.record_status,r.is_commission,r.is_monthly,h.area,h.room_type,h.rent_type,h.room_num,h.hall_num,h.wei_num,r.resource_id,h.customer_id,h.is_owner,h.rental_type,r.had_vedio from houseresource h inner join houseroom r on h.id=r.resource_id where h.city_code='001009001'  and r.record_status=1 and r.is_monthly=1  order by r.update_time desc,r.id desc limit 0,8 [ RunTime:0.020001s ]
INFO: [ view_parse ] --START--
INFO: [ template_filter ] --START--
INFO: Run Behavior\ContentReplaceBehavior [ RunTime:0.001000s ]
INFO: [ template_filter ] --END-- [ RunTime:0.001000s ]
INFO: Run Behavior\ParseTemplateBehavior [ RunTime:0.051003s ]
INFO: [ view_parse ] --END-- [ RunTime:0.051003s ]
INFO: [ view_filter ] --START--
INFO: Run Behavior\WriteHtmlCacheBehavior [ RunTime:0.000000s ]
INFO: [ view_filter ] --END-- [ RunTime:0.001000s ]
INFO: [ app_end ] --START--
INFO: Run Behavior\ShowPageTraceBehavior [ RunTime:0.001000s ]
INFO: [ app_end ] --END-- [ RunTime:0.002000s ]

[ 2017-05-31T13:11:39+08:00 ] ::1 /hizhu/HouseRoom/downloadExcel?no=3&leftno=44&p=&searchtype=select&roomStatus=&region=&scope=&create_man=&delState=1&estateName=&principal_man=&startTime_create=&endTime_create=&moneyMin=&moneyMax=&update_man=&startTime=&endTime=&rent_type=&clientPhone=&info_resource_type=&info_resource=&room_num=&is_owner=&roomNo=&houseareaMin=&houseareaMax=&brand_type=&third_no=&roomareaMin=&roomareaMax=&isFee=&business_type=&isGroup=&isMonth=1&isVedio=&isRental=&is_commission=
INFO: [ app_init ] --START--
INFO: Run Behavior\BuildLiteBehavior [ RunTime:0.001000s ]
INFO: [ app_init ] --END-- [ RunTime:0.001000s ]
INFO: [ app_begin ] --START--
INFO: Run Behavior\ReadHtmlCacheBehavior [ RunTime:0.001000s ]
INFO: [ app_begin ] --END-- [ RunTime:0.001000s ]
SQL: select h.house_no,r.room_no,h.info_resource,h.estate_name,h.region_name,h.scope_name,h.business_type,h.room_num,h.hall_num,h.wei_num,h.rent_type,h.area,r.room_name,r.room_area,r.room_money,r.total_count,r.up_count,h.client_name,h.client_phone,r.status,r.create_time,
r.update_time,r.update_man,r.create_man,r.principal_man,r.record_status,r.room_bak,r.is_commission,r.is_monthly,h.brand_type from houseresource h inner join houseroom r on h.id=r.resource_id where h.city_code='001009001'  and r.record_status=1 and r.is_monthly=1  order by r.update_time desc,r.id desc limit 10000 [ RunTime:0.351020s ]
INFO: [ app_end ] --START--
INFO: Run Behavior\ShowPageTraceBehavior [ RunTime:0.001000s ]
INFO: [ app_end ] --END-- [ RunTime:0.001000s ]

[ 2017-05-31T13:14:51+08:00 ] ::1 /hizhu/admin.php
INFO: [ app_init ] --START--
INFO: Run Behavior\BuildLiteBehavior [ RunTime:0.000000s ]
INFO: [ app_init ] --END-- [ RunTime:0.001000s ]
INFO: [ app_begin ] --START--
INFO: Run Behavior\ReadHtmlCacheBehavior [ RunTime:0.001000s ]
INFO: [ app_begin ] --END-- [ RunTime:0.001000s ]
INFO: [ view_parse ] --START--
INFO: [ template_filter ] --START--
INFO: Run Behavior\ContentReplaceBehavior [ RunTime:0.000000s ]
INFO: [ template_filter ] --END-- [ RunTime:0.001000s ]
INFO: Run Behavior\ParseTemplateBehavior [ RunTime:0.012001s ]
INFO: [ view_parse ] --END-- [ RunTime:0.012001s ]
INFO: [ view_filter ] --START--
INFO: Run Behavior\WriteHtmlCacheBehavior [ RunTime:0.000000s ]
INFO: [ view_filter ] --END-- [ RunTime:0.000000s ]
INFO: [ app_end ] --START--
INFO: Run Behavior\ShowPageTraceBehavior [ RunTime:0.000000s ]
INFO: [ app_end ] --END-- [ RunTime:0.000000s ]

[ 2017-05-31T13:14:51+08:00 ] ::1 /hizhu/admin.php/Index/verufy.html
INFO: [ app_init ] --START--
INFO: Run Behavior\BuildLiteBehavior [ RunTime:0.000000s ]
INFO: [ app_init ] --END-- [ RunTime:0.000000s ]
INFO: [ app_begin ] --START--
INFO: Run Behavior\ReadHtmlCacheBehavior [ RunTime:0.001000s ]
INFO: [ app_begin ] --END-- [ RunTime:0.001000s ]
INFO: [ app_end ] --START--
INFO: Run Behavior\ShowPageTraceBehavior [ RunTime:0.001000s ]
INFO: [ app_end ] --END-- [ RunTime:0.001000s ]

[ 2017-05-31T13:14:56+08:00 ] ::1 /hizhu/Index/login.html
INFO: [ app_init ] --START--
INFO: Run Behavior\BuildLiteBehavior [ RunTime:0.000000s ]
INFO: [ app_init ] --END-- [ RunTime:0.001000s ]
INFO: [ app_begin ] --START--
INFO: Run Behavior\ReadHtmlCacheBehavior [ RunTime:0.001000s ]
INFO: [ app_begin ] --END-- [ RunTime:0.001000s ]
INFO: [ view_parse ] --START--
INFO: [ template_filter ] --START--
INFO: Run Behavior\ContentReplaceBehavior [ RunTime:0.000000s ]
INFO: [ template_filter ] --END-- [ RunTime:0.001000s ]
INFO: Run Behavior\ParseTemplateBehavior [ RunTime:0.008001s ]
INFO: [ view_parse ] --END-- [ RunTime:0.008001s ]
INFO: [ view_filter ] --START--
INFO: Run Behavior\WriteHtmlCacheBehavior [ RunTime:0.001000s ]
INFO: [ view_filter ] --END-- [ RunTime:0.001000s ]

[ 2017-05-31T13:15:04+08:00 ] ::1 /hizhu/admin.php/Index/verufy?d=0.34380678692800504
INFO: [ app_init ] --START--
INFO: Run Behavior\BuildLiteBehavior [ RunTime:0.000000s ]
INFO: [ app_init ] --END-- [ RunTime:0.001000s ]
INFO: [ app_begin ] --START--
INFO: Run Behavior\ReadHtmlCacheBehavior [ RunTime:0.001000s ]
INFO: [ app_begin ] --END-- [ RunTime:0.001000s ]
INFO: [ app_end ] --START--
INFO: Run Behavior\ShowPageTraceBehavior [ RunTime:0.001000s ]
INFO: [ app_end ] --END-- [ RunTime:0.001000s ]

[ 2017-05-31T13:15:10+08:00 ] ::1 /hizhu/Index/login.html
INFO: [ app_init ] --START--
INFO: Run Behavior\BuildLiteBehavior [ RunTime:0.000000s ]
INFO: [ app_init ] --END-- [ RunTime:0.001000s ]
INFO: [ app_begin ] --START--
INFO: Run Behavior\ReadHtmlCacheBehavior [ RunTime:0.001000s ]
INFO: [ app_begin ] --END-- [ RunTime:0.001000s ]
SQL: SHOW COLUMNS FROM `admin_user` [ RunTime:0.013001s ]
SQL: SELECT * FROM `admin_user` WHERE `user_name` = 'admin' LIMIT 1   [ RunTime:0.012000s ]
SQL: SELECT * FROM `admin_user` WHERE `user_name` = 'admin' AND `user_pwd` = '0c6b4038cefe52dbba27c6434dc1fecd'  [ RunTime:0.017001s ]
SQL: SELECT * FROM `admin_user` WHERE `user_name` = 'admin' LIMIT 1   [ RunTime:0.013001s ]
INFO: [ view_parse ] --START--
INFO: [ template_filter ] --START--
INFO: Run Behavior\ContentReplaceBehavior [ RunTime:0.000000s ]
INFO: [ template_filter ] --END-- [ RunTime:0.000000s ]
INFO: Run Behavior\ParseTemplateBehavior [ RunTime:0.008001s ]
INFO: [ view_parse ] --END-- [ RunTime:0.008001s ]
INFO: [ view_filter ] --START--
INFO: Run Behavior\WriteHtmlCacheBehavior [ RunTime:0.001000s ]
INFO: [ view_filter ] --END-- [ RunTime:0.001000s ]
INFO: [ app_end ] --START--
INFO: Run Behavior\ShowPageTraceBehavior [ RunTime:0.000000s ]
INFO: [ app_end ] --END-- [ RunTime:0.001000s ]

[ 2017-05-31T13:15:13+08:00 ] ::1 /hizhu/Welcome/welcome.html
INFO: [ app_init ] --START--
INFO: Run Behavior\BuildLiteBehavior [ RunTime:0.000000s ]
INFO: [ app_init ] --END-- [ RunTime:0.001000s ]
INFO: [ app_begin ] --START--
INFO: Run Behavior\ReadHtmlCacheBehavior [ RunTime:0.001000s ]
INFO: [ app_begin ] --END-- [ RunTime:0.001000s ]
SQL: SHOW COLUMNS FROM `admin_user` [ RunTime:0.012001s ]
SQL: SELECT * FROM `admin_user` WHERE `user_name` = 'admin' LIMIT 1   [ RunTime:0.011000s ]
SQL: SHOW COLUMNS FROM `adminmenulist` [ RunTime:0.012001s ]
SQL: SELECT * FROM `adminmenulist` WHERE `parent_id` = 0 AND `record_status` = 1 ORDER BY index_no asc  [ RunTime:0.014001s ]
SQL: SELECT * FROM `adminmenulist` WHERE `parent_id` = 1 AND `record_status` = 1 ORDER BY index_no asc  [ RunTime:0.011001s ]
SQL: SELECT * FROM `adminmenulist` WHERE `parent_id` = 4 AND `record_status` = 1 ORDER BY index_no asc  [ RunTime:0.011000s ]
SQL: SELECT * FROM `adminmenulist` WHERE `parent_id` = 6 AND `record_status` = 1 ORDER BY index_no asc  [ RunTime:0.014001s ]
SQL: SELECT * FROM `adminmenulist` WHERE `parent_id` = 7 AND `record_status` = 1 ORDER BY index_no asc  [ RunTime:0.011001s ]
SQL: SELECT * FROM `adminmenulist` WHERE `parent_id` = 47 AND `record_status` = 1 ORDER BY index_no asc  [ RunTime:0.011001s ]
SQL: SELECT * FROM `adminmenulist` WHERE `parent_id` = 77 AND `record_status` = 1 ORDER BY index_no asc  [ RunTime:0.011001s ]
SQL: SELECT * FROM `adminmenulist` WHERE `parent_id` = 87 AND `record_status` = 1 ORDER BY index_no asc  [ RunTime:0.011001s ]
SQL: SELECT * FROM `adminmenulist` WHERE `parent_id` = 107 AND `record_status` = 1 ORDER BY index_no asc  [ RunTime:0.010001s ]
SQL: SELECT * FROM `adminmenulist` WHERE `parent_id` = 141 AND `record_status` = 1 ORDER BY index_no asc  [ RunTime:0.013000s ]
SQL: SELECT * FROM `adminmenulist` WHERE `parent_id` = 162 AND `record_status` = 1 ORDER BY index_no asc  [ RunTime:0.012000s ]
SQL: SELECT * FROM `admin_user` WHERE `user_name` = 'admin' AND `record_status` = 1 LIMIT 1   [ RunTime:0.012000s ]
INFO: [ view_parse ] --START--
INFO: [ template_filter ] --START--
INFO: Run Behavior\ContentReplaceBehavior [ RunTime:0.000000s ]
INFO: [ template_filter ] --END-- [ RunTime:0.000000s ]
INFO: Run Behavior\ParseTemplateBehavior [ RunTime:0.018001s ]
INFO: [ view_parse ] --END-- [ RunTime:0.019001s ]
INFO: [ view_filter ] --START--
INFO: Run Behavior\WriteHtmlCacheBehavior [ RunTime:0.000000s ]
INFO: [ view_filter ] --END-- [ RunTime:0.000000s ]
INFO: [ app_end ] --START--
INFO: Run Behavior\ShowPageTraceBehavior [ RunTime:0.001000s ]
INFO: [ app_end ] --END-- [ RunTime:0.001000s ]

[ 2017-05-31T13:15:18+08:00 ] ::1 /hizhu/HouseResource/resourcelist.html?no=3
INFO: [ app_init ] --START--
INFO: Run Behavior\BuildLiteBehavior [ RunTime:0.000000s ]
INFO: [ app_init ] --END-- [ RunTime:0.001000s ]
INFO: [ app_begin ] --START--
INFO: Run Behavior\ReadHtmlCacheBehavior [ RunTime:0.001000s ]
INFO: [ app_begin ] --END-- [ RunTime:0.001000s ]
SQL: SHOW COLUMNS FROM `admin_user` [ RunTime:0.014001s ]
SQL: SELECT * FROM `admin_user` WHERE `user_name` = 'admin' LIMIT 1   [ RunTime:0.012001s ]
INFO: [ view_parse ] --START--
INFO: [ template_filter ] --START--
INFO: Run Behavior\ContentReplaceBehavior [ RunTime:0.000000s ]
INFO: [ template_filter ] --END-- [ RunTime:0.000000s ]
INFO: Run Behavior\ParseTemplateBehavior [ RunTime:0.029001s ]
INFO: [ view_parse ] --END-- [ RunTime:0.029001s ]
INFO: [ view_filter ] --START--
INFO: Run Behavior\WriteHtmlCacheBehavior [ RunTime:0.000000s ]
INFO: [ view_filter ] --END-- [ RunTime:0.000000s ]
INFO: [ app_end ] --START--
INFO: Run Behavior\ShowPageTraceBehavior [ RunTime:0.001000s ]
INFO: [ app_end ] --END-- [ RunTime:0.001000s ]

[ 2017-05-31T13:15:21+08:00 ] ::1 /hizhu/HouseRoom/searchroom.html?no=3&leftno=44
INFO: [ app_init ] --START--
INFO: Run Behavior\BuildLiteBehavior [ RunTime:0.000000s ]
INFO: [ app_init ] --END-- [ RunTime:0.001000s ]
INFO: [ app_begin ] --START--
INFO: Run Behavior\ReadHtmlCacheBehavior [ RunTime:0.000000s ]
INFO: [ app_begin ] --END-- [ RunTime:0.001000s ]
SQL: SHOW COLUMNS FROM `admin_user` [ RunTime:0.015001s ]
SQL: SELECT * FROM `admin_user` WHERE `user_name` = 'admin' LIMIT 1   [ RunTime:0.019001s ]
INFO: [ view_parse ] --START--
INFO: [ template_filter ] --START--
INFO: Run Behavior\ContentReplaceBehavior [ RunTime:0.000000s ]
INFO: [ template_filter ] --END-- [ RunTime:0.000000s ]
INFO: Run Behavior\ParseTemplateBehavior [ RunTime:0.046002s ]
INFO: [ view_parse ] --END-- [ RunTime:0.046002s ]
INFO: [ view_filter ] --START--
INFO: Run Behavior\WriteHtmlCacheBehavior [ RunTime:0.000000s ]
INFO: [ view_filter ] --END-- [ RunTime:0.000000s ]
INFO: [ app_end ] --START--
INFO: Run Behavior\ShowPageTraceBehavior [ RunTime:0.001000s ]
INFO: [ app_end ] --END-- [ RunTime:0.001000s ]

[ 2017-05-31T13:15:26+08:00 ] ::1 /hizhu/HouseRoom/searchroom?no=3&leftno=44&p=&searchtype=select&roomStatus=&region=&scope=&create_man=&delState=1&estateName=&principal_man=&startTime_create=&endTime_create=&moneyMin=&moneyMax=&update_man=&startTime=&endTime=&rent_type=&clientPhone=&info_resource_type=&info_resource=&room_num=&is_owner=&roomNo=&houseareaMin=&houseareaMax=&brand_type=&third_no=&roomareaMin=&roomareaMax=&isFee=&business_type=&isGroup=&isMonth=&isVedio=&isRental=&is_commission=
INFO: [ app_init ] --START--
INFO: Run Behavior\BuildLiteBehavior [ RunTime:0.000000s ]
INFO: [ app_init ] --END-- [ RunTime:0.000000s ]
INFO: [ app_begin ] --START--
INFO: Run Behavior\ReadHtmlCacheBehavior [ RunTime:0.001001s ]
INFO: [ app_begin ] --END-- [ RunTime:0.001001s ]
SQL: SHOW COLUMNS FROM `admin_user` [ RunTime:0.012001s ]
SQL: SELECT * FROM `admin_user` WHERE `user_name` = 'admin' LIMIT 1   [ RunTime:0.012000s ]
SQL: select count(*) as totalCount,sum(r.total_count) as roomTotalCount,sum(r.up_count) as roomUpCount,count(distinct h.client_phone) as ownerCount from houseresource h inner join houseroom r on h.id=r.resource_id where h.city_code='001009001'  and r.record_status=1  [ RunTime:0.043003s ]
SQL: select r.id,r.room_no,h.client_name,h.client_phone,h.house_no,h.estate_name,h.region_name,h.scope_name,h.unit_no,h.room_no as shi_no,r.room_name,r.room_area,r.room_money,r.update_time,r.update_man,r.create_man,r.principal_man,r.create_time,
      h.business_type ,h.info_resource,r.status,r.record_status,r.is_commission,r.is_monthly,h.area,h.room_type,h.rent_type,h.room_num,h.hall_num,h.wei_num,r.resource_id,h.customer_id,h.is_owner,h.rental_type,r.had_vedio from houseresource h inner join houseroom r on h.id=r.resource_id where h.city_code='001009001'  and r.record_status=1  order by r.update_time desc,r.id desc limit 0,8 [ RunTime:0.020001s ]
INFO: [ view_parse ] --START--
INFO: [ template_filter ] --START--
INFO: Run Behavior\ContentReplaceBehavior [ RunTime:0.000000s ]
INFO: [ template_filter ] --END-- [ RunTime:0.001000s ]
INFO: Run Behavior\ParseTemplateBehavior [ RunTime:0.045003s ]
INFO: [ view_parse ] --END-- [ RunTime:0.046003s ]
INFO: [ view_filter ] --START--
INFO: Run Behavior\WriteHtmlCacheBehavior [ RunTime:0.001000s ]
INFO: [ view_filter ] --END-- [ RunTime:0.001000s ]
INFO: [ app_end ] --START--
INFO: Run Behavior\ShowPageTraceBehavior [ RunTime:0.001000s ]
INFO: [ app_end ] --END-- [ RunTime:0.002000s ]

[ 2017-05-31T13:15:32+08:00 ] ::1 /hizhu/HouseRoom/searchroom?no=3&leftno=44&p=&searchtype=select&roomStatus=&region=&scope=&create_man=&delState=1&estateName=&principal_man=&startTime_create=&endTime_create=&moneyMin=&moneyMax=&update_man=&startTime=&endTime=&rent_type=&clientPhone=&info_resource_type=&info_resource=&room_num=&is_owner=&roomNo=&houseareaMin=&houseareaMax=&brand_type=&third_no=&roomareaMin=&roomareaMax=&isFee=&business_type=&isGroup=&isMonth=1&isVedio=&isRental=&is_commission=
INFO: [ app_init ] --START--
INFO: Run Behavior\BuildLiteBehavior [ RunTime:0.000000s ]
INFO: [ app_init ] --END-- [ RunTime:0.000000s ]
INFO: [ app_begin ] --START--
INFO: Run Behavior\ReadHtmlCacheBehavior [ RunTime:0.001000s ]
INFO: [ app_begin ] --END-- [ RunTime:0.001000s ]
SQL: SHOW COLUMNS FROM `admin_user` [ RunTime:0.020001s ]
SQL: SELECT * FROM `admin_user` WHERE `user_name` = 'admin' LIMIT 1   [ RunTime:0.018001s ]
SQL: select count(*) as totalCount,sum(r.total_count) as roomTotalCount,sum(r.up_count) as roomUpCount,count(distinct h.client_phone) as ownerCount from houseresource h inner join houseroom r on h.id=r.resource_id where h.city_code='001009001'  and r.record_status=1 and r.is_monthly=1  [ RunTime:0.011001s ]
SQL: select r.id,r.room_no,h.client_name,h.client_phone,h.house_no,h.estate_name,h.region_name,h.scope_name,h.unit_no,h.room_no as shi_no,r.room_name,r.room_area,r.room_money,r.update_time,r.update_man,r.create_man,r.principal_man,r.create_time,
      h.business_type ,h.info_resource,r.status,r.record_status,r.is_commission,r.is_monthly,h.area,h.room_type,h.rent_type,h.room_num,h.hall_num,h.wei_num,r.resource_id,h.customer_id,h.is_owner,h.rental_type,r.had_vedio from houseresource h inner join houseroom r on h.id=r.resource_id where h.city_code='001009001'  and r.record_status=1 and r.is_monthly=1  order by r.update_time desc,r.id desc limit 0,8 [ RunTime:0.012000s ]
INFO: [ view_parse ] --START--
INFO: [ template_filter ] --START--
INFO: Run Behavior\ContentReplaceBehavior [ RunTime:0.001000s ]
INFO: [ template_filter ] --END-- [ RunTime:0.001000s ]
INFO: Run Behavior\ParseTemplateBehavior [ RunTime:0.048003s ]
INFO: [ view_parse ] --END-- [ RunTime:0.049003s ]
INFO: [ view_filter ] --START--
INFO: Run Behavior\WriteHtmlCacheBehavior [ RunTime:0.000000s ]
INFO: [ view_filter ] --END-- [ RunTime:0.000000s ]
INFO: [ app_end ] --START--
INFO: Run Behavior\ShowPageTraceBehavior [ RunTime:0.001000s ]
INFO: [ app_end ] --END-- [ RunTime:0.001000s ]

[ 2017-05-31T13:15:39+08:00 ] ::1 /hizhu/HouseRoom/downloadExcel?no=3&leftno=44&p=&searchtype=select&roomStatus=&region=&scope=&create_man=&delState=1&estateName=&principal_man=&startTime_create=&endTime_create=&moneyMin=&moneyMax=&update_man=&startTime=&endTime=&rent_type=&clientPhone=&info_resource_type=&info_resource=&room_num=&is_owner=&roomNo=&houseareaMin=&houseareaMax=&brand_type=&third_no=&roomareaMin=&roomareaMax=&isFee=&business_type=&isGroup=&isMonth=1&isVedio=&isRental=&is_commission=
INFO: [ app_init ] --START--
INFO: Run Behavior\BuildLiteBehavior [ RunTime:0.000000s ]
INFO: [ app_init ] --END-- [ RunTime:0.001000s ]
INFO: [ app_begin ] --START--
INFO: Run Behavior\ReadHtmlCacheBehavior [ RunTime:0.001000s ]
INFO: [ app_begin ] --END-- [ RunTime:0.001000s ]
SQL: select h.house_no,r.room_no,h.info_resource,h.estate_name,h.region_name,h.scope_name,h.business_type,h.room_num,h.hall_num,h.wei_num,h.rent_type,h.area,r.room_name,r.room_area,r.room_money,r.total_count,r.up_count,h.client_name,h.client_phone,r.status,r.create_time,
r.update_time,r.update_man,r.create_man,r.principal_man,r.record_status,r.room_bak,r.is_commission,r.is_monthly,h.brand_type from houseresource h inner join houseroom r on h.id=r.resource_id where h.city_code='001009001'  and r.record_status=1 and r.is_monthly=1  order by r.update_time desc,r.id desc limit 10000 [ RunTime:0.045002s ]
INFO: [ app_end ] --START--
INFO: Run Behavior\ShowPageTraceBehavior [ RunTime:0.000000s ]
INFO: [ app_end ] --END-- [ RunTime:0.002000s ]

[ 2017-05-31T14:29:58+08:00 ] ::1 /hizhu/HouseRoom/searchroom?no=3&leftno=44&p=&searchtype=select&roomStatus=&region=&scope=&create_man=&delState=1&estateName=&principal_man=&startTime_create=&endTime_create=&moneyMin=&moneyMax=&update_man=&startTime=&endTime=&rent_type=&clientPhone=&info_resource_type=&info_resource=&room_num=&is_owner=&roomNo=&houseareaMin=&houseareaMax=&brand_type=&third_no=&roomareaMin=&roomareaMax=&isFee=&business_type=&isGroup=&isMonth=1&isVedio=&isRental=&is_commission=
INFO: [ app_init ] --START--
INFO: Run Behavior\BuildLiteBehavior [ RunTime:0.000000s ]
INFO: [ app_init ] --END-- [ RunTime:0.000000s ]
INFO: [ app_begin ] --START--
INFO: Run Behavior\ReadHtmlCacheBehavior [ RunTime:0.001000s ]
INFO: [ app_begin ] --END-- [ RunTime:0.001000s ]
SQL: SHOW COLUMNS FROM `admin_user` [ RunTime:0.035002s ]
SQL: SELECT * FROM `admin_user` WHERE `user_name` = 'admin' LIMIT 1   [ RunTime:0.037002s ]
SQL: select count(*) as totalCount,sum(r.total_count) as roomTotalCount,sum(r.up_count) as roomUpCount,count(distinct h.client_phone) as ownerCount from houseresource h inner join houseroom r on h.id=r.resource_id where h.city_code='001009001'  and r.record_status=1 and r.is_monthly=1  [ RunTime:0.082005s ]
SQL: select r.id,r.room_no,h.client_name,h.client_phone,h.house_no,h.estate_name,h.region_name,h.scope_name,h.unit_no,h.room_no as shi_no,r.room_name,r.room_area,r.room_money,r.update_time,r.update_man,r.create_man,r.principal_man,r.create_time,
      h.business_type ,h.info_resource,r.status,r.record_status,r.is_commission,r.is_monthly,h.area,h.room_type,h.rent_type,h.room_num,h.hall_num,h.wei_num,r.resource_id,h.customer_id,h.is_owner,h.rental_type,r.had_vedio from houseresource h inner join houseroom r on h.id=r.resource_id where h.city_code='001009001'  and r.record_status=1 and r.is_monthly=1  order by r.update_time desc,r.id desc limit 0,8 [ RunTime:0.066004s ]
INFO: [ view_parse ] --START--
INFO: [ template_filter ] --START--
INFO: Run Behavior\ContentReplaceBehavior [ RunTime:0.000000s ]
INFO: [ template_filter ] --END-- [ RunTime:0.000000s ]
INFO: Run Behavior\ParseTemplateBehavior [ RunTime:0.049003s ]
INFO: [ view_parse ] --END-- [ RunTime:0.050003s ]
INFO: [ view_filter ] --START--
INFO: Run Behavior\WriteHtmlCacheBehavior [ RunTime:0.000000s ]
INFO: [ view_filter ] --END-- [ RunTime:0.000000s ]
INFO: [ app_end ] --START--
INFO: Run Behavior\ShowPageTraceBehavior [ RunTime:0.001000s ]
INFO: [ app_end ] --END-- [ RunTime:0.001000s ]

[ 2017-05-31T14:30:05+08:00 ] ::1 /hizhu/HouseRoom/downloadExcel?no=3&leftno=44&p=&searchtype=select&roomStatus=&region=&scope=&create_man=&delState=1&estateName=&principal_man=&startTime_create=&endTime_create=&moneyMin=&moneyMax=&update_man=&startTime=&endTime=&rent_type=&clientPhone=&info_resource_type=&info_resource=&room_num=&is_owner=&roomNo=&houseareaMin=&houseareaMax=&brand_type=&third_no=&roomareaMin=&roomareaMax=&isFee=&business_type=&isGroup=&isMonth=1&isVedio=&isRental=&is_commission=
INFO: [ app_init ] --START--
INFO: Run Behavior\BuildLiteBehavior [ RunTime:0.000000s ]
INFO: [ app_init ] --END-- [ RunTime:0.001000s ]
INFO: [ app_begin ] --START--
INFO: Run Behavior\ReadHtmlCacheBehavior [ RunTime:0.001000s ]
INFO: [ app_begin ] --END-- [ RunTime:0.001000s ]
SQL: select h.house_no,r.room_no,h.is_owner,h.info_resource,h.region_name,h.scope_name,h.estate_name,h.brand_type,h.business_type,h.room_num,h.hall_num,h.wei_num,h.rent_type,h.rental_type,h.area,r.room_name,r.room_area,r.room_money,h.client_name,h.client_phone,r.status,r.is_commission,r.is_monthly,r.had_vedio,r.record_status,r.create_time,r.update_time,r.update_man,r.create_man,r.principal_man from houseresource h inner join houseroom r on h.id=r.resource_id where h.city_code='001009001'  and r.record_status=1 and r.is_monthly=1  order by r.update_time desc,r.id desc limit 10000 [ RunTime:3.690211s ]
INFO: [ app_end ] --START--
INFO: Run Behavior\ShowPageTraceBehavior [ RunTime:0.001000s ]
INFO: [ app_end ] --END-- [ RunTime:0.001000s ]

[ 2017-05-31T14:36:57+08:00 ] ::1 /hizhu/HouseRoom/searchroom?no=3&leftno=44&p=&searchtype=select&roomStatus=&region=&scope=&create_man=&delState=1&estateName=&principal_man=&startTime_create=&endTime_create=&moneyMin=&moneyMax=&update_man=&startTime=&endTime=&rent_type=&clientPhone=&info_resource_type=&info_resource=&room_num=&is_owner=&roomNo=&houseareaMin=&houseareaMax=&brand_type=&third_no=&roomareaMin=&roomareaMax=&isFee=&business_type=&isGroup=&isMonth=1&isVedio=&isRental=&is_commission=
INFO: [ app_init ] --START--
INFO: Run Behavior\BuildLiteBehavior [ RunTime:0.000000s ]
INFO: [ app_init ] --END-- [ RunTime:0.000000s ]
INFO: [ app_begin ] --START--
INFO: Run Behavior\ReadHtmlCacheBehavior [ RunTime:0.001000s ]
INFO: [ app_begin ] --END-- [ RunTime:0.002000s ]
SQL: SHOW COLUMNS FROM `admin_user` [ RunTime:0.015000s ]
SQL: SELECT * FROM `admin_user` WHERE `user_name` = 'admin' LIMIT 1   [ RunTime:0.016001s ]
SQL: select count(*) as totalCount,sum(r.total_count) as roomTotalCount,sum(r.up_count) as roomUpCount,count(distinct h.client_phone) as ownerCount from houseresource h inner join houseroom r on h.id=r.resource_id where h.city_code='001009001'  and r.record_status=1 and r.is_monthly=1  [ RunTime:0.011000s ]
SQL: select r.id,r.room_no,h.client_name,h.client_phone,h.house_no,h.estate_name,h.region_name,h.scope_name,h.unit_no,h.room_no as shi_no,r.room_name,r.room_area,r.room_money,r.update_time,r.update_man,r.create_man,r.principal_man,r.create_time,
      h.business_type ,h.info_resource,r.status,r.record_status,r.is_commission,r.is_monthly,h.area,h.room_type,h.rent_type,h.room_num,h.hall_num,h.wei_num,r.resource_id,h.customer_id,h.is_owner,h.rental_type,r.had_vedio from houseresource h inner join houseroom r on h.id=r.resource_id where h.city_code='001009001'  and r.record_status=1 and r.is_monthly=1  order by r.update_time desc,r.id desc limit 0,8 [ RunTime:0.015001s ]
INFO: [ view_parse ] --START--
INFO: [ template_filter ] --START--
INFO: Run Behavior\ContentReplaceBehavior [ RunTime:0.000000s ]
INFO: [ template_filter ] --END-- [ RunTime:0.001000s ]
INFO: Run Behavior\ParseTemplateBehavior [ RunTime:0.048003s ]
INFO: [ view_parse ] --END-- [ RunTime:0.049003s ]
INFO: [ view_filter ] --START--
INFO: Run Behavior\WriteHtmlCacheBehavior [ RunTime:0.001000s ]
INFO: [ view_filter ] --END-- [ RunTime:0.001000s ]
INFO: [ app_end ] --START--
INFO: Run Behavior\ShowPageTraceBehavior [ RunTime:0.001000s ]
INFO: [ app_end ] --END-- [ RunTime:0.001000s ]

[ 2017-05-31T14:37:07+08:00 ] ::1 /hizhu/HouseRoom/downloadExcel?no=3&leftno=44&p=&searchtype=select&roomStatus=&region=&scope=&create_man=&delState=1&estateName=&principal_man=&startTime_create=&endTime_create=&moneyMin=&moneyMax=&update_man=&startTime=&endTime=&rent_type=&clientPhone=&info_resource_type=&info_resource=&room_num=&is_owner=&roomNo=&houseareaMin=&houseareaMax=&brand_type=&third_no=&roomareaMin=&roomareaMax=&isFee=&business_type=&isGroup=&isMonth=1&isVedio=&isRental=&is_commission=
INFO: [ app_init ] --START--
INFO: Run Behavior\BuildLiteBehavior [ RunTime:0.000000s ]
INFO: [ app_init ] --END-- [ RunTime:0.000000s ]
INFO: [ app_begin ] --START--
INFO: Run Behavior\ReadHtmlCacheBehavior [ RunTime:0.001000s ]
INFO: [ app_begin ] --END-- [ RunTime:0.001000s ]
SQL: select h.house_no,r.room_no,h.is_owner,h.info_resource,h.region_name,h.scope_name,h.estate_name,h.brand_type,h.business_type,h.room_num,h.hall_num,h.wei_num,h.rent_type,h.rental_type,h.area,r.room_name,r.room_area,r.room_money,h.client_name,h.client_phone,r.status,r.is_monthly as is_fee,r.is_monthly,r.is_commission,r.had_vedio,r.record_status,r.create_time,r.update_time,r.update_man,r.create_man,r.principal_man from houseresource h inner join houseroom r on h.id=r.resource_id where h.city_code='001009001'  and r.record_status=1 and r.is_monthly=1  order by r.update_time desc,r.id desc limit 10000 [ RunTime:0.096006s ]
INFO: [ app_end ] --START--
INFO: Run Behavior\ShowPageTraceBehavior [ RunTime:0.001000s ]
INFO: [ app_end ] --END-- [ RunTime:0.002000s ]

[ 2017-05-31T14:43:31+08:00 ] ::1 /hizhu/HouseRoom/searchroom?no=3&leftno=44&p=&searchtype=select&roomStatus=&region=&scope=&create_man=&delState=1&estateName=&principal_man=&startTime_create=&endTime_create=&moneyMin=&moneyMax=&update_man=&startTime=&endTime=&rent_type=&clientPhone=&info_resource_type=&info_resource=&room_num=&is_owner=&roomNo=&houseareaMin=&houseareaMax=&brand_type=&third_no=&roomareaMin=&roomareaMax=&isFee=&business_type=&isGroup=&isMonth=1&isVedio=&isRental=&is_commission=
INFO: [ app_init ] --START--
INFO: Run Behavior\BuildLiteBehavior [ RunTime:0.000000s ]
INFO: [ app_init ] --END-- [ RunTime:0.001000s ]
INFO: [ app_begin ] --START--
INFO: Run Behavior\ReadHtmlCacheBehavior [ RunTime:0.001000s ]
INFO: [ app_begin ] --END-- [ RunTime:0.001000s ]
SQL: SHOW COLUMNS FROM `admin_user` [ RunTime:0.017001s ]
SQL: SELECT * FROM `admin_user` WHERE `user_name` = 'admin' LIMIT 1   [ RunTime:0.013000s ]
SQL: select count(*) as totalCount,sum(r.total_count) as roomTotalCount,sum(r.up_count) as roomUpCount,count(distinct h.client_phone) as ownerCount from houseresource h inner join houseroom r on h.id=r.resource_id where h.city_code='001009001'  and r.record_status=1 and r.is_monthly=1  [ RunTime:0.014000s ]
SQL: select r.id,r.room_no,h.client_name,h.client_phone,h.house_no,h.estate_name,h.region_name,h.scope_name,h.unit_no,h.room_no as shi_no,r.room_name,r.room_area,r.room_money,r.update_time,r.update_man,r.create_man,r.principal_man,r.create_time,
      h.business_type ,h.info_resource,r.status,r.record_status,r.is_commission,r.is_monthly,h.area,h.room_type,h.rent_type,h.room_num,h.hall_num,h.wei_num,r.resource_id,h.customer_id,h.is_owner,h.rental_type,r.had_vedio from houseresource h inner join houseroom r on h.id=r.resource_id where h.city_code='001009001'  and r.record_status=1 and r.is_monthly=1  order by r.update_time desc,r.id desc limit 0,8 [ RunTime:0.014000s ]
INFO: [ view_parse ] --START--
INFO: [ template_filter ] --START--
INFO: Run Behavior\ContentReplaceBehavior [ RunTime:0.000000s ]
INFO: [ template_filter ] --END-- [ RunTime:0.001000s ]
INFO: Run Behavior\ParseTemplateBehavior [ RunTime:0.056003s ]
INFO: [ view_parse ] --END-- [ RunTime:0.056003s ]
INFO: [ view_filter ] --START--
INFO: Run Behavior\WriteHtmlCacheBehavior [ RunTime:0.001000s ]
INFO: [ view_filter ] --END-- [ RunTime:0.001000s ]
INFO: [ app_end ] --START--
INFO: Run Behavior\ShowPageTraceBehavior [ RunTime:0.001000s ]
INFO: [ app_end ] --END-- [ RunTime:0.001000s ]

[ 2017-05-31T14:44:27+08:00 ] ::1 /hizhu/HouseRoom/searchroom?no=3&leftno=44&p=&searchtype=select&roomStatus=&region=&scope=&create_man=&delState=1&estateName=&principal_man=&startTime_create=&endTime_create=&moneyMin=&moneyMax=&update_man=&startTime=&endTime=&rent_type=&clientPhone=&info_resource_type=&info_resource=&room_num=&is_owner=&roomNo=&houseareaMin=&houseareaMax=&brand_type=&third_no=&roomareaMin=&roomareaMax=&isFee=&business_type=&isGroup=&isMonth=1&isVedio=&isRental=&is_commission=
INFO: [ app_init ] --START--
INFO: Run Behavior\BuildLiteBehavior [ RunTime:0.000000s ]
INFO: [ app_init ] --END-- [ RunTime:0.000000s ]
INFO: [ app_begin ] --START--
INFO: Run Behavior\ReadHtmlCacheBehavior [ RunTime:0.001000s ]
INFO: [ app_begin ] --END-- [ RunTime:0.001000s ]
SQL: SHOW COLUMNS FROM `admin_user` [ RunTime:0.013000s ]
SQL: SELECT * FROM `admin_user` WHERE `user_name` = 'admin' LIMIT 1   [ RunTime:0.013001s ]
SQL: select count(*) as totalCount,sum(r.total_count) as roomTotalCount,sum(r.up_count) as roomUpCount,count(distinct h.client_phone) as ownerCount from houseresource h inner join houseroom r on h.id=r.resource_id where h.city_code='001009001'  and r.record_status=1 and r.is_monthly=1  [ RunTime:0.012000s ]
SQL: select r.id,r.room_no,h.client_name,h.client_phone,h.house_no,h.estate_name,h.region_name,h.scope_name,h.unit_no,h.room_no as shi_no,r.room_name,r.room_area,r.room_money,r.update_time,r.update_man,r.create_man,r.principal_man,r.create_time,
      h.business_type ,h.info_resource,r.status,r.record_status,r.is_commission,r.is_monthly,h.area,h.room_type,h.rent_type,h.room_num,h.hall_num,h.wei_num,r.resource_id,h.customer_id,h.is_owner,h.rental_type,r.had_vedio from houseresource h inner join houseroom r on h.id=r.resource_id where h.city_code='001009001'  and r.record_status=1 and r.is_monthly=1  order by r.update_time desc,r.id desc limit 0,8 [ RunTime:0.015001s ]
INFO: [ view_parse ] --START--
INFO: [ template_filter ] --START--
INFO: Run Behavior\ContentReplaceBehavior [ RunTime:0.000000s ]
INFO: [ template_filter ] --END-- [ RunTime:0.001000s ]
INFO: Run Behavior\ParseTemplateBehavior [ RunTime:0.049003s ]
INFO: [ view_parse ] --END-- [ RunTime:0.049003s ]
INFO: [ view_filter ] --START--
INFO: Run Behavior\WriteHtmlCacheBehavior [ RunTime:0.000000s ]
INFO: [ view_filter ] --END-- [ RunTime:0.000000s ]
INFO: [ app_end ] --START--
INFO: Run Behavior\ShowPageTraceBehavior [ RunTime:0.001000s ]
INFO: [ app_end ] --END-- [ RunTime:0.001000s ]

[ 2017-05-31T14:44:33+08:00 ] ::1 /hizhu/HouseRoom/downloadExcel?no=3&leftno=44&p=&searchtype=select&roomStatus=&region=&scope=&create_man=&delState=1&estateName=&principal_man=&startTime_create=&endTime_create=&moneyMin=&moneyMax=&update_man=&startTime=&endTime=&rent_type=&clientPhone=&info_resource_type=&info_resource=&room_num=&is_owner=&roomNo=&houseareaMin=&houseareaMax=&brand_type=&third_no=&roomareaMin=&roomareaMax=&isFee=&business_type=&isGroup=&isMonth=1&isVedio=&isRental=&is_commission=
INFO: [ app_init ] --START--
INFO: Run Behavior\BuildLiteBehavior [ RunTime:0.000000s ]
INFO: [ app_init ] --END-- [ RunTime:0.000000s ]
INFO: [ app_begin ] --START--
INFO: Run Behavior\ReadHtmlCacheBehavior [ RunTime:0.000000s ]
INFO: [ app_begin ] --END-- [ RunTime:0.000000s ]
SQL: select h.house_no,r.room_no,h.is_owner,h.info_resource,h.region_name,h.scope_name,h.estate_name,h.brand_type,h.business_type,h.room_num,h.hall_num,h.wei_num,h.rent_type,h.rental_type,h.area,r.room_name,r.room_area,r.room_money,h.client_name,h.client_phone,r.status,r.is_commission,r.is_monthly,r.is_monthly as is_fee,r.had_vedio,r.record_status,r.create_time,r.update_time,r.update_man,r.create_man,r.principal_man from houseresource h inner join houseroom r on h.id=r.resource_id where h.city_code='001009001'  and r.record_status=1 and r.is_monthly=1  order by r.update_time desc,r.id desc limit 10000 [ RunTime:2.442139s ]
INFO: [ app_end ] --START--
INFO: Run Behavior\ShowPageTraceBehavior [ RunTime:0.001000s ]
INFO: [ app_end ] --END-- [ RunTime:0.001000s ]

[ 2017-05-31T14:47:02+08:00 ] ::1 /hizhu/HouseRoom/searchroom?no=3&leftno=44&p=&searchtype=select&roomStatus=&region=&scope=&create_man=&delState=1&estateName=&principal_man=&startTime_create=&endTime_create=&moneyMin=&moneyMax=&update_man=&startTime=&endTime=&rent_type=&clientPhone=&info_resource_type=&info_resource=&room_num=&is_owner=&roomNo=&houseareaMin=&houseareaMax=&brand_type=&third_no=&roomareaMin=&roomareaMax=&isFee=&business_type=&isGroup=&isMonth=1&isVedio=&isRental=&is_commission=
INFO: [ app_init ] --START--
INFO: Run Behavior\BuildLiteBehavior [ RunTime:0.000000s ]
INFO: [ app_init ] --END-- [ RunTime:0.001000s ]
INFO: [ app_begin ] --START--
INFO: Run Behavior\ReadHtmlCacheBehavior [ RunTime:0.001000s ]
INFO: [ app_begin ] --END-- [ RunTime:0.001000s ]
SQL: SHOW COLUMNS FROM `admin_user` [ RunTime:0.013001s ]
SQL: SELECT * FROM `admin_user` WHERE `user_name` = 'admin' LIMIT 1   [ RunTime:0.014001s ]
SQL: select count(*) as totalCount,sum(r.total_count) as roomTotalCount,sum(r.up_count) as roomUpCount,count(distinct h.client_phone) as ownerCount from houseresource h inner join houseroom r on h.id=r.resource_id where h.city_code='001009001'  and r.record_status=1 and r.is_monthly=1  [ RunTime:0.012000s ]
SQL: select r.id,r.room_no,h.client_name,h.client_phone,h.house_no,h.estate_name,h.region_name,h.scope_name,h.unit_no,h.room_no as shi_no,r.room_name,r.room_area,r.room_money,r.update_time,r.update_man,r.create_man,r.principal_man,r.create_time,
      h.business_type ,h.info_resource,r.status,r.record_status,r.is_commission,r.is_monthly,h.area,h.room_type,h.rent_type,h.room_num,h.hall_num,h.wei_num,r.resource_id,h.customer_id,h.is_owner,h.rental_type,r.had_vedio from houseresource h inner join houseroom r on h.id=r.resource_id where h.city_code='001009001'  and r.record_status=1 and r.is_monthly=1  order by r.update_time desc,r.id desc limit 0,8 [ RunTime:0.015001s ]
INFO: [ view_parse ] --START--
INFO: [ template_filter ] --START--
INFO: Run Behavior\ContentReplaceBehavior [ RunTime:0.001000s ]
INFO: [ template_filter ] --END-- [ RunTime:0.001000s ]
INFO: Run Behavior\ParseTemplateBehavior [ RunTime:0.049003s ]
INFO: [ view_parse ] --END-- [ RunTime:0.049003s ]
INFO: [ view_filter ] --START--
INFO: Run Behavior\WriteHtmlCacheBehavior [ RunTime:0.001000s ]
INFO: [ view_filter ] --END-- [ RunTime:0.001000s ]
INFO: [ app_end ] --START--
INFO: Run Behavior\ShowPageTraceBehavior [ RunTime:0.001000s ]
INFO: [ app_end ] --END-- [ RunTime:0.001000s ]

[ 2017-05-31T14:47:04+08:00 ] ::1 /hizhu/HouseRoom/downloadExcel?no=3&leftno=44&p=&searchtype=select&roomStatus=&region=&scope=&create_man=&delState=1&estateName=&principal_man=&startTime_create=&endTime_create=&moneyMin=&moneyMax=&update_man=&startTime=&endTime=&rent_type=&clientPhone=&info_resource_type=&info_resource=&room_num=&is_owner=&roomNo=&houseareaMin=&houseareaMax=&brand_type=&third_no=&roomareaMin=&roomareaMax=&isFee=&business_type=&isGroup=&isMonth=1&isVedio=&isRental=&is_commission=
INFO: [ app_init ] --START--
INFO: Run Behavior\BuildLiteBehavior [ RunTime:0.000000s ]
INFO: [ app_init ] --END-- [ RunTime:0.001000s ]
INFO: [ app_begin ] --START--
INFO: Run Behavior\ReadHtmlCacheBehavior [ RunTime:0.000000s ]
INFO: [ app_begin ] --END-- [ RunTime:0.000000s ]
SQL: select h.house_no,r.room_no,h.is_owner,h.info_resource,h.region_name,h.scope_name,h.estate_name,h.brand_type,h.business_type,h.room_num,h.hall_num,h.wei_num,h.rent_type,h.rental_type,h.area,r.room_name,r.room_area,r.room_money,h.client_name,h.client_phone,r.status,r.is_commission,r.is_monthly,r.is_monthly as is_fee,r.had_vedio,r.record_status,r.create_time,r.update_time,r.update_man,r.create_man,r.principal_man from houseresource h inner join houseroom r on h.id=r.resource_id where h.city_code='001009001'  and r.record_status=1 and r.is_monthly=1  order by r.update_time desc,r.id desc limit 10000 [ RunTime:0.533030s ]
INFO: [ app_end ] --START--
INFO: Run Behavior\ShowPageTraceBehavior [ RunTime:0.002000s ]
INFO: [ app_end ] --END-- [ RunTime:0.003000s ]

[ 2017-05-31T14:47:51+08:00 ] ::1 /hizhu/HouseRoom/searchroom?no=3&leftno=44&p=&searchtype=select&roomStatus=&region=&scope=&create_man=&delState=1&estateName=&principal_man=&startTime_create=&endTime_create=&moneyMin=&moneyMax=&update_man=&startTime=&endTime=&rent_type=&clientPhone=&info_resource_type=&info_resource=&room_num=&is_owner=&roomNo=&houseareaMin=&houseareaMax=&brand_type=&third_no=&roomareaMin=&roomareaMax=&isFee=&business_type=&isGroup=&isMonth=1&isVedio=&isRental=&is_commission=
INFO: [ app_init ] --START--
INFO: Run Behavior\BuildLiteBehavior [ RunTime:0.000000s ]
INFO: [ app_init ] --END-- [ RunTime:0.000000s ]
INFO: [ app_begin ] --START--
INFO: Run Behavior\ReadHtmlCacheBehavior [ RunTime:0.000000s ]
INFO: [ app_begin ] --END-- [ RunTime:0.002000s ]
SQL: SHOW COLUMNS FROM `admin_user` [ RunTime:0.018001s ]
SQL: SELECT * FROM `admin_user` WHERE `user_name` = 'admin' LIMIT 1   [ RunTime:0.018001s ]
SQL: select count(*) as totalCount,sum(r.total_count) as roomTotalCount,sum(r.up_count) as roomUpCount,count(distinct h.client_phone) as ownerCount from houseresource h inner join houseroom r on h.id=r.resource_id where h.city_code='001009001'  and r.record_status=1 and r.is_monthly=1  [ RunTime:0.030001s ]
SQL: select r.id,r.room_no,h.client_name,h.client_phone,h.house_no,h.estate_name,h.region_name,h.scope_name,h.unit_no,h.room_no as shi_no,r.room_name,r.room_area,r.room_money,r.update_time,r.update_man,r.create_man,r.principal_man,r.create_time,
      h.business_type ,h.info_resource,r.status,r.record_status,r.is_commission,r.is_monthly,h.area,h.room_type,h.rent_type,h.room_num,h.hall_num,h.wei_num,r.resource_id,h.customer_id,h.is_owner,h.rental_type,r.had_vedio from houseresource h inner join houseroom r on h.id=r.resource_id where h.city_code='001009001'  and r.record_status=1 and r.is_monthly=1  order by r.update_time desc,r.id desc limit 0,8 [ RunTime:0.017001s ]
INFO: [ view_parse ] --START--
INFO: [ template_filter ] --START--
INFO: Run Behavior\ContentReplaceBehavior [ RunTime:0.000000s ]
INFO: [ template_filter ] --END-- [ RunTime:0.001000s ]
INFO: Run Behavior\ParseTemplateBehavior [ RunTime:0.051003s ]
INFO: [ view_parse ] --END-- [ RunTime:0.051003s ]
INFO: [ view_filter ] --START--
INFO: Run Behavior\WriteHtmlCacheBehavior [ RunTime:0.001000s ]
INFO: [ view_filter ] --END-- [ RunTime:0.001000s ]
INFO: [ app_end ] --START--
INFO: Run Behavior\ShowPageTraceBehavior [ RunTime:0.001000s ]
INFO: [ app_end ] --END-- [ RunTime:0.001000s ]

[ 2017-05-31T14:48:02+08:00 ] ::1 /hizhu/HouseRoom/downloadExcel?no=3&leftno=44&p=&searchtype=select&roomStatus=&region=&scope=&create_man=&delState=1&estateName=&principal_man=&startTime_create=&endTime_create=&moneyMin=&moneyMax=&update_man=&startTime=&endTime=&rent_type=&clientPhone=&info_resource_type=&info_resource=&room_num=&is_owner=&roomNo=&houseareaMin=&houseareaMax=&brand_type=&third_no=&roomareaMin=&roomareaMax=&isFee=&business_type=&isGroup=&isMonth=1&isVedio=&isRental=&is_commission=
INFO: [ app_init ] --START--
INFO: Run Behavior\BuildLiteBehavior [ RunTime:0.000000s ]
INFO: [ app_init ] --END-- [ RunTime:0.001000s ]
INFO: [ app_begin ] --START--
INFO: Run Behavior\ReadHtmlCacheBehavior [ RunTime:0.000000s ]
INFO: [ app_begin ] --END-- [ RunTime:0.001000s ]
SQL: select h.house_no,r.room_no,h.is_owner,h.info_resource,h.region_name,h.scope_name,h.estate_name,h.brand_type,h.business_type,h.room_num,h.hall_num,h.wei_num,h.rent_type,h.rental_type,h.area,r.room_name,r.room_area,r.room_money,h.client_name,h.client_phone,r.status,r.is_commission,r.is_monthly,r.is_commission as is_fee,r.had_vedio,r.record_status,r.create_time,r.update_time,r.update_man,r.create_man,r.principal_man from houseresource h inner join houseroom r on h.id=r.resource_id where h.city_code='001009001'  and r.record_status=1 and r.is_monthly=1  order by r.update_time desc,r.id desc limit 10000 [ RunTime:2.466141s ]
INFO: [ app_end ] --START--
INFO: Run Behavior\ShowPageTraceBehavior [ RunTime:0.000000s ]
INFO: [ app_end ] --END-- [ RunTime:0.002000s ]

[ 2017-05-31T14:48:45+08:00 ] ::1 /hizhu/HouseRoom/searchroom?no=3&leftno=44&p=&searchtype=select&roomStatus=&region=&scope=&create_man=&delState=1&estateName=&principal_man=&startTime_create=&endTime_create=&moneyMin=&moneyMax=&update_man=&startTime=&endTime=&rent_type=&clientPhone=&info_resource_type=&info_resource=&room_num=&is_owner=&roomNo=&houseareaMin=&houseareaMax=&brand_type=&third_no=&roomareaMin=&roomareaMax=&isFee=&business_type=&isGroup=&isMonth=1&isVedio=&isRental=&is_commission=
INFO: [ app_init ] --START--
INFO: Run Behavior\BuildLiteBehavior [ RunTime:0.000000s ]
INFO: [ app_init ] --END-- [ RunTime:0.000000s ]
INFO: [ app_begin ] --START--
INFO: Run Behavior\ReadHtmlCacheBehavior [ RunTime:0.001000s ]
INFO: [ app_begin ] --END-- [ RunTime:0.001000s ]
SQL: SHOW COLUMNS FROM `admin_user` [ RunTime:0.014001s ]
SQL: SELECT * FROM `admin_user` WHERE `user_name` = 'admin' LIMIT 1   [ RunTime:0.013001s ]
SQL: select count(*) as totalCount,sum(r.total_count) as roomTotalCount,sum(r.up_count) as roomUpCount,count(distinct h.client_phone) as ownerCount from houseresource h inner join houseroom r on h.id=r.resource_id where h.city_code='001009001'  and r.record_status=1 and r.is_monthly=1  [ RunTime:0.016001s ]
SQL: select r.id,r.room_no,h.client_name,h.client_phone,h.house_no,h.estate_name,h.region_name,h.scope_name,h.unit_no,h.room_no as shi_no,r.room_name,r.room_area,r.room_money,r.update_time,r.update_man,r.create_man,r.principal_man,r.create_time,
      h.business_type ,h.info_resource,r.status,r.record_status,r.is_commission,r.is_monthly,h.area,h.room_type,h.rent_type,h.room_num,h.hall_num,h.wei_num,r.resource_id,h.customer_id,h.is_owner,h.rental_type,r.had_vedio from houseresource h inner join houseroom r on h.id=r.resource_id where h.city_code='001009001'  and r.record_status=1 and r.is_monthly=1  order by r.update_time desc,r.id desc limit 0,8 [ RunTime:0.014001s ]
INFO: [ view_parse ] --START--
INFO: [ template_filter ] --START--
INFO: Run Behavior\ContentReplaceBehavior [ RunTime:0.000000s ]
INFO: [ template_filter ] --END-- [ RunTime:0.001000s ]
INFO: Run Behavior\ParseTemplateBehavior [ RunTime:0.045002s ]
INFO: [ view_parse ] --END-- [ RunTime:0.045002s ]
INFO: [ view_filter ] --START--
INFO: Run Behavior\WriteHtmlCacheBehavior [ RunTime:0.001000s ]
INFO: [ view_filter ] --END-- [ RunTime:0.001000s ]
INFO: [ app_end ] --START--
INFO: Run Behavior\ShowPageTraceBehavior [ RunTime:0.001001s ]
INFO: [ app_end ] --END-- [ RunTime:0.001001s ]

[ 2017-05-31T14:49:23+08:00 ] ::1 /hizhu/HouseRoom/searchroom?no=3&leftno=44&p=&searchtype=select&roomStatus=&region=&scope=&create_man=&delState=1&estateName=&principal_man=&startTime_create=&endTime_create=&moneyMin=&moneyMax=&update_man=&startTime=&endTime=&rent_type=&clientPhone=&info_resource_type=&info_resource=&room_num=&is_owner=&roomNo=&houseareaMin=&houseareaMax=&brand_type=&third_no=&roomareaMin=&roomareaMax=&isFee=&business_type=&isGroup=&isMonth=1&isVedio=&isRental=&is_commission=
INFO: [ app_init ] --START--
INFO: Run Behavior\BuildLiteBehavior [ RunTime:0.000000s ]
INFO: [ app_init ] --END-- [ RunTime:0.001000s ]
INFO: [ app_begin ] --START--
INFO: Run Behavior\ReadHtmlCacheBehavior [ RunTime:0.001000s ]
INFO: [ app_begin ] --END-- [ RunTime:0.001000s ]
SQL: SHOW COLUMNS FROM `admin_user` [ RunTime:0.021002s ]
SQL: SELECT * FROM `admin_user` WHERE `user_name` = 'admin' LIMIT 1   [ RunTime:0.014001s ]
SQL: select count(*) as totalCount,sum(r.total_count) as roomTotalCount,sum(r.up_count) as roomUpCount,count(distinct h.client_phone) as ownerCount from houseresource h inner join houseroom r on h.id=r.resource_id where h.city_code='001009001'  and r.record_status=1 and r.is_monthly=1  [ RunTime:0.013000s ]
SQL: select r.id,r.room_no,h.client_name,h.client_phone,h.house_no,h.estate_name,h.region_name,h.scope_name,h.unit_no,h.room_no as shi_no,r.room_name,r.room_area,r.room_money,r.update_time,r.update_man,r.create_man,r.principal_man,r.create_time,
      h.business_type ,h.info_resource,r.status,r.record_status,r.is_commission,r.is_monthly,h.area,h.room_type,h.rent_type,h.room_num,h.hall_num,h.wei_num,r.resource_id,h.customer_id,h.is_owner,h.rental_type,r.had_vedio from houseresource h inner join houseroom r on h.id=r.resource_id where h.city_code='001009001'  and r.record_status=1 and r.is_monthly=1  order by r.update_time desc,r.id desc limit 0,8 [ RunTime:0.014001s ]
INFO: [ view_parse ] --START--
INFO: [ template_filter ] --START--
INFO: Run Behavior\ContentReplaceBehavior [ RunTime:0.001000s ]
INFO: [ template_filter ] --END-- [ RunTime:0.001000s ]
INFO: Run Behavior\ParseTemplateBehavior [ RunTime:0.051003s ]
INFO: [ view_parse ] --END-- [ RunTime:0.051003s ]
INFO: [ view_filter ] --START--
INFO: Run Behavior\WriteHtmlCacheBehavior [ RunTime:0.000000s ]
INFO: [ view_filter ] --END-- [ RunTime:0.000000s ]
INFO: [ app_end ] --START--
INFO: Run Behavior\ShowPageTraceBehavior [ RunTime:0.001000s ]
INFO: [ app_end ] --END-- [ RunTime:0.001000s ]

[ 2017-05-31T14:49:24+08:00 ] ::1 /hizhu/HouseRoom/downloadExcel?no=3&leftno=44&p=&searchtype=select&roomStatus=&region=&scope=&create_man=&delState=1&estateName=&principal_man=&startTime_create=&endTime_create=&moneyMin=&moneyMax=&update_man=&startTime=&endTime=&rent_type=&clientPhone=&info_resource_type=&info_resource=&room_num=&is_owner=&roomNo=&houseareaMin=&houseareaMax=&brand_type=&third_no=&roomareaMin=&roomareaMax=&isFee=&business_type=&isGroup=&isMonth=1&isVedio=&isRental=&is_commission=
INFO: [ app_init ] --START--
INFO: Run Behavior\BuildLiteBehavior [ RunTime:0.000000s ]
INFO: [ app_init ] --END-- [ RunTime:0.000000s ]
INFO: [ app_begin ] --START--
INFO: Run Behavior\ReadHtmlCacheBehavior [ RunTime:0.000000s ]
INFO: [ app_begin ] --END-- [ RunTime:0.000000s ]
SQL: select h.house_no,r.room_no,h.is_owner,h.info_resource,h.region_name,h.scope_name,h.estate_name,h.brand_type,h.business_type,h.room_num,h.hall_num,h.wei_num,h.rent_type,h.rental_type,h.area,r.room_name,r.room_area,r.room_money,h.client_name,h.client_phone,r.status,r.is_commission,r.is_monthly,r.is_commission as is_fee,r.had_vedio,r.record_status,r.create_time,r.update_time,r.update_man,r.create_man,r.principal_man from houseresource h inner join houseroom r on h.id=r.resource_id where h.city_code='001009001'  and r.record_status=1 and r.is_monthly=1  order by r.update_time desc,r.id desc limit 10000 [ RunTime:0.270015s ]
INFO: [ app_end ] --START--
INFO: Run Behavior\ShowPageTraceBehavior [ RunTime:0.001000s ]
INFO: [ app_end ] --END-- [ RunTime:0.001000s ]

[ 2017-05-31T17:46:06+08:00 ] ::1 /hizhu/HouseRoom/searchroom?no=3&leftno=44&p=&searchtype=select&roomStatus=2&region=&scope=&create_man=&delState=1&estateName=&principal_man=&startTime_create=&endTime_create=&moneyMin=&moneyMax=&update_man=&startTime=&endTime=&rent_type=&clientPhone=&info_resource_type=&info_resource=&room_num=&is_owner=&roomNo=&houseareaMin=&houseareaMax=&brand_type=&third_no=&roomareaMin=&roomareaMax=&isFee=&business_type=&isGroup=&isMonth=1&isVedio=&isRental=&is_commission=
INFO: [ app_init ] --START--
INFO: Run Behavior\BuildLiteBehavior [ RunTime:0.001000s ]
INFO: [ app_init ] --END-- [ RunTime:0.001000s ]
INFO: [ app_begin ] --START--
INFO: Run Behavior\ReadHtmlCacheBehavior [ RunTime:0.001000s ]
INFO: [ app_begin ] --END-- [ RunTime:0.001000s ]
SQL: SHOW COLUMNS FROM `admin_user` [ RunTime:0.014001s ]
SQL: SELECT * FROM `admin_user` WHERE `user_name` = 'admin' LIMIT 1   [ RunTime:0.018001s ]
SQL: SHOW COLUMNS FROM `adminmenulist` [ RunTime:0.012001s ]
SQL: SELECT * FROM `adminmenulist` WHERE `parent_id` = 0 AND `record_status` = 1 ORDER BY index_no asc  [ RunTime:0.012001s ]
SQL: SELECT * FROM `adminmenulist` WHERE `parent_id` = 26 AND `record_status` = 1 ORDER BY index_no asc  [ RunTime:0.013001s ]
SQL: SELECT * FROM `adminmenulist` WHERE `parent_id` = 56 AND `record_status` = 1 ORDER BY index_no asc  [ RunTime:0.013001s ]
SQL: SELECT * FROM `adminmenulist` WHERE `parent_id` = 144 AND `record_status` = 1 ORDER BY index_no asc  [ RunTime:0.013000s ]
SQL: SELECT * FROM `adminmenulist` WHERE `parent_id` = 60 AND `record_status` = 1 ORDER BY index_no asc  [ RunTime:0.013000s ]
SQL: SELECT * FROM `adminmenulist` WHERE `parent_id` = 63 AND `record_status` = 1 ORDER BY index_no asc  [ RunTime:0.011000s ]
SQL: SELECT * FROM `adminmenulist` WHERE `parent_id` = 96 AND `record_status` = 1 ORDER BY index_no asc  [ RunTime:0.011001s ]
SQL: SELECT * FROM `adminmenulist` WHERE `parent_id` = 172 AND `record_status` = 1 ORDER BY index_no asc  [ RunTime:0.012000s ]
SQL: SELECT * FROM `adminmenulist` WHERE `parent_id` = 194 AND `record_status` = 1 ORDER BY index_no asc  [ RunTime:0.013001s ]
SQL: SHOW COLUMNS FROM `adminmenulistlimit` [ RunTime:0.012001s ]
SQL: SELECT * FROM `adminmenulistlimit` WHERE `city_auth` = 1 AND `user_name` = 'admin'  [ RunTime:0.298017s ]
SQL: select count(*) as totalCount,sum(r.total_count) as roomTotalCount,sum(r.up_count) as roomUpCount,count(distinct h.client_phone) as ownerCount from houseresource h inner join houseroom r on h.id=r.resource_id where h.city_code='001009001'  and r.status=2 and r.record_status=1 and r.is_monthly=1  [ RunTime:0.050003s ]
SQL: select r.id,r.room_no,h.client_name,h.client_phone,h.house_no,h.estate_name,h.region_name,h.scope_name,h.unit_no,h.room_no as shi_no,r.room_name,r.room_area,r.room_money,r.update_time,r.update_man,r.create_man,r.principal_man,r.create_time,
      h.business_type ,h.info_resource,r.status,r.record_status,r.is_commission,r.is_monthly,h.area,h.room_type,h.rent_type,h.room_num,h.hall_num,h.wei_num,r.resource_id,h.customer_id,h.is_owner,h.rental_type,r.had_vedio from houseresource h inner join houseroom r on h.id=r.resource_id where h.city_code='001009001'  and r.status=2 and r.record_status=1 and r.is_monthly=1  order by r.update_time desc,r.id desc limit 0,8 [ RunTime:0.021001s ]
SQL: select type_no,info_type,name,index_no from houseinfotype where record_status=1 and city_code='001009001' order by info_type,index_no [ RunTime:0.015001s ]
SQL: select user_name,real_name from admin_user where  city_auth like '%1%' order by user_name [ RunTime:0.017001s ]
INFO: [ view_parse ] --START--
INFO: [ template_filter ] --START--
INFO: Run Behavior\ContentReplaceBehavior [ RunTime:0.000000s ]
INFO: [ template_filter ] --END-- [ RunTime:0.001000s ]
INFO: Run Behavior\ParseTemplateBehavior [ RunTime:0.059003s ]
INFO: [ view_parse ] --END-- [ RunTime:0.059003s ]
INFO: [ view_filter ] --START--
INFO: Run Behavior\WriteHtmlCacheBehavior [ RunTime:0.001000s ]
INFO: [ view_filter ] --END-- [ RunTime:0.001000s ]
INFO: [ app_end ] --START--
INFO: Run Behavior\ShowPageTraceBehavior [ RunTime:0.001000s ]
INFO: [ app_end ] --END-- [ RunTime:0.002000s ]

[ 2017-05-31T17:49:13+08:00 ] ::1 /hizhu/HouseRoom/searchroom?no=3&leftno=44&p=&searchtype=select&roomStatus=2&region=&scope=&create_man=&delState=1&estateName=&principal_man=&startTime_create=&endTime_create=&moneyMin=&moneyMax=&update_man=&startTime=&endTime=&rent_type=&clientPhone=&info_resource_type=&info_resource=&room_num=&is_owner=&roomNo=&houseareaMin=&houseareaMax=&brand_type=&third_no=&roomareaMin=&roomareaMax=&isFee=&business_type=&isGroup=&isMonth=1&isVedio=&isRental=&is_commission=
INFO: [ app_init ] --START--
INFO: Run Behavior\BuildLiteBehavior [ RunTime:0.000000s ]
INFO: [ app_init ] --END-- [ RunTime:0.001000s ]
INFO: [ app_begin ] --START--
INFO: Run Behavior\ReadHtmlCacheBehavior [ RunTime:0.001000s ]
INFO: [ app_begin ] --END-- [ RunTime:0.001000s ]
SQL: SHOW COLUMNS FROM `admin_user` [ RunTime:0.013000s ]
SQL: SELECT * FROM `admin_user` WHERE `user_name` = 'admin' LIMIT 1   [ RunTime:0.014000s ]
SQL: select count(*) as totalCount,sum(r.total_count) as roomTotalCount,sum(r.up_count) as roomUpCount,count(distinct h.client_phone) as ownerCount from houseresource h inner join houseroom r on h.id=r.resource_id where h.city_code='001009001'  and r.status=2 and r.record_status=1 and r.is_monthly=1  [ RunTime:0.012001s ]
SQL: select r.id,r.room_no,h.client_name,h.client_phone,h.house_no,h.estate_name,h.region_name,h.scope_name,h.unit_no,h.room_no as shi_no,r.room_name,r.room_area,r.room_money,r.update_time,r.update_man,r.create_man,r.principal_man,r.create_time,
      h.business_type ,h.info_resource,r.status,r.record_status,r.is_commission,r.is_monthly,h.area,h.room_type,h.rent_type,h.room_num,h.hall_num,h.wei_num,r.resource_id,h.customer_id,h.is_owner,h.rental_type,r.had_vedio from houseresource h inner join houseroom r on h.id=r.resource_id where h.city_code='001009001'  and r.status=2 and r.record_status=1 and r.is_monthly=1  order by r.update_time desc,r.id desc limit 0,8 [ RunTime:0.015001s ]
INFO: [ view_parse ] --START--
INFO: [ template_filter ] --START--
INFO: Run Behavior\ContentReplaceBehavior [ RunTime:0.000000s ]
INFO: [ template_filter ] --END-- [ RunTime:0.000000s ]

[ 2017-05-31T17:49:17+08:00 ] ::1 /hizhu/HouseRoom/searchroom.html?no=3&leftno=44
INFO: [ app_init ] --START--
INFO: Run Behavior\BuildLiteBehavior [ RunTime:0.000000s ]
INFO: [ app_init ] --END-- [ RunTime:0.000000s ]
INFO: [ app_begin ] --START--
INFO: Run Behavior\ReadHtmlCacheBehavior [ RunTime:0.001000s ]
INFO: [ app_begin ] --END-- [ RunTime:0.001000s ]
SQL: SHOW COLUMNS FROM `admin_user` [ RunTime:0.016001s ]
SQL: SELECT * FROM `admin_user` WHERE `user_name` = 'admin' LIMIT 1   [ RunTime:0.017001s ]
INFO: [ view_parse ] --START--
INFO: [ template_filter ] --START--
INFO: Run Behavior\ContentReplaceBehavior [ RunTime:0.000000s ]
INFO: [ template_filter ] --END-- [ RunTime:0.001000s ]

[ 2017-05-31T17:49:52+08:00 ] ::1 /hizhu/HouseRoom/searchroom.html?no=3&leftno=44
INFO: [ app_init ] --START--
INFO: Run Behavior\BuildLiteBehavior [ RunTime:0.000000s ]
INFO: [ app_init ] --END-- [ RunTime:0.001000s ]
INFO: [ app_begin ] --START--
INFO: Run Behavior\ReadHtmlCacheBehavior [ RunTime:0.002000s ]
INFO: [ app_begin ] --END-- [ RunTime:0.003000s ]
SQL: SHOW COLUMNS FROM `admin_user` [ RunTime:0.012001s ]
SQL: SELECT * FROM `admin_user` WHERE `user_name` = 'admin' LIMIT 1   [ RunTime:0.018001s ]
INFO: [ view_parse ] --START--
INFO: [ template_filter ] --START--
INFO: Run Behavior\ContentReplaceBehavior [ RunTime:0.000000s ]
INFO: [ template_filter ] --END-- [ RunTime:0.001000s ]
INFO: Run Behavior\ParseTemplateBehavior [ RunTime:0.093005s ]
INFO: [ view_parse ] --END-- [ RunTime:0.093005s ]
INFO: [ view_filter ] --START--
INFO: Run Behavior\WriteHtmlCacheBehavior [ RunTime:0.001000s ]
INFO: [ view_filter ] --END-- [ RunTime:0.001000s ]
INFO: [ app_end ] --START--
INFO: Run Behavior\ShowPageTraceBehavior [ RunTime:0.001000s ]
INFO: [ app_end ] --END-- [ RunTime:0.001000s ]

[ 2017-05-31T17:49:56+08:00 ] ::1 /hizhu/HouseRoom/searchroom.html?no=3&leftno=44
INFO: [ app_init ] --START--
INFO: Run Behavior\BuildLiteBehavior [ RunTime:0.000000s ]
INFO: [ app_init ] --END-- [ RunTime:0.001000s ]
INFO: [ app_begin ] --START--
INFO: Run Behavior\ReadHtmlCacheBehavior [ RunTime:0.001000s ]
INFO: [ app_begin ] --END-- [ RunTime:0.001000s ]
SQL: SHOW COLUMNS FROM `admin_user` [ RunTime:0.011000s ]
SQL: SELECT * FROM `admin_user` WHERE `user_name` = 'admin' LIMIT 1   [ RunTime:0.012001s ]
INFO: [ view_parse ] --START--
INFO: [ template_filter ] --START--
INFO: Run Behavior\ContentReplaceBehavior [ RunTime:0.001000s ]
INFO: [ template_filter ] --END-- [ RunTime:0.001000s ]
INFO: Run Behavior\ParseTemplateBehavior [ RunTime:0.064003s ]
INFO: [ view_parse ] --END-- [ RunTime:0.064003s ]
INFO: [ view_filter ] --START--
INFO: Run Behavior\WriteHtmlCacheBehavior [ RunTime:0.001000s ]
INFO: [ view_filter ] --END-- [ RunTime:0.001000s ]
INFO: [ app_end ] --START--
INFO: Run Behavior\ShowPageTraceBehavior [ RunTime:0.001000s ]
INFO: [ app_end ] --END-- [ RunTime:0.001000s ]

[ 2017-05-31T17:50:22+08:00 ] ::1 /hizhu/HouseRoom/searchroom.html?no=3&leftno=44
INFO: [ app_init ] --START--
INFO: Run Behavior\BuildLiteBehavior [ RunTime:0.000000s ]
INFO: [ app_init ] --END-- [ RunTime:0.001000s ]
INFO: [ app_begin ] --START--
INFO: Run Behavior\ReadHtmlCacheBehavior [ RunTime:0.001000s ]
INFO: [ app_begin ] --END-- [ RunTime:0.002000s ]
SQL: SHOW COLUMNS FROM `admin_user` [ RunTime:0.013001s ]
SQL: SELECT * FROM `admin_user` WHERE `user_name` = 'admin' LIMIT 1   [ RunTime:0.014001s ]
INFO: [ view_parse ] --START--
INFO: [ template_filter ] --START--
INFO: Run Behavior\ContentReplaceBehavior [ RunTime:0.001000s ]
INFO: [ template_filter ] --END-- [ RunTime:0.001000s ]
INFO: Run Behavior\ParseTemplateBehavior [ RunTime:0.054003s ]
INFO: [ view_parse ] --END-- [ RunTime:0.054003s ]
INFO: [ view_filter ] --START--
INFO: Run Behavior\WriteHtmlCacheBehavior [ RunTime:0.001000s ]
INFO: [ view_filter ] --END-- [ RunTime:0.001000s ]
INFO: [ app_end ] --START--
INFO: Run Behavior\ShowPageTraceBehavior [ RunTime:0.001000s ]
INFO: [ app_end ] --END-- [ RunTime:0.002000s ]

[ 2017-05-31T17:51:11+08:00 ] ::1 /hizhu/HouseRoom/searchroom.html?no=3&leftno=44
INFO: [ app_init ] --START--
INFO: Run Behavior\BuildLiteBehavior [ RunTime:0.000000s ]
INFO: [ app_init ] --END-- [ RunTime:0.001000s ]
INFO: [ app_begin ] --START--
INFO: Run Behavior\ReadHtmlCacheBehavior [ RunTime:0.001001s ]
INFO: [ app_begin ] --END-- [ RunTime:0.001001s ]
SQL: SHOW COLUMNS FROM `admin_user` [ RunTime:0.012000s ]
SQL: SELECT * FROM `admin_user` WHERE `user_name` = 'admin' LIMIT 1   [ RunTime:0.015000s ]
INFO: [ view_parse ] --START--
INFO: [ template_filter ] --START--
INFO: Run Behavior\ContentReplaceBehavior [ RunTime:0.000000s ]
INFO: [ template_filter ] --END-- [ RunTime:0.000000s ]
INFO: Run Behavior\ParseTemplateBehavior [ RunTime:0.060004s ]
INFO: [ view_parse ] --END-- [ RunTime:0.060004s ]
INFO: [ view_filter ] --START--
INFO: Run Behavior\WriteHtmlCacheBehavior [ RunTime:0.000000s ]
INFO: [ view_filter ] --END-- [ RunTime:0.001000s ]
INFO: [ app_end ] --START--
INFO: Run Behavior\ShowPageTraceBehavior [ RunTime:0.001000s ]
INFO: [ app_end ] --END-- [ RunTime:0.002000s ]

[ 2017-05-31T17:51:19+08:00 ] ::1 /hizhu/HouseRoom/searchroom?no=3&leftno=44&p=&searchtype=select&roomStatus=2&region=&scope=&create_man=&delState=1&estateName=&principal_man=&startTime_create=&endTime_create=&moneyMin=&moneyMax=&update_man=&startTime=&endTime=&rent_type=&clientPhone=&info_resource_type=&info_resource=&room_num=&is_owner=&roomNo=&houseareaMin=&houseareaMax=&brand_type=&third_no=&roomareaMin=&roomareaMax=&isFee=&business_type=&isGroup=&isMonth=&isVedio=&isRental=&is_commission=
INFO: [ app_init ] --START--
INFO: Run Behavior\BuildLiteBehavior [ RunTime:0.000000s ]
INFO: [ app_init ] --END-- [ RunTime:0.001000s ]
INFO: [ app_begin ] --START--
INFO: Run Behavior\ReadHtmlCacheBehavior [ RunTime:0.001000s ]
INFO: [ app_begin ] --END-- [ RunTime:0.001000s ]
SQL: SHOW COLUMNS FROM `admin_user` [ RunTime:0.016001s ]
SQL: SELECT * FROM `admin_user` WHERE `user_name` = 'admin' LIMIT 1   [ RunTime:0.015001s ]
SQL: select count(*) as totalCount,sum(r.total_count) as roomTotalCount,sum(r.up_count) as roomUpCount,count(distinct h.client_phone) as ownerCount from houseresource h inner join houseroom r on h.id=r.resource_id where h.city_code='001009001'  and r.status=2 and r.record_status=1  [ RunTime:0.054003s ]
SQL: select r.id,r.room_no,h.client_name,h.client_phone,h.house_no,h.estate_name,h.region_name,h.scope_name,h.unit_no,h.room_no as shi_no,r.room_name,r.room_area,r.room_money,r.update_time,r.update_man,r.create_man,r.principal_man,r.create_time,
      h.business_type ,h.info_resource,r.status,r.record_status,r.is_commission,r.is_monthly,h.area,h.room_type,h.rent_type,h.room_num,h.hall_num,h.wei_num,r.resource_id,h.customer_id,h.is_owner,h.rental_type,r.had_vedio from houseresource h inner join houseroom r on h.id=r.resource_id where h.city_code='001009001'  and r.status=2 and r.record_status=1  order by r.update_time desc,r.id desc limit 0,8 [ RunTime:0.026002s ]
INFO: [ view_parse ] --START--
INFO: [ template_filter ] --START--
INFO: Run Behavior\ContentReplaceBehavior [ RunTime:0.001000s ]
INFO: [ template_filter ] --END-- [ RunTime:0.001000s ]
INFO: Run Behavior\ParseTemplateBehavior [ RunTime:0.070004s ]
INFO: [ view_parse ] --END-- [ RunTime:0.071004s ]
INFO: [ view_filter ] --START--
INFO: Run Behavior\WriteHtmlCacheBehavior [ RunTime:0.001000s ]
INFO: [ view_filter ] --END-- [ RunTime:0.001000s ]
INFO: [ app_end ] --START--
INFO: Run Behavior\ShowPageTraceBehavior [ RunTime:0.000000s ]
INFO: [ app_end ] --END-- [ RunTime:0.001000s ]

