[ 2016-11-07T14:28:45+08:00 ] ::1 /RealHome/hoe
ERR: 无法加载模块:Hoe

[ 2016-11-07T14:42:20+08:00 ] ::1 /RealHome/single.html
ERR: 无法加载模块:Single

[ 2016-11-07T14:42:40+08:00 ] ::1 /RealHome/single.html
ERR: 无法加载模块:Single

[ 2016-11-07T15:49:20+08:00 ] ::1 /RealHome/index.php/security.html
ERR: 无法加载模块:Security

[ 2016-11-07T16:26:54+08:00 ] ::1 /RealHome/index.php/security.html
ERR: 无法加载模块:Security

[ 2016-11-07T16:33:30+08:00 ] ::1 /RealHome/index.php/security.html
ERR: 无法加载模块:Security

[ 2016-11-07T16:42:40+08:00 ] ::1 /RealHome/index.php/security.html
ERR: 无法加载模块:Security

[ 2016-11-07T16:54:51+08:00 ] ::1 /RealHome/index.ph
ERR: 无法加载模块:Index

[ 2016-11-07T19:21:55+08:00 ] ::1 /RealHome/hoe
ERR: 无法加载模块:Hoe

[ 2016-11-07T22:49:11+08:00 ] ::1 /RealHome/Public/Uploads/2016-11-07/58207df5b7ddb_192.jpeg
ERR: 无法加载模块:Public

[ 2016-11-07T22:49:11+08:00 ] ::1 /RealHome/Public/Uploads/2016-11-07/58207df5b7ddb_192.jpeg
ERR: 无法加载模块:Public

[ 2016-11-07T22:49:25+08:00 ] ::1 /RealHome/Public/Uploads/2016-11-07/58207df5b7ddb_192.jpeg
ERR: 无法加载模块:Public

[ 2016-11-07T22:49:25+08:00 ] ::1 /RealHome/Public/Uploads/2016-11-07/58207df5b7ddb_192.jpeg
ERR: 无法加载模块:Public

