[ 2016-11-06T19:33:11+08:00 ] ::1 /RealHome2/index.php/Admin/User/profile.html
ERR: 非法操作:profile

[ 2016-11-06T19:55:00+08:00 ] ::1 /RealHome2/index.php/Admin/User/reset.html
INFO: [ app_begin ] --START--
INFO: Run Behavior\ReadHtmlCacheBehavior [ RunTime:0.001000s ]
INFO: [ app_begin ] --END-- [ RunTime:0.002000s ]
SQL: SHOW COLUMNS FROM `user` [ RunTime:0.0010s ]
SQL: SHOW COLUMNS FROM `role` [ RunTime:0.0020s ]
SQL: SHOW COLUMNS FROM `user_role` [ RunTime:0.0020s ]
ERR: 非法操作:reset

[ 2016-11-06T19:55:22+08:00 ] ::1 /RealHome2/index.php/Admin/User/reset.html
INFO: [ app_begin ] --START--
INFO: Run Behavior\ReadHtmlCacheBehavior [ RunTime:0.001000s ]
INFO: [ app_begin ] --END-- [ RunTime:0.002000s ]
SQL: SHOW COLUMNS FROM `user` [ RunTime:0.0170s ]
SQL: SHOW COLUMNS FROM `role` [ RunTime:0.0010s ]
SQL: SHOW COLUMNS FROM `user_role` [ RunTime:0.0010s ]
ERR: 非法操作:reset

[ 2016-11-06T19:55:23+08:00 ] ::1 /RealHome2/index.php/Admin/User/reset.html
INFO: [ app_begin ] --START--
INFO: Run Behavior\ReadHtmlCacheBehavior [ RunTime:0.001000s ]
INFO: [ app_begin ] --END-- [ RunTime:0.002000s ]
SQL: SHOW COLUMNS FROM `user` [ RunTime:0.0020s ]
SQL: SHOW COLUMNS FROM `role` [ RunTime:0.0010s ]
SQL: SHOW COLUMNS FROM `user_role` [ RunTime:0.0010s ]
ERR: 非法操作:reset

[ 2016-11-06T19:55:23+08:00 ] ::1 /RealHome2/index.php/Admin/User/reset.html
INFO: [ app_begin ] --START--
INFO: Run Behavior\ReadHtmlCacheBehavior [ RunTime:0.001000s ]
INFO: [ app_begin ] --END-- [ RunTime:0.002000s ]
SQL: SHOW COLUMNS FROM `user` [ RunTime:0.0020s ]
SQL: SHOW COLUMNS FROM `role` [ RunTime:0.0010s ]
SQL: SHOW COLUMNS FROM `user_role` [ RunTime:0.0020s ]
ERR: 非法操作:reset

[ 2016-11-06T19:55:23+08:00 ] ::1 /RealHome2/index.php/Admin/User/reset.html
INFO: [ app_begin ] --START--
INFO: Run Behavior\ReadHtmlCacheBehavior [ RunTime:0.001000s ]
INFO: [ app_begin ] --END-- [ RunTime:0.001000s ]
SQL: SHOW COLUMNS FROM `user` [ RunTime:0.0010s ]
SQL: SHOW COLUMNS FROM `role` [ RunTime:0.0000s ]
SQL: SHOW COLUMNS FROM `user_role` [ RunTime:0.0000s ]
ERR: 非法操作:reset

[ 2016-11-06T19:55:23+08:00 ] ::1 /RealHome2/index.php/Admin/User/reset.html
INFO: [ app_begin ] --START--
INFO: Run Behavior\ReadHtmlCacheBehavior [ RunTime:0.001000s ]
INFO: [ app_begin ] --END-- [ RunTime:0.002000s ]
SQL: SHOW COLUMNS FROM `user` [ RunTime:0.0140s ]
SQL: SHOW COLUMNS FROM `role` [ RunTime:0.0020s ]
SQL: SHOW COLUMNS FROM `user_role` [ RunTime:0.0010s ]
ERR: 非法操作:reset

[ 2016-11-06T19:55:24+08:00 ] ::1 /RealHome2/index.php/Admin/User/reset.html
INFO: [ app_begin ] --START--
INFO: Run Behavior\ReadHtmlCacheBehavior [ RunTime:0.002000s ]
INFO: [ app_begin ] --END-- [ RunTime:0.003000s ]
SQL: SHOW COLUMNS FROM `user` [ RunTime:0.0060s ]
SQL: SHOW COLUMNS FROM `role` [ RunTime:0.0190s ]
SQL: SHOW COLUMNS FROM `user_role` [ RunTime:0.0130s ]
ERR: 非法操作:reset

[ 2016-11-06T19:55:24+08:00 ] ::1 /RealHome2/index.php/Admin/User/reset.html
INFO: [ app_begin ] --START--
INFO: Run Behavior\ReadHtmlCacheBehavior [ RunTime:0.001000s ]
INFO: [ app_begin ] --END-- [ RunTime:0.002000s ]
SQL: SHOW COLUMNS FROM `user` [ RunTime:0.0590s ]
SQL: SHOW COLUMNS FROM `role` [ RunTime:0.0010s ]
SQL: SHOW COLUMNS FROM `user_role` [ RunTime:0.0020s ]
ERR: 非法操作:reset

[ 2016-11-06T19:55:50+08:00 ] ::1 /RealHome2/index.php/Admin/User/reset.html
INFO: [ app_begin ] --START--
INFO: Run Behavior\ReadHtmlCacheBehavior [ RunTime:0.001000s ]
INFO: [ app_begin ] --END-- [ RunTime:0.003000s ]
SQL: SHOW COLUMNS FROM `user` [ RunTime:0.0150s ]
SQL: SHOW COLUMNS FROM `role` [ RunTime:0.0010s ]
SQL: SHOW COLUMNS FROM `user_role` [ RunTime:0.0010s ]
ERR: 非法操作:reset

[ 2016-11-06T19:56:29+08:00 ] ::1 /RealHome2/index.php/Admin/Profile/reset.html
INFO: [ app_begin ] --START--
INFO: Run Behavior\ReadHtmlCacheBehavior [ RunTime:0.001000s ]
INFO: [ app_begin ] --END-- [ RunTime:0.001000s ]

[ 2016-11-06T19:57:25+08:00 ] ::1 /RealHome2/index.php/Admin/Profile/reset.html
INFO: [ app_begin ] --START--
INFO: Run Behavior\ReadHtmlCacheBehavior [ RunTime:0.001001s ]
INFO: [ app_begin ] --END-- [ RunTime:0.002001s ]

[ 2016-11-06T20:13:12+08:00 ] ::1 /RealHome2/index.php/Admin/Profile/reset.html
INFO: [ app_begin ] --START--
INFO: Run Behavior\ReadHtmlCacheBehavior [ RunTime:0.001000s ]
INFO: [ app_begin ] --END-- [ RunTime:0.002000s ]
NOTIC: [8] Undefined variable: a D:\wamp\www\RealHome2\Application\Admin\Controller\ProfileController.class.php 第 50 行.
INFO: [ app_end ] --START--
INFO: Run Behavior\ShowPageTraceBehavior [ RunTime:0.004000s ]
INFO: [ app_end ] --END-- [ RunTime:0.004000s ]

[ 2016-11-06T20:23:21+08:00 ] ::1 /RealHome2/index.php/Admin/Profile/index.html
ERR: 模板不存在:./Application/Admin/View/Profile/profile.html

[ 2016-11-06T20:28:07+08:00 ] ::1 /RealHome2/index.php/Admin/Goods/address.html
INFO: [ app_begin ] --START--
INFO: Run Behavior\ReadHtmlCacheBehavior [ RunTime:0.010001s ]
INFO: [ app_begin ] --END-- [ RunTime:0.012001s ]
SQL: SHOW COLUMNS FROM `category` [ RunTime:0.0240s ]
SQL: SELECT * FROM `category` WHERE ( pid=0 )  [ RunTime:0.0000s ]
INFO: [ app_end ] --START--
INFO: Run Behavior\ShowPageTraceBehavior [ RunTime:0.001000s ]
INFO: [ app_end ] --END-- [ RunTime:0.001000s ]

[ 2016-11-06T20:28:07+08:00 ] ::1 /RealHome2/index.php/Admin/Goods/address.html?pid=null
INFO: [ app_begin ] --START--
INFO: Run Behavior\ReadHtmlCacheBehavior [ RunTime:0.001000s ]
INFO: [ app_begin ] --END-- [ RunTime:0.002000s ]
SQL: SHOW COLUMNS FROM `category` [ RunTime:0.0010s ]
SQL: SELECT * FROM `category` WHERE ( pid=null )  [ RunTime:0.0360s ]
INFO: [ app_end ] --START--
INFO: Run Behavior\ShowPageTraceBehavior [ RunTime:0.001000s ]
INFO: [ app_end ] --END-- [ RunTime:0.001000s ]

[ 2016-11-06T20:31:54+08:00 ] ::1 /RealHome2/index.php/Admin/Goods/address.html
INFO: [ app_begin ] --START--
INFO: Run Behavior\ReadHtmlCacheBehavior [ RunTime:0.002000s ]
INFO: [ app_begin ] --END-- [ RunTime:0.003000s ]
SQL: SHOW COLUMNS FROM `category` [ RunTime:0.0290s ]
SQL: SELECT * FROM `category` WHERE ( pid=0 )  [ RunTime:0.0010s ]
INFO: [ app_end ] --START--
INFO: Run Behavior\ShowPageTraceBehavior [ RunTime:0.002000s ]
INFO: [ app_end ] --END-- [ RunTime:0.002000s ]

[ 2016-11-06T20:31:54+08:00 ] ::1 /RealHome2/index.php/Admin/Goods/address.html?pid=null
INFO: [ app_begin ] --START--
INFO: Run Behavior\ReadHtmlCacheBehavior [ RunTime:0.001000s ]
INFO: [ app_begin ] --END-- [ RunTime:0.002000s ]
SQL: SHOW COLUMNS FROM `category` [ RunTime:0.0060s ]
SQL: SELECT * FROM `category` WHERE ( pid=null )  [ RunTime:0.0100s ]
INFO: [ app_end ] --START--
INFO: Run Behavior\ShowPageTraceBehavior [ RunTime:0.002000s ]
INFO: [ app_end ] --END-- [ RunTime:0.002000s ]

[ 2016-11-06T20:34:03+08:00 ] ::1 /RealHome2/index.php/Admin/Goods/address.html
INFO: [ app_begin ] --START--
INFO: Run Behavior\ReadHtmlCacheBehavior [ RunTime:0.001000s ]
INFO: [ app_begin ] --END-- [ RunTime:0.002000s ]
SQL: SHOW COLUMNS FROM `category` [ RunTime:0.0200s ]
SQL: SELECT * FROM `category` WHERE ( pid=0 )  [ RunTime:0.0010s ]
INFO: [ app_end ] --START--
INFO: Run Behavior\ShowPageTraceBehavior [ RunTime:0.001000s ]
INFO: [ app_end ] --END-- [ RunTime:0.002000s ]

[ 2016-11-06T20:34:03+08:00 ] ::1 /RealHome2/index.php/Admin/Goods/address.html?pid=null
INFO: [ app_begin ] --START--
INFO: Run Behavior\ReadHtmlCacheBehavior [ RunTime:0.001000s ]
INFO: [ app_begin ] --END-- [ RunTime:0.002001s ]
SQL: SHOW COLUMNS FROM `category` [ RunTime:0.0440s ]
SQL: SELECT * FROM `category` WHERE ( pid=null )  [ RunTime:0.0000s ]
INFO: [ app_end ] --START--
INFO: Run Behavior\ShowPageTraceBehavior [ RunTime:0.003000s ]
INFO: [ app_end ] --END-- [ RunTime:0.003000s ]

[ 2016-11-06T20:34:47+08:00 ] ::1 /RealHome2/index.php/Admin/Goods/address.html
INFO: [ app_begin ] --START--
INFO: Run Behavior\ReadHtmlCacheBehavior [ RunTime:0.001000s ]
INFO: [ app_begin ] --END-- [ RunTime:0.002000s ]
SQL: SHOW COLUMNS FROM `category` [ RunTime:0.0180s ]
SQL: SELECT * FROM `category` WHERE ( pid=0 )  [ RunTime:0.0010s ]
INFO: [ app_end ] --START--
INFO: Run Behavior\ShowPageTraceBehavior [ RunTime:0.001000s ]
INFO: [ app_end ] --END-- [ RunTime:0.001000s ]

[ 2016-11-06T20:34:47+08:00 ] ::1 /RealHome2/index.php/Admin/Goods/address.html?pid=null
INFO: [ app_begin ] --START--
INFO: Run Behavior\ReadHtmlCacheBehavior [ RunTime:0.001001s ]
INFO: [ app_begin ] --END-- [ RunTime:0.002001s ]
SQL: SHOW COLUMNS FROM `category` [ RunTime:0.0040s ]
SQL: SELECT * FROM `category` WHERE ( pid=null )  [ RunTime:0.0020s ]
INFO: [ app_end ] --START--
INFO: Run Behavior\ShowPageTraceBehavior [ RunTime:0.001001s ]
INFO: [ app_end ] --END-- [ RunTime:0.001001s ]

[ 2016-11-06T21:17:43+08:00 ] ::1 /RealHome2/index.php/Admin/Goods/address.html
INFO: [ app_begin ] --START--
INFO: Run Behavior\ReadHtmlCacheBehavior [ RunTime:0.001000s ]
INFO: [ app_begin ] --END-- [ RunTime:0.002000s ]
SQL: SHOW COLUMNS FROM `category` [ RunTime:0.0360s ]
SQL: SELECT * FROM `category` WHERE ( pid=0 )  [ RunTime:0.0020s ]
INFO: [ app_end ] --START--
INFO: Run Behavior\ShowPageTraceBehavior [ RunTime:0.004000s ]
INFO: [ app_end ] --END-- [ RunTime:0.005000s ]

[ 2016-11-06T21:17:43+08:00 ] ::1 /RealHome2/index.php/Admin/Goods/address.html?pid=null
INFO: [ app_begin ] --START--
INFO: Run Behavior\ReadHtmlCacheBehavior [ RunTime:0.001000s ]
INFO: [ app_begin ] --END-- [ RunTime:0.003000s ]
SQL: SHOW COLUMNS FROM `category` [ RunTime:0.0450s ]
SQL: SELECT * FROM `category` WHERE ( pid=null )  [ RunTime:0.0010s ]
INFO: [ app_end ] --START--
INFO: Run Behavior\ShowPageTraceBehavior [ RunTime:0.001000s ]
INFO: [ app_end ] --END-- [ RunTime:0.001000s ]

[ 2016-11-06T21:28:15+08:00 ] ::1 /RealHome2/index.php/Admin/Profile/reset.html
INFO: [ app_begin ] --START--
INFO: Run Behavior\ReadHtmlCacheBehavior [ RunTime:0.001000s ]
INFO: [ app_begin ] --END-- [ RunTime:0.002000s ]
NOTIC: [8] Undefined variable: a D:\wamp\www\RealHome2\Application\Admin\Controller\ProfileController.class.php 第 50 行.
INFO: [ app_end ] --START--
INFO: Run Behavior\ShowPageTraceBehavior [ RunTime:0.001001s ]
INFO: [ app_end ] --END-- [ RunTime:0.001001s ]

[ 2016-11-06T21:32:18+08:00 ] ::1 /RealHome2/index.php/Admin/Profile/reset.html
INFO: [ app_begin ] --START--
INFO: Run Behavior\ReadHtmlCacheBehavior [ RunTime:0.001000s ]
INFO: [ app_begin ] --END-- [ RunTime:0.002000s ]
NOTIC: [8] Undefined variable: a D:\wamp\www\RealHome2\Application\Admin\Controller\ProfileController.class.php 第 50 行.
INFO: [ app_end ] --START--
INFO: Run Behavior\ShowPageTraceBehavior [ RunTime:0.002001s ]
INFO: [ app_end ] --END-- [ RunTime:0.002001s ]

[ 2016-11-06T21:35:55+08:00 ] ::1 /RealHome2/index.php/Admin/Profile/reset.html
INFO: [ app_begin ] --START--
INFO: Run Behavior\ReadHtmlCacheBehavior [ RunTime:0.002000s ]
INFO: [ app_begin ] --END-- [ RunTime:0.003000s ]
INFO: [ app_end ] --START--
INFO: Run Behavior\ShowPageTraceBehavior [ RunTime:0.001000s ]
INFO: [ app_end ] --END-- [ RunTime:0.001000s ]

[ 2016-11-06T21:37:57+08:00 ] ::1 /RealHome2/index.php/Admin/Profile/reset.html
INFO: [ app_begin ] --START--
INFO: Run Behavior\ReadHtmlCacheBehavior [ RunTime:0.004001s ]
INFO: [ app_begin ] --END-- [ RunTime:0.005001s ]
INFO: [ app_end ] --START--
INFO: Run Behavior\ShowPageTraceBehavior [ RunTime:0.001000s ]
INFO: [ app_end ] --END-- [ RunTime:0.001000s ]

